<?xml version="1.0" encoding="UTF-8"?>
<testsuite xmlns:xsi="http://www.w3.org/2001/XMLSchema-instance" xsi:noNamespaceSchemaLocation="https://maven.apache.org/surefire/maven-surefire-plugin/xsd/surefire-test-report-3.0.xsd" version="3.0" name="TestSuite" time="367.12" tests="8" errors="0" skipped="0" failures="7">
  <properties>
    <property name="gopherProxySet" value="false"/>
    <property name="awt.toolkit" value="sun.lwawt.macosx.LWCToolkit"/>
    <property name="file.encoding.pkg" value="sun.io"/>
    <property name="java.specification.version" value="1.8"/>
    <property name="sun.cpu.isalist" value=""/>
    <property name="sun.jnu.encoding" value="UTF-8"/>
    <property name="java.class.path" value="/Users/imranmoqbel/Documents/WaseetiOSAutomation/WaseetiOSAutomation-Intellij/target/test-classes:/Users/imranmoqbel/Documents/WaseetiOSAutomation/WaseetiOSAutomation-Intellij/target/classes:/Users/imranmoqbel/.m2/repository/io/appium/java-client/7.3.0/java-client-7.3.0.jar:/Users/imranmoqbel/.m2/repository/org/seleniumhq/selenium/selenium-java/3.141.59/selenium-java-3.141.59.jar:/Users/imranmoqbel/.m2/repository/org/seleniumhq/selenium/selenium-chrome-driver/3.141.59/selenium-chrome-driver-3.141.59.jar:/Users/imranmoqbel/.m2/repository/org/seleniumhq/selenium/selenium-edge-driver/3.141.59/selenium-edge-driver-3.141.59.jar:/Users/imranmoqbel/.m2/repository/org/seleniumhq/selenium/selenium-firefox-driver/3.141.59/selenium-firefox-driver-3.141.59.jar:/Users/imranmoqbel/.m2/repository/org/seleniumhq/selenium/selenium-ie-driver/3.141.59/selenium-ie-driver-3.141.59.jar:/Users/imranmoqbel/.m2/repository/org/seleniumhq/selenium/selenium-opera-driver/3.141.59/selenium-opera-driver-3.141.59.jar:/Users/imranmoqbel/.m2/repository/org/seleniumhq/selenium/selenium-remote-driver/3.141.59/selenium-remote-driver-3.141.59.jar:/Users/imranmoqbel/.m2/repository/org/seleniumhq/selenium/selenium-safari-driver/3.141.59/selenium-safari-driver-3.141.59.jar:/Users/imranmoqbel/.m2/repository/net/bytebuddy/byte-buddy/1.8.15/byte-buddy-1.8.15.jar:/Users/imranmoqbel/.m2/repository/org/apache/commons/commons-exec/1.3/commons-exec-1.3.jar:/Users/imranmoqbel/.m2/repository/com/google/guava/guava/25.0-jre/guava-25.0-jre.jar:/Users/imranmoqbel/.m2/repository/com/google/code/findbugs/jsr305/1.3.9/jsr305-1.3.9.jar:/Users/imranmoqbel/.m2/repository/org/checkerframework/checker-compat-qual/2.0.0/checker-compat-qual-2.0.0.jar:/Users/imranmoqbel/.m2/repository/com/google/errorprone/error_prone_annotations/2.1.3/error_prone_annotations-2.1.3.jar:/Users/imranmoqbel/.m2/repository/com/google/j2objc/j2objc-annotations/1.1/j2objc-annotations-1.1.jar:/Users/imranmoqbel/.m2/repository/org/codehaus/mojo/animal-sniffer-annotations/1.14/animal-sniffer-annotations-1.14.jar:/Users/imranmoqbel/.m2/repository/com/squareup/okhttp3/okhttp/3.11.0/okhttp-3.11.0.jar:/Users/imranmoqbel/.m2/repository/com/squareup/okio/okio/1.14.0/okio-1.14.0.jar:/Users/imranmoqbel/.m2/repository/org/seleniumhq/selenium/selenium-support/3.141.59/selenium-support-3.141.59.jar:/Users/imranmoqbel/.m2/repository/org/seleniumhq/selenium/selenium-api/3.141.59/selenium-api-3.141.59.jar:/Users/imranmoqbel/.m2/repository/com/google/code/gson/gson/2.8.5/gson-2.8.5.jar:/Users/imranmoqbel/.m2/repository/org/apache/httpcomponents/httpclient/4.5.9/httpclient-4.5.9.jar:/Users/imranmoqbel/.m2/repository/org/apache/httpcomponents/httpcore/4.4.11/httpcore-4.4.11.jar:/Users/imranmoqbel/.m2/repository/commons-codec/commons-codec/1.11/commons-codec-1.11.jar:/Users/imranmoqbel/.m2/repository/cglib/cglib/3.2.12/cglib-3.2.12.jar:/Users/imranmoqbel/.m2/repository/org/ow2/asm/asm/7.1/asm-7.1.jar:/Users/imranmoqbel/.m2/repository/org/springframework/spring-context/5.1.8.RELEASE/spring-context-5.1.8.RELEASE.jar:/Users/imranmoqbel/.m2/repository/org/springframework/spring-aop/5.1.8.RELEASE/spring-aop-5.1.8.RELEASE.jar:/Users/imranmoqbel/.m2/repository/org/springframework/spring-beans/5.1.8.RELEASE/spring-beans-5.1.8.RELEASE.jar:/Users/imranmoqbel/.m2/repository/org/springframework/spring-core/5.1.8.RELEASE/spring-core-5.1.8.RELEASE.jar:/Users/imranmoqbel/.m2/repository/org/springframework/spring-jcl/5.1.8.RELEASE/spring-jcl-5.1.8.RELEASE.jar:/Users/imranmoqbel/.m2/repository/org/springframework/spring-expression/5.1.8.RELEASE/spring-expression-5.1.8.RELEASE.jar:/Users/imranmoqbel/.m2/repository/org/aspectj/aspectjweaver/1.9.4/aspectjweaver-1.9.4.jar:/Users/imranmoqbel/.m2/repository/org/testng/testng/7.1.0/testng-7.1.0.jar:/Users/imranmoqbel/.m2/repository/com/beust/jcommander/1.72/jcommander-1.72.jar:/Users/imranmoqbel/.m2/repository/com/google/inject/guice/4.1.0/guice-4.1.0-no_aop.jar:/Users/imranmoqbel/.m2/repository/javax/inject/javax.inject/1/javax.inject-1.jar:/Users/imranmoqbel/.m2/repository/aopalliance/aopalliance/1.0/aopalliance-1.0.jar:/Users/imranmoqbel/.m2/repository/org/yaml/snakeyaml/1.21/snakeyaml-1.21.jar:/Users/imranmoqbel/.m2/repository/org/slf4j/slf4j-simple/1.7.30/slf4j-simple-1.7.30.jar:/Users/imranmoqbel/.m2/repository/org/slf4j/slf4j-api/1.7.30/slf4j-api-1.7.30.jar:/Users/imranmoqbel/.m2/repository/org/apache/commons/commons-lang3/3.9/commons-lang3-3.9.jar:/Users/imranmoqbel/.m2/repository/commons-io/commons-io/2.6/commons-io-2.6.jar:/Users/imranmoqbel/.m2/repository/commons-validator/commons-validator/1.6/commons-validator-1.6.jar:/Users/imranmoqbel/.m2/repository/commons-beanutils/commons-beanutils/1.9.2/commons-beanutils-1.9.2.jar:/Users/imranmoqbel/.m2/repository/commons-digester/commons-digester/1.8.1/commons-digester-1.8.1.jar:/Users/imranmoqbel/.m2/repository/commons-logging/commons-logging/1.2/commons-logging-1.2.jar:/Users/imranmoqbel/.m2/repository/commons-collections/commons-collections/3.2.2/commons-collections-3.2.2.jar:/Users/imranmoqbel/.m2/repository/com/aventstack/extentreports/4.1.1/extentreports-4.1.1.jar:/Users/imranmoqbel/.m2/repository/org/freemarker/freemarker/2.3.29/freemarker-2.3.29.jar:/Users/imranmoqbel/.m2/repository/org/apache/httpcomponents/httpmime/4.5.2/httpmime-4.5.2.jar:/Users/imranmoqbel/.m2/repository/org/mongodb/mongodb-driver/3.12.0/mongodb-driver-3.12.0.jar:/Users/imranmoqbel/.m2/repository/org/mongodb/mongodb-driver-core/3.12.0/mongodb-driver-core-3.12.0.jar:/Users/imranmoqbel/.m2/repository/org/mongodb/bson/3.12.0/bson-3.12.0.jar:/Users/imranmoqbel/.m2/repository/org/uiautomation/libimobiledevice-wrapper/1.0/libimobiledevice-wrapper-1.0.jar:/Users/imranmoqbel/.m2/repository/net/java/dev/jna/jna/4.0.0/jna-4.0.0.jar:/Users/imranmoqbel/.m2/repository/com/googlecode/plist/dd-plist/1.3/dd-plist-1.3.jar:/Users/imranmoqbel/.m2/repository/org/apache/maven/plugins/maven-surefire-plugin/3.0.0-M4/maven-surefire-plugin-3.0.0-M4.jar:/Users/imranmoqbel/.m2/repository/org/apache/maven/surefire/maven-surefire-common/3.0.0-M4/maven-surefire-common-3.0.0-M4.jar:/Users/imranmoqbel/.m2/repository/org/apache/maven/surefire/surefire-api/3.0.0-M4/surefire-api-3.0.0-M4.jar:/Users/imranmoqbel/.m2/repository/org/apache/maven/surefire/surefire-logger-api/3.0.0-M4/surefire-logger-api-3.0.0-M4.jar:/Users/imranmoqbel/.m2/repository/org/apache/maven/surefire/surefire-extensions-api/3.0.0-M4/surefire-extensions-api-3.0.0-M4.jar:/Users/imranmoqbel/.m2/repository/org/apache/maven/surefire/surefire-booter/3.0.0-M4/surefire-booter-3.0.0-M4.jar:/Users/imranmoqbel/.m2/repository/org/apache/maven/maven-toolchain/3.0-alpha-2/maven-toolchain-3.0-alpha-2.jar:/Users/imranmoqbel/.m2/repository/org/apache/maven/shared/maven-artifact-transfer/0.11.0/maven-artifact-transfer-0.11.0.jar:/Users/imranmoqbel/.m2/repository/org/apache/maven/shared/maven-common-artifact-filters/3.0.1/maven-common-artifact-filters-3.0.1.jar:/Users/imranmoqbel/.m2/repository/org/apache/maven/plugins/maven-compiler-plugin/3.8.1/maven-compiler-plugin-3.8.1.jar:/Users/imranmoqbel/.m2/repository/org/apache/maven/maven-plugin-api/3.0/maven-plugin-api-3.0.jar:/Users/imranmoqbel/.m2/repository/org/sonatype/sisu/sisu-inject-plexus/1.4.2/sisu-inject-plexus-1.4.2.jar:/Users/imranmoqbel/.m2/repository/org/sonatype/sisu/sisu-inject-bean/1.4.2/sisu-inject-bean-1.4.2.jar:/Users/imranmoqbel/.m2/repository/org/sonatype/sisu/sisu-guice/2.1.7/sisu-guice-2.1.7-noaop.jar:/Users/imranmoqbel/.m2/repository/org/apache/maven/maven-artifact/3.0/maven-artifact-3.0.jar:/Users/imranmoqbel/.m2/repository/org/apache/maven/maven-core/3.0/maven-core-3.0.jar:/Users/imranmoqbel/.m2/repository/org/apache/maven/maven-settings/3.0/maven-settings-3.0.jar:/Users/imranmoqbel/.m2/repository/org/apache/maven/maven-settings-builder/3.0/maven-settings-builder-3.0.jar:/Users/imranmoqbel/.m2/repository/org/apache/maven/maven-repository-metadata/3.0/maven-repository-metadata-3.0.jar:/Users/imranmoqbel/.m2/repository/org/apache/maven/maven-model-builder/3.0/maven-model-builder-3.0.jar:/Users/imranmoqbel/.m2/repository/org/apache/maven/maven-aether-provider/3.0/maven-aether-provider-3.0.jar:/Users/imranmoqbel/.m2/repository/org/sonatype/aether/aether-impl/1.7/aether-impl-1.7.jar:/Users/imranmoqbel/.m2/repository/org/sonatype/aether/aether-spi/1.7/aether-spi-1.7.jar:/Users/imranmoqbel/.m2/repository/org/sonatype/aether/aether-api/1.7/aether-api-1.7.jar:/Users/imranmoqbel/.m2/repository/org/sonatype/aether/aether-util/1.7/aether-util-1.7.jar:/Users/imranmoqbel/.m2/repository/org/codehaus/plexus/plexus-classworlds/2.2.3/plexus-classworlds-2.2.3.jar:/Users/imranmoqbel/.m2/repository/org/codehaus/plexus/plexus-component-annotations/1.5.5/plexus-component-annotations-1.5.5.jar:/Users/imranmoqbel/.m2/repository/org/sonatype/plexus/plexus-sec-dispatcher/1.3/plexus-sec-dispatcher-1.3.jar:/Users/imranmoqbel/.m2/repository/org/sonatype/plexus/plexus-cipher/1.4/plexus-cipher-1.4.jar:/Users/imranmoqbel/.m2/repository/org/apache/maven/shared/maven-shared-utils/3.2.1/maven-shared-utils-3.2.1.jar:/Users/imranmoqbel/.m2/repository/org/apache/maven/shared/maven-shared-incremental/1.1/maven-shared-incremental-1.1.jar:/Users/imranmoqbel/.m2/repository/org/codehaus/plexus/plexus-java/0.9.10/plexus-java-0.9.10.jar:/Users/imranmoqbel/.m2/repository/com/thoughtworks/qdox/qdox/2.0-M8/qdox-2.0-M8.jar:/Users/imranmoqbel/.m2/repository/org/codehaus/plexus/plexus-compiler-api/2.8.4/plexus-compiler-api-2.8.4.jar:/Users/imranmoqbel/.m2/repository/org/codehaus/plexus/plexus-compiler-manager/2.8.4/plexus-compiler-manager-2.8.4.jar:/Users/imranmoqbel/.m2/repository/org/codehaus/plexus/plexus-compiler-javac/2.8.4/plexus-compiler-javac-2.8.4.jar:/Users/imranmoqbel/.m2/repository/org/apache/maven/plugins/maven-resources-plugin/3.1.0/maven-resources-plugin-3.1.0.jar:/Users/imranmoqbel/.m2/repository/org/apache/maven/maven-model/3.0/maven-model-3.0.jar:/Users/imranmoqbel/.m2/repository/org/codehaus/plexus/plexus-utils/3.1.0/plexus-utils-3.1.0.jar:/Users/imranmoqbel/.m2/repository/org/apache/maven/shared/maven-filtering/3.1.1/maven-filtering-3.1.1.jar:/Users/imranmoqbel/.m2/repository/org/sonatype/plexus/plexus-build-api/0.0.7/plexus-build-api-0.0.7.jar:/Users/imranmoqbel/.m2/repository/org/codehaus/plexus/plexus-interpolation/1.24/plexus-interpolation-1.24.jar:/Users/imranmoqbel/.m2/repository/org/junit/jupiter/junit-jupiter-api/5.0.3/junit-jupiter-api-5.0.3.jar:/Users/imranmoqbel/.m2/repository/org/apiguardian/apiguardian-api/1.0.0/apiguardian-api-1.0.0.jar:/Users/imranmoqbel/.m2/repository/org/opentest4j/opentest4j/1.0.0/opentest4j-1.0.0.jar:/Users/imranmoqbel/.m2/repository/org/junit/platform/junit-platform-commons/1.0.3/junit-platform-commons-1.0.3.jar:"/>
    <property name="java.vm.vendor" value="Oracle Corporation"/>
    <property name="sun.arch.data.model" value="64"/>
    <property name="java.vendor.url" value="http://java.oracle.com/"/>
    <property name="user.timezone" value="Asia/Amman"/>
    <property name="java.vm.specification.version" value="1.8"/>
    <property name="os.name" value="Mac OS X"/>
    <property name="user.country" value="JO"/>
    <property name="sun.java.launcher" value="SUN_STANDARD"/>
    <property name="sun.boot.library.path" value="/Library/Java/JavaVirtualMachines/jdk1.8.0_231.jdk/Contents/Home/jre/lib"/>
    <property name="sun.java.command" value="/Users/imranmoqbel/Documents/WaseetiOSAutomation/WaseetiOSAutomation-Intellij/target/surefire/surefirebooter8878060313645840226.jar /Users/imranmoqbel/Documents/WaseetiOSAutomation/WaseetiOSAutomation-Intellij/target/surefire 2020-04-20T15-57-17_839-jvmRun1 surefire9019980062315257593tmp surefire_07054415795065483795tmp"/>
    <property name="http.nonProxyHosts" value="local|*.local|169.254/16|*.169.254/16"/>
    <property name="surefire.test.class.path" value="/Users/imranmoqbel/Documents/WaseetiOSAutomation/WaseetiOSAutomation-Intellij/target/test-classes:/Users/imranmoqbel/Documents/WaseetiOSAutomation/WaseetiOSAutomation-Intellij/target/classes:/Users/imranmoqbel/.m2/repository/io/appium/java-client/7.3.0/java-client-7.3.0.jar:/Users/imranmoqbel/.m2/repository/org/seleniumhq/selenium/selenium-java/3.141.59/selenium-java-3.141.59.jar:/Users/imranmoqbel/.m2/repository/org/seleniumhq/selenium/selenium-chrome-driver/3.141.59/selenium-chrome-driver-3.141.59.jar:/Users/imranmoqbel/.m2/repository/org/seleniumhq/selenium/selenium-edge-driver/3.141.59/selenium-edge-driver-3.141.59.jar:/Users/imranmoqbel/.m2/repository/org/seleniumhq/selenium/selenium-firefox-driver/3.141.59/selenium-firefox-driver-3.141.59.jar:/Users/imranmoqbel/.m2/repository/org/seleniumhq/selenium/selenium-ie-driver/3.141.59/selenium-ie-driver-3.141.59.jar:/Users/imranmoqbel/.m2/repository/org/seleniumhq/selenium/selenium-opera-driver/3.141.59/selenium-opera-driver-3.141.59.jar:/Users/imranmoqbel/.m2/repository/org/seleniumhq/selenium/selenium-remote-driver/3.141.59/selenium-remote-driver-3.141.59.jar:/Users/imranmoqbel/.m2/repository/org/seleniumhq/selenium/selenium-safari-driver/3.141.59/selenium-safari-driver-3.141.59.jar:/Users/imranmoqbel/.m2/repository/net/bytebuddy/byte-buddy/1.8.15/byte-buddy-1.8.15.jar:/Users/imranmoqbel/.m2/repository/org/apache/commons/commons-exec/1.3/commons-exec-1.3.jar:/Users/imranmoqbel/.m2/repository/com/google/guava/guava/25.0-jre/guava-25.0-jre.jar:/Users/imranmoqbel/.m2/repository/com/google/code/findbugs/jsr305/1.3.9/jsr305-1.3.9.jar:/Users/imranmoqbel/.m2/repository/org/checkerframework/checker-compat-qual/2.0.0/checker-compat-qual-2.0.0.jar:/Users/imranmoqbel/.m2/repository/com/google/errorprone/error_prone_annotations/2.1.3/error_prone_annotations-2.1.3.jar:/Users/imranmoqbel/.m2/repository/com/google/j2objc/j2objc-annotations/1.1/j2objc-annotations-1.1.jar:/Users/imranmoqbel/.m2/repository/org/codehaus/mojo/animal-sniffer-annotations/1.14/animal-sniffer-annotations-1.14.jar:/Users/imranmoqbel/.m2/repository/com/squareup/okhttp3/okhttp/3.11.0/okhttp-3.11.0.jar:/Users/imranmoqbel/.m2/repository/com/squareup/okio/okio/1.14.0/okio-1.14.0.jar:/Users/imranmoqbel/.m2/repository/org/seleniumhq/selenium/selenium-support/3.141.59/selenium-support-3.141.59.jar:/Users/imranmoqbel/.m2/repository/org/seleniumhq/selenium/selenium-api/3.141.59/selenium-api-3.141.59.jar:/Users/imranmoqbel/.m2/repository/com/google/code/gson/gson/2.8.5/gson-2.8.5.jar:/Users/imranmoqbel/.m2/repository/org/apache/httpcomponents/httpclient/4.5.9/httpclient-4.5.9.jar:/Users/imranmoqbel/.m2/repository/org/apache/httpcomponents/httpcore/4.4.11/httpcore-4.4.11.jar:/Users/imranmoqbel/.m2/repository/commons-codec/commons-codec/1.11/commons-codec-1.11.jar:/Users/imranmoqbel/.m2/repository/cglib/cglib/3.2.12/cglib-3.2.12.jar:/Users/imranmoqbel/.m2/repository/org/ow2/asm/asm/7.1/asm-7.1.jar:/Users/imranmoqbel/.m2/repository/org/springframework/spring-context/5.1.8.RELEASE/spring-context-5.1.8.RELEASE.jar:/Users/imranmoqbel/.m2/repository/org/springframework/spring-aop/5.1.8.RELEASE/spring-aop-5.1.8.RELEASE.jar:/Users/imranmoqbel/.m2/repository/org/springframework/spring-beans/5.1.8.RELEASE/spring-beans-5.1.8.RELEASE.jar:/Users/imranmoqbel/.m2/repository/org/springframework/spring-core/5.1.8.RELEASE/spring-core-5.1.8.RELEASE.jar:/Users/imranmoqbel/.m2/repository/org/springframework/spring-jcl/5.1.8.RELEASE/spring-jcl-5.1.8.RELEASE.jar:/Users/imranmoqbel/.m2/repository/org/springframework/spring-expression/5.1.8.RELEASE/spring-expression-5.1.8.RELEASE.jar:/Users/imranmoqbel/.m2/repository/org/aspectj/aspectjweaver/1.9.4/aspectjweaver-1.9.4.jar:/Users/imranmoqbel/.m2/repository/org/testng/testng/7.1.0/testng-7.1.0.jar:/Users/imranmoqbel/.m2/repository/com/beust/jcommander/1.72/jcommander-1.72.jar:/Users/imranmoqbel/.m2/repository/com/google/inject/guice/4.1.0/guice-4.1.0-no_aop.jar:/Users/imranmoqbel/.m2/repository/javax/inject/javax.inject/1/javax.inject-1.jar:/Users/imranmoqbel/.m2/repository/aopalliance/aopalliance/1.0/aopalliance-1.0.jar:/Users/imranmoqbel/.m2/repository/org/yaml/snakeyaml/1.21/snakeyaml-1.21.jar:/Users/imranmoqbel/.m2/repository/org/slf4j/slf4j-simple/1.7.30/slf4j-simple-1.7.30.jar:/Users/imranmoqbel/.m2/repository/org/slf4j/slf4j-api/1.7.30/slf4j-api-1.7.30.jar:/Users/imranmoqbel/.m2/repository/org/apache/commons/commons-lang3/3.9/commons-lang3-3.9.jar:/Users/imranmoqbel/.m2/repository/commons-io/commons-io/2.6/commons-io-2.6.jar:/Users/imranmoqbel/.m2/repository/commons-validator/commons-validator/1.6/commons-validator-1.6.jar:/Users/imranmoqbel/.m2/repository/commons-beanutils/commons-beanutils/1.9.2/commons-beanutils-1.9.2.jar:/Users/imranmoqbel/.m2/repository/commons-digester/commons-digester/1.8.1/commons-digester-1.8.1.jar:/Users/imranmoqbel/.m2/repository/commons-logging/commons-logging/1.2/commons-logging-1.2.jar:/Users/imranmoqbel/.m2/repository/commons-collections/commons-collections/3.2.2/commons-collections-3.2.2.jar:/Users/imranmoqbel/.m2/repository/com/aventstack/extentreports/4.1.1/extentreports-4.1.1.jar:/Users/imranmoqbel/.m2/repository/org/freemarker/freemarker/2.3.29/freemarker-2.3.29.jar:/Users/imranmoqbel/.m2/repository/org/apache/httpcomponents/httpmime/4.5.2/httpmime-4.5.2.jar:/Users/imranmoqbel/.m2/repository/org/mongodb/mongodb-driver/3.12.0/mongodb-driver-3.12.0.jar:/Users/imranmoqbel/.m2/repository/org/mongodb/mongodb-driver-core/3.12.0/mongodb-driver-core-3.12.0.jar:/Users/imranmoqbel/.m2/repository/org/mongodb/bson/3.12.0/bson-3.12.0.jar:/Users/imranmoqbel/.m2/repository/org/uiautomation/libimobiledevice-wrapper/1.0/libimobiledevice-wrapper-1.0.jar:/Users/imranmoqbel/.m2/repository/net/java/dev/jna/jna/4.0.0/jna-4.0.0.jar:/Users/imranmoqbel/.m2/repository/com/googlecode/plist/dd-plist/1.3/dd-plist-1.3.jar:/Users/imranmoqbel/.m2/repository/org/apache/maven/plugins/maven-surefire-plugin/3.0.0-M4/maven-surefire-plugin-3.0.0-M4.jar:/Users/imranmoqbel/.m2/repository/org/apache/maven/surefire/maven-surefire-common/3.0.0-M4/maven-surefire-common-3.0.0-M4.jar:/Users/imranmoqbel/.m2/repository/org/apache/maven/surefire/surefire-api/3.0.0-M4/surefire-api-3.0.0-M4.jar:/Users/imranmoqbel/.m2/repository/org/apache/maven/surefire/surefire-logger-api/3.0.0-M4/surefire-logger-api-3.0.0-M4.jar:/Users/imranmoqbel/.m2/repository/org/apache/maven/surefire/surefire-extensions-api/3.0.0-M4/surefire-extensions-api-3.0.0-M4.jar:/Users/imranmoqbel/.m2/repository/org/apache/maven/surefire/surefire-booter/3.0.0-M4/surefire-booter-3.0.0-M4.jar:/Users/imranmoqbel/.m2/repository/org/apache/maven/maven-toolchain/3.0-alpha-2/maven-toolchain-3.0-alpha-2.jar:/Users/imranmoqbel/.m2/repository/org/apache/maven/shared/maven-artifact-transfer/0.11.0/maven-artifact-transfer-0.11.0.jar:/Users/imranmoqbel/.m2/repository/org/apache/maven/shared/maven-common-artifact-filters/3.0.1/maven-common-artifact-filters-3.0.1.jar:/Users/imranmoqbel/.m2/repository/org/apache/maven/plugins/maven-compiler-plugin/3.8.1/maven-compiler-plugin-3.8.1.jar:/Users/imranmoqbel/.m2/repository/org/apache/maven/maven-plugin-api/3.0/maven-plugin-api-3.0.jar:/Users/imranmoqbel/.m2/repository/org/sonatype/sisu/sisu-inject-plexus/1.4.2/sisu-inject-plexus-1.4.2.jar:/Users/imranmoqbel/.m2/repository/org/sonatype/sisu/sisu-inject-bean/1.4.2/sisu-inject-bean-1.4.2.jar:/Users/imranmoqbel/.m2/repository/org/sonatype/sisu/sisu-guice/2.1.7/sisu-guice-2.1.7-noaop.jar:/Users/imranmoqbel/.m2/repository/org/apache/maven/maven-artifact/3.0/maven-artifact-3.0.jar:/Users/imranmoqbel/.m2/repository/org/apache/maven/maven-core/3.0/maven-core-3.0.jar:/Users/imranmoqbel/.m2/repository/org/apache/maven/maven-settings/3.0/maven-settings-3.0.jar:/Users/imranmoqbel/.m2/repository/org/apache/maven/maven-settings-builder/3.0/maven-settings-builder-3.0.jar:/Users/imranmoqbel/.m2/repository/org/apache/maven/maven-repository-metadata/3.0/maven-repository-metadata-3.0.jar:/Users/imranmoqbel/.m2/repository/org/apache/maven/maven-model-builder/3.0/maven-model-builder-3.0.jar:/Users/imranmoqbel/.m2/repository/org/apache/maven/maven-aether-provider/3.0/maven-aether-provider-3.0.jar:/Users/imranmoqbel/.m2/repository/org/sonatype/aether/aether-impl/1.7/aether-impl-1.7.jar:/Users/imranmoqbel/.m2/repository/org/sonatype/aether/aether-spi/1.7/aether-spi-1.7.jar:/Users/imranmoqbel/.m2/repository/org/sonatype/aether/aether-api/1.7/aether-api-1.7.jar:/Users/imranmoqbel/.m2/repository/org/sonatype/aether/aether-util/1.7/aether-util-1.7.jar:/Users/imranmoqbel/.m2/repository/org/codehaus/plexus/plexus-classworlds/2.2.3/plexus-classworlds-2.2.3.jar:/Users/imranmoqbel/.m2/repository/org/codehaus/plexus/plexus-component-annotations/1.5.5/plexus-component-annotations-1.5.5.jar:/Users/imranmoqbel/.m2/repository/org/sonatype/plexus/plexus-sec-dispatcher/1.3/plexus-sec-dispatcher-1.3.jar:/Users/imranmoqbel/.m2/repository/org/sonatype/plexus/plexus-cipher/1.4/plexus-cipher-1.4.jar:/Users/imranmoqbel/.m2/repository/org/apache/maven/shared/maven-shared-utils/3.2.1/maven-shared-utils-3.2.1.jar:/Users/imranmoqbel/.m2/repository/org/apache/maven/shared/maven-shared-incremental/1.1/maven-shared-incremental-1.1.jar:/Users/imranmoqbel/.m2/repository/org/codehaus/plexus/plexus-java/0.9.10/plexus-java-0.9.10.jar:/Users/imranmoqbel/.m2/repository/com/thoughtworks/qdox/qdox/2.0-M8/qdox-2.0-M8.jar:/Users/imranmoqbel/.m2/repository/org/codehaus/plexus/plexus-compiler-api/2.8.4/plexus-compiler-api-2.8.4.jar:/Users/imranmoqbel/.m2/repository/org/codehaus/plexus/plexus-compiler-manager/2.8.4/plexus-compiler-manager-2.8.4.jar:/Users/imranmoqbel/.m2/repository/org/codehaus/plexus/plexus-compiler-javac/2.8.4/plexus-compiler-javac-2.8.4.jar:/Users/imranmoqbel/.m2/repository/org/apache/maven/plugins/maven-resources-plugin/3.1.0/maven-resources-plugin-3.1.0.jar:/Users/imranmoqbel/.m2/repository/org/apache/maven/maven-model/3.0/maven-model-3.0.jar:/Users/imranmoqbel/.m2/repository/org/codehaus/plexus/plexus-utils/3.1.0/plexus-utils-3.1.0.jar:/Users/imranmoqbel/.m2/repository/org/apache/maven/shared/maven-filtering/3.1.1/maven-filtering-3.1.1.jar:/Users/imranmoqbel/.m2/repository/org/sonatype/plexus/plexus-build-api/0.0.7/plexus-build-api-0.0.7.jar:/Users/imranmoqbel/.m2/repository/org/codehaus/plexus/plexus-interpolation/1.24/plexus-interpolation-1.24.jar:/Users/imranmoqbel/.m2/repository/org/junit/jupiter/junit-jupiter-api/5.0.3/junit-jupiter-api-5.0.3.jar:/Users/imranmoqbel/.m2/repository/org/apiguardian/apiguardian-api/1.0.0/apiguardian-api-1.0.0.jar:/Users/imranmoqbel/.m2/repository/org/opentest4j/opentest4j/1.0.0/opentest4j-1.0.0.jar:/Users/imranmoqbel/.m2/repository/org/junit/platform/junit-platform-commons/1.0.3/junit-platform-commons-1.0.3.jar:"/>
    <property name="sun.cpu.endian" value="little"/>
    <property name="user.home" value="/Users/imranmoqbel"/>
    <property name="user.language" value="en"/>
    <property name="java.specification.vendor" value="Oracle Corporation"/>
    <property name="java.home" value="/Library/Java/JavaVirtualMachines/jdk1.8.0_231.jdk/Contents/Home/jre"/>
    <property name="basedir" value="/Users/imranmoqbel/Documents/WaseetiOSAutomation/WaseetiOSAutomation-Intellij"/>
    <property name="file.separator" value="/"/>
    <property name="line.separator" value="&#10;"/>
    <property name="java.vm.specification.vendor" value="Oracle Corporation"/>
    <property name="java.specification.name" value="Java Platform API Specification"/>
    <property name="java.awt.graphicsenv" value="sun.awt.CGraphicsEnvironment"/>
    <property name="surefire.real.class.path" value="/Users/imranmoqbel/Documents/WaseetiOSAutomation/WaseetiOSAutomation-Intellij/target/surefire/surefirebooter8878060313645840226.jar"/>
    <property name="sun.boot.class.path" value="/Library/Java/JavaVirtualMachines/jdk1.8.0_231.jdk/Contents/Home/jre/lib/resources.jar:/Library/Java/JavaVirtualMachines/jdk1.8.0_231.jdk/Contents/Home/jre/lib/rt.jar:/Library/Java/JavaVirtualMachines/jdk1.8.0_231.jdk/Contents/Home/jre/lib/sunrsasign.jar:/Library/Java/JavaVirtualMachines/jdk1.8.0_231.jdk/Contents/Home/jre/lib/jsse.jar:/Library/Java/JavaVirtualMachines/jdk1.8.0_231.jdk/Contents/Home/jre/lib/jce.jar:/Library/Java/JavaVirtualMachines/jdk1.8.0_231.jdk/Contents/Home/jre/lib/charsets.jar:/Library/Java/JavaVirtualMachines/jdk1.8.0_231.jdk/Contents/Home/jre/lib/jfr.jar:/Library/Java/JavaVirtualMachines/jdk1.8.0_231.jdk/Contents/Home/jre/classes"/>
    <property name="sun.management.compiler" value="HotSpot 64-Bit Tiered Compilers"/>
    <property name="ftp.nonProxyHosts" value="local|*.local|169.254/16|*.169.254/16"/>
    <property name="java.runtime.version" value="1.8.0_231-b11"/>
    <property name="user.name" value="imranmoqbel"/>
    <property name="path.separator" value=":"/>
    <property name="os.version" value="10.14.5"/>
    <property name="java.endorsed.dirs" value="/Library/Java/JavaVirtualMachines/jdk1.8.0_231.jdk/Contents/Home/jre/lib/endorsed"/>
    <property name="java.runtime.name" value="Java(TM) SE Runtime Environment"/>
    <property name="file.encoding" value="UTF-8"/>
    <property name="java.vm.name" value="Java HotSpot(TM) 64-Bit Server VM"/>
    <property name="localRepository" value="/Users/imranmoqbel/.m2/repository"/>
    <property name="java.vendor.url.bug" value="http://bugreport.sun.com/bugreport/"/>
    <property name="java.io.tmpdir" value="/var/folders/b3/y32ql80n7w1cgryz_wrszd900000gn/T/"/>
    <property name="java.version" value="1.8.0_231"/>
    <property name="user.dir" value="/Users/imranmoqbel/Documents/WaseetiOSAutomation/WaseetiOSAutomation-Intellij"/>
    <property name="os.arch" value="x86_64"/>
    <property name="java.vm.specification.name" value="Java Virtual Machine Specification"/>
    <property name="java.awt.printerjob" value="sun.lwawt.macosx.CPrinterJob"/>
    <property name="sun.os.patch.level" value="unknown"/>
    <property name="java.library.path" value="/Users/imranmoqbel/Library/Java/Extensions:/Library/Java/Extensions:/Network/Library/Java/Extensions:/System/Library/Java/Extensions:/usr/lib/java:."/>
    <property name="java.vm.info" value="mixed mode"/>
    <property name="java.vendor" value="Oracle Corporation"/>
    <property name="java.vm.version" value="25.231-b11"/>
    <property name="java.ext.dirs" value="/Users/imranmoqbel/Library/Java/Extensions:/Library/Java/JavaVirtualMachines/jdk1.8.0_231.jdk/Contents/Home/jre/lib/ext:/Library/Java/Extensions:/Network/Library/Java/Extensions:/System/Library/Java/Extensions:/usr/lib/java"/>
    <property name="sun.io.unicode.encoding" value="UnicodeBig"/>
    <property name="java.class.version" value="52.0"/>
    <property name="socksNonProxyHosts" value="local|*.local|169.254/16|*.169.254/16"/>
  </properties>
  <testcase name="LoginWithValidCredentials" classname="smokeTest.SmokeTest" time="23.558"/>
  <testcase name="AddCarPostWithImages" classname="smokeTest.SmokeTest" time="26.369">
    <failure message="Can&apos;t locate an element by this strategy: By.chained({By.AccessibilityId: تسجيل الدخول})" type="org.openqa.selenium.NoSuchElementException"><![CDATA[org.openqa.selenium.NoSuchElementException: Can't locate an element by this strategy: By.chained({By.AccessibilityId: تسجيل الدخول})
	at smokeTest.SmokeTest.AddCarPostWithImages(SmokeTest.java:92)
Caused by: org.openqa.selenium.TimeoutException: Expected condition failed: waiting for io.appium.java_client.pagefactory.AppiumElementLocator$WaitingFunction@79351f41 (tried for 1 second(s) with 500 milliseconds interval)
	at smokeTest.SmokeTest.AddCarPostWithImages(SmokeTest.java:92)
Caused by: org.openqa.selenium.NoSuchElementException: 
Cannot locate an element using By.chained({By.AccessibilityId: تسجيل الدخول})
For documentation on this error, please visit: https://www.seleniumhq.org/exceptions/no_such_element.html
Build info: version: '3.141.59', revision: 'e82be7d358', time: '2018-11-14T08:17:03'
System info: host: 'imrans-MBP', ip: 'fe80:0:0:0:aa:a39f:3722:94b6%en0', os.name: 'Mac OS X', os.arch: 'x86_64', os.version: '10.14.5', java.version: '1.8.0_231'
Driver info: driver.version: IOSDriver
	at smokeTest.SmokeTest.AddCarPostWithImages(SmokeTest.java:92)
]]></failure>
    <system-out><![CDATA[&amp#27;[35m[HTTP]&amp#27;[39m &amp#27;[37m-->&amp#27;[39m &amp#27;[37mPOST&amp#27;[39m &amp#27;[37m/wd/hub/session/26255f9c-9f7a-4f75-98c9-83c1e78aa016/appium/app/reset&amp#27;[39m
&amp#27;[35m[HTTP]&amp#27;[39m &amp#27;[90m{}&amp#27;[39m
[debug] &amp#27;[35m[W3C (26255f9c)]&amp#27;[39m Calling AppiumDriver.reset() with args: ["26255f9c-9f7a-4f75-98c9-83c1e78aa016"]
[debug] &amp#27;[35m[XCUITest]&amp#27;[39m Executing command 'reset'
[debug] &amp#27;[35m[BaseDriver]&amp#27;[39m Resetting app mid-session
[debug] &amp#27;[35m[BaseDriver]&amp#27;[39m Running generic full reset
[debug] &amp#27;[35m[WD Proxy]&amp#27;[39m Matched '/session/26255f9c-9f7a-4f75-98c9-83c1e78aa016' to command name 'deleteSession'
[debug] &amp#27;[35m[WD Proxy]&amp#27;[39m Proxying [DELETE /session/26255f9c-9f7a-4f75-98c9-83c1e78aa016] to [DELETE http://127.0.0.1:8100/session/F587B2B9-B309-4FE4-ADAE-054271A17D37] with no body
[debug] &amp#27;[35m[WD Proxy]&amp#27;[39m Got response with status 200: {
[debug] &amp#27;[35m[WD Proxy]&amp#27;[39m   "value" : null,
[debug] &amp#27;[35m[WD Proxy]&amp#27;[39m   "sessionId" : "288E3B0D-09A8-426A-B315-920241CF751C"
[debug] &amp#27;[35m[WD Proxy]&amp#27;[39m }
&amp#27;[35m[DevCon Factory]&amp#27;[39m Releasing connections for 24A5DE6C-3031-4FCA-9C40-D8B2E52520E8 device on any port number
&amp#27;[35m[DevCon Factory]&amp#27;[39m Found cached connections to release: ["24A5DE6C-3031-4FCA-9C40-D8B2E52520E8:8100"]
[debug] &amp#27;[35m[DevCon Factory]&amp#27;[39m Cached connections count: 0
[debug] &amp#27;[35m[XCUITest]&amp#27;[39m Did not find the temporary XCTest logs root at '/var/folders/b3/y32ql80n7w1cgryz_wrszd900000gn/T/com.apple.dt.XCTest*/'
&amp#27;[35m[XCUITest]&amp#27;[39m Cleaning test logs in '/Users/imranmoqbel/Library/Developer/Xcode/DerivedData/WebDriverAgent-ciegwgvxzxdrqthilmrmczmqvrgu/Logs' folder
[debug] &amp#27;[35m[iOS]&amp#27;[39m Clearing log files
[debug] &amp#27;[35m[iOS]&amp#27;[39m Deleting '/Users/imranmoqbel/Library/Developer/Xcode/DerivedData/WebDriverAgent-ciegwgvxzxdrqthilmrmczmqvrgu/Logs'. Freeing 16K.
[debug] &amp#27;[35m[iOS]&amp#27;[39m Finished clearing log files
[debug] &amp#27;[35m[IOSSimulatorLog]&amp#27;[39m Stopping iOS log capture
[debug] &amp#27;[35m[BaseDriver]&amp#27;[39m Restarting app
[debug] &amp#27;[35m[BaseDriver]&amp#27;[39m Creating session with W3C capabilities: {
[debug] &amp#27;[35m[BaseDriver]&amp#27;[39m   "alwaysMatch": {
[debug] &amp#27;[35m[BaseDriver]&amp#27;[39m     "platformName": "ios",
[debug] &amp#27;[35m[BaseDriver]&amp#27;[39m     "app": "/Users/imranmoqbel/Documents/WaseetiOSAutomation/WaseetiOSAutomation-Intellij/src/WaseetApr20.app",
[debug] &amp#27;[35m[BaseDriver]&amp#27;[39m     "automationName": "XCUITest",
[debug] &amp#27;[35m[BaseDriver]&amp#27;[39m     "clearSystemFiles": true,
[debug] &amp#27;[35m[BaseDriver]&amp#27;[39m     "deviceName": "iPhone8",
[debug] &amp#27;[35m[BaseDriver]&amp#27;[39m     "newCommandTimeout": 100000,
[debug] &amp#27;[35m[BaseDriver]&amp#27;[39m     "platformVersion": "13.2"
[debug] &amp#27;[35m[BaseDriver]&amp#27;[39m   },
[debug] &amp#27;[35m[BaseDriver]&amp#27;[39m   "firstMatch": [
[debug] &amp#27;[35m[BaseDriver]&amp#27;[39m     {}
[debug] &amp#27;[35m[BaseDriver]&amp#27;[39m   ]
[debug] &amp#27;[35m[BaseDriver]&amp#27;[39m }
&amp#27;[35m[BaseDriver]&amp#27;[39m The following capabilities are not standard capabilities and should have an extension prefix:
&amp#27;[35m[BaseDriver]&amp#27;[39m   app
&amp#27;[35m[BaseDriver]&amp#27;[39m   automationName
&amp#27;[35m[BaseDriver]&amp#27;[39m   clearSystemFiles
&amp#27;[35m[BaseDriver]&amp#27;[39m   deviceName
&amp#27;[35m[BaseDriver]&amp#27;[39m   newCommandTimeout
&amp#27;[35m[BaseDriver]&amp#27;[39m   platformVersion
&amp#27;[35m[BaseDriver]&amp#27;[39m Session created with session id: e75ab179-3fd1-4dae-867a-8aa34c52e059
[debug] &amp#27;[35m[XCUITest]&amp#27;[39m Current user: 'imranmoqbel'
&amp#27;[35m[XCUITest]&amp#27;[39m iOS SDK Version set to '13.2'
&amp#27;[35m[iOSSim]&amp#27;[39m Constructing iOS simulator for Xcode version 11.2.1 with udid '24A5DE6C-3031-4FCA-9C40-D8B2E52520E8'
&amp#27;[35m[XCUITest]&amp#27;[39m Determining device to run tests on: udid: '24A5DE6C-3031-4FCA-9C40-D8B2E52520E8', real device: false
[debug] &amp#27;[35m[BaseDriver]&amp#27;[39m Event 'xcodeDetailsRetrieved' logged at 1587387495459 (15:58:15 GMT+0300 (Eastern European Summer Time))
&amp#27;[35m[BaseDriver]&amp#27;[39m Using local app '/Users/imranmoqbel/Documents/WaseetiOSAutomation/WaseetiOSAutomation-Intellij/src/WaseetApr20.app'
[debug] &amp#27;[35m[BaseDriver]&amp#27;[39m Event 'appConfigured' logged at 1587387495460 (15:58:15 GMT+0300 (Eastern European Summer Time))
[debug] &amp#27;[35m[XCUITest]&amp#27;[39m Checking whether app '/Users/imranmoqbel/Documents/WaseetiOSAutomation/WaseetiOSAutomation-Intellij/src/WaseetApr20.app' is actually present on file system
[debug] &amp#27;[35m[XCUITest]&amp#27;[39m App is present
[debug] &amp#27;[35m[iOS]&amp#27;[39m Getting bundle ID from app '/Users/imranmoqbel/Documents/WaseetiOSAutomation/WaseetiOSAutomation-Intellij/src/WaseetApr20.app': 'com.awi.waseet-classifieds-ios'
[debug] &amp#27;[35m[BaseDriver]&amp#27;[39m Event 'resetStarted' logged at 1587387495460 (15:58:15 GMT+0300 (Eastern European Summer Time))
&amp#27;[35m[XCUITest]&amp#27;[39m Not scrubbing third party app in anticipation of uninstall
[debug] &amp#27;[35m[BaseDriver]&amp#27;[39m Event 'resetComplete' logged at 1587387495819 (15:58:15 GMT+0300 (Eastern European Summer Time))
[debug] &amp#27;[35m[IOSSimulatorLog]&amp#27;[39m Starting log capture for iOS Simulator with udid '24A5DE6C-3031-4FCA-9C40-D8B2E52520E8' using simctl
[debug] &amp#27;[35m[BaseDriver]&amp#27;[39m Event 'logCaptureStarted' logged at 1587387496240 (15:58:16 GMT+0300 (Eastern European Summer Time))
&amp#27;[35m[XCUITest]&amp#27;[39m Setting up simulator
[debug] &amp#27;[35m[iOS]&amp#27;[39m No reason to set locale
[debug] &amp#27;[35m[iOS]&amp#27;[39m No iOS / app preferences to set
[debug] &amp#27;[35m[iOS]&amp#27;[39m Setting did not need to be updated
[debug] &amp#27;[35m[iOSSim]&amp#27;[39m Setting preferences of 24A5DE6C-3031-4FCA-9C40-D8B2E52520E8 Simulator to {"ConnectHardwareKeyboard":false}
[debug] &amp#27;[35m[iOSSim]&amp#27;[39m Setting common Simulator preferences to {"RotateWindowWhenSignaledByGuest":true,"ConnectHardwareKeyboard":false}
[debug] &amp#27;[35m[iOSSim]&amp#27;[39m Updated 24A5DE6C-3031-4FCA-9C40-D8B2E52520E8 Simulator preferences at '/Users/imranmoqbel/Library/Preferences/com.apple.iphonesimulator.plist' with {"DevicePreferences":{"24A5DE6C-3031-4FCA-9C40-D8B2E52520E8":{"ConnectHardwareKeyboard":false}},"RotateWindowWhenSignaledByGuest":true,"ConnectHardwareKeyboard":false}
[debug] &amp#27;[35m[iOSSim]&amp#27;[39m Got Simulator UI client PID: 5138
&amp#27;[35m[iOSSim]&amp#27;[39m Both Simulator with UDID '24A5DE6C-3031-4FCA-9C40-D8B2E52520E8' and the UI client are currently running
[debug] &amp#27;[35m[BaseDriver]&amp#27;[39m Event 'simStarted' logged at 1587387496456 (15:58:16 GMT+0300 (Eastern European Summer Time))
[debug] &amp#27;[35m[XCUITest]&amp#27;[39m Verifying application platform
[debug] &amp#27;[35m[XCUITest]&amp#27;[39m CFBundleSupportedPlatforms: ["iPhoneSimulator"]
[debug] &amp#27;[35m[XCUITest]&amp#27;[39m Reset requested. Removing app with id 'com.awi.waseet-classifieds-ios' from the device
[debug] &amp#27;[35m[XCUITest]&amp#27;[39m Installing '/Users/imranmoqbel/Documents/WaseetiOSAutomation/WaseetiOSAutomation-Intellij/src/WaseetApr20.app' on Simulator with UUID '24A5DE6C-3031-4FCA-9C40-D8B2E52520E8'...
[debug] &amp#27;[35m[XCUITest]&amp#27;[39m The app has been installed successfully.
[debug] &amp#27;[35m[BaseDriver]&amp#27;[39m Event 'appInstalled' logged at 1587387499741 (15:58:19 GMT+0300 (Eastern European Summer Time))
&amp#27;[35m[WebDriverAgent]&amp#27;[39m Using WDA path: '/usr/local/lib/node_modules/appium/node_modules/appium-webdriveragent'
&amp#27;[35m[WebDriverAgent]&amp#27;[39m Using WDA agent: '/usr/local/lib/node_modules/appium/node_modules/appium-webdriveragent/WebDriverAgent.xcodeproj'
[debug] &amp#27;[35m[WebDriverAgent]&amp#27;[39m No obsolete cached processes from previous WDA sessions listening on port 8100 have been found
&amp#27;[35m[DevCon Factory]&amp#27;[39m Requesting connection for device 24A5DE6C-3031-4FCA-9C40-D8B2E52520E8 on local port 8100, device port 8100
[debug] &amp#27;[35m[DevCon Factory]&amp#27;[39m Cached connections count: 0
&amp#27;[35m[DevCon Factory]&amp#27;[39m Successfully requested the connection for 24A5DE6C-3031-4FCA-9C40-D8B2E52520E8:8100
[debug] &amp#27;[35m[XCUITest]&amp#27;[39m Starting WebDriverAgent initialization with the synchronization key 'XCUITestDriver'
[debug] &amp#27;[35m[WD Proxy]&amp#27;[39m Matched '/status' to command name 'getStatus'
[debug] &amp#27;[35m[WD Proxy]&amp#27;[39m Proxying [GET /status] to [GET http://127.0.0.1:8100/status] with no body
[debug] &amp#27;[35m[WD Proxy]&amp#27;[39m Got response with status 200: {
[debug] &amp#27;[35m[WD Proxy]&amp#27;[39m   "value" : {
[debug] &amp#27;[35m[WD Proxy]&amp#27;[39m     "message" : "WebDriverAgent is ready to accept commands",
[debug] &amp#27;[35m[WD Proxy]&amp#27;[39m     "state" : "success",
[debug] &amp#27;[35m[WD Proxy]&amp#27;[39m     "os" : {
[debug] &amp#27;[35m[WD Proxy]&amp#27;[39m       "name" : "iOS",
[debug] &amp#27;[35m[WD Proxy]&amp#27;[39m       "version" : "13.2.2",
[debug] &amp#27;[35m[WD Proxy]&amp#27;[39m       "sdkVersion" : "13.0"
[debug] &amp#27;[35m[WD Proxy]&amp#27;[39m     },
[debug] &amp#27;[35m[WD Proxy]&amp#27;[39m     "ios" : {
[debug] &amp#27;[35m[WD Proxy]&amp#27;[39m       "simulatorVersion" : "13.2.2",
[debug] &amp#27;[35m[WD Proxy]&amp#27;[39m       "ip" : "192.168.1.100"
[debug] &amp#27;[35m[WD Proxy]&amp#27;[39m     },
[debug] &amp#27;[35m[WD Proxy]&amp#27;[39m     "ready" : true,
[debug] &amp#27;[35m[WD Proxy]&amp#27;[39m     "build" : {
[debug] &amp#27;[35m[WD Proxy]&amp#27;[39m       "upgradedAt" : "1587378628125",
[debug] &amp#27;[35m[WD Proxy]&amp#27;[39m       "time" : "Apr 20 2020 15:06:06",
[debug] &amp#27;[35m[WD Proxy]&amp#27;[39m       "productBundleIdentifier" : "com.facebook.WebDriverAgentRunner"
[debug] &amp#27;[35m[WD Proxy]&amp#27;[39m     }
[debug] &amp#27;[35m[WD Proxy]&amp#27;[39m   },
[debug] &amp#27;[35m[WD Proxy]&amp#27;[39m   "sessionId" : "288E3B0D-09A8-426A-B315-920241CF751C"
[debug] &amp#27;[35m[WD Proxy]&amp#27;[39m }
[debug] &amp#27;[35m[WebDriverAgent]&amp#27;[39m Upgrade timestamp of the currently bundled WDA: 1587378628125
[debug] &amp#27;[35m[WebDriverAgent]&amp#27;[39m Upgrade timestamp of the WDA on the device: 1587378628125
&amp#27;[35m[WebDriverAgent]&amp#27;[39m Will reuse previously cached WDA instance at 'http://127.0.0.1:8100/' with 'com.facebook.WebDriverAgentRunner'. Set the wdaLocalPort capability to a value different from 8100 if this is an undesired behavior.
[debug] &amp#27;[35m[XCUITest]&amp#27;[39m Trying to start WebDriverAgent 2 times with 10000ms interval
[debug] &amp#27;[35m[XCUITest]&amp#27;[39m These values can be customized by changing wdaStartupRetries/wdaStartupRetryInterval capabilities
[debug] &amp#27;[35m[BaseDriver]&amp#27;[39m Event 'wdaStartAttempted' logged at 1587387499808 (15:58:19 GMT+0300 (Eastern European Summer Time))
&amp#27;[35m[WebDriverAgent]&amp#27;[39m Using provided WebdriverAgent at 'http://127.0.0.1:8100/'
[debug] &amp#27;[35m[WD Proxy]&amp#27;[39m Matched '/status' to command name 'getStatus'
[debug] &amp#27;[35m[WD Proxy]&amp#27;[39m Proxying [GET /status] to [GET http://127.0.0.1:8100/status] with no body
[debug] &amp#27;[35m[WD Proxy]&amp#27;[39m Got response with status 200: {
[debug] &amp#27;[35m[WD Proxy]&amp#27;[39m   "value" : {
[debug] &amp#27;[35m[WD Proxy]&amp#27;[39m     "message" : "WebDriverAgent is ready to accept commands",
[debug] &amp#27;[35m[WD Proxy]&amp#27;[39m     "state" : "success",
[debug] &amp#27;[35m[WD Proxy]&amp#27;[39m     "os" : {
[debug] &amp#27;[35m[WD Proxy]&amp#27;[39m       "name" : "iOS",
[debug] &amp#27;[35m[WD Proxy]&amp#27;[39m       "version" : "13.2.2",
[debug] &amp#27;[35m[WD Proxy]&amp#27;[39m       "sdkVersion" : "13.0"
[debug] &amp#27;[35m[WD Proxy]&amp#27;[39m     },
[debug] &amp#27;[35m[WD Proxy]&amp#27;[39m     "ios" : {
[debug] &amp#27;[35m[WD Proxy]&amp#27;[39m       "simulatorVersion" : "13.2.2",
[debug] &amp#27;[35m[WD Proxy]&amp#27;[39m       "ip" : "192.168.1.100"
[debug] &amp#27;[35m[WD Proxy]&amp#27;[39m     },
[debug] &amp#27;[35m[WD Proxy]&amp#27;[39m     "ready" : true,
[debug] &amp#27;[35m[WD Proxy]&amp#27;[39m     "build" : {
[debug] &amp#27;[35m[WD Proxy]&amp#27;[39m       "upgradedAt" : "1587378628125",
[debug] &amp#27;[35m[WD Proxy]&amp#27;[39m       "time" : "Apr 20 2020 15:06:06",
[debug] &amp#27;[35m[WD Proxy]&amp#27;[39m       "productBundleIdentifier" : "com.facebook.WebDriverAgentRunner"
[debug] &amp#27;[35m[WD Proxy]&amp#27;[39m     }
[debug] &amp#27;[35m[WD Proxy]&amp#27;[39m   },
[debug] &amp#27;[35m[WD Proxy]&amp#27;[39m   "sessionId" : "288E3B0D-09A8-426A-B315-920241CF751C"
[debug] &amp#27;[35m[WD Proxy]&amp#27;[39m }
[debug] &amp#27;[35m[BaseDriver]&amp#27;[39m Event 'wdaSessionAttempted' logged at 1587387499814 (15:58:19 GMT+0300 (Eastern European Summer Time))
[debug] &amp#27;[35m[XCUITest]&amp#27;[39m Sending createSession command to WDA
[debug] &amp#27;[35m[WD Proxy]&amp#27;[39m Matched '/session' to command name 'createSession'
[debug] &amp#27;[35m[WD Proxy]&amp#27;[39m Proxying [POST /session] to [POST http://127.0.0.1:8100/session] with body: {"capabilities":{"firstMatch":[{"bundleId":"com.awi.waseet-classifieds-ios","arguments":[],"environment":{},"eventloopIdleDelaySec":0,"shouldWaitForQuiescence":true,"shouldUseTestManagerForVisibilityDetection":false,"maxTypingFrequency":60,"shouldUseSingletonTestManager":true}],"alwaysMatch":{}}}
[debug] &amp#27;[35m[WD Proxy]&amp#27;[39m Got response with status 200: {"value":{"sessionId":"087ADEB0-9E30-4168-9B13-4C3DA9303481","capabilities":{"device":"iphone","browserName":" ","sdkVersion":"13.2.2","CFBundleIdentifier":"com.apple.springboard"}},"sessionId":"087ADEB0-9E30-4168-9B13-4C3DA9303481"}
&amp#27;[35m[WD Proxy]&amp#27;[39m Determined the downstream protocol as 'W3C'
[debug] &amp#27;[35m[BaseDriver]&amp#27;[39m Event 'wdaSessionStarted' logged at 1587387507855 (15:58:27 GMT+0300 (Eastern European Summer Time))
[debug] &amp#27;[35m[WebDriverAgent]&amp#27;[39m Parsed BUILD_DIR configuration value: '/Users/imranmoqbel/Library/Developer/Xcode/DerivedData/WebDriverAgent-ciegwgvxzxdrqthilmrmczmqvrgu/Build/Products'
[debug] &amp#27;[35m[WebDriverAgent]&amp#27;[39m Got derived data root: '/Users/imranmoqbel/Library/Developer/Xcode/DerivedData/WebDriverAgent-ciegwgvxzxdrqthilmrmczmqvrgu'
[debug] &amp#27;[35m[BaseDriver]&amp#27;[39m Event 'wdaStarted' logged at 1587387509205 (15:58:29 GMT+0300 (Eastern European Summer Time))
&amp#27;[35m[XCUITest]&amp#27;[39m Skipping setting of the initial display orientation. Set the "orientation" capability to either "LANDSCAPE" or "PORTRAIT", if this is an undesired behavior.
[debug] &amp#27;[35m[BaseDriver]&amp#27;[39m Event 'orientationSet' logged at 1587387509205 (15:58:29 GMT+0300 (Eastern European Summer Time))
[debug] &amp#27;[35m[BaseDriver]&amp#27;[39m The value of 'elementResponseAttributes' setting did not change. Skipping the update for it
[debug] &amp#27;[35m[BaseDriver]&amp#27;[39m The value of 'shouldUseCompactResponses' setting did not change. Skipping the update for it
[debug] &amp#27;[35m[W3C (26255f9c)]&amp#27;[39m Responding to client with driver.reset() result: null
&amp#27;[35m[HTTP]&amp#27;[39m &amp#27;[37m<-- POST /wd/hub/session/26255f9c-9f7a-4f75-98c9-83c1e78aa016/appium/app/reset &amp#27;[39m&amp#27;[32m200&amp#27;[39m &amp#27;[90m15127 ms - 14&amp#27;[39m
&amp#27;[35m[HTTP]&amp#27;[39m &amp#27;[90m&amp#27;[39m
&amp#27;[35m[HTTP]&amp#27;[39m &amp#27;[37m-->&amp#27;[39m &amp#27;[37mGET&amp#27;[39m &amp#27;[37m/wd/hub/session/26255f9c-9f7a-4f75-98c9-83c1e78aa016/context&amp#27;[39m
&amp#27;[35m[HTTP]&amp#27;[39m &amp#27;[90m{}&amp#27;[39m
[debug] &amp#27;[35m[W3C (26255f9c)]&amp#27;[39m Calling AppiumDriver.getCurrentContext() with args: ["26255f9c-9f7a-4f75-98c9-83c1e78aa016"]
[debug] &amp#27;[35m[XCUITest]&amp#27;[39m Executing command 'getCurrentContext'
[debug] &amp#27;[35m[W3C (26255f9c)]&amp#27;[39m Responding to client with driver.getCurrentContext() result: "NATIVE_APP"
&amp#27;[35m[HTTP]&amp#27;[39m &amp#27;[37m<-- GET /wd/hub/session/26255f9c-9f7a-4f75-98c9-83c1e78aa016/context &amp#27;[39m&amp#27;[32m200&amp#27;[39m &amp#27;[90m1 ms - 22&amp#27;[39m
&amp#27;[35m[HTTP]&amp#27;[39m &amp#27;[90m&amp#27;[39m
&amp#27;[35m[HTTP]&amp#27;[39m &amp#27;[37m-->&amp#27;[39m &amp#27;[37mPOST&amp#27;[39m &amp#27;[37m/wd/hub/session/26255f9c-9f7a-4f75-98c9-83c1e78aa016/element&amp#27;[39m
&amp#27;[35m[HTTP]&amp#27;[39m &amp#27;[90m{"using":"accessibility id","value":"Allow"}&amp#27;[39m
[debug] &amp#27;[35m[W3C (26255f9c)]&amp#27;[39m Calling AppiumDriver.findElement() with args: ["accessibility id","Allow","26255f9c-9f7a-4f75-98c9-83c1e78aa016"]
[debug] &amp#27;[35m[XCUITest]&amp#27;[39m Executing command 'findElement'
[debug] &amp#27;[35m[BaseDriver]&amp#27;[39m Valid locator strategies for this request: xpath, id, name, class name, -ios predicate string, -ios class chain, accessibility id
[debug] &amp#27;[35m[BaseDriver]&amp#27;[39m Waiting up to 20000 ms for condition
[debug] &amp#27;[35m[WD Proxy]&amp#27;[39m Matched '/element' to command name 'findElement'
[debug] &amp#27;[35m[WD Proxy]&amp#27;[39m Proxying [POST /element] to [POST http://127.0.0.1:8100/session/087ADEB0-9E30-4168-9B13-4C3DA9303481/element] with body: {"using":"accessibility id","value":"Allow"}
[debug] &amp#27;[35m[WD Proxy]&amp#27;[39m Got response with status 200: {"value":{"ELEMENT":"86000000-0000-0000-6114-000000000000","element-6066-11e4-a52e-4f735466cecf":"86000000-0000-0000-6114-000000000000"},"sessionId":"087ADEB0-9E30-4168-9B13-4C3DA9303481"}
[debug] &amp#27;[35m[W3C (26255f9c)]&amp#27;[39m Responding to client with driver.findElement() result: {"element-6066-11e4-a52e-4f735466cecf":"86000000-0000-0000-6114-000000000000","ELEMENT":"86000000-0000-0000-6114-000000000000"}
&amp#27;[35m[HTTP]&amp#27;[39m &amp#27;[37m<-- POST /wd/hub/session/26255f9c-9f7a-4f75-98c9-83c1e78aa016/element &amp#27;[39m&amp#27;[32m200&amp#27;[39m &amp#27;[90m132 ms - 137&amp#27;[39m
&amp#27;[35m[HTTP]&amp#27;[39m &amp#27;[90m&amp#27;[39m
&amp#27;[35m[HTTP]&amp#27;[39m &amp#27;[37m-->&amp#27;[39m &amp#27;[37mPOST&amp#27;[39m &amp#27;[37m/wd/hub/session/26255f9c-9f7a-4f75-98c9-83c1e78aa016/element/86000000-0000-0000-6114-000000000000/click&amp#27;[39m
&amp#27;[35m[HTTP]&amp#27;[39m &amp#27;[90m{"id":"86000000-0000-0000-6114-000000000000"}&amp#27;[39m
&amp#27;[35m[W3C (26255f9c)]&amp#27;[39m Driver proxy active, passing request on via HTTP proxy
[debug] &amp#27;[35m[XCUITest]&amp#27;[39m Executing command 'proxyReqRes'
[debug] &amp#27;[35m[WD Proxy]&amp#27;[39m Matched '/wd/hub/session/26255f9c-9f7a-4f75-98c9-83c1e78aa016/element/86000000-0000-0000-6114-000000000000/click' to command name 'click'
[debug] &amp#27;[35m[WD Proxy]&amp#27;[39m Proxying [POST /wd/hub/session/26255f9c-9f7a-4f75-98c9-83c1e78aa016/element/86000000-0000-0000-6114-000000000000/click] to [POST http://127.0.0.1:8100/session/087ADEB0-9E30-4168-9B13-4C3DA9303481/element/86000000-0000-0000-6114-000000000000/click] with body: {"id":"86000000-0000-0000-6114-000000000000"}
[debug] &amp#27;[35m[WD Proxy]&amp#27;[39m Got response with status 200: {"value":null,"sessionId":"087ADEB0-9E30-4168-9B13-4C3DA9303481"}
&amp#27;[35m[WD Proxy]&amp#27;[39m Replacing sessionId 087ADEB0-9E30-4168-9B13-4C3DA9303481 with 26255f9c-9f7a-4f75-98c9-83c1e78aa016
&amp#27;[35m[HTTP]&amp#27;[39m &amp#27;[37m<-- POST /wd/hub/session/26255f9c-9f7a-4f75-98c9-83c1e78aa016/element/86000000-0000-0000-6114-000000000000/click &amp#27;[39m&amp#27;[32m200&amp#27;[39m &amp#27;[90m340 ms - 65&amp#27;[39m
&amp#27;[35m[HTTP]&amp#27;[39m &amp#27;[90m&amp#27;[39m
&amp#27;[35m[HTTP]&amp#27;[39m &amp#27;[37m-->&amp#27;[39m &amp#27;[37mGET&amp#27;[39m &amp#27;[37m/wd/hub/session/26255f9c-9f7a-4f75-98c9-83c1e78aa016/context&amp#27;[39m
&amp#27;[35m[HTTP]&amp#27;[39m &amp#27;[90m{}&amp#27;[39m
[debug] &amp#27;[35m[W3C (26255f9c)]&amp#27;[39m Calling AppiumDriver.getCurrentContext() with args: ["26255f9c-9f7a-4f75-98c9-83c1e78aa016"]
[debug] &amp#27;[35m[XCUITest]&amp#27;[39m Executing command 'getCurrentContext'
[debug] &amp#27;[35m[W3C (26255f9c)]&amp#27;[39m Responding to client with driver.getCurrentContext() result: "NATIVE_APP"
&amp#27;[35m[HTTP]&amp#27;[39m &amp#27;[37m<-- GET /wd/hub/session/26255f9c-9f7a-4f75-98c9-83c1e78aa016/context &amp#27;[39m&amp#27;[32m200&amp#27;[39m &amp#27;[90m2 ms - 22&amp#27;[39m
&amp#27;[35m[HTTP]&amp#27;[39m &amp#27;[90m&amp#27;[39m
&amp#27;[35m[HTTP]&amp#27;[39m &amp#27;[37m-->&amp#27;[39m &amp#27;[37mPOST&amp#27;[39m &amp#27;[37m/wd/hub/session/26255f9c-9f7a-4f75-98c9-83c1e78aa016/element&amp#27;[39m
&amp#27;[35m[HTTP]&amp#27;[39m &amp#27;[90m{"using":"accessibility id","value":"�������� ����������"}&amp#27;[39m
[debug] &amp#27;[35m[W3C (26255f9c)]&amp#27;[39m Calling AppiumDriver.findElement() with args: ["accessibility id","�������� ����������","26255f9c-9f7a-4f75-98c9-83c1e78aa016"]
[debug] &amp#27;[35m[XCUITest]&amp#27;[39m Executing command 'findElement'
[debug] &amp#27;[35m[BaseDriver]&amp#27;[39m Valid locator strategies for this request: xpath, id, name, class name, -ios predicate string, -ios class chain, accessibility id
[debug] &amp#27;[35m[BaseDriver]&amp#27;[39m Waiting up to 20000 ms for condition
[debug] &amp#27;[35m[WD Proxy]&amp#27;[39m Matched '/element' to command name 'findElement'
[debug] &amp#27;[35m[WD Proxy]&amp#27;[39m Proxying [POST /element] to [POST http://127.0.0.1:8100/session/087ADEB0-9E30-4168-9B13-4C3DA9303481/element] with body: {"using":"accessibility id","value":"�������� ����������"}
&amp#27;[35m[WD Proxy]&amp#27;[39m Got response with status 404: {"value":{"error":"no such element","message":"unable to find an element using 'accessibility id', value '�������� ����������'","traceback":"(\n\t0   WebDriverAgentLib                   0x0000000108e5a04d FBNoSuchElementErrorResponseForRequest + 301\n\t1   WebDriverAgentLib                   0x0000000108e59df9 +[FBFindElementCommands handleFindElement:] + 425\n\t2   WebDriverAgentLib                   0x0000000108e377d6 -[FBRoute_TargetAction mountRequest:intoResponse:] + 182\n\t3   WebDriverAgentLib                   0x0000000108e1f5cb __37-[FBWebServer registerRouteHandlers:]_block_invoke + 555\n\t4   RoutingHTTPServer                   0x0000000108f29c53 -[RoutingHTTPServer handleRoute:withRequest:response:] + 136\n\t5   RoutingHTTPServer                   0x0000000108f2a566 __72-[RoutingHTTPServer routeMethod:withPath:parameters:request:connection:]_block_invoke + 47\n\t6   libdispatch.dylib                   0x00007fff519de7b9 _dispatch_client_callout + 8\n\t7   libdispatch.dylib                   0x00007fff51...
[debug] &amp#27;[35m[W3C]&amp#27;[39m Matched W3C error code 'no such element' to NoSuchElementError
[debug] &amp#27;[35m[BaseDriver]&amp#27;[39m Waited for 78 ms so far
[debug] &amp#27;[35m[WD Proxy]&amp#27;[39m Matched '/element' to command name 'findElement'
[debug] &amp#27;[35m[WD Proxy]&amp#27;[39m Proxying [POST /element] to [POST http://127.0.0.1:8100/session/087ADEB0-9E30-4168-9B13-4C3DA9303481/element] with body: {"using":"accessibility id","value":"�������� ����������"}
[debug] &amp#27;[35m[WD Proxy]&amp#27;[39m Got response with status 200: {"value":{"ELEMENT":"1C000000-0000-0000-E914-000000000000","element-6066-11e4-a52e-4f735466cecf":"1C000000-0000-0000-E914-000000000000"},"sessionId":"087ADEB0-9E30-4168-9B13-4C3DA9303481"}
[debug] &amp#27;[35m[W3C (26255f9c)]&amp#27;[39m Responding to client with driver.findElement() result: {"element-6066-11e4-a52e-4f735466cecf":"1C000000-0000-0000-E914-000000000000","ELEMENT":"1C000000-0000-0000-E914-000000000000"}
&amp#27;[35m[HTTP]&amp#27;[39m &amp#27;[37m<-- POST /wd/hub/session/26255f9c-9f7a-4f75-98c9-83c1e78aa016/element &amp#27;[39m&amp#27;[32m200&amp#27;[39m &amp#27;[90m681 ms - 137&amp#27;[39m
&amp#27;[35m[HTTP]&amp#27;[39m &amp#27;[90m&amp#27;[39m
&amp#27;[35m[HTTP]&amp#27;[39m &amp#27;[37m-->&amp#27;[39m &amp#27;[37mPOST&amp#27;[39m &amp#27;[37m/wd/hub/session/26255f9c-9f7a-4f75-98c9-83c1e78aa016/element/1C000000-0000-0000-E914-000000000000/click&amp#27;[39m
&amp#27;[35m[HTTP]&amp#27;[39m &amp#27;[90m{"id":"1C000000-0000-0000-E914-000000000000"}&amp#27;[39m
&amp#27;[35m[W3C (26255f9c)]&amp#27;[39m Driver proxy active, passing request on via HTTP proxy
[debug] &amp#27;[35m[XCUITest]&amp#27;[39m Executing command 'proxyReqRes'
[debug] &amp#27;[35m[WD Proxy]&amp#27;[39m Matched '/wd/hub/session/26255f9c-9f7a-4f75-98c9-83c1e78aa016/element/1C000000-0000-0000-E914-000000000000/click' to command name 'click'
[debug] &amp#27;[35m[WD Proxy]&amp#27;[39m Proxying [POST /wd/hub/session/26255f9c-9f7a-4f75-98c9-83c1e78aa016/element/1C000000-0000-0000-E914-000000000000/click] to [POST http://127.0.0.1:8100/session/087ADEB0-9E30-4168-9B13-4C3DA9303481/element/1C000000-0000-0000-E914-000000000000/click] with body: {"id":"1C000000-0000-0000-E914-000000000000"}
[debug] &amp#27;[35m[WD Proxy]&amp#27;[39m Got response with status 200: {"value":null,"sessionId":"087ADEB0-9E30-4168-9B13-4C3DA9303481"}
&amp#27;[35m[WD Proxy]&amp#27;[39m Replacing sessionId 087ADEB0-9E30-4168-9B13-4C3DA9303481 with 26255f9c-9f7a-4f75-98c9-83c1e78aa016
&amp#27;[35m[HTTP]&amp#27;[39m &amp#27;[37m<-- POST /wd/hub/session/26255f9c-9f7a-4f75-98c9-83c1e78aa016/element/1C000000-0000-0000-E914-000000000000/click &amp#27;[39m&amp#27;[32m200&amp#27;[39m &amp#27;[90m267 ms - 65&amp#27;[39m
&amp#27;[35m[HTTP]&amp#27;[39m &amp#27;[90m&amp#27;[39m
&amp#27;[35m[HTTP]&amp#27;[39m &amp#27;[37m-->&amp#27;[39m &amp#27;[37mGET&amp#27;[39m &amp#27;[37m/wd/hub/session/26255f9c-9f7a-4f75-98c9-83c1e78aa016/context&amp#27;[39m
&amp#27;[35m[HTTP]&amp#27;[39m &amp#27;[90m{}&amp#27;[39m
[debug] &amp#27;[35m[W3C (26255f9c)]&amp#27;[39m Calling AppiumDriver.getCurrentContext() with args: ["26255f9c-9f7a-4f75-98c9-83c1e78aa016"]
[debug] &amp#27;[35m[XCUITest]&amp#27;[39m Executing command 'getCurrentContext'
[debug] &amp#27;[35m[W3C (26255f9c)]&amp#27;[39m Responding to client with driver.getCurrentContext() result: "NATIVE_APP"
&amp#27;[35m[HTTP]&amp#27;[39m &amp#27;[37m<-- GET /wd/hub/session/26255f9c-9f7a-4f75-98c9-83c1e78aa016/context &amp#27;[39m&amp#27;[32m200&amp#27;[39m &amp#27;[90m1 ms - 22&amp#27;[39m
&amp#27;[35m[HTTP]&amp#27;[39m &amp#27;[90m&amp#27;[39m
&amp#27;[35m[HTTP]&amp#27;[39m &amp#27;[37m-->&amp#27;[39m &amp#27;[37mPOST&amp#27;[39m &amp#27;[37m/wd/hub/session/26255f9c-9f7a-4f75-98c9-83c1e78aa016/element&amp#27;[39m
&amp#27;[35m[HTTP]&amp#27;[39m &amp#27;[90m{"using":"accessibility id","value":"������������"}&amp#27;[39m
[debug] &amp#27;[35m[W3C (26255f9c)]&amp#27;[39m Calling AppiumDriver.findElement() with args: ["accessibility id","������������","26255f9c-9f7a-4f75-98c9-83c1e78aa016"]
[debug] &amp#27;[35m[XCUITest]&amp#27;[39m Executing command 'findElement'
[debug] &amp#27;[35m[BaseDriver]&amp#27;[39m Valid locator strategies for this request: xpath, id, name, class name, -ios predicate string, -ios class chain, accessibility id
[debug] &amp#27;[35m[BaseDriver]&amp#27;[39m Waiting up to 20000 ms for condition
[debug] &amp#27;[35m[WD Proxy]&amp#27;[39m Matched '/element' to command name 'findElement'
[debug] &amp#27;[35m[WD Proxy]&amp#27;[39m Proxying [POST /element] to [POST http://127.0.0.1:8100/session/087ADEB0-9E30-4168-9B13-4C3DA9303481/element] with body: {"using":"accessibility id","value":"������������"}
&amp#27;[35m[WD Proxy]&amp#27;[39m Got response with status 404: {"value":{"error":"no such element","message":"unable to find an element using 'accessibility id', value '������������'","traceback":"(\n\t0   WebDriverAgentLib                   0x0000000108e5a04d FBNoSuchElementErrorResponseForRequest + 301\n\t1   WebDriverAgentLib                   0x0000000108e59df9 +[FBFindElementCommands handleFindElement:] + 425\n\t2   WebDriverAgentLib                   0x0000000108e377d6 -[FBRoute_TargetAction mountRequest:intoResponse:] + 182\n\t3   WebDriverAgentLib                   0x0000000108e1f5cb __37-[FBWebServer registerRouteHandlers:]_block_invoke + 555\n\t4   RoutingHTTPServer                   0x0000000108f29c53 -[RoutingHTTPServer handleRoute:withRequest:response:] + 136\n\t5   RoutingHTTPServer                   0x0000000108f2a566 __72-[RoutingHTTPServer routeMethod:withPath:parameters:request:connection:]_block_invoke + 47\n\t6   libdispatch.dylib                   0x00007fff519de7b9 _dispatch_client_callout + 8\n\t7   libdispatch.dylib                   0x00007fff519eb8...
[debug] &amp#27;[35m[W3C]&amp#27;[39m Matched W3C error code 'no such element' to NoSuchElementError
[debug] &amp#27;[35m[BaseDriver]&amp#27;[39m Waited for 59 ms so far
[debug] &amp#27;[35m[WD Proxy]&amp#27;[39m Matched '/element' to command name 'findElement'
[debug] &amp#27;[35m[WD Proxy]&amp#27;[39m Proxying [POST /element] to [POST http://127.0.0.1:8100/session/087ADEB0-9E30-4168-9B13-4C3DA9303481/element] with body: {"using":"accessibility id","value":"������������"}
[debug] &amp#27;[35m[WD Proxy]&amp#27;[39m Got response with status 200: {"value":{"ELEMENT":"34000000-0000-0000-E914-000000000000","element-6066-11e4-a52e-4f735466cecf":"34000000-0000-0000-E914-000000000000"},"sessionId":"087ADEB0-9E30-4168-9B13-4C3DA9303481"}
[debug] &amp#27;[35m[W3C (26255f9c)]&amp#27;[39m Responding to client with driver.findElement() result: {"element-6066-11e4-a52e-4f735466cecf":"34000000-0000-0000-E914-000000000000","ELEMENT":"34000000-0000-0000-E914-000000000000"}
&amp#27;[35m[HTTP]&amp#27;[39m &amp#27;[37m<-- POST /wd/hub/session/26255f9c-9f7a-4f75-98c9-83c1e78aa016/element &amp#27;[39m&amp#27;[32m200&amp#27;[39m &amp#27;[90m4214 ms - 137&amp#27;[39m
&amp#27;[35m[HTTP]&amp#27;[39m &amp#27;[90m&amp#27;[39m
&amp#27;[35m[HTTP]&amp#27;[39m &amp#27;[37m-->&amp#27;[39m &amp#27;[37mPOST&amp#27;[39m &amp#27;[37m/wd/hub/session/26255f9c-9f7a-4f75-98c9-83c1e78aa016/element/34000000-0000-0000-E914-000000000000/click&amp#27;[39m
&amp#27;[35m[HTTP]&amp#27;[39m &amp#27;[90m{"id":"34000000-0000-0000-E914-000000000000"}&amp#27;[39m
&amp#27;[35m[W3C (26255f9c)]&amp#27;[39m Driver proxy active, passing request on via HTTP proxy
[debug] &amp#27;[35m[XCUITest]&amp#27;[39m Executing command 'proxyReqRes'
[debug] &amp#27;[35m[WD Proxy]&amp#27;[39m Matched '/wd/hub/session/26255f9c-9f7a-4f75-98c9-83c1e78aa016/element/34000000-0000-0000-E914-000000000000/click' to command name 'click'
[debug] &amp#27;[35m[WD Proxy]&amp#27;[39m Proxying [POST /wd/hub/session/26255f9c-9f7a-4f75-98c9-83c1e78aa016/element/34000000-0000-0000-E914-000000000000/click] to [POST http://127.0.0.1:8100/session/087ADEB0-9E30-4168-9B13-4C3DA9303481/element/34000000-0000-0000-E914-000000000000/click] with body: {"id":"34000000-0000-0000-E914-000000000000"}
[debug] &amp#27;[35m[WD Proxy]&amp#27;[39m Got response with status 200: {"value":null,"sessionId":"087ADEB0-9E30-4168-9B13-4C3DA9303481"}
&amp#27;[35m[WD Proxy]&amp#27;[39m Replacing sessionId 087ADEB0-9E30-4168-9B13-4C3DA9303481 with 26255f9c-9f7a-4f75-98c9-83c1e78aa016
&amp#27;[35m[HTTP]&amp#27;[39m &amp#27;[37m<-- POST /wd/hub/session/26255f9c-9f7a-4f75-98c9-83c1e78aa016/element/34000000-0000-0000-E914-000000000000/click &amp#27;[39m&amp#27;[32m200&amp#27;[39m &amp#27;[90m352 ms - 65&amp#27;[39m
&amp#27;[35m[HTTP]&amp#27;[39m &amp#27;[90m&amp#27;[39m
&amp#27;[35m[HTTP]&amp#27;[39m &amp#27;[37m-->&amp#27;[39m &amp#27;[37mGET&amp#27;[39m &amp#27;[37m/wd/hub/session/26255f9c-9f7a-4f75-98c9-83c1e78aa016/context&amp#27;[39m
&amp#27;[35m[HTTP]&amp#27;[39m &amp#27;[90m{}&amp#27;[39m
[debug] &amp#27;[35m[W3C (26255f9c)]&amp#27;[39m Calling AppiumDriver.getCurrentContext() with args: ["26255f9c-9f7a-4f75-98c9-83c1e78aa016"]
[debug] &amp#27;[35m[XCUITest]&amp#27;[39m Executing command 'getCurrentContext'
[debug] &amp#27;[35m[W3C (26255f9c)]&amp#27;[39m Responding to client with driver.getCurrentContext() result: "NATIVE_APP"
&amp#27;[35m[HTTP]&amp#27;[39m &amp#27;[37m<-- GET /wd/hub/session/26255f9c-9f7a-4f75-98c9-83c1e78aa016/context &amp#27;[39m&amp#27;[32m200&amp#27;[39m &amp#27;[90m1 ms - 22&amp#27;[39m
&amp#27;[35m[HTTP]&amp#27;[39m &amp#27;[90m&amp#27;[39m
&amp#27;[35m[HTTP]&amp#27;[39m &amp#27;[37m-->&amp#27;[39m &amp#27;[37mPOST&amp#27;[39m &amp#27;[37m/wd/hub/session/26255f9c-9f7a-4f75-98c9-83c1e78aa016/element&amp#27;[39m
&amp#27;[35m[HTTP]&amp#27;[39m &amp#27;[90m{"using":"accessibility id","value":"���������� ������������"}&amp#27;[39m
[debug] &amp#27;[35m[W3C (26255f9c)]&amp#27;[39m Calling AppiumDriver.findElement() with args: ["accessibility id","���������� ������������","26255f9c-9f7a-4f75-98c9-83c1e78aa016"]
[debug] &amp#27;[35m[XCUITest]&amp#27;[39m Executing command 'findElement'
[debug] &amp#27;[35m[BaseDriver]&amp#27;[39m Valid locator strategies for this request: xpath, id, name, class name, -ios predicate string, -ios class chain, accessibility id
[debug] &amp#27;[35m[BaseDriver]&amp#27;[39m Waiting up to 20000 ms for condition
[debug] &amp#27;[35m[WD Proxy]&amp#27;[39m Matched '/element' to command name 'findElement'
[debug] &amp#27;[35m[WD Proxy]&amp#27;[39m Proxying [POST /element] to [POST http://127.0.0.1:8100/session/087ADEB0-9E30-4168-9B13-4C3DA9303481/element] with body: {"using":"accessibility id","value":"���������� ������������"}
&amp#27;[35m[WD Proxy]&amp#27;[39m Got response with status 404: {"value":{"error":"no such element","message":"unable to find an element using 'accessibility id', value '���������� ������������'","traceback":"(\n\t0   WebDriverAgentLib                   0x0000000108e5a04d FBNoSuchElementErrorResponseForRequest + 301\n\t1   WebDriverAgentLib                   0x0000000108e59df9 +[FBFindElementCommands handleFindElement:] + 425\n\t2   WebDriverAgentLib                   0x0000000108e377d6 -[FBRoute_TargetAction mountRequest:intoResponse:] + 182\n\t3   WebDriverAgentLib                   0x0000000108e1f5cb __37-[FBWebServer registerRouteHandlers:]_block_invoke + 555\n\t4   RoutingHTTPServer                   0x0000000108f29c53 -[RoutingHTTPServer handleRoute:withRequest:response:] + 136\n\t5   RoutingHTTPServer                   0x0000000108f2a566 __72-[RoutingHTTPServer routeMethod:withPath:parameters:request:connection:]_block_invoke + 47\n\t6   libdispatch.dylib                   0x00007fff519de7b9 _dispatch_client_callout + 8\n\t7   libdispatch.dylib                   0x00007fff...
[debug] &amp#27;[35m[W3C]&amp#27;[39m Matched W3C error code 'no such element' to NoSuchElementError
[debug] &amp#27;[35m[BaseDriver]&amp#27;[39m Waited for 73 ms so far
[debug] &amp#27;[35m[WD Proxy]&amp#27;[39m Matched '/element' to command name 'findElement'
[debug] &amp#27;[35m[WD Proxy]&amp#27;[39m Proxying [POST /element] to [POST http://127.0.0.1:8100/session/087ADEB0-9E30-4168-9B13-4C3DA9303481/element] with body: {"using":"accessibility id","value":"���������� ������������"}
&amp#27;[35m[WD Proxy]&amp#27;[39m Got response with status 404: {"value":{"error":"no such element","message":"unable to find an element using 'accessibility id', value '���������� ������������'","traceback":"(\n\t0   WebDriverAgentLib                   0x0000000108e5a04d FBNoSuchElementErrorResponseForRequest + 301\n\t1   WebDriverAgentLib                   0x0000000108e59df9 +[FBFindElementCommands handleFindElement:] + 425\n\t2   WebDriverAgentLib                   0x0000000108e377d6 -[FBRoute_TargetAction mountRequest:intoResponse:] + 182\n\t3   WebDriverAgentLib                   0x0000000108e1f5cb __37-[FBWebServer registerRouteHandlers:]_block_invoke + 555\n\t4   RoutingHTTPServer                   0x0000000108f29c53 -[RoutingHTTPServer handleRoute:withRequest:response:] + 136\n\t5   RoutingHTTPServer                   0x0000000108f2a566 __72-[RoutingHTTPServer routeMethod:withPath:parameters:request:connection:]_block_invoke + 47\n\t6   libdispatch.dylib                   0x00007fff519de7b9 _dispatch_client_callout + 8\n\t7   libdispatch.dylib                   0x00007fff...
[debug] &amp#27;[35m[W3C]&amp#27;[39m Matched W3C error code 'no such element' to NoSuchElementError
[debug] &amp#27;[35m[BaseDriver]&amp#27;[39m Waited for 651 ms so far
[debug] &amp#27;[35m[WD Proxy]&amp#27;[39m Matched '/element' to command name 'findElement'
[debug] &amp#27;[35m[WD Proxy]&amp#27;[39m Proxying [POST /element] to [POST http://127.0.0.1:8100/session/087ADEB0-9E30-4168-9B13-4C3DA9303481/element] with body: {"using":"accessibility id","value":"���������� ������������"}
&amp#27;[35m[WD Proxy]&amp#27;[39m Got response with status 404: {"value":{"error":"no such element","message":"unable to find an element using 'accessibility id', value '���������� ������������'","traceback":"(\n\t0   WebDriverAgentLib                   0x0000000108e5a04d FBNoSuchElementErrorResponseForRequest + 301\n\t1   WebDriverAgentLib                   0x0000000108e59df9 +[FBFindElementCommands handleFindElement:] + 425\n\t2   WebDriverAgentLib                   0x0000000108e377d6 -[FBRoute_TargetAction mountRequest:intoResponse:] + 182\n\t3   WebDriverAgentLib                   0x0000000108e1f5cb __37-[FBWebServer registerRouteHandlers:]_block_invoke + 555\n\t4   RoutingHTTPServer                   0x0000000108f29c53 -[RoutingHTTPServer handleRoute:withRequest:response:] + 136\n\t5   RoutingHTTPServer                   0x0000000108f2a566 __72-[RoutingHTTPServer routeMethod:withPath:parameters:request:connection:]_block_invoke + 47\n\t6   libdispatch.dylib                   0x00007fff519de7b9 _dispatch_client_callout + 8\n\t7   libdispatch.dylib                   0x00007fff...
[debug] &amp#27;[35m[W3C]&amp#27;[39m Matched W3C error code 'no such element' to NoSuchElementError
[debug] &amp#27;[35m[BaseDriver]&amp#27;[39m Waited for 1223 ms so far
[debug] &amp#27;[35m[WD Proxy]&amp#27;[39m Matched '/element' to command name 'findElement'
[debug] &amp#27;[35m[WD Proxy]&amp#27;[39m Proxying [POST /element] to [POST http://127.0.0.1:8100/session/087ADEB0-9E30-4168-9B13-4C3DA9303481/element] with body: {"using":"accessibility id","value":"���������� ������������"}
&amp#27;[35m[WD Proxy]&amp#27;[39m Got response with status 404: {"value":{"error":"no such element","message":"unable to find an element using 'accessibility id', value '���������� ������������'","traceback":"(\n\t0   WebDriverAgentLib                   0x0000000108e5a04d FBNoSuchElementErrorResponseForRequest + 301\n\t1   WebDriverAgentLib                   0x0000000108e59df9 +[FBFindElementCommands handleFindElement:] + 425\n\t2   WebDriverAgentLib                   0x0000000108e377d6 -[FBRoute_TargetAction mountRequest:intoResponse:] + 182\n\t3   WebDriverAgentLib                   0x0000000108e1f5cb __37-[FBWebServer registerRouteHandlers:]_block_invoke + 555\n\t4   RoutingHTTPServer                   0x0000000108f29c53 -[RoutingHTTPServer handleRoute:withRequest:response:] + 136\n\t5   RoutingHTTPServer                   0x0000000108f2a566 __72-[RoutingHTTPServer routeMethod:withPath:parameters:request:connection:]_block_invoke + 47\n\t6   libdispatch.dylib                   0x00007fff519de7b9 _dispatch_client_callout + 8\n\t7   libdispatch.dylib                   0x00007fff...
[debug] &amp#27;[35m[W3C]&amp#27;[39m Matched W3C error code 'no such element' to NoSuchElementError
[debug] &amp#27;[35m[BaseDriver]&amp#27;[39m Waited for 1801 ms so far
[debug] &amp#27;[35m[WD Proxy]&amp#27;[39m Matched '/element' to command name 'findElement'
[debug] &amp#27;[35m[WD Proxy]&amp#27;[39m Proxying [POST /element] to [POST http://127.0.0.1:8100/session/087ADEB0-9E30-4168-9B13-4C3DA9303481/element] with body: {"using":"accessibility id","value":"���������� ������������"}
&amp#27;[35m[WD Proxy]&amp#27;[39m Got response with status 404: {"value":{"error":"no such element","message":"unable to find an element using 'accessibility id', value '���������� ������������'","traceback":"(\n\t0   WebDriverAgentLib                   0x0000000108e5a04d FBNoSuchElementErrorResponseForRequest + 301\n\t1   WebDriverAgentLib                   0x0000000108e59df9 +[FBFindElementCommands handleFindElement:] + 425\n\t2   WebDriverAgentLib                   0x0000000108e377d6 -[FBRoute_TargetAction mountRequest:intoResponse:] + 182\n\t3   WebDriverAgentLib                   0x0000000108e1f5cb __37-[FBWebServer registerRouteHandlers:]_block_invoke + 555\n\t4   RoutingHTTPServer                   0x0000000108f29c53 -[RoutingHTTPServer handleRoute:withRequest:response:] + 136\n\t5   RoutingHTTPServer                   0x0000000108f2a566 __72-[RoutingHTTPServer routeMethod:withPath:parameters:request:connection:]_block_invoke + 47\n\t6   libdispatch.dylib                   0x00007fff519de7b9 _dispatch_client_callout + 8\n\t7   libdispatch.dylib                   0x00007fff...
[debug] &amp#27;[35m[W3C]&amp#27;[39m Matched W3C error code 'no such element' to NoSuchElementError
[debug] &amp#27;[35m[BaseDriver]&amp#27;[39m Waited for 2395 ms so far
[debug] &amp#27;[35m[WD Proxy]&amp#27;[39m Matched '/element' to command name 'findElement'
[debug] &amp#27;[35m[WD Proxy]&amp#27;[39m Proxying [POST /element] to [POST http://127.0.0.1:8100/session/087ADEB0-9E30-4168-9B13-4C3DA9303481/element] with body: {"using":"accessibility id","value":"���������� ������������"}
&amp#27;[35m[WD Proxy]&amp#27;[39m Got response with status 404: {"value":{"error":"no such element","message":"unable to find an element using 'accessibility id', value '���������� ������������'","traceback":"(\n\t0   WebDriverAgentLib                   0x0000000108e5a04d FBNoSuchElementErrorResponseForRequest + 301\n\t1   WebDriverAgentLib                   0x0000000108e59df9 +[FBFindElementCommands handleFindElement:] + 425\n\t2   WebDriverAgentLib                   0x0000000108e377d6 -[FBRoute_TargetAction mountRequest:intoResponse:] + 182\n\t3   WebDriverAgentLib                   0x0000000108e1f5cb __37-[FBWebServer registerRouteHandlers:]_block_invoke + 555\n\t4   RoutingHTTPServer                   0x0000000108f29c53 -[RoutingHTTPServer handleRoute:withRequest:response:] + 136\n\t5   RoutingHTTPServer                   0x0000000108f2a566 __72-[RoutingHTTPServer routeMethod:withPath:parameters:request:connection:]_block_invoke + 47\n\t6   libdispatch.dylib                   0x00007fff519de7b9 _dispatch_client_callout + 8\n\t7   libdispatch.dylib                   0x00007fff...
[debug] &amp#27;[35m[W3C]&amp#27;[39m Matched W3C error code 'no such element' to NoSuchElementError
[debug] &amp#27;[35m[BaseDriver]&amp#27;[39m Waited for 2969 ms so far
[debug] &amp#27;[35m[WD Proxy]&amp#27;[39m Matched '/element' to command name 'findElement'
[debug] &amp#27;[35m[WD Proxy]&amp#27;[39m Proxying [POST /element] to [POST http://127.0.0.1:8100/session/087ADEB0-9E30-4168-9B13-4C3DA9303481/element] with body: {"using":"accessibility id","value":"���������� ������������"}
&amp#27;[35m[WD Proxy]&amp#27;[39m Got response with status 404: {"value":{"error":"no such element","message":"unable to find an element using 'accessibility id', value '���������� ������������'","traceback":"(\n\t0   WebDriverAgentLib                   0x0000000108e5a04d FBNoSuchElementErrorResponseForRequest + 301\n\t1   WebDriverAgentLib                   0x0000000108e59df9 +[FBFindElementCommands handleFindElement:] + 425\n\t2   WebDriverAgentLib                   0x0000000108e377d6 -[FBRoute_TargetAction mountRequest:intoResponse:] + 182\n\t3   WebDriverAgentLib                   0x0000000108e1f5cb __37-[FBWebServer registerRouteHandlers:]_block_invoke + 555\n\t4   RoutingHTTPServer                   0x0000000108f29c53 -[RoutingHTTPServer handleRoute:withRequest:response:] + 136\n\t5   RoutingHTTPServer                   0x0000000108f2a566 __72-[RoutingHTTPServer routeMethod:withPath:parameters:request:connection:]_block_invoke + 47\n\t6   libdispatch.dylib                   0x00007fff519de7b9 _dispatch_client_callout + 8\n\t7   libdispatch.dylib                   0x00007fff...
[debug] &amp#27;[35m[W3C]&amp#27;[39m Matched W3C error code 'no such element' to NoSuchElementError
[debug] &amp#27;[35m[BaseDriver]&amp#27;[39m Waited for 3551 ms so far
[debug] &amp#27;[35m[WD Proxy]&amp#27;[39m Matched '/element' to command name 'findElement'
[debug] &amp#27;[35m[WD Proxy]&amp#27;[39m Proxying [POST /element] to [POST http://127.0.0.1:8100/session/087ADEB0-9E30-4168-9B13-4C3DA9303481/element] with body: {"using":"accessibility id","value":"���������� ������������"}
&amp#27;[35m[WD Proxy]&amp#27;[39m Got response with status 404: {"value":{"error":"no such element","message":"unable to find an element using 'accessibility id', value '���������� ������������'","traceback":"(\n\t0   WebDriverAgentLib                   0x0000000108e5a04d FBNoSuchElementErrorResponseForRequest + 301\n\t1   WebDriverAgentLib                   0x0000000108e59df9 +[FBFindElementCommands handleFindElement:] + 425\n\t2   WebDriverAgentLib                   0x0000000108e377d6 -[FBRoute_TargetAction mountRequest:intoResponse:] + 182\n\t3   WebDriverAgentLib                   0x0000000108e1f5cb __37-[FBWebServer registerRouteHandlers:]_block_invoke + 555\n\t4   RoutingHTTPServer                   0x0000000108f29c53 -[RoutingHTTPServer handleRoute:withRequest:response:] + 136\n\t5   RoutingHTTPServer                   0x0000000108f2a566 __72-[RoutingHTTPServer routeMethod:withPath:parameters:request:connection:]_block_invoke + 47\n\t6   libdispatch.dylib                   0x00007fff519de7b9 _dispatch_client_callout + 8\n\t7   libdispatch.dylib                   0x00007fff...
[debug] &amp#27;[35m[W3C]&amp#27;[39m Matched W3C error code 'no such element' to NoSuchElementError
[debug] &amp#27;[35m[BaseDriver]&amp#27;[39m Waited for 4126 ms so far
[debug] &amp#27;[35m[WD Proxy]&amp#27;[39m Matched '/element' to command name 'findElement'
[debug] &amp#27;[35m[WD Proxy]&amp#27;[39m Proxying [POST /element] to [POST http://127.0.0.1:8100/session/087ADEB0-9E30-4168-9B13-4C3DA9303481/element] with body: {"using":"accessibility id","value":"���������� ������������"}
&amp#27;[35m[WD Proxy]&amp#27;[39m Got response with status 404: {"value":{"error":"no such element","message":"unable to find an element using 'accessibility id', value '���������� ������������'","traceback":"(\n\t0   WebDriverAgentLib                   0x0000000108e5a04d FBNoSuchElementErrorResponseForRequest + 301\n\t1   WebDriverAgentLib                   0x0000000108e59df9 +[FBFindElementCommands handleFindElement:] + 425\n\t2   WebDriverAgentLib                   0x0000000108e377d6 -[FBRoute_TargetAction mountRequest:intoResponse:] + 182\n\t3   WebDriverAgentLib                   0x0000000108e1f5cb __37-[FBWebServer registerRouteHandlers:]_block_invoke + 555\n\t4   RoutingHTTPServer                   0x0000000108f29c53 -[RoutingHTTPServer handleRoute:withRequest:response:] + 136\n\t5   RoutingHTTPServer                   0x0000000108f2a566 __72-[RoutingHTTPServer routeMethod:withPath:parameters:request:connection:]_block_invoke + 47\n\t6   libdispatch.dylib                   0x00007fff519de7b9 _dispatch_client_callout + 8\n\t7   libdispatch.dylib                   0x00007fff...
[debug] &amp#27;[35m[W3C]&amp#27;[39m Matched W3C error code 'no such element' to NoSuchElementError
[debug] &amp#27;[35m[BaseDriver]&amp#27;[39m Waited for 4705 ms so far
[debug] &amp#27;[35m[WD Proxy]&amp#27;[39m Matched '/element' to command name 'findElement'
[debug] &amp#27;[35m[WD Proxy]&amp#27;[39m Proxying [POST /element] to [POST http://127.0.0.1:8100/session/087ADEB0-9E30-4168-9B13-4C3DA9303481/element] with body: {"using":"accessibility id","value":"���������� ������������"}
&amp#27;[35m[WD Proxy]&amp#27;[39m Got response with status 404: {"value":{"error":"no such element","message":"unable to find an element using 'accessibility id', value '���������� ������������'","traceback":"(\n\t0   WebDriverAgentLib                   0x0000000108e5a04d FBNoSuchElementErrorResponseForRequest + 301\n\t1   WebDriverAgentLib                   0x0000000108e59df9 +[FBFindElementCommands handleFindElement:] + 425\n\t2   WebDriverAgentLib                   0x0000000108e377d6 -[FBRoute_TargetAction mountRequest:intoResponse:] + 182\n\t3   WebDriverAgentLib                   0x0000000108e1f5cb __37-[FBWebServer registerRouteHandlers:]_block_invoke + 555\n\t4   RoutingHTTPServer                   0x0000000108f29c53 -[RoutingHTTPServer handleRoute:withRequest:response:] + 136\n\t5   RoutingHTTPServer                   0x0000000108f2a566 __72-[RoutingHTTPServer routeMethod:withPath:parameters:request:connection:]_block_invoke + 47\n\t6   libdispatch.dylib                   0x00007fff519de7b9 _dispatch_client_callout + 8\n\t7   libdispatch.dylib                   0x00007fff...
[debug] &amp#27;[35m[W3C]&amp#27;[39m Matched W3C error code 'no such element' to NoSuchElementError
[debug] &amp#27;[35m[BaseDriver]&amp#27;[39m Waited for 5283 ms so far
[debug] &amp#27;[35m[WD Proxy]&amp#27;[39m Matched '/element' to command name 'findElement'
[debug] &amp#27;[35m[WD Proxy]&amp#27;[39m Proxying [POST /element] to [POST http://127.0.0.1:8100/session/087ADEB0-9E30-4168-9B13-4C3DA9303481/element] with body: {"using":"accessibility id","value":"���������� ������������"}
&amp#27;[35m[WD Proxy]&amp#27;[39m Got response with status 404: {"value":{"error":"no such element","message":"unable to find an element using 'accessibility id', value '���������� ������������'","traceback":"(\n\t0   WebDriverAgentLib                   0x0000000108e5a04d FBNoSuchElementErrorResponseForRequest + 301\n\t1   WebDriverAgentLib                   0x0000000108e59df9 +[FBFindElementCommands handleFindElement:] + 425\n\t2   WebDriverAgentLib                   0x0000000108e377d6 -[FBRoute_TargetAction mountRequest:intoResponse:] + 182\n\t3   WebDriverAgentLib                   0x0000000108e1f5cb __37-[FBWebServer registerRouteHandlers:]_block_invoke + 555\n\t4   RoutingHTTPServer                   0x0000000108f29c53 -[RoutingHTTPServer handleRoute:withRequest:response:] + 136\n\t5   RoutingHTTPServer                   0x0000000108f2a566 __72-[RoutingHTTPServer routeMethod:withPath:parameters:request:connection:]_block_invoke + 47\n\t6   libdispatch.dylib                   0x00007fff519de7b9 _dispatch_client_callout + 8\n\t7   libdispatch.dylib                   0x00007fff...
[debug] &amp#27;[35m[W3C]&amp#27;[39m Matched W3C error code 'no such element' to NoSuchElementError
[debug] &amp#27;[35m[BaseDriver]&amp#27;[39m Waited for 5860 ms so far
[debug] &amp#27;[35m[WD Proxy]&amp#27;[39m Matched '/element' to command name 'findElement'
[debug] &amp#27;[35m[WD Proxy]&amp#27;[39m Proxying [POST /element] to [POST http://127.0.0.1:8100/session/087ADEB0-9E30-4168-9B13-4C3DA9303481/element] with body: {"using":"accessibility id","value":"���������� ������������"}
&amp#27;[35m[WD Proxy]&amp#27;[39m Got response with status 404: {"value":{"error":"no such element","message":"unable to find an element using 'accessibility id', value '���������� ������������'","traceback":"(\n\t0   WebDriverAgentLib                   0x0000000108e5a04d FBNoSuchElementErrorResponseForRequest + 301\n\t1   WebDriverAgentLib                   0x0000000108e59df9 +[FBFindElementCommands handleFindElement:] + 425\n\t2   WebDriverAgentLib                   0x0000000108e377d6 -[FBRoute_TargetAction mountRequest:intoResponse:] + 182\n\t3   WebDriverAgentLib                   0x0000000108e1f5cb __37-[FBWebServer registerRouteHandlers:]_block_invoke + 555\n\t4   RoutingHTTPServer                   0x0000000108f29c53 -[RoutingHTTPServer handleRoute:withRequest:response:] + 136\n\t5   RoutingHTTPServer                   0x0000000108f2a566 __72-[RoutingHTTPServer routeMethod:withPath:parameters:request:connection:]_block_invoke + 47\n\t6   libdispatch.dylib                   0x00007fff519de7b9 _dispatch_client_callout + 8\n\t7   libdispatch.dylib                   0x00007fff...
[debug] &amp#27;[35m[W3C]&amp#27;[39m Matched W3C error code 'no such element' to NoSuchElementError
[debug] &amp#27;[35m[BaseDriver]&amp#27;[39m Waited for 6443 ms so far
[debug] &amp#27;[35m[WD Proxy]&amp#27;[39m Matched '/element' to command name 'findElement'
[debug] &amp#27;[35m[WD Proxy]&amp#27;[39m Proxying [POST /element] to [POST http://127.0.0.1:8100/session/087ADEB0-9E30-4168-9B13-4C3DA9303481/element] with body: {"using":"accessibility id","value":"���������� ������������"}
&amp#27;[35m[WD Proxy]&amp#27;[39m Got response with status 404: {"value":{"error":"no such element","message":"unable to find an element using 'accessibility id', value '���������� ������������'","traceback":"(\n\t0   WebDriverAgentLib                   0x0000000108e5a04d FBNoSuchElementErrorResponseForRequest + 301\n\t1   WebDriverAgentLib                   0x0000000108e59df9 +[FBFindElementCommands handleFindElement:] + 425\n\t2   WebDriverAgentLib                   0x0000000108e377d6 -[FBRoute_TargetAction mountRequest:intoResponse:] + 182\n\t3   WebDriverAgentLib                   0x0000000108e1f5cb __37-[FBWebServer registerRouteHandlers:]_block_invoke + 555\n\t4   RoutingHTTPServer                   0x0000000108f29c53 -[RoutingHTTPServer handleRoute:withRequest:response:] + 136\n\t5   RoutingHTTPServer                   0x0000000108f2a566 __72-[RoutingHTTPServer routeMethod:withPath:parameters:request:connection:]_block_invoke + 47\n\t6   libdispatch.dylib                   0x00007fff519de7b9 _dispatch_client_callout + 8\n\t7   libdispatch.dylib                   0x00007fff...
[debug] &amp#27;[35m[W3C]&amp#27;[39m Matched W3C error code 'no such element' to NoSuchElementError
[debug] &amp#27;[35m[BaseDriver]&amp#27;[39m Waited for 7022 ms so far
[debug] &amp#27;[35m[WD Proxy]&amp#27;[39m Matched '/element' to command name 'findElement'
[debug] &amp#27;[35m[WD Proxy]&amp#27;[39m Proxying [POST /element] to [POST http://127.0.0.1:8100/session/087ADEB0-9E30-4168-9B13-4C3DA9303481/element] with body: {"using":"accessibility id","value":"���������� ������������"}
&amp#27;[35m[WD Proxy]&amp#27;[39m Got response with status 404: {"value":{"error":"no such element","message":"unable to find an element using 'accessibility id', value '���������� ������������'","traceback":"(\n\t0   WebDriverAgentLib                   0x0000000108e5a04d FBNoSuchElementErrorResponseForRequest + 301\n\t1   WebDriverAgentLib                   0x0000000108e59df9 +[FBFindElementCommands handleFindElement:] + 425\n\t2   WebDriverAgentLib                   0x0000000108e377d6 -[FBRoute_TargetAction mountRequest:intoResponse:] + 182\n\t3   WebDriverAgentLib                   0x0000000108e1f5cb __37-[FBWebServer registerRouteHandlers:]_block_invoke + 555\n\t4   RoutingHTTPServer                   0x0000000108f29c53 -[RoutingHTTPServer handleRoute:withRequest:response:] + 136\n\t5   RoutingHTTPServer                   0x0000000108f2a566 __72-[RoutingHTTPServer routeMethod:withPath:parameters:request:connection:]_block_invoke + 47\n\t6   libdispatch.dylib                   0x00007fff519de7b9 _dispatch_client_callout + 8\n\t7   libdispatch.dylib                   0x00007fff...
[debug] &amp#27;[35m[W3C]&amp#27;[39m Matched W3C error code 'no such element' to NoSuchElementError
[debug] &amp#27;[35m[BaseDriver]&amp#27;[39m Waited for 7601 ms so far
[debug] &amp#27;[35m[WD Proxy]&amp#27;[39m Matched '/element' to command name 'findElement'
[debug] &amp#27;[35m[WD Proxy]&amp#27;[39m Proxying [POST /element] to [POST http://127.0.0.1:8100/session/087ADEB0-9E30-4168-9B13-4C3DA9303481/element] with body: {"using":"accessibility id","value":"���������� ������������"}
&amp#27;[35m[WD Proxy]&amp#27;[39m Got response with status 404: {"value":{"error":"no such element","message":"unable to find an element using 'accessibility id', value '���������� ������������'","traceback":"(\n\t0   WebDriverAgentLib                   0x0000000108e5a04d FBNoSuchElementErrorResponseForRequest + 301\n\t1   WebDriverAgentLib                   0x0000000108e59df9 +[FBFindElementCommands handleFindElement:] + 425\n\t2   WebDriverAgentLib                   0x0000000108e377d6 -[FBRoute_TargetAction mountRequest:intoResponse:] + 182\n\t3   WebDriverAgentLib                   0x0000000108e1f5cb __37-[FBWebServer registerRouteHandlers:]_block_invoke + 555\n\t4   RoutingHTTPServer                   0x0000000108f29c53 -[RoutingHTTPServer handleRoute:withRequest:response:] + 136\n\t5   RoutingHTTPServer                   0x0000000108f2a566 __72-[RoutingHTTPServer routeMethod:withPath:parameters:request:connection:]_block_invoke + 47\n\t6   libdispatch.dylib                   0x00007fff519de7b9 _dispatch_client_callout + 8\n\t7   libdispatch.dylib                   0x00007fff...
[debug] &amp#27;[35m[W3C]&amp#27;[39m Matched W3C error code 'no such element' to NoSuchElementError
[debug] &amp#27;[35m[BaseDriver]&amp#27;[39m Waited for 8175 ms so far
[debug] &amp#27;[35m[WD Proxy]&amp#27;[39m Matched '/element' to command name 'findElement'
[debug] &amp#27;[35m[WD Proxy]&amp#27;[39m Proxying [POST /element] to [POST http://127.0.0.1:8100/session/087ADEB0-9E30-4168-9B13-4C3DA9303481/element] with body: {"using":"accessibility id","value":"���������� ������������"}
&amp#27;[35m[WD Proxy]&amp#27;[39m Got response with status 404: {"value":{"error":"no such element","message":"unable to find an element using 'accessibility id', value '���������� ������������'","traceback":"(\n\t0   WebDriverAgentLib                   0x0000000108e5a04d FBNoSuchElementErrorResponseForRequest + 301\n\t1   WebDriverAgentLib                   0x0000000108e59df9 +[FBFindElementCommands handleFindElement:] + 425\n\t2   WebDriverAgentLib                   0x0000000108e377d6 -[FBRoute_TargetAction mountRequest:intoResponse:] + 182\n\t3   WebDriverAgentLib                   0x0000000108e1f5cb __37-[FBWebServer registerRouteHandlers:]_block_invoke + 555\n\t4   RoutingHTTPServer                   0x0000000108f29c53 -[RoutingHTTPServer handleRoute:withRequest:response:] + 136\n\t5   RoutingHTTPServer                   0x0000000108f2a566 __72-[RoutingHTTPServer routeMethod:withPath:parameters:request:connection:]_block_invoke + 47\n\t6   libdispatch.dylib                   0x00007fff519de7b9 _dispatch_client_callout + 8\n\t7   libdispatch.dylib                   0x00007fff...
[debug] &amp#27;[35m[W3C]&amp#27;[39m Matched W3C error code 'no such element' to NoSuchElementError
[debug] &amp#27;[35m[BaseDriver]&amp#27;[39m Waited for 8756 ms so far
[debug] &amp#27;[35m[WD Proxy]&amp#27;[39m Matched '/element' to command name 'findElement'
[debug] &amp#27;[35m[WD Proxy]&amp#27;[39m Proxying [POST /element] to [POST http://127.0.0.1:8100/session/087ADEB0-9E30-4168-9B13-4C3DA9303481/element] with body: {"using":"accessibility id","value":"���������� ������������"}
&amp#27;[35m[WD Proxy]&amp#27;[39m Got response with status 404: {"value":{"error":"no such element","message":"unable to find an element using 'accessibility id', value '���������� ������������'","traceback":"(\n\t0   WebDriverAgentLib                   0x0000000108e5a04d FBNoSuchElementErrorResponseForRequest + 301\n\t1   WebDriverAgentLib                   0x0000000108e59df9 +[FBFindElementCommands handleFindElement:] + 425\n\t2   WebDriverAgentLib                   0x0000000108e377d6 -[FBRoute_TargetAction mountRequest:intoResponse:] + 182\n\t3   WebDriverAgentLib                   0x0000000108e1f5cb __37-[FBWebServer registerRouteHandlers:]_block_invoke + 555\n\t4   RoutingHTTPServer                   0x0000000108f29c53 -[RoutingHTTPServer handleRoute:withRequest:response:] + 136\n\t5   RoutingHTTPServer                   0x0000000108f2a566 __72-[RoutingHTTPServer routeMethod:withPath:parameters:request:connection:]_block_invoke + 47\n\t6   libdispatch.dylib                   0x00007fff519de7b9 _dispatch_client_callout + 8\n\t7   libdispatch.dylib                   0x00007fff...
[debug] &amp#27;[35m[W3C]&amp#27;[39m Matched W3C error code 'no such element' to NoSuchElementError
[debug] &amp#27;[35m[BaseDriver]&amp#27;[39m Waited for 9327 ms so far
[debug] &amp#27;[35m[WD Proxy]&amp#27;[39m Matched '/element' to command name 'findElement'
[debug] &amp#27;[35m[WD Proxy]&amp#27;[39m Proxying [POST /element] to [POST http://127.0.0.1:8100/session/087ADEB0-9E30-4168-9B13-4C3DA9303481/element] with body: {"using":"accessibility id","value":"���������� ������������"}
&amp#27;[35m[WD Proxy]&amp#27;[39m Got response with status 404: {"value":{"error":"no such element","message":"unable to find an element using 'accessibility id', value '���������� ������������'","traceback":"(\n\t0   WebDriverAgentLib                   0x0000000108e5a04d FBNoSuchElementErrorResponseForRequest + 301\n\t1   WebDriverAgentLib                   0x0000000108e59df9 +[FBFindElementCommands handleFindElement:] + 425\n\t2   WebDriverAgentLib                   0x0000000108e377d6 -[FBRoute_TargetAction mountRequest:intoResponse:] + 182\n\t3   WebDriverAgentLib                   0x0000000108e1f5cb __37-[FBWebServer registerRouteHandlers:]_block_invoke + 555\n\t4   RoutingHTTPServer                   0x0000000108f29c53 -[RoutingHTTPServer handleRoute:withRequest:response:] + 136\n\t5   RoutingHTTPServer                   0x0000000108f2a566 __72-[RoutingHTTPServer routeMethod:withPath:parameters:request:connection:]_block_invoke + 47\n\t6   libdispatch.dylib                   0x00007fff519de7b9 _dispatch_client_callout + 8\n\t7   libdispatch.dylib                   0x00007fff...
[debug] &amp#27;[35m[W3C]&amp#27;[39m Matched W3C error code 'no such element' to NoSuchElementError
[debug] &amp#27;[35m[BaseDriver]&amp#27;[39m Waited for 9899 ms so far
[debug] &amp#27;[35m[WD Proxy]&amp#27;[39m Matched '/element' to command name 'findElement'
[debug] &amp#27;[35m[WD Proxy]&amp#27;[39m Proxying [POST /element] to [POST http://127.0.0.1:8100/session/087ADEB0-9E30-4168-9B13-4C3DA9303481/element] with body: {"using":"accessibility id","value":"���������� ������������"}
&amp#27;[35m[WD Proxy]&amp#27;[39m Got response with status 404: {"value":{"error":"no such element","message":"unable to find an element using 'accessibility id', value '���������� ������������'","traceback":"(\n\t0   WebDriverAgentLib                   0x0000000108e5a04d FBNoSuchElementErrorResponseForRequest + 301\n\t1   WebDriverAgentLib                   0x0000000108e59df9 +[FBFindElementCommands handleFindElement:] + 425\n\t2   WebDriverAgentLib                   0x0000000108e377d6 -[FBRoute_TargetAction mountRequest:intoResponse:] + 182\n\t3   WebDriverAgentLib                   0x0000000108e1f5cb __37-[FBWebServer registerRouteHandlers:]_block_invoke + 555\n\t4   RoutingHTTPServer                   0x0000000108f29c53 -[RoutingHTTPServer handleRoute:withRequest:response:] + 136\n\t5   RoutingHTTPServer                   0x0000000108f2a566 __72-[RoutingHTTPServer routeMethod:withPath:parameters:request:connection:]_block_invoke + 47\n\t6   libdispatch.dylib                   0x00007fff519de7b9 _dispatch_client_callout + 8\n\t7   libdispatch.dylib                   0x00007fff...
[debug] &amp#27;[35m[W3C]&amp#27;[39m Matched W3C error code 'no such element' to NoSuchElementError
[debug] &amp#27;[35m[BaseDriver]&amp#27;[39m Waited for 10472 ms so far
[debug] &amp#27;[35m[WD Proxy]&amp#27;[39m Matched '/element' to command name 'findElement'
[debug] &amp#27;[35m[WD Proxy]&amp#27;[39m Proxying [POST /element] to [POST http://127.0.0.1:8100/session/087ADEB0-9E30-4168-9B13-4C3DA9303481/element] with body: {"using":"accessibility id","value":"���������� ������������"}
&amp#27;[35m[WD Proxy]&amp#27;[39m Got response with status 404: {"value":{"error":"no such element","message":"unable to find an element using 'accessibility id', value '���������� ������������'","traceback":"(\n\t0   WebDriverAgentLib                   0x0000000108e5a04d FBNoSuchElementErrorResponseForRequest + 301\n\t1   WebDriverAgentLib                   0x0000000108e59df9 +[FBFindElementCommands handleFindElement:] + 425\n\t2   WebDriverAgentLib                   0x0000000108e377d6 -[FBRoute_TargetAction mountRequest:intoResponse:] + 182\n\t3   WebDriverAgentLib                   0x0000000108e1f5cb __37-[FBWebServer registerRouteHandlers:]_block_invoke + 555\n\t4   RoutingHTTPServer                   0x0000000108f29c53 -[RoutingHTTPServer handleRoute:withRequest:response:] + 136\n\t5   RoutingHTTPServer                   0x0000000108f2a566 __72-[RoutingHTTPServer routeMethod:withPath:parameters:request:connection:]_block_invoke + 47\n\t6   libdispatch.dylib                   0x00007fff519de7b9 _dispatch_client_callout + 8\n\t7   libdispatch.dylib                   0x00007fff...
[debug] &amp#27;[35m[W3C]&amp#27;[39m Matched W3C error code 'no such element' to NoSuchElementError
[debug] &amp#27;[35m[BaseDriver]&amp#27;[39m Waited for 11046 ms so far
[debug] &amp#27;[35m[WD Proxy]&amp#27;[39m Matched '/element' to command name 'findElement'
[debug] &amp#27;[35m[WD Proxy]&amp#27;[39m Proxying [POST /element] to [POST http://127.0.0.1:8100/session/087ADEB0-9E30-4168-9B13-4C3DA9303481/element] with body: {"using":"accessibility id","value":"���������� ������������"}
&amp#27;[35m[WD Proxy]&amp#27;[39m Got response with status 404: {"value":{"error":"no such element","message":"unable to find an element using 'accessibility id', value '���������� ������������'","traceback":"(\n\t0   WebDriverAgentLib                   0x0000000108e5a04d FBNoSuchElementErrorResponseForRequest + 301\n\t1   WebDriverAgentLib                   0x0000000108e59df9 +[FBFindElementCommands handleFindElement:] + 425\n\t2   WebDriverAgentLib                   0x0000000108e377d6 -[FBRoute_TargetAction mountRequest:intoResponse:] + 182\n\t3   WebDriverAgentLib                   0x0000000108e1f5cb __37-[FBWebServer registerRouteHandlers:]_block_invoke + 555\n\t4   RoutingHTTPServer                   0x0000000108f29c53 -[RoutingHTTPServer handleRoute:withRequest:response:] + 136\n\t5   RoutingHTTPServer                   0x0000000108f2a566 __72-[RoutingHTTPServer routeMethod:withPath:parameters:request:connection:]_block_invoke + 47\n\t6   libdispatch.dylib                   0x00007fff519de7b9 _dispatch_client_callout + 8\n\t7   libdispatch.dylib                   0x00007fff...
[debug] &amp#27;[35m[W3C]&amp#27;[39m Matched W3C error code 'no such element' to NoSuchElementError
[debug] &amp#27;[35m[BaseDriver]&amp#27;[39m Waited for 11627 ms so far
[debug] &amp#27;[35m[WD Proxy]&amp#27;[39m Matched '/element' to command name 'findElement'
[debug] &amp#27;[35m[WD Proxy]&amp#27;[39m Proxying [POST /element] to [POST http://127.0.0.1:8100/session/087ADEB0-9E30-4168-9B13-4C3DA9303481/element] with body: {"using":"accessibility id","value":"���������� ������������"}
&amp#27;[35m[WD Proxy]&amp#27;[39m Got response with status 404: {"value":{"error":"no such element","message":"unable to find an element using 'accessibility id', value '���������� ������������'","traceback":"(\n\t0   WebDriverAgentLib                   0x0000000108e5a04d FBNoSuchElementErrorResponseForRequest + 301\n\t1   WebDriverAgentLib                   0x0000000108e59df9 +[FBFindElementCommands handleFindElement:] + 425\n\t2   WebDriverAgentLib                   0x0000000108e377d6 -[FBRoute_TargetAction mountRequest:intoResponse:] + 182\n\t3   WebDriverAgentLib                   0x0000000108e1f5cb __37-[FBWebServer registerRouteHandlers:]_block_invoke + 555\n\t4   RoutingHTTPServer                   0x0000000108f29c53 -[RoutingHTTPServer handleRoute:withRequest:response:] + 136\n\t5   RoutingHTTPServer                   0x0000000108f2a566 __72-[RoutingHTTPServer routeMethod:withPath:parameters:request:connection:]_block_invoke + 47\n\t6   libdispatch.dylib                   0x00007fff519de7b9 _dispatch_client_callout + 8\n\t7   libdispatch.dylib                   0x00007fff...
[debug] &amp#27;[35m[W3C]&amp#27;[39m Matched W3C error code 'no such element' to NoSuchElementError
[debug] &amp#27;[35m[BaseDriver]&amp#27;[39m Waited for 12205 ms so far
[debug] &amp#27;[35m[WD Proxy]&amp#27;[39m Matched '/element' to command name 'findElement'
[debug] &amp#27;[35m[WD Proxy]&amp#27;[39m Proxying [POST /element] to [POST http://127.0.0.1:8100/session/087ADEB0-9E30-4168-9B13-4C3DA9303481/element] with body: {"using":"accessibility id","value":"���������� ������������"}
&amp#27;[35m[WD Proxy]&amp#27;[39m Got response with status 404: {"value":{"error":"no such element","message":"unable to find an element using 'accessibility id', value '���������� ������������'","traceback":"(\n\t0   WebDriverAgentLib                   0x0000000108e5a04d FBNoSuchElementErrorResponseForRequest + 301\n\t1   WebDriverAgentLib                   0x0000000108e59df9 +[FBFindElementCommands handleFindElement:] + 425\n\t2   WebDriverAgentLib                   0x0000000108e377d6 -[FBRoute_TargetAction mountRequest:intoResponse:] + 182\n\t3   WebDriverAgentLib                   0x0000000108e1f5cb __37-[FBWebServer registerRouteHandlers:]_block_invoke + 555\n\t4   RoutingHTTPServer                   0x0000000108f29c53 -[RoutingHTTPServer handleRoute:withRequest:response:] + 136\n\t5   RoutingHTTPServer                   0x0000000108f2a566 __72-[RoutingHTTPServer routeMethod:withPath:parameters:request:connection:]_block_invoke + 47\n\t6   libdispatch.dylib                   0x00007fff519de7b9 _dispatch_client_callout + 8\n\t7   libdispatch.dylib                   0x00007fff...
[debug] &amp#27;[35m[W3C]&amp#27;[39m Matched W3C error code 'no such element' to NoSuchElementError
[debug] &amp#27;[35m[BaseDriver]&amp#27;[39m Waited for 12789 ms so far
[debug] &amp#27;[35m[WD Proxy]&amp#27;[39m Matched '/element' to command name 'findElement'
[debug] &amp#27;[35m[WD Proxy]&amp#27;[39m Proxying [POST /element] to [POST http://127.0.0.1:8100/session/087ADEB0-9E30-4168-9B13-4C3DA9303481/element] with body: {"using":"accessibility id","value":"���������� ������������"}
&amp#27;[35m[WD Proxy]&amp#27;[39m Got response with status 404: {"value":{"error":"no such element","message":"unable to find an element using 'accessibility id', value '���������� ������������'","traceback":"(\n\t0   WebDriverAgentLib                   0x0000000108e5a04d FBNoSuchElementErrorResponseForRequest + 301\n\t1   WebDriverAgentLib                   0x0000000108e59df9 +[FBFindElementCommands handleFindElement:] + 425\n\t2   WebDriverAgentLib                   0x0000000108e377d6 -[FBRoute_TargetAction mountRequest:intoResponse:] + 182\n\t3   WebDriverAgentLib                   0x0000000108e1f5cb __37-[FBWebServer registerRouteHandlers:]_block_invoke + 555\n\t4   RoutingHTTPServer                   0x0000000108f29c53 -[RoutingHTTPServer handleRoute:withRequest:response:] + 136\n\t5   RoutingHTTPServer                   0x0000000108f2a566 __72-[RoutingHTTPServer routeMethod:withPath:parameters:request:connection:]_block_invoke + 47\n\t6   libdispatch.dylib                   0x00007fff519de7b9 _dispatch_client_callout + 8\n\t7   libdispatch.dylib                   0x00007fff...
[debug] &amp#27;[35m[W3C]&amp#27;[39m Matched W3C error code 'no such element' to NoSuchElementError
[debug] &amp#27;[35m[BaseDriver]&amp#27;[39m Waited for 13367 ms so far
[debug] &amp#27;[35m[WD Proxy]&amp#27;[39m Matched '/element' to command name 'findElement'
[debug] &amp#27;[35m[WD Proxy]&amp#27;[39m Proxying [POST /element] to [POST http://127.0.0.1:8100/session/087ADEB0-9E30-4168-9B13-4C3DA9303481/element] with body: {"using":"accessibility id","value":"���������� ������������"}
&amp#27;[35m[WD Proxy]&amp#27;[39m Got response with status 404: {"value":{"error":"no such element","message":"unable to find an element using 'accessibility id', value '���������� ������������'","traceback":"(\n\t0   WebDriverAgentLib                   0x0000000108e5a04d FBNoSuchElementErrorResponseForRequest + 301\n\t1   WebDriverAgentLib                   0x0000000108e59df9 +[FBFindElementCommands handleFindElement:] + 425\n\t2   WebDriverAgentLib                   0x0000000108e377d6 -[FBRoute_TargetAction mountRequest:intoResponse:] + 182\n\t3   WebDriverAgentLib                   0x0000000108e1f5cb __37-[FBWebServer registerRouteHandlers:]_block_invoke + 555\n\t4   RoutingHTTPServer                   0x0000000108f29c53 -[RoutingHTTPServer handleRoute:withRequest:response:] + 136\n\t5   RoutingHTTPServer                   0x0000000108f2a566 __72-[RoutingHTTPServer routeMethod:withPath:parameters:request:connection:]_block_invoke + 47\n\t6   libdispatch.dylib                   0x00007fff519de7b9 _dispatch_client_callout + 8\n\t7   libdispatch.dylib                   0x00007fff...
[debug] &amp#27;[35m[W3C]&amp#27;[39m Matched W3C error code 'no such element' to NoSuchElementError
[debug] &amp#27;[35m[BaseDriver]&amp#27;[39m Waited for 13941 ms so far
[debug] &amp#27;[35m[WD Proxy]&amp#27;[39m Matched '/element' to command name 'findElement'
[debug] &amp#27;[35m[WD Proxy]&amp#27;[39m Proxying [POST /element] to [POST http://127.0.0.1:8100/session/087ADEB0-9E30-4168-9B13-4C3DA9303481/element] with body: {"using":"accessibility id","value":"���������� ������������"}
&amp#27;[35m[WD Proxy]&amp#27;[39m Got response with status 404: {"value":{"error":"no such element","message":"unable to find an element using 'accessibility id', value '���������� ������������'","traceback":"(\n\t0   WebDriverAgentLib                   0x0000000108e5a04d FBNoSuchElementErrorResponseForRequest + 301\n\t1   WebDriverAgentLib                   0x0000000108e59df9 +[FBFindElementCommands handleFindElement:] + 425\n\t2   WebDriverAgentLib                   0x0000000108e377d6 -[FBRoute_TargetAction mountRequest:intoResponse:] + 182\n\t3   WebDriverAgentLib                   0x0000000108e1f5cb __37-[FBWebServer registerRouteHandlers:]_block_invoke + 555\n\t4   RoutingHTTPServer                   0x0000000108f29c53 -[RoutingHTTPServer handleRoute:withRequest:response:] + 136\n\t5   RoutingHTTPServer                   0x0000000108f2a566 __72-[RoutingHTTPServer routeMethod:withPath:parameters:request:connection:]_block_invoke + 47\n\t6   libdispatch.dylib                   0x00007fff519de7b9 _dispatch_client_callout + 8\n\t7   libdispatch.dylib                   0x00007fff...
[debug] &amp#27;[35m[W3C]&amp#27;[39m Matched W3C error code 'no such element' to NoSuchElementError
[debug] &amp#27;[35m[BaseDriver]&amp#27;[39m Waited for 14514 ms so far
[debug] &amp#27;[35m[WD Proxy]&amp#27;[39m Matched '/element' to command name 'findElement'
[debug] &amp#27;[35m[WD Proxy]&amp#27;[39m Proxying [POST /element] to [POST http://127.0.0.1:8100/session/087ADEB0-9E30-4168-9B13-4C3DA9303481/element] with body: {"using":"accessibility id","value":"���������� ������������"}
&amp#27;[35m[WD Proxy]&amp#27;[39m Got response with status 404: {"value":{"error":"no such element","message":"unable to find an element using 'accessibility id', value '���������� ������������'","traceback":"(\n\t0   WebDriverAgentLib                   0x0000000108e5a04d FBNoSuchElementErrorResponseForRequest + 301\n\t1   WebDriverAgentLib                   0x0000000108e59df9 +[FBFindElementCommands handleFindElement:] + 425\n\t2   WebDriverAgentLib                   0x0000000108e377d6 -[FBRoute_TargetAction mountRequest:intoResponse:] + 182\n\t3   WebDriverAgentLib                   0x0000000108e1f5cb __37-[FBWebServer registerRouteHandlers:]_block_invoke + 555\n\t4   RoutingHTTPServer                   0x0000000108f29c53 -[RoutingHTTPServer handleRoute:withRequest:response:] + 136\n\t5   RoutingHTTPServer                   0x0000000108f2a566 __72-[RoutingHTTPServer routeMethod:withPath:parameters:request:connection:]_block_invoke + 47\n\t6   libdispatch.dylib                   0x00007fff519de7b9 _dispatch_client_callout + 8\n\t7   libdispatch.dylib                   0x00007fff...
[debug] &amp#27;[35m[W3C]&amp#27;[39m Matched W3C error code 'no such element' to NoSuchElementError
[debug] &amp#27;[35m[BaseDriver]&amp#27;[39m Waited for 15090 ms so far
[debug] &amp#27;[35m[WD Proxy]&amp#27;[39m Matched '/element' to command name 'findElement'
[debug] &amp#27;[35m[WD Proxy]&amp#27;[39m Proxying [POST /element] to [POST http://127.0.0.1:8100/session/087ADEB0-9E30-4168-9B13-4C3DA9303481/element] with body: {"using":"accessibility id","value":"���������� ������������"}
&amp#27;[35m[WD Proxy]&amp#27;[39m Got response with status 404: {"value":{"error":"no such element","message":"unable to find an element using 'accessibility id', value '���������� ������������'","traceback":"(\n\t0   WebDriverAgentLib                   0x0000000108e5a04d FBNoSuchElementErrorResponseForRequest + 301\n\t1   WebDriverAgentLib                   0x0000000108e59df9 +[FBFindElementCommands handleFindElement:] + 425\n\t2   WebDriverAgentLib                   0x0000000108e377d6 -[FBRoute_TargetAction mountRequest:intoResponse:] + 182\n\t3   WebDriverAgentLib                   0x0000000108e1f5cb __37-[FBWebServer registerRouteHandlers:]_block_invoke + 555\n\t4   RoutingHTTPServer                   0x0000000108f29c53 -[RoutingHTTPServer handleRoute:withRequest:response:] + 136\n\t5   RoutingHTTPServer                   0x0000000108f2a566 __72-[RoutingHTTPServer routeMethod:withPath:parameters:request:connection:]_block_invoke + 47\n\t6   libdispatch.dylib                   0x00007fff519de7b9 _dispatch_client_callout + 8\n\t7   libdispatch.dylib                   0x00007fff...
[debug] &amp#27;[35m[W3C]&amp#27;[39m Matched W3C error code 'no such element' to NoSuchElementError
[debug] &amp#27;[35m[BaseDriver]&amp#27;[39m Waited for 15677 ms so far
[debug] &amp#27;[35m[WD Proxy]&amp#27;[39m Matched '/element' to command name 'findElement'
[debug] &amp#27;[35m[WD Proxy]&amp#27;[39m Proxying [POST /element] to [POST http://127.0.0.1:8100/session/087ADEB0-9E30-4168-9B13-4C3DA9303481/element] with body: {"using":"accessibility id","value":"���������� ������������"}
&amp#27;[35m[WD Proxy]&amp#27;[39m Got response with status 404: {"value":{"error":"no such element","message":"unable to find an element using 'accessibility id', value '���������� ������������'","traceback":"(\n\t0   WebDriverAgentLib                   0x0000000108e5a04d FBNoSuchElementErrorResponseForRequest + 301\n\t1   WebDriverAgentLib                   0x0000000108e59df9 +[FBFindElementCommands handleFindElement:] + 425\n\t2   WebDriverAgentLib                   0x0000000108e377d6 -[FBRoute_TargetAction mountRequest:intoResponse:] + 182\n\t3   WebDriverAgentLib                   0x0000000108e1f5cb __37-[FBWebServer registerRouteHandlers:]_block_invoke + 555\n\t4   RoutingHTTPServer                   0x0000000108f29c53 -[RoutingHTTPServer handleRoute:withRequest:response:] + 136\n\t5   RoutingHTTPServer                   0x0000000108f2a566 __72-[RoutingHTTPServer routeMethod:withPath:parameters:request:connection:]_block_invoke + 47\n\t6   libdispatch.dylib                   0x00007fff519de7b9 _dispatch_client_callout + 8\n\t7   libdispatch.dylib                   0x00007fff...
[debug] &amp#27;[35m[W3C]&amp#27;[39m Matched W3C error code 'no such element' to NoSuchElementError
[debug] &amp#27;[35m[BaseDriver]&amp#27;[39m Waited for 16252 ms so far
[debug] &amp#27;[35m[WD Proxy]&amp#27;[39m Matched '/element' to command name 'findElement'
[debug] &amp#27;[35m[WD Proxy]&amp#27;[39m Proxying [POST /element] to [POST http://127.0.0.1:8100/session/087ADEB0-9E30-4168-9B13-4C3DA9303481/element] with body: {"using":"accessibility id","value":"���������� ������������"}
&amp#27;[35m[WD Proxy]&amp#27;[39m Got response with status 404: {"value":{"error":"no such element","message":"unable to find an element using 'accessibility id', value '���������� ������������'","traceback":"(\n\t0   WebDriverAgentLib                   0x0000000108e5a04d FBNoSuchElementErrorResponseForRequest + 301\n\t1   WebDriverAgentLib                   0x0000000108e59df9 +[FBFindElementCommands handleFindElement:] + 425\n\t2   WebDriverAgentLib                   0x0000000108e377d6 -[FBRoute_TargetAction mountRequest:intoResponse:] + 182\n\t3   WebDriverAgentLib                   0x0000000108e1f5cb __37-[FBWebServer registerRouteHandlers:]_block_invoke + 555\n\t4   RoutingHTTPServer                   0x0000000108f29c53 -[RoutingHTTPServer handleRoute:withRequest:response:] + 136\n\t5   RoutingHTTPServer                   0x0000000108f2a566 __72-[RoutingHTTPServer routeMethod:withPath:parameters:request:connection:]_block_invoke + 47\n\t6   libdispatch.dylib                   0x00007fff519de7b9 _dispatch_client_callout + 8\n\t7   libdispatch.dylib                   0x00007fff...
[debug] &amp#27;[35m[W3C]&amp#27;[39m Matched W3C error code 'no such element' to NoSuchElementError
[debug] &amp#27;[35m[BaseDriver]&amp#27;[39m Waited for 16827 ms so far
[debug] &amp#27;[35m[WD Proxy]&amp#27;[39m Matched '/element' to command name 'findElement'
[debug] &amp#27;[35m[WD Proxy]&amp#27;[39m Proxying [POST /element] to [POST http://127.0.0.1:8100/session/087ADEB0-9E30-4168-9B13-4C3DA9303481/element] with body: {"using":"accessibility id","value":"���������� ������������"}
&amp#27;[35m[WD Proxy]&amp#27;[39m Got response with status 404: {"value":{"error":"no such element","message":"unable to find an element using 'accessibility id', value '���������� ������������'","traceback":"(\n\t0   WebDriverAgentLib                   0x0000000108e5a04d FBNoSuchElementErrorResponseForRequest + 301\n\t1   WebDriverAgentLib                   0x0000000108e59df9 +[FBFindElementCommands handleFindElement:] + 425\n\t2   WebDriverAgentLib                   0x0000000108e377d6 -[FBRoute_TargetAction mountRequest:intoResponse:] + 182\n\t3   WebDriverAgentLib                   0x0000000108e1f5cb __37-[FBWebServer registerRouteHandlers:]_block_invoke + 555\n\t4   RoutingHTTPServer                   0x0000000108f29c53 -[RoutingHTTPServer handleRoute:withRequest:response:] + 136\n\t5   RoutingHTTPServer                   0x0000000108f2a566 __72-[RoutingHTTPServer routeMethod:withPath:parameters:request:connection:]_block_invoke + 47\n\t6   libdispatch.dylib                   0x00007fff519de7b9 _dispatch_client_callout + 8\n\t7   libdispatch.dylib                   0x00007fff...
[debug] &amp#27;[35m[W3C]&amp#27;[39m Matched W3C error code 'no such element' to NoSuchElementError
[debug] &amp#27;[35m[BaseDriver]&amp#27;[39m Waited for 17407 ms so far
[debug] &amp#27;[35m[WD Proxy]&amp#27;[39m Matched '/element' to command name 'findElement'
[debug] &amp#27;[35m[WD Proxy]&amp#27;[39m Proxying [POST /element] to [POST http://127.0.0.1:8100/session/087ADEB0-9E30-4168-9B13-4C3DA9303481/element] with body: {"using":"accessibility id","value":"���������� ������������"}
&amp#27;[35m[WD Proxy]&amp#27;[39m Got response with status 404: {"value":{"error":"no such element","message":"unable to find an element using 'accessibility id', value '���������� ������������'","traceback":"(\n\t0   WebDriverAgentLib                   0x0000000108e5a04d FBNoSuchElementErrorResponseForRequest + 301\n\t1   WebDriverAgentLib                   0x0000000108e59df9 +[FBFindElementCommands handleFindElement:] + 425\n\t2   WebDriverAgentLib                   0x0000000108e377d6 -[FBRoute_TargetAction mountRequest:intoResponse:] + 182\n\t3   WebDriverAgentLib                   0x0000000108e1f5cb __37-[FBWebServer registerRouteHandlers:]_block_invoke + 555\n\t4   RoutingHTTPServer                   0x0000000108f29c53 -[RoutingHTTPServer handleRoute:withRequest:response:] + 136\n\t5   RoutingHTTPServer                   0x0000000108f2a566 __72-[RoutingHTTPServer routeMethod:withPath:parameters:request:connection:]_block_invoke + 47\n\t6   libdispatch.dylib                   0x00007fff519de7b9 _dispatch_client_callout + 8\n\t7   libdispatch.dylib                   0x00007fff...
[debug] &amp#27;[35m[W3C]&amp#27;[39m Matched W3C error code 'no such element' to NoSuchElementError
[debug] &amp#27;[35m[BaseDriver]&amp#27;[39m Waited for 17976 ms so far
[debug] &amp#27;[35m[WD Proxy]&amp#27;[39m Matched '/element' to command name 'findElement'
[debug] &amp#27;[35m[WD Proxy]&amp#27;[39m Proxying [POST /element] to [POST http://127.0.0.1:8100/session/087ADEB0-9E30-4168-9B13-4C3DA9303481/element] with body: {"using":"accessibility id","value":"���������� ������������"}
&amp#27;[35m[WD Proxy]&amp#27;[39m Got response with status 404: {"value":{"error":"no such element","message":"unable to find an element using 'accessibility id', value '���������� ������������'","traceback":"(\n\t0   WebDriverAgentLib                   0x0000000108e5a04d FBNoSuchElementErrorResponseForRequest + 301\n\t1   WebDriverAgentLib                   0x0000000108e59df9 +[FBFindElementCommands handleFindElement:] + 425\n\t2   WebDriverAgentLib                   0x0000000108e377d6 -[FBRoute_TargetAction mountRequest:intoResponse:] + 182\n\t3   WebDriverAgentLib                   0x0000000108e1f5cb __37-[FBWebServer registerRouteHandlers:]_block_invoke + 555\n\t4   RoutingHTTPServer                   0x0000000108f29c53 -[RoutingHTTPServer handleRoute:withRequest:response:] + 136\n\t5   RoutingHTTPServer                   0x0000000108f2a566 __72-[RoutingHTTPServer routeMethod:withPath:parameters:request:connection:]_block_invoke + 47\n\t6   libdispatch.dylib                   0x00007fff519de7b9 _dispatch_client_callout + 8\n\t7   libdispatch.dylib                   0x00007fff...
[debug] &amp#27;[35m[W3C]&amp#27;[39m Matched W3C error code 'no such element' to NoSuchElementError
[debug] &amp#27;[35m[BaseDriver]&amp#27;[39m Waited for 18557 ms so far
[debug] &amp#27;[35m[WD Proxy]&amp#27;[39m Matched '/element' to command name 'findElement'
[debug] &amp#27;[35m[WD Proxy]&amp#27;[39m Proxying [POST /element] to [POST http://127.0.0.1:8100/session/087ADEB0-9E30-4168-9B13-4C3DA9303481/element] with body: {"using":"accessibility id","value":"���������� ������������"}
&amp#27;[35m[WD Proxy]&amp#27;[39m Got response with status 404: {"value":{"error":"no such element","message":"unable to find an element using 'accessibility id', value '���������� ������������'","traceback":"(\n\t0   WebDriverAgentLib                   0x0000000108e5a04d FBNoSuchElementErrorResponseForRequest + 301\n\t1   WebDriverAgentLib                   0x0000000108e59df9 +[FBFindElementCommands handleFindElement:] + 425\n\t2   WebDriverAgentLib                   0x0000000108e377d6 -[FBRoute_TargetAction mountRequest:intoResponse:] + 182\n\t3   WebDriverAgentLib                   0x0000000108e1f5cb __37-[FBWebServer registerRouteHandlers:]_block_invoke + 555\n\t4   RoutingHTTPServer                   0x0000000108f29c53 -[RoutingHTTPServer handleRoute:withRequest:response:] + 136\n\t5   RoutingHTTPServer                   0x0000000108f2a566 __72-[RoutingHTTPServer routeMethod:withPath:parameters:request:connection:]_block_invoke + 47\n\t6   libdispatch.dylib                   0x00007fff519de7b9 _dispatch_client_callout + 8\n\t7   libdispatch.dylib                   0x00007fff...
[debug] &amp#27;[35m[W3C]&amp#27;[39m Matched W3C error code 'no such element' to NoSuchElementError
[debug] &amp#27;[35m[BaseDriver]&amp#27;[39m Waited for 19132 ms so far
[debug] &amp#27;[35m[WD Proxy]&amp#27;[39m Matched '/element' to command name 'findElement'
[debug] &amp#27;[35m[WD Proxy]&amp#27;[39m Proxying [POST /element] to [POST http://127.0.0.1:8100/session/087ADEB0-9E30-4168-9B13-4C3DA9303481/element] with body: {"using":"accessibility id","value":"���������� ������������"}
&amp#27;[35m[WD Proxy]&amp#27;[39m Got response with status 404: {"value":{"error":"no such element","message":"unable to find an element using 'accessibility id', value '���������� ������������'","traceback":"(\n\t0   WebDriverAgentLib                   0x0000000108e5a04d FBNoSuchElementErrorResponseForRequest + 301\n\t1   WebDriverAgentLib                   0x0000000108e59df9 +[FBFindElementCommands handleFindElement:] + 425\n\t2   WebDriverAgentLib                   0x0000000108e377d6 -[FBRoute_TargetAction mountRequest:intoResponse:] + 182\n\t3   WebDriverAgentLib                   0x0000000108e1f5cb __37-[FBWebServer registerRouteHandlers:]_block_invoke + 555\n\t4   RoutingHTTPServer                   0x0000000108f29c53 -[RoutingHTTPServer handleRoute:withRequest:response:] + 136\n\t5   RoutingHTTPServer                   0x0000000108f2a566 __72-[RoutingHTTPServer routeMethod:withPath:parameters:request:connection:]_block_invoke + 47\n\t6   libdispatch.dylib                   0x00007fff519de7b9 _dispatch_client_callout + 8\n\t7   libdispatch.dylib                   0x00007fff...
[debug] &amp#27;[35m[W3C]&amp#27;[39m Matched W3C error code 'no such element' to NoSuchElementError
[debug] &amp#27;[35m[BaseDriver]&amp#27;[39m Waited for 19711 ms so far
[debug] &amp#27;[35m[WD Proxy]&amp#27;[39m Matched '/element' to command name 'findElement'
[debug] &amp#27;[35m[WD Proxy]&amp#27;[39m Proxying [POST /element] to [POST http://127.0.0.1:8100/session/087ADEB0-9E30-4168-9B13-4C3DA9303481/element] with body: {"using":"accessibility id","value":"���������� ������������"}
&amp#27;[35m[WD Proxy]&amp#27;[39m Got response with status 404: {"value":{"error":"no such element","message":"unable to find an element using 'accessibility id', value '���������� ������������'","traceback":"(\n\t0   WebDriverAgentLib                   0x0000000108e5a04d FBNoSuchElementErrorResponseForRequest + 301\n\t1   WebDriverAgentLib                   0x0000000108e59df9 +[FBFindElementCommands handleFindElement:] + 425\n\t2   WebDriverAgentLib                   0x0000000108e377d6 -[FBRoute_TargetAction mountRequest:intoResponse:] + 182\n\t3   WebDriverAgentLib                   0x0000000108e1f5cb __37-[FBWebServer registerRouteHandlers:]_block_invoke + 555\n\t4   RoutingHTTPServer                   0x0000000108f29c53 -[RoutingHTTPServer handleRoute:withRequest:response:] + 136\n\t5   RoutingHTTPServer                   0x0000000108f2a566 __72-[RoutingHTTPServer routeMethod:withPath:parameters:request:connection:]_block_invoke + 47\n\t6   libdispatch.dylib                   0x00007fff519de7b9 _dispatch_client_callout + 8\n\t7   libdispatch.dylib                   0x00007fff...
[debug] &amp#27;[35m[W3C]&amp#27;[39m Matched W3C error code 'no such element' to NoSuchElementError
[debug] &amp#27;[35m[W3C (26255f9c)]&amp#27;[39m Encountered internal error running command: NoSuchElementError: An element could not be located on the page using the given search parameters.
[debug] &amp#27;[35m[W3C (26255f9c)]&amp#27;[39m     at XCUITestDriver.doNativeFind (/usr/local/lib/node_modules/appium/node_modules/appium-xcuitest-driver/lib/commands/find.js:126:11)
&amp#27;[35m[HTTP]&amp#27;[39m &amp#27;[37m<-- POST /wd/hub/session/26255f9c-9f7a-4f75-98c9-83c1e78aa016/element &amp#27;[39m&amp#27;[33m404&amp#27;[39m &amp#27;[90m20300 ms - 379&amp#27;[39m
&amp#27;[35m[HTTP]&amp#27;[39m &amp#27;[90m&amp#27;[39m
]]></system-out>
  </testcase>
  <testcase name="EditCarPost" classname="smokeTest.SmokeTest" time="26.728">
    <failure message="Can&apos;t locate an element by this strategy: By.chained({By.AccessibilityId: تسجيل الدخول})" type="org.openqa.selenium.NoSuchElementException"><![CDATA[org.openqa.selenium.NoSuchElementException: Can't locate an element by this strategy: By.chained({By.AccessibilityId: تسجيل الدخول})
	at smokeTest.SmokeTest.EditCarPost(SmokeTest.java:176)
Caused by: org.openqa.selenium.TimeoutException: Expected condition failed: waiting for io.appium.java_client.pagefactory.AppiumElementLocator$WaitingFunction@48d5f34e (tried for 1 second(s) with 500 milliseconds interval)
	at smokeTest.SmokeTest.EditCarPost(SmokeTest.java:176)
Caused by: org.openqa.selenium.NoSuchElementException: 
Cannot locate an element using By.chained({By.AccessibilityId: تسجيل الدخول})
For documentation on this error, please visit: https://www.seleniumhq.org/exceptions/no_such_element.html
Build info: version: '3.141.59', revision: 'e82be7d358', time: '2018-11-14T08:17:03'
System info: host: 'imrans-MBP', ip: 'fe80:0:0:0:aa:a39f:3722:94b6%en0', os.name: 'Mac OS X', os.arch: 'x86_64', os.version: '10.14.5', java.version: '1.8.0_231'
Driver info: driver.version: IOSDriver
	at smokeTest.SmokeTest.EditCarPost(SmokeTest.java:176)
]]></failure>
    <system-out><![CDATA[&amp#27;[35m[HTTP]&amp#27;[39m &amp#27;[37m-->&amp#27;[39m &amp#27;[37mGET&amp#27;[39m &amp#27;[37m/wd/hub/session/26255f9c-9f7a-4f75-98c9-83c1e78aa016/screenshot&amp#27;[39m
&amp#27;[35m[HTTP]&amp#27;[39m &amp#27;[90m{}&amp#27;[39m
[debug] &amp#27;[35m[W3C (26255f9c)]&amp#27;[39m Calling AppiumDriver.getScreenshot() with args: ["26255f9c-9f7a-4f75-98c9-83c1e78aa016"]
[debug] &amp#27;[35m[XCUITest]&amp#27;[39m Executing command 'getScreenshot'
[debug] &amp#27;[35m[XCUITest]&amp#27;[39m Taking screenshot with WDA
[debug] &amp#27;[35m[WD Proxy]&amp#27;[39m Matched '/screenshot' to command name 'getScreenshot'
[debug] &amp#27;[35m[WD Proxy]&amp#27;[39m Proxying [GET /screenshot] to [GET http://127.0.0.1:8100/session/087ADEB0-9E30-4168-9B13-4C3DA9303481/screenshot] with no body
[debug] &amp#27;[35m[WD Proxy]&amp#27;[39m Got response with status 200: {
[debug] &amp#27;[35m[WD Proxy]&amp#27;[39m   "value" : "iVBORw0KGgoAAAANSUhEUgAAAu4AAAU2CAIAAABFtaRRAAAAAXNSR0IArs4c6QAA\r\nAERlWElmTU0AKgAAAAgAAYdpAAQAAAABAAAAGgAAAAAAA6ABAAMAAAABAAEAAKAC\r\nAAQAAAABAAAC7qADAAQAAAABAAAFNgAAAACw0axrAAAAHGlET1QAAAACAAAAAAAA\r\nApsAAAAoAAACmwAAApsAB1wUiD7xbQAAQABJREFUeAHsvQd4HdWZ\/z+y5SbLsmRZ\r\n7fY2c+\/cub1LV5IbIYFs+qbXP7shIQmQnk0WkpCQQujNYAgQDAQDNmAb927LVu\/F\r\nBZJt\/+x\/95dCCIQO9\/c5ZyThJYG1ef77PAsaP4fLaMqZM+\/M+57v+b7veY8y7I2d\r\nVpnwBMc9+qDPGPTFRt2JcVdq1EMNkb6A3qsGB\/3qiC846uUcY9wdGXefXuW0hNpk\r\nheLCAd9k4V6UEY8o4gR3gjLiEYU\/2cmZff5YjxrrDYgN83xqmN4wL3wD7RlxZyiD\r\n3pRZhj0pcVMe3C1aQrWinf7IdDnmTE24xDkDvgTt6dREYYNWcea4OzHhkkJzU2Fm\r\nwJsxW\/hav1xiFUsCryOBEa9BGfYZox5jwm0cdxonnGJj0BfpUSNdaqwnkOjzJ8R3\r\n686M8iX79RFvhI\/wuCNzzJFBfwf8Rq8qlJcNPuwJZ4ZvmA912KcPBIKmolFDbyDR\r\n608N+Pi2U0Lr3SnqpPIuNdEXiFDnMVfkMUdk3JUdcWf5sHv9FPP82IQrdtwZoRxz\r\n61gPTMSwL0jllL6AMVWkEvkSQtE81EDJs4GaDHsTWBjaw1VS9dC+yIQo4km57zFR\r\nf+yYU2gWzZvSJiGWX9nFrdng8mPu4Amnjog4HwlwZqeWoGA9UGTTnryOqK1DlgTe\r\n8hKg2zKVnQ36ODRXqJ43QoeOro17ggCA4y7x2xVUD4X...
[debug] &amp#27;[35m[W3C (26255f9c)]&amp#27;[39m Responding to client with driver.getScreenshot() result: "iVBORw0KGgoAAAANSUhEUgAAAu4AAAU2CAIAAABFtaRRAAAAAXNSR0IArs4c6QAA\r\nAERlWElmTU0AKgAAAAgAAYdpAAQAAAABAAAAGgAAAAAAA6ABAAMAAAABAAEAAKAC\r\nAAQAAAABAAAC7qADAAQAAAABAAAFNgAAAACw0axrAAAAHGlET1QAAAACAAAAAAAA\r\nApsAAAAoAAACmwAAApsAB1wUiD7xbQAAQABJREFUeAHsvQd4HdWZ/z+y5SbLsmRZ\r\n7fY2c+/cub1LV5IbIYFs+qbXP7shIQmQnk0WkpCQQujNYAgQDAQDNmAb927LVu/F\r\nBZJt/+x/95dCCIQO9/c5ZyThJYG1ef77PAsaP4fLaMqZM+/M+57v+b7veY8y7I2d\r\nVpnwBMc9+qDPGPTFRt2JcVdq1EMNkb6A3qsGB/3qiC846uUcY9wdGXefXuW0hNpk\r\nheLCAd9k4V6UEY8o4gR3gjLiEYU/2cmZff5YjxrrDYgN83xqmN4wL3wD7RlxZyiD\r\n3pRZhj0pcVMe3C1aQrWinf7IdDnmTE24xDkDvgTt6dREYYNWcea4OzHhkkJzU2Fm\r\nwJsxW/hav1xiFUsCryOBEa9BGfYZox5jwm0cdxonnGJj0BfpUSNdaqwnkOjzJ8R3\r\n686M8iX79RFvhI/wuCNzzJFBfwf8Rq8qlJcNPuwJZ4ZvmA912KcPBIKmolFDbyDR\r\n608N+Pi2U0Lr3SnqpPIuNdEXiFDnMVfkMUdk3JUdcWf5sHv9FPP82IQrdtwZoRxz\r\n61gPTMSwL0jllL6AMVWkEvkSQtE81EDJs4GaDHsTWBjaw1VS9dC+yIQo4km57zFR\r\nf+yYU2gWzZvSJiGWX9nFrdng8mPu4Amnjog4HwlwZqeWoGA9UGTTnryOqK1DlgTe\r\n8hKg2zKVnQ36ODRXqJ43QoeOro17ggCA4y7x2xVUD4XVQa/ohVG94w5xPnpET4dC\r\n...
&amp#27;[35m[HTTP]&amp#27;[39m &amp#27;[37m<-- GET /wd/hub/session/26255f9c-9f7a-4f75-98c9-83c1e78aa016/screenshot &amp#27;[39m&amp#27;[32m200&amp#27;[39m &amp#27;[90m110 ms - 987900&amp#27;[39m
&amp#27;[35m[HTTP]&amp#27;[39m &amp#27;[90m&amp#27;[39m
&amp#27;[35m[HTTP]&amp#27;[39m &amp#27;[37m-->&amp#27;[39m &amp#27;[37mPOST&amp#27;[39m &amp#27;[37m/wd/hub/session/26255f9c-9f7a-4f75-98c9-83c1e78aa016/appium/app/reset&amp#27;[39m
&amp#27;[35m[HTTP]&amp#27;[39m &amp#27;[90m{}&amp#27;[39m
[debug] &amp#27;[35m[W3C (26255f9c)]&amp#27;[39m Calling AppiumDriver.reset() with args: ["26255f9c-9f7a-4f75-98c9-83c1e78aa016"]
[debug] &amp#27;[35m[XCUITest]&amp#27;[39m Executing command 'reset'
[debug] &amp#27;[35m[BaseDriver]&amp#27;[39m Resetting app mid-session
[debug] &amp#27;[35m[BaseDriver]&amp#27;[39m Running generic full reset
[debug] &amp#27;[35m[WD Proxy]&amp#27;[39m Matched '/session/26255f9c-9f7a-4f75-98c9-83c1e78aa016' to command name 'deleteSession'
[debug] &amp#27;[35m[WD Proxy]&amp#27;[39m Proxying [DELETE /session/26255f9c-9f7a-4f75-98c9-83c1e78aa016] to [DELETE http://127.0.0.1:8100/session/087ADEB0-9E30-4168-9B13-4C3DA9303481] with no body
[debug] &amp#27;[35m[WD Proxy]&amp#27;[39m Got response with status 200: {
[debug] &amp#27;[35m[WD Proxy]&amp#27;[39m   "value" : null,
[debug] &amp#27;[35m[WD Proxy]&amp#27;[39m   "sessionId" : "D0EE5118-058C-4BA5-810E-68073DF5D998"
[debug] &amp#27;[35m[WD Proxy]&amp#27;[39m }
&amp#27;[35m[DevCon Factory]&amp#27;[39m Releasing connections for 24A5DE6C-3031-4FCA-9C40-D8B2E52520E8 device on any port number
&amp#27;[35m[DevCon Factory]&amp#27;[39m Found cached connections to release: ["24A5DE6C-3031-4FCA-9C40-D8B2E52520E8:8100"]
[debug] &amp#27;[35m[DevCon Factory]&amp#27;[39m Cached connections count: 0
[debug] &amp#27;[35m[XCUITest]&amp#27;[39m Did not find the temporary XCTest logs root at '/var/folders/b3/y32ql80n7w1cgryz_wrszd900000gn/T/com.apple.dt.XCTest*/'
&amp#27;[35m[XCUITest]&amp#27;[39m Cleaning test logs in '/Users/imranmoqbel/Library/Developer/Xcode/DerivedData/WebDriverAgent-ciegwgvxzxdrqthilmrmczmqvrgu/Logs' folder
[debug] &amp#27;[35m[iOS]&amp#27;[39m Clearing log files
[debug] &amp#27;[35m[iOS]&amp#27;[39m Deleting '/Users/imranmoqbel/Library/Developer/Xcode/DerivedData/WebDriverAgent-ciegwgvxzxdrqthilmrmczmqvrgu/Logs'. Freeing 12K.
[debug] &amp#27;[35m[iOS]&amp#27;[39m Finished clearing log files
[debug] &amp#27;[35m[IOSSimulatorLog]&amp#27;[39m Stopping iOS log capture
[debug] &amp#27;[35m[BaseDriver]&amp#27;[39m Restarting app
[debug] &amp#27;[35m[BaseDriver]&amp#27;[39m Creating session with W3C capabilities: {
[debug] &amp#27;[35m[BaseDriver]&amp#27;[39m   "alwaysMatch": {
[debug] &amp#27;[35m[BaseDriver]&amp#27;[39m     "platformName": "ios",
[debug] &amp#27;[35m[BaseDriver]&amp#27;[39m     "app": "/Users/imranmoqbel/Documents/WaseetiOSAutomation/WaseetiOSAutomation-Intellij/src/WaseetApr20.app",
[debug] &amp#27;[35m[BaseDriver]&amp#27;[39m     "automationName": "XCUITest",
[debug] &amp#27;[35m[BaseDriver]&amp#27;[39m     "clearSystemFiles": true,
[debug] &amp#27;[35m[BaseDriver]&amp#27;[39m     "deviceName": "iPhone8",
[debug] &amp#27;[35m[BaseDriver]&amp#27;[39m     "newCommandTimeout": 100000,
[debug] &amp#27;[35m[BaseDriver]&amp#27;[39m     "platformVersion": "13.2"
[debug] &amp#27;[35m[BaseDriver]&amp#27;[39m   },
[debug] &amp#27;[35m[BaseDriver]&amp#27;[39m   "firstMatch": [
[debug] &amp#27;[35m[BaseDriver]&amp#27;[39m     {}
[debug] &amp#27;[35m[BaseDriver]&amp#27;[39m   ]
[debug] &amp#27;[35m[BaseDriver]&amp#27;[39m }
&amp#27;[35m[BaseDriver]&amp#27;[39m The following capabilities are not standard capabilities and should have an extension prefix:
&amp#27;[35m[BaseDriver]&amp#27;[39m   app
&amp#27;[35m[BaseDriver]&amp#27;[39m   automationName
&amp#27;[35m[BaseDriver]&amp#27;[39m   clearSystemFiles
&amp#27;[35m[BaseDriver]&amp#27;[39m   deviceName
&amp#27;[35m[BaseDriver]&amp#27;[39m   newCommandTimeout
&amp#27;[35m[BaseDriver]&amp#27;[39m   platformVersion
&amp#27;[35m[BaseDriver]&amp#27;[39m Session created with session id: 5ec7082d-dac4-4dbd-b544-9fe76a1d0320
[debug] &amp#27;[35m[XCUITest]&amp#27;[39m Current user: 'imranmoqbel'
&amp#27;[35m[XCUITest]&amp#27;[39m iOS SDK Version set to '13.2'
&amp#27;[35m[iOSSim]&amp#27;[39m Constructing iOS simulator for Xcode version 11.2.1 with udid '24A5DE6C-3031-4FCA-9C40-D8B2E52520E8'
&amp#27;[35m[XCUITest]&amp#27;[39m Determining device to run tests on: udid: '24A5DE6C-3031-4FCA-9C40-D8B2E52520E8', real device: false
[debug] &amp#27;[35m[BaseDriver]&amp#27;[39m Event 'xcodeDetailsRetrieved' logged at 1587387537072 (15:58:57 GMT+0300 (Eastern European Summer Time))
&amp#27;[35m[BaseDriver]&amp#27;[39m Using local app '/Users/imranmoqbel/Documents/WaseetiOSAutomation/WaseetiOSAutomation-Intellij/src/WaseetApr20.app'
[debug] &amp#27;[35m[BaseDriver]&amp#27;[39m Event 'appConfigured' logged at 1587387537073 (15:58:57 GMT+0300 (Eastern European Summer Time))
[debug] &amp#27;[35m[XCUITest]&amp#27;[39m Checking whether app '/Users/imranmoqbel/Documents/WaseetiOSAutomation/WaseetiOSAutomation-Intellij/src/WaseetApr20.app' is actually present on file system
[debug] &amp#27;[35m[XCUITest]&amp#27;[39m App is present
[debug] &amp#27;[35m[iOS]&amp#27;[39m Getting bundle ID from app '/Users/imranmoqbel/Documents/WaseetiOSAutomation/WaseetiOSAutomation-Intellij/src/WaseetApr20.app': 'com.awi.waseet-classifieds-ios'
[debug] &amp#27;[35m[BaseDriver]&amp#27;[39m Event 'resetStarted' logged at 1587387537073 (15:58:57 GMT+0300 (Eastern European Summer Time))
&amp#27;[35m[XCUITest]&amp#27;[39m Not scrubbing third party app in anticipation of uninstall
[debug] &amp#27;[35m[BaseDriver]&amp#27;[39m Event 'resetComplete' logged at 1587387537427 (15:58:57 GMT+0300 (Eastern European Summer Time))
[debug] &amp#27;[35m[IOSSimulatorLog]&amp#27;[39m Starting log capture for iOS Simulator with udid '24A5DE6C-3031-4FCA-9C40-D8B2E52520E8' using simctl
[debug] &amp#27;[35m[BaseDriver]&amp#27;[39m Event 'logCaptureStarted' logged at 1587387537851 (15:58:57 GMT+0300 (Eastern European Summer Time))
&amp#27;[35m[XCUITest]&amp#27;[39m Setting up simulator
[debug] &amp#27;[35m[iOS]&amp#27;[39m No reason to set locale
[debug] &amp#27;[35m[iOS]&amp#27;[39m No iOS / app preferences to set
[debug] &amp#27;[35m[iOS]&amp#27;[39m Setting did not need to be updated
[debug] &amp#27;[35m[iOSSim]&amp#27;[39m Setting preferences of 24A5DE6C-3031-4FCA-9C40-D8B2E52520E8 Simulator to {"ConnectHardwareKeyboard":false}
[debug] &amp#27;[35m[iOSSim]&amp#27;[39m Setting common Simulator preferences to {"RotateWindowWhenSignaledByGuest":true,"ConnectHardwareKeyboard":false}
[debug] &amp#27;[35m[iOSSim]&amp#27;[39m Updated 24A5DE6C-3031-4FCA-9C40-D8B2E52520E8 Simulator preferences at '/Users/imranmoqbel/Library/Preferences/com.apple.iphonesimulator.plist' with {"DevicePreferences":{"24A5DE6C-3031-4FCA-9C40-D8B2E52520E8":{"ConnectHardwareKeyboard":false}},"RotateWindowWhenSignaledByGuest":true,"ConnectHardwareKeyboard":false}
[debug] &amp#27;[35m[iOSSim]&amp#27;[39m Got Simulator UI client PID: 5138
&amp#27;[35m[iOSSim]&amp#27;[39m Both Simulator with UDID '24A5DE6C-3031-4FCA-9C40-D8B2E52520E8' and the UI client are currently running
[debug] &amp#27;[35m[BaseDriver]&amp#27;[39m Event 'simStarted' logged at 1587387538074 (15:58:58 GMT+0300 (Eastern European Summer Time))
[debug] &amp#27;[35m[XCUITest]&amp#27;[39m Verifying application platform
[debug] &amp#27;[35m[XCUITest]&amp#27;[39m CFBundleSupportedPlatforms: ["iPhoneSimulator"]
[debug] &amp#27;[35m[XCUITest]&amp#27;[39m Reset requested. Removing app with id 'com.awi.waseet-classifieds-ios' from the device
[debug] &amp#27;[35m[XCUITest]&amp#27;[39m Installing '/Users/imranmoqbel/Documents/WaseetiOSAutomation/WaseetiOSAutomation-Intellij/src/WaseetApr20.app' on Simulator with UUID '24A5DE6C-3031-4FCA-9C40-D8B2E52520E8'...
[debug] &amp#27;[35m[XCUITest]&amp#27;[39m The app has been installed successfully.
[debug] &amp#27;[35m[BaseDriver]&amp#27;[39m Event 'appInstalled' logged at 1587387541344 (15:59:01 GMT+0300 (Eastern European Summer Time))
&amp#27;[35m[WebDriverAgent]&amp#27;[39m Using WDA path: '/usr/local/lib/node_modules/appium/node_modules/appium-webdriveragent'
&amp#27;[35m[WebDriverAgent]&amp#27;[39m Using WDA agent: '/usr/local/lib/node_modules/appium/node_modules/appium-webdriveragent/WebDriverAgent.xcodeproj'
[debug] &amp#27;[35m[WebDriverAgent]&amp#27;[39m No obsolete cached processes from previous WDA sessions listening on port 8100 have been found
&amp#27;[35m[DevCon Factory]&amp#27;[39m Requesting connection for device 24A5DE6C-3031-4FCA-9C40-D8B2E52520E8 on local port 8100, device port 8100
[debug] &amp#27;[35m[DevCon Factory]&amp#27;[39m Cached connections count: 0
&amp#27;[35m[DevCon Factory]&amp#27;[39m Successfully requested the connection for 24A5DE6C-3031-4FCA-9C40-D8B2E52520E8:8100
[debug] &amp#27;[35m[XCUITest]&amp#27;[39m Starting WebDriverAgent initialization with the synchronization key 'XCUITestDriver'
[debug] &amp#27;[35m[WD Proxy]&amp#27;[39m Matched '/status' to command name 'getStatus'
[debug] &amp#27;[35m[WD Proxy]&amp#27;[39m Proxying [GET /status] to [GET http://127.0.0.1:8100/status] with no body
[debug] &amp#27;[35m[WD Proxy]&amp#27;[39m Got response with status 200: {
[debug] &amp#27;[35m[WD Proxy]&amp#27;[39m   "value" : {
[debug] &amp#27;[35m[WD Proxy]&amp#27;[39m     "message" : "WebDriverAgent is ready to accept commands",
[debug] &amp#27;[35m[WD Proxy]&amp#27;[39m     "state" : "success",
[debug] &amp#27;[35m[WD Proxy]&amp#27;[39m     "os" : {
[debug] &amp#27;[35m[WD Proxy]&amp#27;[39m       "name" : "iOS",
[debug] &amp#27;[35m[WD Proxy]&amp#27;[39m       "version" : "13.2.2",
[debug] &amp#27;[35m[WD Proxy]&amp#27;[39m       "sdkVersion" : "13.0"
[debug] &amp#27;[35m[WD Proxy]&amp#27;[39m     },
[debug] &amp#27;[35m[WD Proxy]&amp#27;[39m     "ios" : {
[debug] &amp#27;[35m[WD Proxy]&amp#27;[39m       "simulatorVersion" : "13.2.2",
[debug] &amp#27;[35m[WD Proxy]&amp#27;[39m       "ip" : "192.168.1.100"
[debug] &amp#27;[35m[WD Proxy]&amp#27;[39m     },
[debug] &amp#27;[35m[WD Proxy]&amp#27;[39m     "ready" : true,
[debug] &amp#27;[35m[WD Proxy]&amp#27;[39m     "build" : {
[debug] &amp#27;[35m[WD Proxy]&amp#27;[39m       "upgradedAt" : "1587378628125",
[debug] &amp#27;[35m[WD Proxy]&amp#27;[39m       "time" : "Apr 20 2020 15:06:06",
[debug] &amp#27;[35m[WD Proxy]&amp#27;[39m       "productBundleIdentifier" : "com.facebook.WebDriverAgentRunner"
[debug] &amp#27;[35m[WD Proxy]&amp#27;[39m     }
[debug] &amp#27;[35m[WD Proxy]&amp#27;[39m   },
[debug] &amp#27;[35m[WD Proxy]&amp#27;[39m   "sessionId" : "D0EE5118-058C-4BA5-810E-68073DF5D998"
[debug] &amp#27;[35m[WD Proxy]&amp#27;[39m }
[debug] &amp#27;[35m[WebDriverAgent]&amp#27;[39m Upgrade timestamp of the currently bundled WDA: 1587378628125
[debug] &amp#27;[35m[WebDriverAgent]&amp#27;[39m Upgrade timestamp of the WDA on the device: 1587378628125
&amp#27;[35m[WebDriverAgent]&amp#27;[39m Will reuse previously cached WDA instance at 'http://127.0.0.1:8100/' with 'com.facebook.WebDriverAgentRunner'. Set the wdaLocalPort capability to a value different from 8100 if this is an undesired behavior.
[debug] &amp#27;[35m[XCUITest]&amp#27;[39m Trying to start WebDriverAgent 2 times with 10000ms interval
[debug] &amp#27;[35m[XCUITest]&amp#27;[39m These values can be customized by changing wdaStartupRetries/wdaStartupRetryInterval capabilities
[debug] &amp#27;[35m[BaseDriver]&amp#27;[39m Event 'wdaStartAttempted' logged at 1587387541412 (15:59:01 GMT+0300 (Eastern European Summer Time))
&amp#27;[35m[WebDriverAgent]&amp#27;[39m Using provided WebdriverAgent at 'http://127.0.0.1:8100/'
[debug] &amp#27;[35m[WD Proxy]&amp#27;[39m Matched '/status' to command name 'getStatus'
[debug] &amp#27;[35m[WD Proxy]&amp#27;[39m Proxying [GET /status] to [GET http://127.0.0.1:8100/status] with no body
[debug] &amp#27;[35m[WD Proxy]&amp#27;[39m Got response with status 200: {
[debug] &amp#27;[35m[WD Proxy]&amp#27;[39m   "value" : {
[debug] &amp#27;[35m[WD Proxy]&amp#27;[39m     "message" : "WebDriverAgent is ready to accept commands",
[debug] &amp#27;[35m[WD Proxy]&amp#27;[39m     "state" : "success",
[debug] &amp#27;[35m[WD Proxy]&amp#27;[39m     "os" : {
[debug] &amp#27;[35m[WD Proxy]&amp#27;[39m       "name" : "iOS",
[debug] &amp#27;[35m[WD Proxy]&amp#27;[39m       "version" : "13.2.2",
[debug] &amp#27;[35m[WD Proxy]&amp#27;[39m       "sdkVersion" : "13.0"
[debug] &amp#27;[35m[WD Proxy]&amp#27;[39m     },
[debug] &amp#27;[35m[WD Proxy]&amp#27;[39m     "ios" : {
[debug] &amp#27;[35m[WD Proxy]&amp#27;[39m       "simulatorVersion" : "13.2.2",
[debug] &amp#27;[35m[WD Proxy]&amp#27;[39m       "ip" : "192.168.1.100"
[debug] &amp#27;[35m[WD Proxy]&amp#27;[39m     },
[debug] &amp#27;[35m[WD Proxy]&amp#27;[39m     "ready" : true,
[debug] &amp#27;[35m[WD Proxy]&amp#27;[39m     "build" : {
[debug] &amp#27;[35m[WD Proxy]&amp#27;[39m       "upgradedAt" : "1587378628125",
[debug] &amp#27;[35m[WD Proxy]&amp#27;[39m       "time" : "Apr 20 2020 15:06:06",
[debug] &amp#27;[35m[WD Proxy]&amp#27;[39m       "productBundleIdentifier" : "com.facebook.WebDriverAgentRunner"
[debug] &amp#27;[35m[WD Proxy]&amp#27;[39m     }
[debug] &amp#27;[35m[WD Proxy]&amp#27;[39m   },
[debug] &amp#27;[35m[WD Proxy]&amp#27;[39m   "sessionId" : "D0EE5118-058C-4BA5-810E-68073DF5D998"
[debug] &amp#27;[35m[WD Proxy]&amp#27;[39m }
[debug] &amp#27;[35m[BaseDriver]&amp#27;[39m Event 'wdaSessionAttempted' logged at 1587387541417 (15:59:01 GMT+0300 (Eastern European Summer Time))
[debug] &amp#27;[35m[XCUITest]&amp#27;[39m Sending createSession command to WDA
[debug] &amp#27;[35m[WD Proxy]&amp#27;[39m Matched '/session' to command name 'createSession'
[debug] &amp#27;[35m[WD Proxy]&amp#27;[39m Proxying [POST /session] to [POST http://127.0.0.1:8100/session] with body: {"capabilities":{"firstMatch":[{"bundleId":"com.awi.waseet-classifieds-ios","arguments":[],"environment":{},"eventloopIdleDelaySec":0,"shouldWaitForQuiescence":true,"shouldUseTestManagerForVisibilityDetection":false,"maxTypingFrequency":60,"shouldUseSingletonTestManager":true}],"alwaysMatch":{}}}
[debug] &amp#27;[35m[WD Proxy]&amp#27;[39m Got response with status 200: {"value":{"sessionId":"34D6979D-1FD2-4FCA-BC53-277FF4E01E8A","capabilities":{"device":"iphone","browserName":" ","sdkVersion":"13.2.2","CFBundleIdentifier":"com.apple.springboard"}},"sessionId":"34D6979D-1FD2-4FCA-BC53-277FF4E01E8A"}
&amp#27;[35m[WD Proxy]&amp#27;[39m Determined the downstream protocol as 'W3C'
[debug] &amp#27;[35m[BaseDriver]&amp#27;[39m Event 'wdaSessionStarted' logged at 1587387549502 (15:59:09 GMT+0300 (Eastern European Summer Time))
[debug] &amp#27;[35m[WebDriverAgent]&amp#27;[39m Parsed BUILD_DIR configuration value: '/Users/imranmoqbel/Library/Developer/Xcode/DerivedData/WebDriverAgent-ciegwgvxzxdrqthilmrmczmqvrgu/Build/Products'
[debug] &amp#27;[35m[WebDriverAgent]&amp#27;[39m Got derived data root: '/Users/imranmoqbel/Library/Developer/Xcode/DerivedData/WebDriverAgent-ciegwgvxzxdrqthilmrmczmqvrgu'
[debug] &amp#27;[35m[BaseDriver]&amp#27;[39m Event 'wdaStarted' logged at 1587387550891 (15:59:10 GMT+0300 (Eastern European Summer Time))
&amp#27;[35m[XCUITest]&amp#27;[39m Skipping setting of the initial display orientation. Set the "orientation" capability to either "LANDSCAPE" or "PORTRAIT", if this is an undesired behavior.
[debug] &amp#27;[35m[BaseDriver]&amp#27;[39m Event 'orientationSet' logged at 1587387550892 (15:59:10 GMT+0300 (Eastern European Summer Time))
[debug] &amp#27;[35m[BaseDriver]&amp#27;[39m The value of 'elementResponseAttributes' setting did not change. Skipping the update for it
[debug] &amp#27;[35m[BaseDriver]&amp#27;[39m The value of 'shouldUseCompactResponses' setting did not change. Skipping the update for it
[debug] &amp#27;[35m[W3C (26255f9c)]&amp#27;[39m Responding to client with driver.reset() result: null
&amp#27;[35m[HTTP]&amp#27;[39m &amp#27;[37m<-- POST /wd/hub/session/26255f9c-9f7a-4f75-98c9-83c1e78aa016/appium/app/reset &amp#27;[39m&amp#27;[32m200&amp#27;[39m &amp#27;[90m15083 ms - 14&amp#27;[39m
&amp#27;[35m[HTTP]&amp#27;[39m &amp#27;[90m&amp#27;[39m
&amp#27;[35m[HTTP]&amp#27;[39m &amp#27;[37m-->&amp#27;[39m &amp#27;[37mGET&amp#27;[39m &amp#27;[37m/wd/hub/session/26255f9c-9f7a-4f75-98c9-83c1e78aa016/context&amp#27;[39m
&amp#27;[35m[HTTP]&amp#27;[39m &amp#27;[90m{}&amp#27;[39m
[debug] &amp#27;[35m[W3C (26255f9c)]&amp#27;[39m Calling AppiumDriver.getCurrentContext() with args: ["26255f9c-9f7a-4f75-98c9-83c1e78aa016"]
[debug] &amp#27;[35m[XCUITest]&amp#27;[39m Executing command 'getCurrentContext'
[debug] &amp#27;[35m[W3C (26255f9c)]&amp#27;[39m Responding to client with driver.getCurrentContext() result: "NATIVE_APP"
&amp#27;[35m[HTTP]&amp#27;[39m &amp#27;[37m<-- GET /wd/hub/session/26255f9c-9f7a-4f75-98c9-83c1e78aa016/context &amp#27;[39m&amp#27;[32m200&amp#27;[39m &amp#27;[90m1 ms - 22&amp#27;[39m
&amp#27;[35m[HTTP]&amp#27;[39m &amp#27;[90m&amp#27;[39m
&amp#27;[35m[HTTP]&amp#27;[39m &amp#27;[37m-->&amp#27;[39m &amp#27;[37mPOST&amp#27;[39m &amp#27;[37m/wd/hub/session/26255f9c-9f7a-4f75-98c9-83c1e78aa016/element&amp#27;[39m
&amp#27;[35m[HTTP]&amp#27;[39m &amp#27;[90m{"using":"accessibility id","value":"Allow"}&amp#27;[39m
[debug] &amp#27;[35m[W3C (26255f9c)]&amp#27;[39m Calling AppiumDriver.findElement() with args: ["accessibility id","Allow","26255f9c-9f7a-4f75-98c9-83c1e78aa016"]
[debug] &amp#27;[35m[XCUITest]&amp#27;[39m Executing command 'findElement'
[debug] &amp#27;[35m[BaseDriver]&amp#27;[39m Valid locator strategies for this request: xpath, id, name, class name, -ios predicate string, -ios class chain, accessibility id
[debug] &amp#27;[35m[BaseDriver]&amp#27;[39m Waiting up to 20000 ms for condition
[debug] &amp#27;[35m[WD Proxy]&amp#27;[39m Matched '/element' to command name 'findElement'
[debug] &amp#27;[35m[WD Proxy]&amp#27;[39m Proxying [POST /element] to [POST http://127.0.0.1:8100/session/34D6979D-1FD2-4FCA-BC53-277FF4E01E8A/element] with body: {"using":"accessibility id","value":"Allow"}
[debug] &amp#27;[35m[WD Proxy]&amp#27;[39m Got response with status 200: {"value":{"ELEMENT":"B3000000-0000-0000-6114-000000000000","element-6066-11e4-a52e-4f735466cecf":"B3000000-0000-0000-6114-000000000000"},"sessionId":"34D6979D-1FD2-4FCA-BC53-277FF4E01E8A"}
[debug] &amp#27;[35m[W3C (26255f9c)]&amp#27;[39m Responding to client with driver.findElement() result: {"element-6066-11e4-a52e-4f735466cecf":"B3000000-0000-0000-6114-000000000000","ELEMENT":"B3000000-0000-0000-6114-000000000000"}
&amp#27;[35m[HTTP]&amp#27;[39m &amp#27;[37m<-- POST /wd/hub/session/26255f9c-9f7a-4f75-98c9-83c1e78aa016/element &amp#27;[39m&amp#27;[32m200&amp#27;[39m &amp#27;[90m137 ms - 137&amp#27;[39m
&amp#27;[35m[HTTP]&amp#27;[39m &amp#27;[90m&amp#27;[39m
&amp#27;[35m[HTTP]&amp#27;[39m &amp#27;[37m-->&amp#27;[39m &amp#27;[37mPOST&amp#27;[39m &amp#27;[37m/wd/hub/session/26255f9c-9f7a-4f75-98c9-83c1e78aa016/element/B3000000-0000-0000-6114-000000000000/click&amp#27;[39m
&amp#27;[35m[HTTP]&amp#27;[39m &amp#27;[90m{"id":"B3000000-0000-0000-6114-000000000000"}&amp#27;[39m
&amp#27;[35m[W3C (26255f9c)]&amp#27;[39m Driver proxy active, passing request on via HTTP proxy
[debug] &amp#27;[35m[XCUITest]&amp#27;[39m Executing command 'proxyReqRes'
[debug] &amp#27;[35m[WD Proxy]&amp#27;[39m Matched '/wd/hub/session/26255f9c-9f7a-4f75-98c9-83c1e78aa016/element/B3000000-0000-0000-6114-000000000000/click' to command name 'click'
[debug] &amp#27;[35m[WD Proxy]&amp#27;[39m Proxying [POST /wd/hub/session/26255f9c-9f7a-4f75-98c9-83c1e78aa016/element/B3000000-0000-0000-6114-000000000000/click] to [POST http://127.0.0.1:8100/session/34D6979D-1FD2-4FCA-BC53-277FF4E01E8A/element/B3000000-0000-0000-6114-000000000000/click] with body: {"id":"B3000000-0000-0000-6114-000000000000"}
[debug] &amp#27;[35m[WD Proxy]&amp#27;[39m Got response with status 200: {"value":null,"sessionId":"34D6979D-1FD2-4FCA-BC53-277FF4E01E8A"}
&amp#27;[35m[WD Proxy]&amp#27;[39m Replacing sessionId 34D6979D-1FD2-4FCA-BC53-277FF4E01E8A with 26255f9c-9f7a-4f75-98c9-83c1e78aa016
&amp#27;[35m[HTTP]&amp#27;[39m &amp#27;[37m<-- POST /wd/hub/session/26255f9c-9f7a-4f75-98c9-83c1e78aa016/element/B3000000-0000-0000-6114-000000000000/click &amp#27;[39m&amp#27;[32m200&amp#27;[39m &amp#27;[90m335 ms - 65&amp#27;[39m
&amp#27;[35m[HTTP]&amp#27;[39m &amp#27;[90m&amp#27;[39m
&amp#27;[35m[HTTP]&amp#27;[39m &amp#27;[37m-->&amp#27;[39m &amp#27;[37mGET&amp#27;[39m &amp#27;[37m/wd/hub/session/26255f9c-9f7a-4f75-98c9-83c1e78aa016/context&amp#27;[39m
&amp#27;[35m[HTTP]&amp#27;[39m &amp#27;[90m{}&amp#27;[39m
[debug] &amp#27;[35m[W3C (26255f9c)]&amp#27;[39m Calling AppiumDriver.getCurrentContext() with args: ["26255f9c-9f7a-4f75-98c9-83c1e78aa016"]
[debug] &amp#27;[35m[XCUITest]&amp#27;[39m Executing command 'getCurrentContext'
[debug] &amp#27;[35m[W3C (26255f9c)]&amp#27;[39m Responding to client with driver.getCurrentContext() result: "NATIVE_APP"
&amp#27;[35m[HTTP]&amp#27;[39m &amp#27;[37m<-- GET /wd/hub/session/26255f9c-9f7a-4f75-98c9-83c1e78aa016/context &amp#27;[39m&amp#27;[32m200&amp#27;[39m &amp#27;[90m1 ms - 22&amp#27;[39m
&amp#27;[35m[HTTP]&amp#27;[39m &amp#27;[90m&amp#27;[39m
&amp#27;[35m[HTTP]&amp#27;[39m &amp#27;[37m-->&amp#27;[39m &amp#27;[37mPOST&amp#27;[39m &amp#27;[37m/wd/hub/session/26255f9c-9f7a-4f75-98c9-83c1e78aa016/element&amp#27;[39m
&amp#27;[35m[HTTP]&amp#27;[39m &amp#27;[90m{"using":"accessibility id","value":"�������� ����������"}&amp#27;[39m
[debug] &amp#27;[35m[W3C (26255f9c)]&amp#27;[39m Calling AppiumDriver.findElement() with args: ["accessibility id","�������� ����������","26255f9c-9f7a-4f75-98c9-83c1e78aa016"]
[debug] &amp#27;[35m[XCUITest]&amp#27;[39m Executing command 'findElement'
[debug] &amp#27;[35m[BaseDriver]&amp#27;[39m Valid locator strategies for this request: xpath, id, name, class name, -ios predicate string, -ios class chain, accessibility id
[debug] &amp#27;[35m[BaseDriver]&amp#27;[39m Waiting up to 20000 ms for condition
[debug] &amp#27;[35m[WD Proxy]&amp#27;[39m Matched '/element' to command name 'findElement'
[debug] &amp#27;[35m[WD Proxy]&amp#27;[39m Proxying [POST /element] to [POST http://127.0.0.1:8100/session/34D6979D-1FD2-4FCA-BC53-277FF4E01E8A/element] with body: {"using":"accessibility id","value":"�������� ����������"}
&amp#27;[35m[WD Proxy]&amp#27;[39m Got response with status 404: {"value":{"error":"no such element","message":"unable to find an element using 'accessibility id', value '�������� ����������'","traceback":"(\n\t0   WebDriverAgentLib                   0x0000000108e5a04d FBNoSuchElementErrorResponseForRequest + 301\n\t1   WebDriverAgentLib                   0x0000000108e59df9 +[FBFindElementCommands handleFindElement:] + 425\n\t2   WebDriverAgentLib                   0x0000000108e377d6 -[FBRoute_TargetAction mountRequest:intoResponse:] + 182\n\t3   WebDriverAgentLib                   0x0000000108e1f5cb __37-[FBWebServer registerRouteHandlers:]_block_invoke + 555\n\t4   RoutingHTTPServer                   0x0000000108f29c53 -[RoutingHTTPServer handleRoute:withRequest:response:] + 136\n\t5   RoutingHTTPServer                   0x0000000108f2a566 __72-[RoutingHTTPServer routeMethod:withPath:parameters:request:connection:]_block_invoke + 47\n\t6   libdispatch.dylib                   0x00007fff519de7b9 _dispatch_client_callout + 8\n\t7   libdispatch.dylib                   0x00007fff51...
[debug] &amp#27;[35m[W3C]&amp#27;[39m Matched W3C error code 'no such element' to NoSuchElementError
[debug] &amp#27;[35m[BaseDriver]&amp#27;[39m Waited for 71 ms so far
[debug] &amp#27;[35m[WD Proxy]&amp#27;[39m Matched '/element' to command name 'findElement'
[debug] &amp#27;[35m[WD Proxy]&amp#27;[39m Proxying [POST /element] to [POST http://127.0.0.1:8100/session/34D6979D-1FD2-4FCA-BC53-277FF4E01E8A/element] with body: {"using":"accessibility id","value":"�������� ����������"}
[debug] &amp#27;[35m[WD Proxy]&amp#27;[39m Got response with status 200: {"value":{"ELEMENT":"1C000000-0000-0000-2F15-000000000000","element-6066-11e4-a52e-4f735466cecf":"1C000000-0000-0000-2F15-000000000000"},"sessionId":"34D6979D-1FD2-4FCA-BC53-277FF4E01E8A"}
[debug] &amp#27;[35m[W3C (26255f9c)]&amp#27;[39m Responding to client with driver.findElement() result: {"element-6066-11e4-a52e-4f735466cecf":"1C000000-0000-0000-2F15-000000000000","ELEMENT":"1C000000-0000-0000-2F15-000000000000"}
&amp#27;[35m[HTTP]&amp#27;[39m &amp#27;[37m<-- POST /wd/hub/session/26255f9c-9f7a-4f75-98c9-83c1e78aa016/element &amp#27;[39m&amp#27;[32m200&amp#27;[39m &amp#27;[90m670 ms - 137&amp#27;[39m
&amp#27;[35m[HTTP]&amp#27;[39m &amp#27;[90m&amp#27;[39m
&amp#27;[35m[HTTP]&amp#27;[39m &amp#27;[37m-->&amp#27;[39m &amp#27;[37mPOST&amp#27;[39m &amp#27;[37m/wd/hub/session/26255f9c-9f7a-4f75-98c9-83c1e78aa016/element/1C000000-0000-0000-2F15-000000000000/click&amp#27;[39m
&amp#27;[35m[HTTP]&amp#27;[39m &amp#27;[90m{"id":"1C000000-0000-0000-2F15-000000000000"}&amp#27;[39m
&amp#27;[35m[W3C (26255f9c)]&amp#27;[39m Driver proxy active, passing request on via HTTP proxy
[debug] &amp#27;[35m[XCUITest]&amp#27;[39m Executing command 'proxyReqRes'
[debug] &amp#27;[35m[WD Proxy]&amp#27;[39m Matched '/wd/hub/session/26255f9c-9f7a-4f75-98c9-83c1e78aa016/element/1C000000-0000-0000-2F15-000000000000/click' to command name 'click'
[debug] &amp#27;[35m[WD Proxy]&amp#27;[39m Proxying [POST /wd/hub/session/26255f9c-9f7a-4f75-98c9-83c1e78aa016/element/1C000000-0000-0000-2F15-000000000000/click] to [POST http://127.0.0.1:8100/session/34D6979D-1FD2-4FCA-BC53-277FF4E01E8A/element/1C000000-0000-0000-2F15-000000000000/click] with body: {"id":"1C000000-0000-0000-2F15-000000000000"}
[debug] &amp#27;[35m[WD Proxy]&amp#27;[39m Got response with status 200: {"value":null,"sessionId":"34D6979D-1FD2-4FCA-BC53-277FF4E01E8A"}
&amp#27;[35m[WD Proxy]&amp#27;[39m Replacing sessionId 34D6979D-1FD2-4FCA-BC53-277FF4E01E8A with 26255f9c-9f7a-4f75-98c9-83c1e78aa016
&amp#27;[35m[HTTP]&amp#27;[39m &amp#27;[37m<-- POST /wd/hub/session/26255f9c-9f7a-4f75-98c9-83c1e78aa016/element/1C000000-0000-0000-2F15-000000000000/click &amp#27;[39m&amp#27;[32m200&amp#27;[39m &amp#27;[90m276 ms - 65&amp#27;[39m
&amp#27;[35m[HTTP]&amp#27;[39m &amp#27;[90m&amp#27;[39m
&amp#27;[35m[HTTP]&amp#27;[39m &amp#27;[37m-->&amp#27;[39m &amp#27;[37mGET&amp#27;[39m &amp#27;[37m/wd/hub/session/26255f9c-9f7a-4f75-98c9-83c1e78aa016/context&amp#27;[39m
&amp#27;[35m[HTTP]&amp#27;[39m &amp#27;[90m{}&amp#27;[39m
[debug] &amp#27;[35m[W3C (26255f9c)]&amp#27;[39m Calling AppiumDriver.getCurrentContext() with args: ["26255f9c-9f7a-4f75-98c9-83c1e78aa016"]
[debug] &amp#27;[35m[XCUITest]&amp#27;[39m Executing command 'getCurrentContext'
[debug] &amp#27;[35m[W3C (26255f9c)]&amp#27;[39m Responding to client with driver.getCurrentContext() result: "NATIVE_APP"
&amp#27;[35m[HTTP]&amp#27;[39m &amp#27;[37m<-- GET /wd/hub/session/26255f9c-9f7a-4f75-98c9-83c1e78aa016/context &amp#27;[39m&amp#27;[32m200&amp#27;[39m &amp#27;[90m1 ms - 22&amp#27;[39m
&amp#27;[35m[HTTP]&amp#27;[39m &amp#27;[90m&amp#27;[39m
&amp#27;[35m[HTTP]&amp#27;[39m &amp#27;[37m-->&amp#27;[39m &amp#27;[37mPOST&amp#27;[39m &amp#27;[37m/wd/hub/session/26255f9c-9f7a-4f75-98c9-83c1e78aa016/element&amp#27;[39m
&amp#27;[35m[HTTP]&amp#27;[39m &amp#27;[90m{"using":"accessibility id","value":"������������"}&amp#27;[39m
[debug] &amp#27;[35m[W3C (26255f9c)]&amp#27;[39m Calling AppiumDriver.findElement() with args: ["accessibility id","������������","26255f9c-9f7a-4f75-98c9-83c1e78aa016"]
[debug] &amp#27;[35m[XCUITest]&amp#27;[39m Executing command 'findElement'
[debug] &amp#27;[35m[BaseDriver]&amp#27;[39m Valid locator strategies for this request: xpath, id, name, class name, -ios predicate string, -ios class chain, accessibility id
[debug] &amp#27;[35m[BaseDriver]&amp#27;[39m Waiting up to 20000 ms for condition
[debug] &amp#27;[35m[WD Proxy]&amp#27;[39m Matched '/element' to command name 'findElement'
[debug] &amp#27;[35m[WD Proxy]&amp#27;[39m Proxying [POST /element] to [POST http://127.0.0.1:8100/session/34D6979D-1FD2-4FCA-BC53-277FF4E01E8A/element] with body: {"using":"accessibility id","value":"������������"}
&amp#27;[35m[WD Proxy]&amp#27;[39m Got response with status 404: {"value":{"error":"no such element","message":"unable to find an element using 'accessibility id', value '������������'","traceback":"(\n\t0   WebDriverAgentLib                   0x0000000108e5a04d FBNoSuchElementErrorResponseForRequest + 301\n\t1   WebDriverAgentLib                   0x0000000108e59df9 +[FBFindElementCommands handleFindElement:] + 425\n\t2   WebDriverAgentLib                   0x0000000108e377d6 -[FBRoute_TargetAction mountRequest:intoResponse:] + 182\n\t3   WebDriverAgentLib                   0x0000000108e1f5cb __37-[FBWebServer registerRouteHandlers:]_block_invoke + 555\n\t4   RoutingHTTPServer                   0x0000000108f29c53 -[RoutingHTTPServer handleRoute:withRequest:response:] + 136\n\t5   RoutingHTTPServer                   0x0000000108f2a566 __72-[RoutingHTTPServer routeMethod:withPath:parameters:request:connection:]_block_invoke + 47\n\t6   libdispatch.dylib                   0x00007fff519de7b9 _dispatch_client_callout + 8\n\t7   libdispatch.dylib                   0x00007fff519eb8...
[debug] &amp#27;[35m[W3C]&amp#27;[39m Matched W3C error code 'no such element' to NoSuchElementError
[debug] &amp#27;[35m[BaseDriver]&amp#27;[39m Waited for 54 ms so far
[debug] &amp#27;[35m[WD Proxy]&amp#27;[39m Matched '/element' to command name 'findElement'
[debug] &amp#27;[35m[WD Proxy]&amp#27;[39m Proxying [POST /element] to [POST http://127.0.0.1:8100/session/34D6979D-1FD2-4FCA-BC53-277FF4E01E8A/element] with body: {"using":"accessibility id","value":"������������"}
[debug] &amp#27;[35m[WD Proxy]&amp#27;[39m Got response with status 200: {"value":{"ELEMENT":"34000000-0000-0000-2F15-000000000000","element-6066-11e4-a52e-4f735466cecf":"34000000-0000-0000-2F15-000000000000"},"sessionId":"34D6979D-1FD2-4FCA-BC53-277FF4E01E8A"}
[debug] &amp#27;[35m[W3C (26255f9c)]&amp#27;[39m Responding to client with driver.findElement() result: {"element-6066-11e4-a52e-4f735466cecf":"34000000-0000-0000-2F15-000000000000","ELEMENT":"34000000-0000-0000-2F15-000000000000"}
&amp#27;[35m[HTTP]&amp#27;[39m &amp#27;[37m<-- POST /wd/hub/session/26255f9c-9f7a-4f75-98c9-83c1e78aa016/element &amp#27;[39m&amp#27;[32m200&amp#27;[39m &amp#27;[90m4457 ms - 137&amp#27;[39m
&amp#27;[35m[HTTP]&amp#27;[39m &amp#27;[90m&amp#27;[39m
&amp#27;[35m[HTTP]&amp#27;[39m &amp#27;[37m-->&amp#27;[39m &amp#27;[37mPOST&amp#27;[39m &amp#27;[37m/wd/hub/session/26255f9c-9f7a-4f75-98c9-83c1e78aa016/element/34000000-0000-0000-2F15-000000000000/click&amp#27;[39m
&amp#27;[35m[HTTP]&amp#27;[39m &amp#27;[90m{"id":"34000000-0000-0000-2F15-000000000000"}&amp#27;[39m
&amp#27;[35m[W3C (26255f9c)]&amp#27;[39m Driver proxy active, passing request on via HTTP proxy
[debug] &amp#27;[35m[XCUITest]&amp#27;[39m Executing command 'proxyReqRes'
[debug] &amp#27;[35m[WD Proxy]&amp#27;[39m Matched '/wd/hub/session/26255f9c-9f7a-4f75-98c9-83c1e78aa016/element/34000000-0000-0000-2F15-000000000000/click' to command name 'click'
[debug] &amp#27;[35m[WD Proxy]&amp#27;[39m Proxying [POST /wd/hub/session/26255f9c-9f7a-4f75-98c9-83c1e78aa016/element/34000000-0000-0000-2F15-000000000000/click] to [POST http://127.0.0.1:8100/session/34D6979D-1FD2-4FCA-BC53-277FF4E01E8A/element/34000000-0000-0000-2F15-000000000000/click] with body: {"id":"34000000-0000-0000-2F15-000000000000"}
[debug] &amp#27;[35m[WD Proxy]&amp#27;[39m Got response with status 200: {"value":null,"sessionId":"34D6979D-1FD2-4FCA-BC53-277FF4E01E8A"}
&amp#27;[35m[WD Proxy]&amp#27;[39m Replacing sessionId 34D6979D-1FD2-4FCA-BC53-277FF4E01E8A with 26255f9c-9f7a-4f75-98c9-83c1e78aa016
&amp#27;[35m[HTTP]&amp#27;[39m &amp#27;[37m<-- POST /wd/hub/session/26255f9c-9f7a-4f75-98c9-83c1e78aa016/element/34000000-0000-0000-2F15-000000000000/click &amp#27;[39m&amp#27;[32m200&amp#27;[39m &amp#27;[90m365 ms - 65&amp#27;[39m
&amp#27;[35m[HTTP]&amp#27;[39m &amp#27;[90m&amp#27;[39m
&amp#27;[35m[HTTP]&amp#27;[39m &amp#27;[37m-->&amp#27;[39m &amp#27;[37mGET&amp#27;[39m &amp#27;[37m/wd/hub/session/26255f9c-9f7a-4f75-98c9-83c1e78aa016/context&amp#27;[39m
&amp#27;[35m[HTTP]&amp#27;[39m &amp#27;[90m{}&amp#27;[39m
[debug] &amp#27;[35m[W3C (26255f9c)]&amp#27;[39m Calling AppiumDriver.getCurrentContext() with args: ["26255f9c-9f7a-4f75-98c9-83c1e78aa016"]
[debug] &amp#27;[35m[XCUITest]&amp#27;[39m Executing command 'getCurrentContext'
[debug] &amp#27;[35m[W3C (26255f9c)]&amp#27;[39m Responding to client with driver.getCurrentContext() result: "NATIVE_APP"
&amp#27;[35m[HTTP]&amp#27;[39m &amp#27;[37m<-- GET /wd/hub/session/26255f9c-9f7a-4f75-98c9-83c1e78aa016/context &amp#27;[39m&amp#27;[32m200&amp#27;[39m &amp#27;[90m1 ms - 22&amp#27;[39m
&amp#27;[35m[HTTP]&amp#27;[39m &amp#27;[90m&amp#27;[39m
&amp#27;[35m[HTTP]&amp#27;[39m &amp#27;[37m-->&amp#27;[39m &amp#27;[37mPOST&amp#27;[39m &amp#27;[37m/wd/hub/session/26255f9c-9f7a-4f75-98c9-83c1e78aa016/element&amp#27;[39m
&amp#27;[35m[HTTP]&amp#27;[39m &amp#27;[90m{"using":"accessibility id","value":"���������� ������������"}&amp#27;[39m
[debug] &amp#27;[35m[W3C (26255f9c)]&amp#27;[39m Calling AppiumDriver.findElement() with args: ["accessibility id","���������� ������������","26255f9c-9f7a-4f75-98c9-83c1e78aa016"]
[debug] &amp#27;[35m[XCUITest]&amp#27;[39m Executing command 'findElement'
[debug] &amp#27;[35m[BaseDriver]&amp#27;[39m Valid locator strategies for this request: xpath, id, name, class name, -ios predicate string, -ios class chain, accessibility id
[debug] &amp#27;[35m[BaseDriver]&amp#27;[39m Waiting up to 20000 ms for condition
[debug] &amp#27;[35m[WD Proxy]&amp#27;[39m Matched '/element' to command name 'findElement'
[debug] &amp#27;[35m[WD Proxy]&amp#27;[39m Proxying [POST /element] to [POST http://127.0.0.1:8100/session/34D6979D-1FD2-4FCA-BC53-277FF4E01E8A/element] with body: {"using":"accessibility id","value":"���������� ������������"}
&amp#27;[35m[WD Proxy]&amp#27;[39m Got response with status 404: {"value":{"error":"no such element","message":"unable to find an element using 'accessibility id', value '���������� ������������'","traceback":"(\n\t0   WebDriverAgentLib                   0x0000000108e5a04d FBNoSuchElementErrorResponseForRequest + 301\n\t1   WebDriverAgentLib                   0x0000000108e59df9 +[FBFindElementCommands handleFindElement:] + 425\n\t2   WebDriverAgentLib                   0x0000000108e377d6 -[FBRoute_TargetAction mountRequest:intoResponse:] + 182\n\t3   WebDriverAgentLib                   0x0000000108e1f5cb __37-[FBWebServer registerRouteHandlers:]_block_invoke + 555\n\t4   RoutingHTTPServer                   0x0000000108f29c53 -[RoutingHTTPServer handleRoute:withRequest:response:] + 136\n\t5   RoutingHTTPServer                   0x0000000108f2a566 __72-[RoutingHTTPServer routeMethod:withPath:parameters:request:connection:]_block_invoke + 47\n\t6   libdispatch.dylib                   0x00007fff519de7b9 _dispatch_client_callout + 8\n\t7   libdispatch.dylib                   0x00007fff...
[debug] &amp#27;[35m[W3C]&amp#27;[39m Matched W3C error code 'no such element' to NoSuchElementError
[debug] &amp#27;[35m[BaseDriver]&amp#27;[39m Waited for 70 ms so far
[debug] &amp#27;[35m[WD Proxy]&amp#27;[39m Matched '/element' to command name 'findElement'
[debug] &amp#27;[35m[WD Proxy]&amp#27;[39m Proxying [POST /element] to [POST http://127.0.0.1:8100/session/34D6979D-1FD2-4FCA-BC53-277FF4E01E8A/element] with body: {"using":"accessibility id","value":"���������� ������������"}
&amp#27;[35m[WD Proxy]&amp#27;[39m Got response with status 404: {"value":{"error":"no such element","message":"unable to find an element using 'accessibility id', value '���������� ������������'","traceback":"(\n\t0   WebDriverAgentLib                   0x0000000108e5a04d FBNoSuchElementErrorResponseForRequest + 301\n\t1   WebDriverAgentLib                   0x0000000108e59df9 +[FBFindElementCommands handleFindElement:] + 425\n\t2   WebDriverAgentLib                   0x0000000108e377d6 -[FBRoute_TargetAction mountRequest:intoResponse:] + 182\n\t3   WebDriverAgentLib                   0x0000000108e1f5cb __37-[FBWebServer registerRouteHandlers:]_block_invoke + 555\n\t4   RoutingHTTPServer                   0x0000000108f29c53 -[RoutingHTTPServer handleRoute:withRequest:response:] + 136\n\t5   RoutingHTTPServer                   0x0000000108f2a566 __72-[RoutingHTTPServer routeMethod:withPath:parameters:request:connection:]_block_invoke + 47\n\t6   libdispatch.dylib                   0x00007fff519de7b9 _dispatch_client_callout + 8\n\t7   libdispatch.dylib                   0x00007fff...
[debug] &amp#27;[35m[W3C]&amp#27;[39m Matched W3C error code 'no such element' to NoSuchElementError
[debug] &amp#27;[35m[BaseDriver]&amp#27;[39m Waited for 654 ms so far
[debug] &amp#27;[35m[WD Proxy]&amp#27;[39m Matched '/element' to command name 'findElement'
[debug] &amp#27;[35m[WD Proxy]&amp#27;[39m Proxying [POST /element] to [POST http://127.0.0.1:8100/session/34D6979D-1FD2-4FCA-BC53-277FF4E01E8A/element] with body: {"using":"accessibility id","value":"���������� ������������"}
&amp#27;[35m[WD Proxy]&amp#27;[39m Got response with status 404: {"value":{"error":"no such element","message":"unable to find an element using 'accessibility id', value '���������� ������������'","traceback":"(\n\t0   WebDriverAgentLib                   0x0000000108e5a04d FBNoSuchElementErrorResponseForRequest + 301\n\t1   WebDriverAgentLib                   0x0000000108e59df9 +[FBFindElementCommands handleFindElement:] + 425\n\t2   WebDriverAgentLib                   0x0000000108e377d6 -[FBRoute_TargetAction mountRequest:intoResponse:] + 182\n\t3   WebDriverAgentLib                   0x0000000108e1f5cb __37-[FBWebServer registerRouteHandlers:]_block_invoke + 555\n\t4   RoutingHTTPServer                   0x0000000108f29c53 -[RoutingHTTPServer handleRoute:withRequest:response:] + 136\n\t5   RoutingHTTPServer                   0x0000000108f2a566 __72-[RoutingHTTPServer routeMethod:withPath:parameters:request:connection:]_block_invoke + 47\n\t6   libdispatch.dylib                   0x00007fff519de7b9 _dispatch_client_callout + 8\n\t7   libdispatch.dylib                   0x00007fff...
[debug] &amp#27;[35m[W3C]&amp#27;[39m Matched W3C error code 'no such element' to NoSuchElementError
[debug] &amp#27;[35m[BaseDriver]&amp#27;[39m Waited for 1232 ms so far
[debug] &amp#27;[35m[WD Proxy]&amp#27;[39m Matched '/element' to command name 'findElement'
[debug] &amp#27;[35m[WD Proxy]&amp#27;[39m Proxying [POST /element] to [POST http://127.0.0.1:8100/session/34D6979D-1FD2-4FCA-BC53-277FF4E01E8A/element] with body: {"using":"accessibility id","value":"���������� ������������"}
&amp#27;[35m[WD Proxy]&amp#27;[39m Got response with status 404: {"value":{"error":"no such element","message":"unable to find an element using 'accessibility id', value '���������� ������������'","traceback":"(\n\t0   WebDriverAgentLib                   0x0000000108e5a04d FBNoSuchElementErrorResponseForRequest + 301\n\t1   WebDriverAgentLib                   0x0000000108e59df9 +[FBFindElementCommands handleFindElement:] + 425\n\t2   WebDriverAgentLib                   0x0000000108e377d6 -[FBRoute_TargetAction mountRequest:intoResponse:] + 182\n\t3   WebDriverAgentLib                   0x0000000108e1f5cb __37-[FBWebServer registerRouteHandlers:]_block_invoke + 555\n\t4   RoutingHTTPServer                   0x0000000108f29c53 -[RoutingHTTPServer handleRoute:withRequest:response:] + 136\n\t5   RoutingHTTPServer                   0x0000000108f2a566 __72-[RoutingHTTPServer routeMethod:withPath:parameters:request:connection:]_block_invoke + 47\n\t6   libdispatch.dylib                   0x00007fff519de7b9 _dispatch_client_callout + 8\n\t7   libdispatch.dylib                   0x00007fff...
[debug] &amp#27;[35m[W3C]&amp#27;[39m Matched W3C error code 'no such element' to NoSuchElementError
[debug] &amp#27;[35m[BaseDriver]&amp#27;[39m Waited for 1808 ms so far
[debug] &amp#27;[35m[WD Proxy]&amp#27;[39m Matched '/element' to command name 'findElement'
[debug] &amp#27;[35m[WD Proxy]&amp#27;[39m Proxying [POST /element] to [POST http://127.0.0.1:8100/session/34D6979D-1FD2-4FCA-BC53-277FF4E01E8A/element] with body: {"using":"accessibility id","value":"���������� ������������"}
&amp#27;[35m[WD Proxy]&amp#27;[39m Got response with status 404: {"value":{"error":"no such element","message":"unable to find an element using 'accessibility id', value '���������� ������������'","traceback":"(\n\t0   WebDriverAgentLib                   0x0000000108e5a04d FBNoSuchElementErrorResponseForRequest + 301\n\t1   WebDriverAgentLib                   0x0000000108e59df9 +[FBFindElementCommands handleFindElement:] + 425\n\t2   WebDriverAgentLib                   0x0000000108e377d6 -[FBRoute_TargetAction mountRequest:intoResponse:] + 182\n\t3   WebDriverAgentLib                   0x0000000108e1f5cb __37-[FBWebServer registerRouteHandlers:]_block_invoke + 555\n\t4   RoutingHTTPServer                   0x0000000108f29c53 -[RoutingHTTPServer handleRoute:withRequest:response:] + 136\n\t5   RoutingHTTPServer                   0x0000000108f2a566 __72-[RoutingHTTPServer routeMethod:withPath:parameters:request:connection:]_block_invoke + 47\n\t6   libdispatch.dylib                   0x00007fff519de7b9 _dispatch_client_callout + 8\n\t7   libdispatch.dylib                   0x00007fff...
[debug] &amp#27;[35m[W3C]&amp#27;[39m Matched W3C error code 'no such element' to NoSuchElementError
[debug] &amp#27;[35m[BaseDriver]&amp#27;[39m Waited for 2397 ms so far
[debug] &amp#27;[35m[WD Proxy]&amp#27;[39m Matched '/element' to command name 'findElement'
[debug] &amp#27;[35m[WD Proxy]&amp#27;[39m Proxying [POST /element] to [POST http://127.0.0.1:8100/session/34D6979D-1FD2-4FCA-BC53-277FF4E01E8A/element] with body: {"using":"accessibility id","value":"���������� ������������"}
&amp#27;[35m[WD Proxy]&amp#27;[39m Got response with status 404: {"value":{"error":"no such element","message":"unable to find an element using 'accessibility id', value '���������� ������������'","traceback":"(\n\t0   WebDriverAgentLib                   0x0000000108e5a04d FBNoSuchElementErrorResponseForRequest + 301\n\t1   WebDriverAgentLib                   0x0000000108e59df9 +[FBFindElementCommands handleFindElement:] + 425\n\t2   WebDriverAgentLib                   0x0000000108e377d6 -[FBRoute_TargetAction mountRequest:intoResponse:] + 182\n\t3   WebDriverAgentLib                   0x0000000108e1f5cb __37-[FBWebServer registerRouteHandlers:]_block_invoke + 555\n\t4   RoutingHTTPServer                   0x0000000108f29c53 -[RoutingHTTPServer handleRoute:withRequest:response:] + 136\n\t5   RoutingHTTPServer                   0x0000000108f2a566 __72-[RoutingHTTPServer routeMethod:withPath:parameters:request:connection:]_block_invoke + 47\n\t6   libdispatch.dylib                   0x00007fff519de7b9 _dispatch_client_callout + 8\n\t7   libdispatch.dylib                   0x00007fff...
[debug] &amp#27;[35m[W3C]&amp#27;[39m Matched W3C error code 'no such element' to NoSuchElementError
[debug] &amp#27;[35m[BaseDriver]&amp#27;[39m Waited for 2970 ms so far
[debug] &amp#27;[35m[WD Proxy]&amp#27;[39m Matched '/element' to command name 'findElement'
[debug] &amp#27;[35m[WD Proxy]&amp#27;[39m Proxying [POST /element] to [POST http://127.0.0.1:8100/session/34D6979D-1FD2-4FCA-BC53-277FF4E01E8A/element] with body: {"using":"accessibility id","value":"���������� ������������"}
&amp#27;[35m[WD Proxy]&amp#27;[39m Got response with status 404: {"value":{"error":"no such element","message":"unable to find an element using 'accessibility id', value '���������� ������������'","traceback":"(\n\t0   WebDriverAgentLib                   0x0000000108e5a04d FBNoSuchElementErrorResponseForRequest + 301\n\t1   WebDriverAgentLib                   0x0000000108e59df9 +[FBFindElementCommands handleFindElement:] + 425\n\t2   WebDriverAgentLib                   0x0000000108e377d6 -[FBRoute_TargetAction mountRequest:intoResponse:] + 182\n\t3   WebDriverAgentLib                   0x0000000108e1f5cb __37-[FBWebServer registerRouteHandlers:]_block_invoke + 555\n\t4   RoutingHTTPServer                   0x0000000108f29c53 -[RoutingHTTPServer handleRoute:withRequest:response:] + 136\n\t5   RoutingHTTPServer                   0x0000000108f2a566 __72-[RoutingHTTPServer routeMethod:withPath:parameters:request:connection:]_block_invoke + 47\n\t6   libdispatch.dylib                   0x00007fff519de7b9 _dispatch_client_callout + 8\n\t7   libdispatch.dylib                   0x00007fff...
[debug] &amp#27;[35m[W3C]&amp#27;[39m Matched W3C error code 'no such element' to NoSuchElementError
[debug] &amp#27;[35m[BaseDriver]&amp#27;[39m Waited for 3546 ms so far
[debug] &amp#27;[35m[WD Proxy]&amp#27;[39m Matched '/element' to command name 'findElement'
[debug] &amp#27;[35m[WD Proxy]&amp#27;[39m Proxying [POST /element] to [POST http://127.0.0.1:8100/session/34D6979D-1FD2-4FCA-BC53-277FF4E01E8A/element] with body: {"using":"accessibility id","value":"���������� ������������"}
&amp#27;[35m[WD Proxy]&amp#27;[39m Got response with status 404: {"value":{"error":"no such element","message":"unable to find an element using 'accessibility id', value '���������� ������������'","traceback":"(\n\t0   WebDriverAgentLib                   0x0000000108e5a04d FBNoSuchElementErrorResponseForRequest + 301\n\t1   WebDriverAgentLib                   0x0000000108e59df9 +[FBFindElementCommands handleFindElement:] + 425\n\t2   WebDriverAgentLib                   0x0000000108e377d6 -[FBRoute_TargetAction mountRequest:intoResponse:] + 182\n\t3   WebDriverAgentLib                   0x0000000108e1f5cb __37-[FBWebServer registerRouteHandlers:]_block_invoke + 555\n\t4   RoutingHTTPServer                   0x0000000108f29c53 -[RoutingHTTPServer handleRoute:withRequest:response:] + 136\n\t5   RoutingHTTPServer                   0x0000000108f2a566 __72-[RoutingHTTPServer routeMethod:withPath:parameters:request:connection:]_block_invoke + 47\n\t6   libdispatch.dylib                   0x00007fff519de7b9 _dispatch_client_callout + 8\n\t7   libdispatch.dylib                   0x00007fff...
[debug] &amp#27;[35m[W3C]&amp#27;[39m Matched W3C error code 'no such element' to NoSuchElementError
[debug] &amp#27;[35m[BaseDriver]&amp#27;[39m Waited for 4266 ms so far
[debug] &amp#27;[35m[WD Proxy]&amp#27;[39m Matched '/element' to command name 'findElement'
[debug] &amp#27;[35m[WD Proxy]&amp#27;[39m Proxying [POST /element] to [POST http://127.0.0.1:8100/session/34D6979D-1FD2-4FCA-BC53-277FF4E01E8A/element] with body: {"using":"accessibility id","value":"���������� ������������"}
&amp#27;[35m[WD Proxy]&amp#27;[39m Got response with status 404: {"value":{"error":"no such element","message":"unable to find an element using 'accessibility id', value '���������� ������������'","traceback":"(\n\t0   WebDriverAgentLib                   0x0000000108e5a04d FBNoSuchElementErrorResponseForRequest + 301\n\t1   WebDriverAgentLib                   0x0000000108e59df9 +[FBFindElementCommands handleFindElement:] + 425\n\t2   WebDriverAgentLib                   0x0000000108e377d6 -[FBRoute_TargetAction mountRequest:intoResponse:] + 182\n\t3   WebDriverAgentLib                   0x0000000108e1f5cb __37-[FBWebServer registerRouteHandlers:]_block_invoke + 555\n\t4   RoutingHTTPServer                   0x0000000108f29c53 -[RoutingHTTPServer handleRoute:withRequest:response:] + 136\n\t5   RoutingHTTPServer                   0x0000000108f2a566 __72-[RoutingHTTPServer routeMethod:withPath:parameters:request:connection:]_block_invoke + 47\n\t6   libdispatch.dylib                   0x00007fff519de7b9 _dispatch_client_callout + 8\n\t7   libdispatch.dylib                   0x00007fff...
[debug] &amp#27;[35m[W3C]&amp#27;[39m Matched W3C error code 'no such element' to NoSuchElementError
[debug] &amp#27;[35m[BaseDriver]&amp#27;[39m Waited for 4846 ms so far
[debug] &amp#27;[35m[WD Proxy]&amp#27;[39m Matched '/element' to command name 'findElement'
[debug] &amp#27;[35m[WD Proxy]&amp#27;[39m Proxying [POST /element] to [POST http://127.0.0.1:8100/session/34D6979D-1FD2-4FCA-BC53-277FF4E01E8A/element] with body: {"using":"accessibility id","value":"���������� ������������"}
&amp#27;[35m[WD Proxy]&amp#27;[39m Got response with status 404: {"value":{"error":"no such element","message":"unable to find an element using 'accessibility id', value '���������� ������������'","traceback":"(\n\t0   WebDriverAgentLib                   0x0000000108e5a04d FBNoSuchElementErrorResponseForRequest + 301\n\t1   WebDriverAgentLib                   0x0000000108e59df9 +[FBFindElementCommands handleFindElement:] + 425\n\t2   WebDriverAgentLib                   0x0000000108e377d6 -[FBRoute_TargetAction mountRequest:intoResponse:] + 182\n\t3   WebDriverAgentLib                   0x0000000108e1f5cb __37-[FBWebServer registerRouteHandlers:]_block_invoke + 555\n\t4   RoutingHTTPServer                   0x0000000108f29c53 -[RoutingHTTPServer handleRoute:withRequest:response:] + 136\n\t5   RoutingHTTPServer                   0x0000000108f2a566 __72-[RoutingHTTPServer routeMethod:withPath:parameters:request:connection:]_block_invoke + 47\n\t6   libdispatch.dylib                   0x00007fff519de7b9 _dispatch_client_callout + 8\n\t7   libdispatch.dylib                   0x00007fff...
[debug] &amp#27;[35m[W3C]&amp#27;[39m Matched W3C error code 'no such element' to NoSuchElementError
[debug] &amp#27;[35m[BaseDriver]&amp#27;[39m Waited for 5426 ms so far
[debug] &amp#27;[35m[WD Proxy]&amp#27;[39m Matched '/element' to command name 'findElement'
[debug] &amp#27;[35m[WD Proxy]&amp#27;[39m Proxying [POST /element] to [POST http://127.0.0.1:8100/session/34D6979D-1FD2-4FCA-BC53-277FF4E01E8A/element] with body: {"using":"accessibility id","value":"���������� ������������"}
&amp#27;[35m[WD Proxy]&amp#27;[39m Got response with status 404: {"value":{"error":"no such element","message":"unable to find an element using 'accessibility id', value '���������� ������������'","traceback":"(\n\t0   WebDriverAgentLib                   0x0000000108e5a04d FBNoSuchElementErrorResponseForRequest + 301\n\t1   WebDriverAgentLib                   0x0000000108e59df9 +[FBFindElementCommands handleFindElement:] + 425\n\t2   WebDriverAgentLib                   0x0000000108e377d6 -[FBRoute_TargetAction mountRequest:intoResponse:] + 182\n\t3   WebDriverAgentLib                   0x0000000108e1f5cb __37-[FBWebServer registerRouteHandlers:]_block_invoke + 555\n\t4   RoutingHTTPServer                   0x0000000108f29c53 -[RoutingHTTPServer handleRoute:withRequest:response:] + 136\n\t5   RoutingHTTPServer                   0x0000000108f2a566 __72-[RoutingHTTPServer routeMethod:withPath:parameters:request:connection:]_block_invoke + 47\n\t6   libdispatch.dylib                   0x00007fff519de7b9 _dispatch_client_callout + 8\n\t7   libdispatch.dylib                   0x00007fff...
[debug] &amp#27;[35m[W3C]&amp#27;[39m Matched W3C error code 'no such element' to NoSuchElementError
[debug] &amp#27;[35m[BaseDriver]&amp#27;[39m Waited for 5996 ms so far
[debug] &amp#27;[35m[WD Proxy]&amp#27;[39m Matched '/element' to command name 'findElement'
[debug] &amp#27;[35m[WD Proxy]&amp#27;[39m Proxying [POST /element] to [POST http://127.0.0.1:8100/session/34D6979D-1FD2-4FCA-BC53-277FF4E01E8A/element] with body: {"using":"accessibility id","value":"���������� ������������"}
&amp#27;[35m[WD Proxy]&amp#27;[39m Got response with status 404: {"value":{"error":"no such element","message":"unable to find an element using 'accessibility id', value '���������� ������������'","traceback":"(\n\t0   WebDriverAgentLib                   0x0000000108e5a04d FBNoSuchElementErrorResponseForRequest + 301\n\t1   WebDriverAgentLib                   0x0000000108e59df9 +[FBFindElementCommands handleFindElement:] + 425\n\t2   WebDriverAgentLib                   0x0000000108e377d6 -[FBRoute_TargetAction mountRequest:intoResponse:] + 182\n\t3   WebDriverAgentLib                   0x0000000108e1f5cb __37-[FBWebServer registerRouteHandlers:]_block_invoke + 555\n\t4   RoutingHTTPServer                   0x0000000108f29c53 -[RoutingHTTPServer handleRoute:withRequest:response:] + 136\n\t5   RoutingHTTPServer                   0x0000000108f2a566 __72-[RoutingHTTPServer routeMethod:withPath:parameters:request:connection:]_block_invoke + 47\n\t6   libdispatch.dylib                   0x00007fff519de7b9 _dispatch_client_callout + 8\n\t7   libdispatch.dylib                   0x00007fff...
[debug] &amp#27;[35m[W3C]&amp#27;[39m Matched W3C error code 'no such element' to NoSuchElementError
[debug] &amp#27;[35m[BaseDriver]&amp#27;[39m Waited for 6568 ms so far
[debug] &amp#27;[35m[WD Proxy]&amp#27;[39m Matched '/element' to command name 'findElement'
[debug] &amp#27;[35m[WD Proxy]&amp#27;[39m Proxying [POST /element] to [POST http://127.0.0.1:8100/session/34D6979D-1FD2-4FCA-BC53-277FF4E01E8A/element] with body: {"using":"accessibility id","value":"���������� ������������"}
&amp#27;[35m[WD Proxy]&amp#27;[39m Got response with status 404: {"value":{"error":"no such element","message":"unable to find an element using 'accessibility id', value '���������� ������������'","traceback":"(\n\t0   WebDriverAgentLib                   0x0000000108e5a04d FBNoSuchElementErrorResponseForRequest + 301\n\t1   WebDriverAgentLib                   0x0000000108e59df9 +[FBFindElementCommands handleFindElement:] + 425\n\t2   WebDriverAgentLib                   0x0000000108e377d6 -[FBRoute_TargetAction mountRequest:intoResponse:] + 182\n\t3   WebDriverAgentLib                   0x0000000108e1f5cb __37-[FBWebServer registerRouteHandlers:]_block_invoke + 555\n\t4   RoutingHTTPServer                   0x0000000108f29c53 -[RoutingHTTPServer handleRoute:withRequest:response:] + 136\n\t5   RoutingHTTPServer                   0x0000000108f2a566 __72-[RoutingHTTPServer routeMethod:withPath:parameters:request:connection:]_block_invoke + 47\n\t6   libdispatch.dylib                   0x00007fff519de7b9 _dispatch_client_callout + 8\n\t7   libdispatch.dylib                   0x00007fff...
[debug] &amp#27;[35m[W3C]&amp#27;[39m Matched W3C error code 'no such element' to NoSuchElementError
[debug] &amp#27;[35m[BaseDriver]&amp#27;[39m Waited for 7138 ms so far
[debug] &amp#27;[35m[WD Proxy]&amp#27;[39m Matched '/element' to command name 'findElement'
[debug] &amp#27;[35m[WD Proxy]&amp#27;[39m Proxying [POST /element] to [POST http://127.0.0.1:8100/session/34D6979D-1FD2-4FCA-BC53-277FF4E01E8A/element] with body: {"using":"accessibility id","value":"���������� ������������"}
&amp#27;[35m[WD Proxy]&amp#27;[39m Got response with status 404: {"value":{"error":"no such element","message":"unable to find an element using 'accessibility id', value '���������� ������������'","traceback":"(\n\t0   WebDriverAgentLib                   0x0000000108e5a04d FBNoSuchElementErrorResponseForRequest + 301\n\t1   WebDriverAgentLib                   0x0000000108e59df9 +[FBFindElementCommands handleFindElement:] + 425\n\t2   WebDriverAgentLib                   0x0000000108e377d6 -[FBRoute_TargetAction mountRequest:intoResponse:] + 182\n\t3   WebDriverAgentLib                   0x0000000108e1f5cb __37-[FBWebServer registerRouteHandlers:]_block_invoke + 555\n\t4   RoutingHTTPServer                   0x0000000108f29c53 -[RoutingHTTPServer handleRoute:withRequest:response:] + 136\n\t5   RoutingHTTPServer                   0x0000000108f2a566 __72-[RoutingHTTPServer routeMethod:withPath:parameters:request:connection:]_block_invoke + 47\n\t6   libdispatch.dylib                   0x00007fff519de7b9 _dispatch_client_callout + 8\n\t7   libdispatch.dylib                   0x00007fff...
[debug] &amp#27;[35m[W3C]&amp#27;[39m Matched W3C error code 'no such element' to NoSuchElementError
[debug] &amp#27;[35m[BaseDriver]&amp#27;[39m Waited for 7712 ms so far
[debug] &amp#27;[35m[WD Proxy]&amp#27;[39m Matched '/element' to command name 'findElement'
[debug] &amp#27;[35m[WD Proxy]&amp#27;[39m Proxying [POST /element] to [POST http://127.0.0.1:8100/session/34D6979D-1FD2-4FCA-BC53-277FF4E01E8A/element] with body: {"using":"accessibility id","value":"���������� ������������"}
&amp#27;[35m[WD Proxy]&amp#27;[39m Got response with status 404: {"value":{"error":"no such element","message":"unable to find an element using 'accessibility id', value '���������� ������������'","traceback":"(\n\t0   WebDriverAgentLib                   0x0000000108e5a04d FBNoSuchElementErrorResponseForRequest + 301\n\t1   WebDriverAgentLib                   0x0000000108e59df9 +[FBFindElementCommands handleFindElement:] + 425\n\t2   WebDriverAgentLib                   0x0000000108e377d6 -[FBRoute_TargetAction mountRequest:intoResponse:] + 182\n\t3   WebDriverAgentLib                   0x0000000108e1f5cb __37-[FBWebServer registerRouteHandlers:]_block_invoke + 555\n\t4   RoutingHTTPServer                   0x0000000108f29c53 -[RoutingHTTPServer handleRoute:withRequest:response:] + 136\n\t5   RoutingHTTPServer                   0x0000000108f2a566 __72-[RoutingHTTPServer routeMethod:withPath:parameters:request:connection:]_block_invoke + 47\n\t6   libdispatch.dylib                   0x00007fff519de7b9 _dispatch_client_callout + 8\n\t7   libdispatch.dylib                   0x00007fff...
[debug] &amp#27;[35m[W3C]&amp#27;[39m Matched W3C error code 'no such element' to NoSuchElementError
[debug] &amp#27;[35m[BaseDriver]&amp#27;[39m Waited for 8287 ms so far
[debug] &amp#27;[35m[WD Proxy]&amp#27;[39m Matched '/element' to command name 'findElement'
[debug] &amp#27;[35m[WD Proxy]&amp#27;[39m Proxying [POST /element] to [POST http://127.0.0.1:8100/session/34D6979D-1FD2-4FCA-BC53-277FF4E01E8A/element] with body: {"using":"accessibility id","value":"���������� ������������"}
&amp#27;[35m[WD Proxy]&amp#27;[39m Got response with status 404: {"value":{"error":"no such element","message":"unable to find an element using 'accessibility id', value '���������� ������������'","traceback":"(\n\t0   WebDriverAgentLib                   0x0000000108e5a04d FBNoSuchElementErrorResponseForRequest + 301\n\t1   WebDriverAgentLib                   0x0000000108e59df9 +[FBFindElementCommands handleFindElement:] + 425\n\t2   WebDriverAgentLib                   0x0000000108e377d6 -[FBRoute_TargetAction mountRequest:intoResponse:] + 182\n\t3   WebDriverAgentLib                   0x0000000108e1f5cb __37-[FBWebServer registerRouteHandlers:]_block_invoke + 555\n\t4   RoutingHTTPServer                   0x0000000108f29c53 -[RoutingHTTPServer handleRoute:withRequest:response:] + 136\n\t5   RoutingHTTPServer                   0x0000000108f2a566 __72-[RoutingHTTPServer routeMethod:withPath:parameters:request:connection:]_block_invoke + 47\n\t6   libdispatch.dylib                   0x00007fff519de7b9 _dispatch_client_callout + 8\n\t7   libdispatch.dylib                   0x00007fff...
[debug] &amp#27;[35m[W3C]&amp#27;[39m Matched W3C error code 'no such element' to NoSuchElementError
[debug] &amp#27;[35m[BaseDriver]&amp#27;[39m Waited for 8861 ms so far
[debug] &amp#27;[35m[WD Proxy]&amp#27;[39m Matched '/element' to command name 'findElement'
[debug] &amp#27;[35m[WD Proxy]&amp#27;[39m Proxying [POST /element] to [POST http://127.0.0.1:8100/session/34D6979D-1FD2-4FCA-BC53-277FF4E01E8A/element] with body: {"using":"accessibility id","value":"���������� ������������"}
&amp#27;[35m[WD Proxy]&amp#27;[39m Got response with status 404: {"value":{"error":"no such element","message":"unable to find an element using 'accessibility id', value '���������� ������������'","traceback":"(\n\t0   WebDriverAgentLib                   0x0000000108e5a04d FBNoSuchElementErrorResponseForRequest + 301\n\t1   WebDriverAgentLib                   0x0000000108e59df9 +[FBFindElementCommands handleFindElement:] + 425\n\t2   WebDriverAgentLib                   0x0000000108e377d6 -[FBRoute_TargetAction mountRequest:intoResponse:] + 182\n\t3   WebDriverAgentLib                   0x0000000108e1f5cb __37-[FBWebServer registerRouteHandlers:]_block_invoke + 555\n\t4   RoutingHTTPServer                   0x0000000108f29c53 -[RoutingHTTPServer handleRoute:withRequest:response:] + 136\n\t5   RoutingHTTPServer                   0x0000000108f2a566 __72-[RoutingHTTPServer routeMethod:withPath:parameters:request:connection:]_block_invoke + 47\n\t6   libdispatch.dylib                   0x00007fff519de7b9 _dispatch_client_callout + 8\n\t7   libdispatch.dylib                   0x00007fff...
[debug] &amp#27;[35m[W3C]&amp#27;[39m Matched W3C error code 'no such element' to NoSuchElementError
[debug] &amp#27;[35m[BaseDriver]&amp#27;[39m Waited for 9432 ms so far
[debug] &amp#27;[35m[WD Proxy]&amp#27;[39m Matched '/element' to command name 'findElement'
[debug] &amp#27;[35m[WD Proxy]&amp#27;[39m Proxying [POST /element] to [POST http://127.0.0.1:8100/session/34D6979D-1FD2-4FCA-BC53-277FF4E01E8A/element] with body: {"using":"accessibility id","value":"���������� ������������"}
&amp#27;[35m[WD Proxy]&amp#27;[39m Got response with status 404: {"value":{"error":"no such element","message":"unable to find an element using 'accessibility id', value '���������� ������������'","traceback":"(\n\t0   WebDriverAgentLib                   0x0000000108e5a04d FBNoSuchElementErrorResponseForRequest + 301\n\t1   WebDriverAgentLib                   0x0000000108e59df9 +[FBFindElementCommands handleFindElement:] + 425\n\t2   WebDriverAgentLib                   0x0000000108e377d6 -[FBRoute_TargetAction mountRequest:intoResponse:] + 182\n\t3   WebDriverAgentLib                   0x0000000108e1f5cb __37-[FBWebServer registerRouteHandlers:]_block_invoke + 555\n\t4   RoutingHTTPServer                   0x0000000108f29c53 -[RoutingHTTPServer handleRoute:withRequest:response:] + 136\n\t5   RoutingHTTPServer                   0x0000000108f2a566 __72-[RoutingHTTPServer routeMethod:withPath:parameters:request:connection:]_block_invoke + 47\n\t6   libdispatch.dylib                   0x00007fff519de7b9 _dispatch_client_callout + 8\n\t7   libdispatch.dylib                   0x00007fff...
[debug] &amp#27;[35m[W3C]&amp#27;[39m Matched W3C error code 'no such element' to NoSuchElementError
[debug] &amp#27;[35m[BaseDriver]&amp#27;[39m Waited for 10007 ms so far
[debug] &amp#27;[35m[WD Proxy]&amp#27;[39m Matched '/element' to command name 'findElement'
[debug] &amp#27;[35m[WD Proxy]&amp#27;[39m Proxying [POST /element] to [POST http://127.0.0.1:8100/session/34D6979D-1FD2-4FCA-BC53-277FF4E01E8A/element] with body: {"using":"accessibility id","value":"���������� ������������"}
&amp#27;[35m[WD Proxy]&amp#27;[39m Got response with status 404: {"value":{"error":"no such element","message":"unable to find an element using 'accessibility id', value '���������� ������������'","traceback":"(\n\t0   WebDriverAgentLib                   0x0000000108e5a04d FBNoSuchElementErrorResponseForRequest + 301\n\t1   WebDriverAgentLib                   0x0000000108e59df9 +[FBFindElementCommands handleFindElement:] + 425\n\t2   WebDriverAgentLib                   0x0000000108e377d6 -[FBRoute_TargetAction mountRequest:intoResponse:] + 182\n\t3   WebDriverAgentLib                   0x0000000108e1f5cb __37-[FBWebServer registerRouteHandlers:]_block_invoke + 555\n\t4   RoutingHTTPServer                   0x0000000108f29c53 -[RoutingHTTPServer handleRoute:withRequest:response:] + 136\n\t5   RoutingHTTPServer                   0x0000000108f2a566 __72-[RoutingHTTPServer routeMethod:withPath:parameters:request:connection:]_block_invoke + 47\n\t6   libdispatch.dylib                   0x00007fff519de7b9 _dispatch_client_callout + 8\n\t7   libdispatch.dylib                   0x00007fff...
[debug] &amp#27;[35m[W3C]&amp#27;[39m Matched W3C error code 'no such element' to NoSuchElementError
[debug] &amp#27;[35m[BaseDriver]&amp#27;[39m Waited for 10583 ms so far
[debug] &amp#27;[35m[WD Proxy]&amp#27;[39m Matched '/element' to command name 'findElement'
[debug] &amp#27;[35m[WD Proxy]&amp#27;[39m Proxying [POST /element] to [POST http://127.0.0.1:8100/session/34D6979D-1FD2-4FCA-BC53-277FF4E01E8A/element] with body: {"using":"accessibility id","value":"���������� ������������"}
&amp#27;[35m[WD Proxy]&amp#27;[39m Got response with status 404: {"value":{"error":"no such element","message":"unable to find an element using 'accessibility id', value '���������� ������������'","traceback":"(\n\t0   WebDriverAgentLib                   0x0000000108e5a04d FBNoSuchElementErrorResponseForRequest + 301\n\t1   WebDriverAgentLib                   0x0000000108e59df9 +[FBFindElementCommands handleFindElement:] + 425\n\t2   WebDriverAgentLib                   0x0000000108e377d6 -[FBRoute_TargetAction mountRequest:intoResponse:] + 182\n\t3   WebDriverAgentLib                   0x0000000108e1f5cb __37-[FBWebServer registerRouteHandlers:]_block_invoke + 555\n\t4   RoutingHTTPServer                   0x0000000108f29c53 -[RoutingHTTPServer handleRoute:withRequest:response:] + 136\n\t5   RoutingHTTPServer                   0x0000000108f2a566 __72-[RoutingHTTPServer routeMethod:withPath:parameters:request:connection:]_block_invoke + 47\n\t6   libdispatch.dylib                   0x00007fff519de7b9 _dispatch_client_callout + 8\n\t7   libdispatch.dylib                   0x00007fff...
[debug] &amp#27;[35m[W3C]&amp#27;[39m Matched W3C error code 'no such element' to NoSuchElementError
[debug] &amp#27;[35m[BaseDriver]&amp#27;[39m Waited for 11160 ms so far
[debug] &amp#27;[35m[WD Proxy]&amp#27;[39m Matched '/element' to command name 'findElement'
[debug] &amp#27;[35m[WD Proxy]&amp#27;[39m Proxying [POST /element] to [POST http://127.0.0.1:8100/session/34D6979D-1FD2-4FCA-BC53-277FF4E01E8A/element] with body: {"using":"accessibility id","value":"���������� ������������"}
&amp#27;[35m[WD Proxy]&amp#27;[39m Got response with status 404: {"value":{"error":"no such element","message":"unable to find an element using 'accessibility id', value '���������� ������������'","traceback":"(\n\t0   WebDriverAgentLib                   0x0000000108e5a04d FBNoSuchElementErrorResponseForRequest + 301\n\t1   WebDriverAgentLib                   0x0000000108e59df9 +[FBFindElementCommands handleFindElement:] + 425\n\t2   WebDriverAgentLib                   0x0000000108e377d6 -[FBRoute_TargetAction mountRequest:intoResponse:] + 182\n\t3   WebDriverAgentLib                   0x0000000108e1f5cb __37-[FBWebServer registerRouteHandlers:]_block_invoke + 555\n\t4   RoutingHTTPServer                   0x0000000108f29c53 -[RoutingHTTPServer handleRoute:withRequest:response:] + 136\n\t5   RoutingHTTPServer                   0x0000000108f2a566 __72-[RoutingHTTPServer routeMethod:withPath:parameters:request:connection:]_block_invoke + 47\n\t6   libdispatch.dylib                   0x00007fff519de7b9 _dispatch_client_callout + 8\n\t7   libdispatch.dylib                   0x00007fff...
[debug] &amp#27;[35m[W3C]&amp#27;[39m Matched W3C error code 'no such element' to NoSuchElementError
[debug] &amp#27;[35m[BaseDriver]&amp#27;[39m Waited for 11736 ms so far
[debug] &amp#27;[35m[WD Proxy]&amp#27;[39m Matched '/element' to command name 'findElement'
[debug] &amp#27;[35m[WD Proxy]&amp#27;[39m Proxying [POST /element] to [POST http://127.0.0.1:8100/session/34D6979D-1FD2-4FCA-BC53-277FF4E01E8A/element] with body: {"using":"accessibility id","value":"���������� ������������"}
&amp#27;[35m[WD Proxy]&amp#27;[39m Got response with status 404: {"value":{"error":"no such element","message":"unable to find an element using 'accessibility id', value '���������� ������������'","traceback":"(\n\t0   WebDriverAgentLib                   0x0000000108e5a04d FBNoSuchElementErrorResponseForRequest + 301\n\t1   WebDriverAgentLib                   0x0000000108e59df9 +[FBFindElementCommands handleFindElement:] + 425\n\t2   WebDriverAgentLib                   0x0000000108e377d6 -[FBRoute_TargetAction mountRequest:intoResponse:] + 182\n\t3   WebDriverAgentLib                   0x0000000108e1f5cb __37-[FBWebServer registerRouteHandlers:]_block_invoke + 555\n\t4   RoutingHTTPServer                   0x0000000108f29c53 -[RoutingHTTPServer handleRoute:withRequest:response:] + 136\n\t5   RoutingHTTPServer                   0x0000000108f2a566 __72-[RoutingHTTPServer routeMethod:withPath:parameters:request:connection:]_block_invoke + 47\n\t6   libdispatch.dylib                   0x00007fff519de7b9 _dispatch_client_callout + 8\n\t7   libdispatch.dylib                   0x00007fff...
[debug] &amp#27;[35m[W3C]&amp#27;[39m Matched W3C error code 'no such element' to NoSuchElementError
[debug] &amp#27;[35m[BaseDriver]&amp#27;[39m Waited for 12313 ms so far
[debug] &amp#27;[35m[WD Proxy]&amp#27;[39m Matched '/element' to command name 'findElement'
[debug] &amp#27;[35m[WD Proxy]&amp#27;[39m Proxying [POST /element] to [POST http://127.0.0.1:8100/session/34D6979D-1FD2-4FCA-BC53-277FF4E01E8A/element] with body: {"using":"accessibility id","value":"���������� ������������"}
&amp#27;[35m[WD Proxy]&amp#27;[39m Got response with status 404: {"value":{"error":"no such element","message":"unable to find an element using 'accessibility id', value '���������� ������������'","traceback":"(\n\t0   WebDriverAgentLib                   0x0000000108e5a04d FBNoSuchElementErrorResponseForRequest + 301\n\t1   WebDriverAgentLib                   0x0000000108e59df9 +[FBFindElementCommands handleFindElement:] + 425\n\t2   WebDriverAgentLib                   0x0000000108e377d6 -[FBRoute_TargetAction mountRequest:intoResponse:] + 182\n\t3   WebDriverAgentLib                   0x0000000108e1f5cb __37-[FBWebServer registerRouteHandlers:]_block_invoke + 555\n\t4   RoutingHTTPServer                   0x0000000108f29c53 -[RoutingHTTPServer handleRoute:withRequest:response:] + 136\n\t5   RoutingHTTPServer                   0x0000000108f2a566 __72-[RoutingHTTPServer routeMethod:withPath:parameters:request:connection:]_block_invoke + 47\n\t6   libdispatch.dylib                   0x00007fff519de7b9 _dispatch_client_callout + 8\n\t7   libdispatch.dylib                   0x00007fff...
[debug] &amp#27;[35m[W3C]&amp#27;[39m Matched W3C error code 'no such element' to NoSuchElementError
[debug] &amp#27;[35m[BaseDriver]&amp#27;[39m Waited for 12898 ms so far
[debug] &amp#27;[35m[WD Proxy]&amp#27;[39m Matched '/element' to command name 'findElement'
[debug] &amp#27;[35m[WD Proxy]&amp#27;[39m Proxying [POST /element] to [POST http://127.0.0.1:8100/session/34D6979D-1FD2-4FCA-BC53-277FF4E01E8A/element] with body: {"using":"accessibility id","value":"���������� ������������"}
&amp#27;[35m[WD Proxy]&amp#27;[39m Got response with status 404: {"value":{"error":"no such element","message":"unable to find an element using 'accessibility id', value '���������� ������������'","traceback":"(\n\t0   WebDriverAgentLib                   0x0000000108e5a04d FBNoSuchElementErrorResponseForRequest + 301\n\t1   WebDriverAgentLib                   0x0000000108e59df9 +[FBFindElementCommands handleFindElement:] + 425\n\t2   WebDriverAgentLib                   0x0000000108e377d6 -[FBRoute_TargetAction mountRequest:intoResponse:] + 182\n\t3   WebDriverAgentLib                   0x0000000108e1f5cb __37-[FBWebServer registerRouteHandlers:]_block_invoke + 555\n\t4   RoutingHTTPServer                   0x0000000108f29c53 -[RoutingHTTPServer handleRoute:withRequest:response:] + 136\n\t5   RoutingHTTPServer                   0x0000000108f2a566 __72-[RoutingHTTPServer routeMethod:withPath:parameters:request:connection:]_block_invoke + 47\n\t6   libdispatch.dylib                   0x00007fff519de7b9 _dispatch_client_callout + 8\n\t7   libdispatch.dylib                   0x00007fff...
[debug] &amp#27;[35m[W3C]&amp#27;[39m Matched W3C error code 'no such element' to NoSuchElementError
[debug] &amp#27;[35m[BaseDriver]&amp#27;[39m Waited for 13478 ms so far
[debug] &amp#27;[35m[WD Proxy]&amp#27;[39m Matched '/element' to command name 'findElement'
[debug] &amp#27;[35m[WD Proxy]&amp#27;[39m Proxying [POST /element] to [POST http://127.0.0.1:8100/session/34D6979D-1FD2-4FCA-BC53-277FF4E01E8A/element] with body: {"using":"accessibility id","value":"���������� ������������"}
&amp#27;[35m[WD Proxy]&amp#27;[39m Got response with status 404: {"value":{"error":"no such element","message":"unable to find an element using 'accessibility id', value '���������� ������������'","traceback":"(\n\t0   WebDriverAgentLib                   0x0000000108e5a04d FBNoSuchElementErrorResponseForRequest + 301\n\t1   WebDriverAgentLib                   0x0000000108e59df9 +[FBFindElementCommands handleFindElement:] + 425\n\t2   WebDriverAgentLib                   0x0000000108e377d6 -[FBRoute_TargetAction mountRequest:intoResponse:] + 182\n\t3   WebDriverAgentLib                   0x0000000108e1f5cb __37-[FBWebServer registerRouteHandlers:]_block_invoke + 555\n\t4   RoutingHTTPServer                   0x0000000108f29c53 -[RoutingHTTPServer handleRoute:withRequest:response:] + 136\n\t5   RoutingHTTPServer                   0x0000000108f2a566 __72-[RoutingHTTPServer routeMethod:withPath:parameters:request:connection:]_block_invoke + 47\n\t6   libdispatch.dylib                   0x00007fff519de7b9 _dispatch_client_callout + 8\n\t7   libdispatch.dylib                   0x00007fff...
[debug] &amp#27;[35m[W3C]&amp#27;[39m Matched W3C error code 'no such element' to NoSuchElementError
[debug] &amp#27;[35m[BaseDriver]&amp#27;[39m Waited for 14058 ms so far
[debug] &amp#27;[35m[WD Proxy]&amp#27;[39m Matched '/element' to command name 'findElement'
[debug] &amp#27;[35m[WD Proxy]&amp#27;[39m Proxying [POST /element] to [POST http://127.0.0.1:8100/session/34D6979D-1FD2-4FCA-BC53-277FF4E01E8A/element] with body: {"using":"accessibility id","value":"���������� ������������"}
&amp#27;[35m[WD Proxy]&amp#27;[39m Got response with status 404: {"value":{"error":"no such element","message":"unable to find an element using 'accessibility id', value '���������� ������������'","traceback":"(\n\t0   WebDriverAgentLib                   0x0000000108e5a04d FBNoSuchElementErrorResponseForRequest + 301\n\t1   WebDriverAgentLib                   0x0000000108e59df9 +[FBFindElementCommands handleFindElement:] + 425\n\t2   WebDriverAgentLib                   0x0000000108e377d6 -[FBRoute_TargetAction mountRequest:intoResponse:] + 182\n\t3   WebDriverAgentLib                   0x0000000108e1f5cb __37-[FBWebServer registerRouteHandlers:]_block_invoke + 555\n\t4   RoutingHTTPServer                   0x0000000108f29c53 -[RoutingHTTPServer handleRoute:withRequest:response:] + 136\n\t5   RoutingHTTPServer                   0x0000000108f2a566 __72-[RoutingHTTPServer routeMethod:withPath:parameters:request:connection:]_block_invoke + 47\n\t6   libdispatch.dylib                   0x00007fff519de7b9 _dispatch_client_callout + 8\n\t7   libdispatch.dylib                   0x00007fff...
[debug] &amp#27;[35m[W3C]&amp#27;[39m Matched W3C error code 'no such element' to NoSuchElementError
[debug] &amp#27;[35m[BaseDriver]&amp#27;[39m Waited for 14639 ms so far
[debug] &amp#27;[35m[WD Proxy]&amp#27;[39m Matched '/element' to command name 'findElement'
[debug] &amp#27;[35m[WD Proxy]&amp#27;[39m Proxying [POST /element] to [POST http://127.0.0.1:8100/session/34D6979D-1FD2-4FCA-BC53-277FF4E01E8A/element] with body: {"using":"accessibility id","value":"���������� ������������"}
&amp#27;[35m[WD Proxy]&amp#27;[39m Got response with status 404: {"value":{"error":"no such element","message":"unable to find an element using 'accessibility id', value '���������� ������������'","traceback":"(\n\t0   WebDriverAgentLib                   0x0000000108e5a04d FBNoSuchElementErrorResponseForRequest + 301\n\t1   WebDriverAgentLib                   0x0000000108e59df9 +[FBFindElementCommands handleFindElement:] + 425\n\t2   WebDriverAgentLib                   0x0000000108e377d6 -[FBRoute_TargetAction mountRequest:intoResponse:] + 182\n\t3   WebDriverAgentLib                   0x0000000108e1f5cb __37-[FBWebServer registerRouteHandlers:]_block_invoke + 555\n\t4   RoutingHTTPServer                   0x0000000108f29c53 -[RoutingHTTPServer handleRoute:withRequest:response:] + 136\n\t5   RoutingHTTPServer                   0x0000000108f2a566 __72-[RoutingHTTPServer routeMethod:withPath:parameters:request:connection:]_block_invoke + 47\n\t6   libdispatch.dylib                   0x00007fff519de7b9 _dispatch_client_callout + 8\n\t7   libdispatch.dylib                   0x00007fff...
[debug] &amp#27;[35m[W3C]&amp#27;[39m Matched W3C error code 'no such element' to NoSuchElementError
[debug] &amp#27;[35m[BaseDriver]&amp#27;[39m Waited for 15215 ms so far
[debug] &amp#27;[35m[WD Proxy]&amp#27;[39m Matched '/element' to command name 'findElement'
[debug] &amp#27;[35m[WD Proxy]&amp#27;[39m Proxying [POST /element] to [POST http://127.0.0.1:8100/session/34D6979D-1FD2-4FCA-BC53-277FF4E01E8A/element] with body: {"using":"accessibility id","value":"���������� ������������"}
&amp#27;[35m[WD Proxy]&amp#27;[39m Got response with status 404: {"value":{"error":"no such element","message":"unable to find an element using 'accessibility id', value '���������� ������������'","traceback":"(\n\t0   WebDriverAgentLib                   0x0000000108e5a04d FBNoSuchElementErrorResponseForRequest + 301\n\t1   WebDriverAgentLib                   0x0000000108e59df9 +[FBFindElementCommands handleFindElement:] + 425\n\t2   WebDriverAgentLib                   0x0000000108e377d6 -[FBRoute_TargetAction mountRequest:intoResponse:] + 182\n\t3   WebDriverAgentLib                   0x0000000108e1f5cb __37-[FBWebServer registerRouteHandlers:]_block_invoke + 555\n\t4   RoutingHTTPServer                   0x0000000108f29c53 -[RoutingHTTPServer handleRoute:withRequest:response:] + 136\n\t5   RoutingHTTPServer                   0x0000000108f2a566 __72-[RoutingHTTPServer routeMethod:withPath:parameters:request:connection:]_block_invoke + 47\n\t6   libdispatch.dylib                   0x00007fff519de7b9 _dispatch_client_callout + 8\n\t7   libdispatch.dylib                   0x00007fff...
[debug] &amp#27;[35m[W3C]&amp#27;[39m Matched W3C error code 'no such element' to NoSuchElementError
[debug] &amp#27;[35m[BaseDriver]&amp#27;[39m Waited for 15801 ms so far
[debug] &amp#27;[35m[WD Proxy]&amp#27;[39m Matched '/element' to command name 'findElement'
[debug] &amp#27;[35m[WD Proxy]&amp#27;[39m Proxying [POST /element] to [POST http://127.0.0.1:8100/session/34D6979D-1FD2-4FCA-BC53-277FF4E01E8A/element] with body: {"using":"accessibility id","value":"���������� ������������"}
&amp#27;[35m[WD Proxy]&amp#27;[39m Got response with status 404: {"value":{"error":"no such element","message":"unable to find an element using 'accessibility id', value '���������� ������������'","traceback":"(\n\t0   WebDriverAgentLib                   0x0000000108e5a04d FBNoSuchElementErrorResponseForRequest + 301\n\t1   WebDriverAgentLib                   0x0000000108e59df9 +[FBFindElementCommands handleFindElement:] + 425\n\t2   WebDriverAgentLib                   0x0000000108e377d6 -[FBRoute_TargetAction mountRequest:intoResponse:] + 182\n\t3   WebDriverAgentLib                   0x0000000108e1f5cb __37-[FBWebServer registerRouteHandlers:]_block_invoke + 555\n\t4   RoutingHTTPServer                   0x0000000108f29c53 -[RoutingHTTPServer handleRoute:withRequest:response:] + 136\n\t5   RoutingHTTPServer                   0x0000000108f2a566 __72-[RoutingHTTPServer routeMethod:withPath:parameters:request:connection:]_block_invoke + 47\n\t6   libdispatch.dylib                   0x00007fff519de7b9 _dispatch_client_callout + 8\n\t7   libdispatch.dylib                   0x00007fff...
[debug] &amp#27;[35m[W3C]&amp#27;[39m Matched W3C error code 'no such element' to NoSuchElementError
[debug] &amp#27;[35m[BaseDriver]&amp#27;[39m Waited for 16378 ms so far
[debug] &amp#27;[35m[WD Proxy]&amp#27;[39m Matched '/element' to command name 'findElement'
[debug] &amp#27;[35m[WD Proxy]&amp#27;[39m Proxying [POST /element] to [POST http://127.0.0.1:8100/session/34D6979D-1FD2-4FCA-BC53-277FF4E01E8A/element] with body: {"using":"accessibility id","value":"���������� ������������"}
&amp#27;[35m[WD Proxy]&amp#27;[39m Got response with status 404: {"value":{"error":"no such element","message":"unable to find an element using 'accessibility id', value '���������� ������������'","traceback":"(\n\t0   WebDriverAgentLib                   0x0000000108e5a04d FBNoSuchElementErrorResponseForRequest + 301\n\t1   WebDriverAgentLib                   0x0000000108e59df9 +[FBFindElementCommands handleFindElement:] + 425\n\t2   WebDriverAgentLib                   0x0000000108e377d6 -[FBRoute_TargetAction mountRequest:intoResponse:] + 182\n\t3   WebDriverAgentLib                   0x0000000108e1f5cb __37-[FBWebServer registerRouteHandlers:]_block_invoke + 555\n\t4   RoutingHTTPServer                   0x0000000108f29c53 -[RoutingHTTPServer handleRoute:withRequest:response:] + 136\n\t5   RoutingHTTPServer                   0x0000000108f2a566 __72-[RoutingHTTPServer routeMethod:withPath:parameters:request:connection:]_block_invoke + 47\n\t6   libdispatch.dylib                   0x00007fff519de7b9 _dispatch_client_callout + 8\n\t7   libdispatch.dylib                   0x00007fff...
[debug] &amp#27;[35m[W3C]&amp#27;[39m Matched W3C error code 'no such element' to NoSuchElementError
[debug] &amp#27;[35m[BaseDriver]&amp#27;[39m Waited for 16957 ms so far
[debug] &amp#27;[35m[WD Proxy]&amp#27;[39m Matched '/element' to command name 'findElement'
[debug] &amp#27;[35m[WD Proxy]&amp#27;[39m Proxying [POST /element] to [POST http://127.0.0.1:8100/session/34D6979D-1FD2-4FCA-BC53-277FF4E01E8A/element] with body: {"using":"accessibility id","value":"���������� ������������"}
&amp#27;[35m[WD Proxy]&amp#27;[39m Got response with status 404: {"value":{"error":"no such element","message":"unable to find an element using 'accessibility id', value '���������� ������������'","traceback":"(\n\t0   WebDriverAgentLib                   0x0000000108e5a04d FBNoSuchElementErrorResponseForRequest + 301\n\t1   WebDriverAgentLib                   0x0000000108e59df9 +[FBFindElementCommands handleFindElement:] + 425\n\t2   WebDriverAgentLib                   0x0000000108e377d6 -[FBRoute_TargetAction mountRequest:intoResponse:] + 182\n\t3   WebDriverAgentLib                   0x0000000108e1f5cb __37-[FBWebServer registerRouteHandlers:]_block_invoke + 555\n\t4   RoutingHTTPServer                   0x0000000108f29c53 -[RoutingHTTPServer handleRoute:withRequest:response:] + 136\n\t5   RoutingHTTPServer                   0x0000000108f2a566 __72-[RoutingHTTPServer routeMethod:withPath:parameters:request:connection:]_block_invoke + 47\n\t6   libdispatch.dylib                   0x00007fff519de7b9 _dispatch_client_callout + 8\n\t7   libdispatch.dylib                   0x00007fff...
[debug] &amp#27;[35m[W3C]&amp#27;[39m Matched W3C error code 'no such element' to NoSuchElementError
[debug] &amp#27;[35m[BaseDriver]&amp#27;[39m Waited for 17535 ms so far
[debug] &amp#27;[35m[WD Proxy]&amp#27;[39m Matched '/element' to command name 'findElement'
[debug] &amp#27;[35m[WD Proxy]&amp#27;[39m Proxying [POST /element] to [POST http://127.0.0.1:8100/session/34D6979D-1FD2-4FCA-BC53-277FF4E01E8A/element] with body: {"using":"accessibility id","value":"���������� ������������"}
&amp#27;[35m[WD Proxy]&amp#27;[39m Got response with status 404: {"value":{"error":"no such element","message":"unable to find an element using 'accessibility id', value '���������� ������������'","traceback":"(\n\t0   WebDriverAgentLib                   0x0000000108e5a04d FBNoSuchElementErrorResponseForRequest + 301\n\t1   WebDriverAgentLib                   0x0000000108e59df9 +[FBFindElementCommands handleFindElement:] + 425\n\t2   WebDriverAgentLib                   0x0000000108e377d6 -[FBRoute_TargetAction mountRequest:intoResponse:] + 182\n\t3   WebDriverAgentLib                   0x0000000108e1f5cb __37-[FBWebServer registerRouteHandlers:]_block_invoke + 555\n\t4   RoutingHTTPServer                   0x0000000108f29c53 -[RoutingHTTPServer handleRoute:withRequest:response:] + 136\n\t5   RoutingHTTPServer                   0x0000000108f2a566 __72-[RoutingHTTPServer routeMethod:withPath:parameters:request:connection:]_block_invoke + 47\n\t6   libdispatch.dylib                   0x00007fff519de7b9 _dispatch_client_callout + 8\n\t7   libdispatch.dylib                   0x00007fff...
[debug] &amp#27;[35m[W3C]&amp#27;[39m Matched W3C error code 'no such element' to NoSuchElementError
[debug] &amp#27;[35m[BaseDriver]&amp#27;[39m Waited for 18114 ms so far
[debug] &amp#27;[35m[WD Proxy]&amp#27;[39m Matched '/element' to command name 'findElement'
[debug] &amp#27;[35m[WD Proxy]&amp#27;[39m Proxying [POST /element] to [POST http://127.0.0.1:8100/session/34D6979D-1FD2-4FCA-BC53-277FF4E01E8A/element] with body: {"using":"accessibility id","value":"���������� ������������"}
&amp#27;[35m[WD Proxy]&amp#27;[39m Got response with status 404: {"value":{"error":"no such element","message":"unable to find an element using 'accessibility id', value '���������� ������������'","traceback":"(\n\t0   WebDriverAgentLib                   0x0000000108e5a04d FBNoSuchElementErrorResponseForRequest + 301\n\t1   WebDriverAgentLib                   0x0000000108e59df9 +[FBFindElementCommands handleFindElement:] + 425\n\t2   WebDriverAgentLib                   0x0000000108e377d6 -[FBRoute_TargetAction mountRequest:intoResponse:] + 182\n\t3   WebDriverAgentLib                   0x0000000108e1f5cb __37-[FBWebServer registerRouteHandlers:]_block_invoke + 555\n\t4   RoutingHTTPServer                   0x0000000108f29c53 -[RoutingHTTPServer handleRoute:withRequest:response:] + 136\n\t5   RoutingHTTPServer                   0x0000000108f2a566 __72-[RoutingHTTPServer routeMethod:withPath:parameters:request:connection:]_block_invoke + 47\n\t6   libdispatch.dylib                   0x00007fff519de7b9 _dispatch_client_callout + 8\n\t7   libdispatch.dylib                   0x00007fff...
[debug] &amp#27;[35m[W3C]&amp#27;[39m Matched W3C error code 'no such element' to NoSuchElementError
[debug] &amp#27;[35m[BaseDriver]&amp#27;[39m Waited for 18703 ms so far
[debug] &amp#27;[35m[WD Proxy]&amp#27;[39m Matched '/element' to command name 'findElement'
[debug] &amp#27;[35m[WD Proxy]&amp#27;[39m Proxying [POST /element] to [POST http://127.0.0.1:8100/session/34D6979D-1FD2-4FCA-BC53-277FF4E01E8A/element] with body: {"using":"accessibility id","value":"���������� ������������"}
&amp#27;[35m[WD Proxy]&amp#27;[39m Got response with status 404: {"value":{"error":"no such element","message":"unable to find an element using 'accessibility id', value '���������� ������������'","traceback":"(\n\t0   WebDriverAgentLib                   0x0000000108e5a04d FBNoSuchElementErrorResponseForRequest + 301\n\t1   WebDriverAgentLib                   0x0000000108e59df9 +[FBFindElementCommands handleFindElement:] + 425\n\t2   WebDriverAgentLib                   0x0000000108e377d6 -[FBRoute_TargetAction mountRequest:intoResponse:] + 182\n\t3   WebDriverAgentLib                   0x0000000108e1f5cb __37-[FBWebServer registerRouteHandlers:]_block_invoke + 555\n\t4   RoutingHTTPServer                   0x0000000108f29c53 -[RoutingHTTPServer handleRoute:withRequest:response:] + 136\n\t5   RoutingHTTPServer                   0x0000000108f2a566 __72-[RoutingHTTPServer routeMethod:withPath:parameters:request:connection:]_block_invoke + 47\n\t6   libdispatch.dylib                   0x00007fff519de7b9 _dispatch_client_callout + 8\n\t7   libdispatch.dylib                   0x00007fff...
[debug] &amp#27;[35m[W3C]&amp#27;[39m Matched W3C error code 'no such element' to NoSuchElementError
[debug] &amp#27;[35m[BaseDriver]&amp#27;[39m Waited for 19279 ms so far
[debug] &amp#27;[35m[WD Proxy]&amp#27;[39m Matched '/element' to command name 'findElement'
[debug] &amp#27;[35m[WD Proxy]&amp#27;[39m Proxying [POST /element] to [POST http://127.0.0.1:8100/session/34D6979D-1FD2-4FCA-BC53-277FF4E01E8A/element] with body: {"using":"accessibility id","value":"���������� ������������"}
&amp#27;[35m[WD Proxy]&amp#27;[39m Got response with status 404: {"value":{"error":"no such element","message":"unable to find an element using 'accessibility id', value '���������� ������������'","traceback":"(\n\t0   WebDriverAgentLib                   0x0000000108e5a04d FBNoSuchElementErrorResponseForRequest + 301\n\t1   WebDriverAgentLib                   0x0000000108e59df9 +[FBFindElementCommands handleFindElement:] + 425\n\t2   WebDriverAgentLib                   0x0000000108e377d6 -[FBRoute_TargetAction mountRequest:intoResponse:] + 182\n\t3   WebDriverAgentLib                   0x0000000108e1f5cb __37-[FBWebServer registerRouteHandlers:]_block_invoke + 555\n\t4   RoutingHTTPServer                   0x0000000108f29c53 -[RoutingHTTPServer handleRoute:withRequest:response:] + 136\n\t5   RoutingHTTPServer                   0x0000000108f2a566 __72-[RoutingHTTPServer routeMethod:withPath:parameters:request:connection:]_block_invoke + 47\n\t6   libdispatch.dylib                   0x00007fff519de7b9 _dispatch_client_callout + 8\n\t7   libdispatch.dylib                   0x00007fff...
[debug] &amp#27;[35m[W3C]&amp#27;[39m Matched W3C error code 'no such element' to NoSuchElementError
[debug] &amp#27;[35m[BaseDriver]&amp#27;[39m Waited for 19857 ms so far
[debug] &amp#27;[35m[WD Proxy]&amp#27;[39m Matched '/element' to command name 'findElement'
[debug] &amp#27;[35m[WD Proxy]&amp#27;[39m Proxying [POST /element] to [POST http://127.0.0.1:8100/session/34D6979D-1FD2-4FCA-BC53-277FF4E01E8A/element] with body: {"using":"accessibility id","value":"���������� ������������"}
&amp#27;[35m[WD Proxy]&amp#27;[39m Got response with status 404: {"value":{"error":"no such element","message":"unable to find an element using 'accessibility id', value '���������� ������������'","traceback":"(\n\t0   WebDriverAgentLib                   0x0000000108e5a04d FBNoSuchElementErrorResponseForRequest + 301\n\t1   WebDriverAgentLib                   0x0000000108e59df9 +[FBFindElementCommands handleFindElement:] + 425\n\t2   WebDriverAgentLib                   0x0000000108e377d6 -[FBRoute_TargetAction mountRequest:intoResponse:] + 182\n\t3   WebDriverAgentLib                   0x0000000108e1f5cb __37-[FBWebServer registerRouteHandlers:]_block_invoke + 555\n\t4   RoutingHTTPServer                   0x0000000108f29c53 -[RoutingHTTPServer handleRoute:withRequest:response:] + 136\n\t5   RoutingHTTPServer                   0x0000000108f2a566 __72-[RoutingHTTPServer routeMethod:withPath:parameters:request:connection:]_block_invoke + 47\n\t6   libdispatch.dylib                   0x00007fff519de7b9 _dispatch_client_callout + 8\n\t7   libdispatch.dylib                   0]]></system-out>
  </testcase>
  <testcase name="PostAddToFavorites" classname="smokeTest.SmokeTest" time="26.514">
    <failure message="Can&apos;t locate an element by this strategy: By.chained({By.AccessibilityId: تسجيل الدخول})" type="org.openqa.selenium.NoSuchElementException"><![CDATA[org.openqa.selenium.NoSuchElementException: Can't locate an element by this strategy: By.chained({By.AccessibilityId: تسجيل الدخول})
	at smokeTest.SmokeTest.PostAddToFavorites(SmokeTest.java:246)
Caused by: org.openqa.selenium.TimeoutException: Expected condition failed: waiting for io.appium.java_client.pagefactory.AppiumElementLocator$WaitingFunction@77d2e85 (tried for 1 second(s) with 500 milliseconds interval)
	at smokeTest.SmokeTest.PostAddToFavorites(SmokeTest.java:246)
Caused by: org.openqa.selenium.NoSuchElementException: 
Cannot locate an element using By.chained({By.AccessibilityId: تسجيل الدخول})
For documentation on this error, please visit: https://www.seleniumhq.org/exceptions/no_such_element.html
Build info: version: '3.141.59', revision: 'e82be7d358', time: '2018-11-14T08:17:03'
System info: host: 'imrans-MBP', ip: 'fe80:0:0:0:aa:a39f:3722:94b6%en0', os.name: 'Mac OS X', os.arch: 'x86_64', os.version: '10.14.5', java.version: '1.8.0_231'
Driver info: driver.version: IOSDriver
	at smokeTest.SmokeTest.PostAddToFavorites(SmokeTest.java:246)
]]></failure>
    <system-out><![CDATA[x00007fff...
[debug] &amp#27;[35m[W3C]&amp#27;[39m Matched W3C error code 'no such element' to NoSuchElementError
[debug] &amp#27;[35m[W3C (26255f9c)]&amp#27;[39m Encountered internal error running command: NoSuchElementError: An element could not be located on the page using the given search parameters.
[debug] &amp#27;[35m[W3C (26255f9c)]&amp#27;[39m     at XCUITestDriver.doNativeFind (/usr/local/lib/node_modules/appium/node_modules/appium-xcuitest-driver/lib/commands/find.js:126:11)
&amp#27;[35m[HTTP]&amp#27;[39m &amp#27;[37m<-- POST /wd/hub/session/26255f9c-9f7a-4f75-98c9-83c1e78aa016/element &amp#27;[39m&amp#27;[33m404&amp#27;[39m &amp#27;[90m20439 ms - 379&amp#27;[39m
&amp#27;[35m[HTTP]&amp#27;[39m &amp#27;[90m&amp#27;[39m
&amp#27;[35m[HTTP]&amp#27;[39m &amp#27;[37m-->&amp#27;[39m &amp#27;[37mGET&amp#27;[39m &amp#27;[37m/wd/hub/session/26255f9c-9f7a-4f75-98c9-83c1e78aa016/screenshot&amp#27;[39m
&amp#27;[35m[HTTP]&amp#27;[39m &amp#27;[90m{}&amp#27;[39m
[debug] &amp#27;[35m[W3C (26255f9c)]&amp#27;[39m Calling AppiumDriver.getScreenshot() with args: ["26255f9c-9f7a-4f75-98c9-83c1e78aa016"]
[debug] &amp#27;[35m[XCUITest]&amp#27;[39m Executing command 'getScreenshot'
[debug] &amp#27;[35m[XCUITest]&amp#27;[39m Taking screenshot with WDA
[debug] &amp#27;[35m[WD Proxy]&amp#27;[39m Matched '/screenshot' to command name 'getScreenshot'
[debug] &amp#27;[35m[WD Proxy]&amp#27;[39m Proxying [GET /screenshot] to [GET http://127.0.0.1:8100/session/34D6979D-1FD2-4FCA-BC53-277FF4E01E8A/screenshot] with no body
[debug] &amp#27;[35m[WD Proxy]&amp#27;[39m Got response with status 200: {
[debug] &amp#27;[35m[WD Proxy]&amp#27;[39m   "value" : "iVBORw0KGgoAAAANSUhEUgAAAu4AAAU2CAIAAABFtaRRAAAAAXNSR0IArs4c6QAA\r\nAERlWElmTU0AKgAAAAgAAYdpAAQAAAABAAAAGgAAAAAAA6ABAAMAAAABAAEAAKAC\r\nAAQAAAABAAAC7qADAAQAAAABAAAFNgAAAACw0axrAAAAHGlET1QAAAACAAAAAAAA\r\nApsAAAAoAAACmwAAApsAB\/py1LIubwAAQABJREFUeAHsvQeYHNWZ712jrEma0WhS\r\nT8fqruqurs55oiSEweB1wGm9TusP2zgCDuu4OGBjMDY5CwyYZCRAgCSU00ia0eQc\r\nFADv3W8f73f3OmAMJkPf3zk1GmQwXOHnu8+zeErPoamprq469Va97\/mf\/xuOMuaL\r\nvaU27Q1OeY0R1RxRYxOexJQ7NeHlDJHBgDGgBUf82rganPBxjDnliUx53trJ6Qln\r\nkycUPxxWZxrXoo17RRMHeBK0ca9o\/MlOjhz0x\/q12EBAbFjHc4bZDeuHf0N\/xj0Z\r\n2ogvZbUxb0pclBv3iJ5wWtFPf2S2HXGlpt3imGE1QX96dNHYoFccOeVJTLul0Dyc\r\nMDPsy1g9fKNPfmI3WwJvIoFxn0kbU80JrzntMY+6zGMusTGiRvq1SK8W6w8kBv0J\r\n8d56MhO8yX5j3BfhJTzqzBxxZtDfYb85oAnlZYMXe9qV4R3mRR1TjeGAUGTec97V\r\nEW9+3JMd93J8ZDhg8C0K\/lhT4jGHOAk95MzDAY1r8ebz\/nOGo64Y7Yib1x5NnNER\r\nNrAedFjaEHMwMNvkAWpCKJo3O+yj5dng0mO+BBaGK45hW4Tq0SLTook7PeKOcAlx\r\nIZfQLHp4XJvEVR5v4it+y7ZxxBM85jIQEccjAY7s0RM0rAeKTJ9pbyJq+ytbAn\/3\r\nEkB5UeGBgNBi1HbazQAUoWEH0LUpbxAAcNQtPnuD2sGwN...
[debug] &amp#27;[35m[W3C (26255f9c)]&amp#27;[39m Responding to client with driver.getScreenshot() result: "iVBORw0KGgoAAAANSUhEUgAAAu4AAAU2CAIAAABFtaRRAAAAAXNSR0IArs4c6QAA\r\nAERlWElmTU0AKgAAAAgAAYdpAAQAAAABAAAAGgAAAAAAA6ABAAMAAAABAAEAAKAC\r\nAAQAAAABAAAC7qADAAQAAAABAAAFNgAAAACw0axrAAAAHGlET1QAAAACAAAAAAAA\r\nApsAAAAoAAACmwAAApsAB/py1LIubwAAQABJREFUeAHsvQeYHNWZ712jrEma0WhS\r\nT8fqruqurs55oiSEweB1wGm9TusP2zgCDuu4OGBjMDY5CwyYZCRAgCSU00ia0eQc\r\nFADv3W8f73f3OmAMJkPf3zk1GmQwXOHnu8+zeErPoamprq469Va97/mf/xuOMuaL\r\nvaU27Q1OeY0R1RxRYxOexJQ7NeHlDJHBgDGgBUf82rganPBxjDnliUx53trJ6Qln\r\nkycUPxxWZxrXoo17RRMHeBK0ca9o/MlOjhz0x/q12EBAbFjHc4bZDeuHf0N/xj0Z\r\n2ogvZbUxb0pclBv3iJ5wWtFPf2S2HXGlpt3imGE1QX96dNHYoFccOeVJTLul0Dyc\r\nMDPsy1g9fKNPfmI3WwJvIoFxn0kbU80JrzntMY+6zGMusTGiRvq1SK8W6w8kBv0J\r\n8d56MhO8yX5j3BfhJTzqzBxxZtDfYb85oAnlZYMXe9qV4R3mRR1TjeGAUGTec97V\r\nEW9+3JMd93J8ZDhg8C0K/lhT4jGHOAk95MzDAY1r8ebz/nOGo64Y7Yib1x5NnNER\r\nNrAedFjaEHMwMNvkAWpCKJo3O+yj5dng0mO+BBaGK45hW4Tq0SLTook7PeKOcAlx\r\nIZfQLHp4XJvEVR5v4it+y7ZxxBM85jIQEccjAY7s0RM0rAeKTJ9pbyJq+ytbAn/3\r\nEkB5UeGBgNBi1HbazQAUoWEH0LUpbxAAcNQtPnuD2sGwNuITWoPqHXWK49EjRjoU\r\n...
&amp#27;[35m[HTTP]&amp#27;[39m &amp#27;[37m<-- GET /wd/hub/session/26255f9c-9f7a-4f75-98c9-83c1e78aa016/screenshot &amp#27;[39m&amp#27;[32m200&amp#27;[39m &amp#27;[90m98 ms - 1045336&amp#27;[39m
&amp#27;[35m[HTTP]&amp#27;[39m &amp#27;[90m&amp#27;[39m
&amp#27;[35m[HTTP]&amp#27;[39m &amp#27;[37m-->&amp#27;[39m &amp#27;[37mPOST&amp#27;[39m &amp#27;[37m/wd/hub/session/26255f9c-9f7a-4f75-98c9-83c1e78aa016/appium/app/reset&amp#27;[39m
&amp#27;[35m[HTTP]&amp#27;[39m &amp#27;[90m{}&amp#27;[39m
[debug] &amp#27;[35m[W3C (26255f9c)]&amp#27;[39m Calling AppiumDriver.reset() with args: ["26255f9c-9f7a-4f75-98c9-83c1e78aa016"]
[debug] &amp#27;[35m[XCUITest]&amp#27;[39m Executing command 'reset'
[debug] &amp#27;[35m[BaseDriver]&amp#27;[39m Resetting app mid-session
[debug] &amp#27;[35m[BaseDriver]&amp#27;[39m Running generic full reset
[debug] &amp#27;[35m[WD Proxy]&amp#27;[39m Matched '/session/26255f9c-9f7a-4f75-98c9-83c1e78aa016' to command name 'deleteSession'
[debug] &amp#27;[35m[WD Proxy]&amp#27;[39m Proxying [DELETE /session/26255f9c-9f7a-4f75-98c9-83c1e78aa016] to [DELETE http://127.0.0.1:8100/session/34D6979D-1FD2-4FCA-BC53-277FF4E01E8A] with no body
[debug] &amp#27;[35m[WD Proxy]&amp#27;[39m Got response with status 200: {
[debug] &amp#27;[35m[WD Proxy]&amp#27;[39m   "value" : null,
[debug] &amp#27;[35m[WD Proxy]&amp#27;[39m   "sessionId" : "9A609A87-625E-484A-8B67-2BECBFE47A65"
[debug] &amp#27;[35m[WD Proxy]&amp#27;[39m }
&amp#27;[35m[DevCon Factory]&amp#27;[39m Releasing connections for 24A5DE6C-3031-4FCA-9C40-D8B2E52520E8 device on any port number
&amp#27;[35m[DevCon Factory]&amp#27;[39m Found cached connections to release: ["24A5DE6C-3031-4FCA-9C40-D8B2E52520E8:8100"]
[debug] &amp#27;[35m[DevCon Factory]&amp#27;[39m Cached connections count: 0
[debug] &amp#27;[35m[XCUITest]&amp#27;[39m Did not find the temporary XCTest logs root at '/var/folders/b3/y32ql80n7w1cgryz_wrszd900000gn/T/com.apple.dt.XCTest*/'
&amp#27;[35m[XCUITest]&amp#27;[39m Cleaning test logs in '/Users/imranmoqbel/Library/Developer/Xcode/DerivedData/WebDriverAgent-ciegwgvxzxdrqthilmrmczmqvrgu/Logs' folder
[debug] &amp#27;[35m[iOS]&amp#27;[39m Clearing log files
[debug] &amp#27;[35m[iOS]&amp#27;[39m Deleting '/Users/imranmoqbel/Library/Developer/Xcode/DerivedData/WebDriverAgent-ciegwgvxzxdrqthilmrmczmqvrgu/Logs'. Freeing 12K.
[debug] &amp#27;[35m[iOS]&amp#27;[39m Finished clearing log files
[debug] &amp#27;[35m[IOSSimulatorLog]&amp#27;[39m Stopping iOS log capture
[debug] &amp#27;[35m[BaseDriver]&amp#27;[39m Restarting app
[debug] &amp#27;[35m[BaseDriver]&amp#27;[39m Creating session with W3C capabilities: {
[debug] &amp#27;[35m[BaseDriver]&amp#27;[39m   "alwaysMatch": {
[debug] &amp#27;[35m[BaseDriver]&amp#27;[39m     "platformName": "ios",
[debug] &amp#27;[35m[BaseDriver]&amp#27;[39m     "app": "/Users/imranmoqbel/Documents/WaseetiOSAutomation/WaseetiOSAutomation-Intellij/src/WaseetApr20.app",
[debug] &amp#27;[35m[BaseDriver]&amp#27;[39m     "automationName": "XCUITest",
[debug] &amp#27;[35m[BaseDriver]&amp#27;[39m     "clearSystemFiles": true,
[debug] &amp#27;[35m[BaseDriver]&amp#27;[39m     "deviceName": "iPhone8",
[debug] &amp#27;[35m[BaseDriver]&amp#27;[39m     "newCommandTimeout": 100000,
[debug] &amp#27;[35m[BaseDriver]&amp#27;[39m     "platformVersion": "13.2"
[debug] &amp#27;[35m[BaseDriver]&amp#27;[39m   },
[debug] &amp#27;[35m[BaseDriver]&amp#27;[39m   "firstMatch": [
[debug] &amp#27;[35m[BaseDriver]&amp#27;[39m     {}
[debug] &amp#27;[35m[BaseDriver]&amp#27;[39m   ]
[debug] &amp#27;[35m[BaseDriver]&amp#27;[39m }
&amp#27;[35m[BaseDriver]&amp#27;[39m The following capabilities are not standard capabilities and should have an extension prefix:
&amp#27;[35m[BaseDriver]&amp#27;[39m   app
&amp#27;[35m[BaseDriver]&amp#27;[39m   automationName
&amp#27;[35m[BaseDriver]&amp#27;[39m   clearSystemFiles
&amp#27;[35m[BaseDriver]&amp#27;[39m   deviceName
&amp#27;[35m[BaseDriver]&amp#27;[39m   newCommandTimeout
&amp#27;[35m[BaseDriver]&amp#27;[39m   platformVersion
&amp#27;[35m[BaseDriver]&amp#27;[39m Session created with session id: 79edb9a4-228a-4a66-8e45-2e065bedb90d
[debug] &amp#27;[35m[XCUITest]&amp#27;[39m Current user: 'imranmoqbel'
&amp#27;[35m[XCUITest]&amp#27;[39m iOS SDK Version set to '13.2'
&amp#27;[35m[iOSSim]&amp#27;[39m Constructing iOS simulator for Xcode version 11.2.1 with udid '24A5DE6C-3031-4FCA-9C40-D8B2E52520E8'
&amp#27;[35m[XCUITest]&amp#27;[39m Determining device to run tests on: udid: '24A5DE6C-3031-4FCA-9C40-D8B2E52520E8', real device: false
[debug] &amp#27;[35m[BaseDriver]&amp#27;[39m Event 'xcodeDetailsRetrieved' logged at 1587387579189 (15:59:39 GMT+0300 (Eastern European Summer Time))
&amp#27;[35m[BaseDriver]&amp#27;[39m Using local app '/Users/imranmoqbel/Documents/WaseetiOSAutomation/WaseetiOSAutomation-Intellij/src/WaseetApr20.app'
[debug] &amp#27;[35m[BaseDriver]&amp#27;[39m Event 'appConfigured' logged at 1587387579190 (15:59:39 GMT+0300 (Eastern European Summer Time))
[debug] &amp#27;[35m[XCUITest]&amp#27;[39m Checking whether app '/Users/imranmoqbel/Documents/WaseetiOSAutomation/WaseetiOSAutomation-Intellij/src/WaseetApr20.app' is actually present on file system
[debug] &amp#27;[35m[XCUITest]&amp#27;[39m App is present
[debug] &amp#27;[35m[iOS]&amp#27;[39m Getting bundle ID from app '/Users/imranmoqbel/Documents/WaseetiOSAutomation/WaseetiOSAutomation-Intellij/src/WaseetApr20.app': 'com.awi.waseet-classifieds-ios'
[debug] &amp#27;[35m[BaseDriver]&amp#27;[39m Event 'resetStarted' logged at 1587387579190 (15:59:39 GMT+0300 (Eastern European Summer Time))
&amp#27;[35m[XCUITest]&amp#27;[39m Not scrubbing third party app in anticipation of uninstall
[debug] &amp#27;[35m[BaseDriver]&amp#27;[39m Event 'resetComplete' logged at 1587387579561 (15:59:39 GMT+0300 (Eastern European Summer Time))
[debug] &amp#27;[35m[IOSSimulatorLog]&amp#27;[39m Starting log capture for iOS Simulator with udid '24A5DE6C-3031-4FCA-9C40-D8B2E52520E8' using simctl
[debug] &amp#27;[35m[BaseDriver]&amp#27;[39m Event 'logCaptureStarted' logged at 1587387580046 (15:59:40 GMT+0300 (Eastern European Summer Time))
&amp#27;[35m[XCUITest]&amp#27;[39m Setting up simulator
[debug] &amp#27;[35m[iOS]&amp#27;[39m No reason to set locale
[debug] &amp#27;[35m[iOS]&amp#27;[39m No iOS / app preferences to set
[debug] &amp#27;[35m[iOS]&amp#27;[39m Setting did not need to be updated
[debug] &amp#27;[35m[iOSSim]&amp#27;[39m Setting preferences of 24A5DE6C-3031-4FCA-9C40-D8B2E52520E8 Simulator to {"ConnectHardwareKeyboard":false}
[debug] &amp#27;[35m[iOSSim]&amp#27;[39m Setting common Simulator preferences to {"RotateWindowWhenSignaledByGuest":true,"ConnectHardwareKeyboard":false}
[debug] &amp#27;[35m[iOSSim]&amp#27;[39m Updated 24A5DE6C-3031-4FCA-9C40-D8B2E52520E8 Simulator preferences at '/Users/imranmoqbel/Library/Preferences/com.apple.iphonesimulator.plist' with {"DevicePreferences":{"24A5DE6C-3031-4FCA-9C40-D8B2E52520E8":{"ConnectHardwareKeyboard":false}},"RotateWindowWhenSignaledByGuest":true,"ConnectHardwareKeyboard":false}
[debug] &amp#27;[35m[iOSSim]&amp#27;[39m Got Simulator UI client PID: 5138
&amp#27;[35m[iOSSim]&amp#27;[39m Both Simulator with UDID '24A5DE6C-3031-4FCA-9C40-D8B2E52520E8' and the UI client are currently running
[debug] &amp#27;[35m[BaseDriver]&amp#27;[39m Event 'simStarted' logged at 1587387580270 (15:59:40 GMT+0300 (Eastern European Summer Time))
[debug] &amp#27;[35m[XCUITest]&amp#27;[39m Verifying application platform
[debug] &amp#27;[35m[XCUITest]&amp#27;[39m CFBundleSupportedPlatforms: ["iPhoneSimulator"]
[debug] &amp#27;[35m[XCUITest]&amp#27;[39m Reset requested. Removing app with id 'com.awi.waseet-classifieds-ios' from the device
[debug] &amp#27;[35m[XCUITest]&amp#27;[39m Installing '/Users/imranmoqbel/Documents/WaseetiOSAutomation/WaseetiOSAutomation-Intellij/src/WaseetApr20.app' on Simulator with UUID '24A5DE6C-3031-4FCA-9C40-D8B2E52520E8'...
[debug] &amp#27;[35m[XCUITest]&amp#27;[39m The app has been installed successfully.
[debug] &amp#27;[35m[BaseDriver]&amp#27;[39m Event 'appInstalled' logged at 1587387583613 (15:59:43 GMT+0300 (Eastern European Summer Time))
&amp#27;[35m[WebDriverAgent]&amp#27;[39m Using WDA path: '/usr/local/lib/node_modules/appium/node_modules/appium-webdriveragent'
&amp#27;[35m[WebDriverAgent]&amp#27;[39m Using WDA agent: '/usr/local/lib/node_modules/appium/node_modules/appium-webdriveragent/WebDriverAgent.xcodeproj'
[debug] &amp#27;[35m[WebDriverAgent]&amp#27;[39m No obsolete cached processes from previous WDA sessions listening on port 8100 have been found
&amp#27;[35m[DevCon Factory]&amp#27;[39m Requesting connection for device 24A5DE6C-3031-4FCA-9C40-D8B2E52520E8 on local port 8100, device port 8100
[debug] &amp#27;[35m[DevCon Factory]&amp#27;[39m Cached connections count: 0
&amp#27;[35m[DevCon Factory]&amp#27;[39m Successfully requested the connection for 24A5DE6C-3031-4FCA-9C40-D8B2E52520E8:8100
[debug] &amp#27;[35m[XCUITest]&amp#27;[39m Starting WebDriverAgent initialization with the synchronization key 'XCUITestDriver'
[debug] &amp#27;[35m[WD Proxy]&amp#27;[39m Matched '/status' to command name 'getStatus'
[debug] &amp#27;[35m[WD Proxy]&amp#27;[39m Proxying [GET /status] to [GET http://127.0.0.1:8100/status] with no body
[debug] &amp#27;[35m[WD Proxy]&amp#27;[39m Got response with status 200: {
[debug] &amp#27;[35m[WD Proxy]&amp#27;[39m   "value" : {
[debug] &amp#27;[35m[WD Proxy]&amp#27;[39m     "message" : "WebDriverAgent is ready to accept commands",
[debug] &amp#27;[35m[WD Proxy]&amp#27;[39m     "state" : "success",
[debug] &amp#27;[35m[WD Proxy]&amp#27;[39m     "os" : {
[debug] &amp#27;[35m[WD Proxy]&amp#27;[39m       "name" : "iOS",
[debug] &amp#27;[35m[WD Proxy]&amp#27;[39m       "version" : "13.2.2",
[debug] &amp#27;[35m[WD Proxy]&amp#27;[39m       "sdkVersion" : "13.0"
[debug] &amp#27;[35m[WD Proxy]&amp#27;[39m     },
[debug] &amp#27;[35m[WD Proxy]&amp#27;[39m     "ios" : {
[debug] &amp#27;[35m[WD Proxy]&amp#27;[39m       "simulatorVersion" : "13.2.2",
[debug] &amp#27;[35m[WD Proxy]&amp#27;[39m       "ip" : "192.168.1.100"
[debug] &amp#27;[35m[WD Proxy]&amp#27;[39m     },
[debug] &amp#27;[35m[WD Proxy]&amp#27;[39m     "ready" : true,
[debug] &amp#27;[35m[WD Proxy]&amp#27;[39m     "build" : {
[debug] &amp#27;[35m[WD Proxy]&amp#27;[39m       "upgradedAt" : "1587378628125",
[debug] &amp#27;[35m[WD Proxy]&amp#27;[39m       "time" : "Apr 20 2020 15:06:06",
[debug] &amp#27;[35m[WD Proxy]&amp#27;[39m       "productBundleIdentifier" : "com.facebook.WebDriverAgentRunner"
[debug] &amp#27;[35m[WD Proxy]&amp#27;[39m     }
[debug] &amp#27;[35m[WD Proxy]&amp#27;[39m   },
[debug] &amp#27;[35m[WD Proxy]&amp#27;[39m   "sessionId" : "9A609A87-625E-484A-8B67-2BECBFE47A65"
[debug] &amp#27;[35m[WD Proxy]&amp#27;[39m }
[debug] &amp#27;[35m[WebDriverAgent]&amp#27;[39m Upgrade timestamp of the currently bundled WDA: 1587378628125
[debug] &amp#27;[35m[WebDriverAgent]&amp#27;[39m Upgrade timestamp of the WDA on the device: 1587378628125
&amp#27;[35m[WebDriverAgent]&amp#27;[39m Will reuse previously cached WDA instance at 'http://127.0.0.1:8100/' with 'com.facebook.WebDriverAgentRunner'. Set the wdaLocalPort capability to a value different from 8100 if this is an undesired behavior.
[debug] &amp#27;[35m[XCUITest]&amp#27;[39m Trying to start WebDriverAgent 2 times with 10000ms interval
[debug] &amp#27;[35m[XCUITest]&amp#27;[39m These values can be customized by changing wdaStartupRetries/wdaStartupRetryInterval capabilities
[debug] &amp#27;[35m[BaseDriver]&amp#27;[39m Event 'wdaStartAttempted' logged at 1587387583685 (15:59:43 GMT+0300 (Eastern European Summer Time))
&amp#27;[35m[WebDriverAgent]&amp#27;[39m Using provided WebdriverAgent at 'http://127.0.0.1:8100/'
[debug] &amp#27;[35m[WD Proxy]&amp#27;[39m Matched '/status' to command name 'getStatus'
[debug] &amp#27;[35m[WD Proxy]&amp#27;[39m Proxying [GET /status] to [GET http://127.0.0.1:8100/status] with no body
[debug] &amp#27;[35m[WD Proxy]&amp#27;[39m Got response with status 200: {
[debug] &amp#27;[35m[WD Proxy]&amp#27;[39m   "value" : {
[debug] &amp#27;[35m[WD Proxy]&amp#27;[39m     "message" : "WebDriverAgent is ready to accept commands",
[debug] &amp#27;[35m[WD Proxy]&amp#27;[39m     "state" : "success",
[debug] &amp#27;[35m[WD Proxy]&amp#27;[39m     "os" : {
[debug] &amp#27;[35m[WD Proxy]&amp#27;[39m       "name" : "iOS",
[debug] &amp#27;[35m[WD Proxy]&amp#27;[39m       "version" : "13.2.2",
[debug] &amp#27;[35m[WD Proxy]&amp#27;[39m       "sdkVersion" : "13.0"
[debug] &amp#27;[35m[WD Proxy]&amp#27;[39m     },
[debug] &amp#27;[35m[WD Proxy]&amp#27;[39m     "ios" : {
[debug] &amp#27;[35m[WD Proxy]&amp#27;[39m       "simulatorVersion" : "13.2.2",
[debug] &amp#27;[35m[WD Proxy]&amp#27;[39m       "ip" : "192.168.1.100"
[debug] &amp#27;[35m[WD Proxy]&amp#27;[39m     },
[debug] &amp#27;[35m[WD Proxy]&amp#27;[39m     "ready" : true,
[debug] &amp#27;[35m[WD Proxy]&amp#27;[39m     "build" : {
[debug] &amp#27;[35m[WD Proxy]&amp#27;[39m       "upgradedAt" : "1587378628125",
[debug] &amp#27;[35m[WD Proxy]&amp#27;[39m       "time" : "Apr 20 2020 15:06:06",
[debug] &amp#27;[35m[WD Proxy]&amp#27;[39m       "productBundleIdentifier" : "com.facebook.WebDriverAgentRunner"
[debug] &amp#27;[35m[WD Proxy]&amp#27;[39m     }
[debug] &amp#27;[35m[WD Proxy]&amp#27;[39m   },
[debug] &amp#27;[35m[WD Proxy]&amp#27;[39m   "sessionId" : "9A609A87-625E-484A-8B67-2BECBFE47A65"
[debug] &amp#27;[35m[WD Proxy]&amp#27;[39m }
[debug] &amp#27;[35m[BaseDriver]&amp#27;[39m Event 'wdaSessionAttempted' logged at 1587387583689 (15:59:43 GMT+0300 (Eastern European Summer Time))
[debug] &amp#27;[35m[XCUITest]&amp#27;[39m Sending createSession command to WDA
[debug] &amp#27;[35m[WD Proxy]&amp#27;[39m Matched '/session' to command name 'createSession'
[debug] &amp#27;[35m[WD Proxy]&amp#27;[39m Proxying [POST /session] to [POST http://127.0.0.1:8100/session] with body: {"capabilities":{"firstMatch":[{"bundleId":"com.awi.waseet-classifieds-ios","arguments":[],"environment":{},"eventloopIdleDelaySec":0,"shouldWaitForQuiescence":true,"shouldUseTestManagerForVisibilityDetection":false,"maxTypingFrequency":60,"shouldUseSingletonTestManager":true}],"alwaysMatch":{}}}
[debug] &amp#27;[35m[WD Proxy]&amp#27;[39m Got response with status 200: {"value":{"sessionId":"865725D7-62D9-4D0F-9612-F6E80B79F10F","capabilities":{"device":"iphone","browserName":" ","sdkVersion":"13.2.2","CFBundleIdentifier":"com.apple.springboard"}},"sessionId":"865725D7-62D9-4D0F-9612-F6E80B79F10F"}
&amp#27;[35m[WD Proxy]&amp#27;[39m Determined the downstream protocol as 'W3C'
[debug] &amp#27;[35m[BaseDriver]&amp#27;[39m Event 'wdaSessionStarted' logged at 1587387591801 (15:59:51 GMT+0300 (Eastern European Summer Time))
[debug] &amp#27;[35m[WebDriverAgent]&amp#27;[39m Parsed BUILD_DIR configuration value: '/Users/imranmoqbel/Library/Developer/Xcode/DerivedData/WebDriverAgent-ciegwgvxzxdrqthilmrmczmqvrgu/Build/Products'
[debug] &amp#27;[35m[WebDriverAgent]&amp#27;[39m Got derived data root: '/Users/imranmoqbel/Library/Developer/Xcode/DerivedData/WebDriverAgent-ciegwgvxzxdrqthilmrmczmqvrgu'
[debug] &amp#27;[35m[BaseDriver]&amp#27;[39m Event 'wdaStarted' logged at 1587387593388 (15:59:53 GMT+0300 (Eastern European Summer Time))
&amp#27;[35m[XCUITest]&amp#27;[39m Skipping setting of the initial display orientation. Set the "orientation" capability to either "LANDSCAPE" or "PORTRAIT", if this is an undesired behavior.
[debug] &amp#27;[35m[BaseDriver]&amp#27;[39m Event 'orientationSet' logged at 1587387593388 (15:59:53 GMT+0300 (Eastern European Summer Time))
[debug] &amp#27;[35m[BaseDriver]&amp#27;[39m The value of 'elementResponseAttributes' setting did not change. Skipping the update for it
[debug] &amp#27;[35m[BaseDriver]&amp#27;[39m The value of 'shouldUseCompactResponses' setting did not change. Skipping the update for it
[debug] &amp#27;[35m[W3C (26255f9c)]&amp#27;[39m Responding to client with driver.reset() result: null
&amp#27;[35m[HTTP]&amp#27;[39m &amp#27;[37m<-- POST /wd/hub/session/26255f9c-9f7a-4f75-98c9-83c1e78aa016/appium/app/reset &amp#27;[39m&amp#27;[32m200&amp#27;[39m &amp#27;[90m15606 ms - 14&amp#27;[39m
&amp#27;[35m[HTTP]&amp#27;[39m &amp#27;[90m&amp#27;[39m
&amp#27;[35m[HTTP]&amp#27;[39m &amp#27;[37m-->&amp#27;[39m &amp#27;[37mGET&amp#27;[39m &amp#27;[37m/wd/hub/session/26255f9c-9f7a-4f75-98c9-83c1e78aa016/context&amp#27;[39m
&amp#27;[35m[HTTP]&amp#27;[39m &amp#27;[90m{}&amp#27;[39m
[debug] &amp#27;[35m[W3C (26255f9c)]&amp#27;[39m Calling AppiumDriver.getCurrentContext() with args: ["26255f9c-9f7a-4f75-98c9-83c1e78aa016"]
[debug] &amp#27;[35m[XCUITest]&amp#27;[39m Executing command 'getCurrentContext'
[debug] &amp#27;[35m[W3C (26255f9c)]&amp#27;[39m Responding to client with driver.getCurrentContext() result: "NATIVE_APP"
&amp#27;[35m[HTTP]&amp#27;[39m &amp#27;[37m<-- GET /wd/hub/session/26255f9c-9f7a-4f75-98c9-83c1e78aa016/context &amp#27;[39m&amp#27;[32m200&amp#27;[39m &amp#27;[90m1 ms - 22&amp#27;[39m
&amp#27;[35m[HTTP]&amp#27;[39m &amp#27;[90m&amp#27;[39m
&amp#27;[35m[HTTP]&amp#27;[39m &amp#27;[37m-->&amp#27;[39m &amp#27;[37mPOST&amp#27;[39m &amp#27;[37m/wd/hub/session/26255f9c-9f7a-4f75-98c9-83c1e78aa016/element&amp#27;[39m
&amp#27;[35m[HTTP]&amp#27;[39m &amp#27;[90m{"using":"accessibility id","value":"Allow"}&amp#27;[39m
[debug] &amp#27;[35m[W3C (26255f9c)]&amp#27;[39m Calling AppiumDriver.findElement() with args: ["accessibility id","Allow","26255f9c-9f7a-4f75-98c9-83c1e78aa016"]
[debug] &amp#27;[35m[XCUITest]&amp#27;[39m Executing command 'findElement'
[debug] &amp#27;[35m[BaseDriver]&amp#27;[39m Valid locator strategies for this request: xpath, id, name, class name, -ios predicate string, -ios class chain, accessibility id
[debug] &amp#27;[35m[BaseDriver]&amp#27;[39m Waiting up to 20000 ms for condition
[debug] &amp#27;[35m[WD Proxy]&amp#27;[39m Matched '/element' to command name 'findElement'
[debug] &amp#27;[35m[WD Proxy]&amp#27;[39m Proxying [POST /element] to [POST http://127.0.0.1:8100/session/865725D7-62D9-4D0F-9612-F6E80B79F10F/element] with body: {"using":"accessibility id","value":"Allow"}
[debug] &amp#27;[35m[WD Proxy]&amp#27;[39m Got response with status 200: {"value":{"ELEMENT":"E0000000-0000-0000-6114-000000000000","element-6066-11e4-a52e-4f735466cecf":"E0000000-0000-0000-6114-000000000000"},"sessionId":"865725D7-62D9-4D0F-9612-F6E80B79F10F"}
[debug] &amp#27;[35m[W3C (26255f9c)]&amp#27;[39m Responding to client with driver.findElement() result: {"element-6066-11e4-a52e-4f735466cecf":"E0000000-0000-0000-6114-000000000000","ELEMENT":"E0000000-0000-0000-6114-000000000000"}
&amp#27;[35m[HTTP]&amp#27;[39m &amp#27;[37m<-- POST /wd/hub/session/26255f9c-9f7a-4f75-98c9-83c1e78aa016/element &amp#27;[39m&amp#27;[32m200&amp#27;[39m &amp#27;[90m127 ms - 137&amp#27;[39m
&amp#27;[35m[HTTP]&amp#27;[39m &amp#27;[90m&amp#27;[39m
&amp#27;[35m[HTTP]&amp#27;[39m &amp#27;[37m-->&amp#27;[39m &amp#27;[37mPOST&amp#27;[39m &amp#27;[37m/wd/hub/session/26255f9c-9f7a-4f75-98c9-83c1e78aa016/element/E0000000-0000-0000-6114-000000000000/click&amp#27;[39m
&amp#27;[35m[HTTP]&amp#27;[39m &amp#27;[90m{"id":"E0000000-0000-0000-6114-000000000000"}&amp#27;[39m
&amp#27;[35m[W3C (26255f9c)]&amp#27;[39m Driver proxy active, passing request on via HTTP proxy
[debug] &amp#27;[35m[XCUITest]&amp#27;[39m Executing command 'proxyReqRes'
[debug] &amp#27;[35m[WD Proxy]&amp#27;[39m Matched '/wd/hub/session/26255f9c-9f7a-4f75-98c9-83c1e78aa016/element/E0000000-0000-0000-6114-000000000000/click' to command name 'click'
[debug] &amp#27;[35m[WD Proxy]&amp#27;[39m Proxying [POST /wd/hub/session/26255f9c-9f7a-4f75-98c9-83c1e78aa016/element/E0000000-0000-0000-6114-000000000000/click] to [POST http://127.0.0.1:8100/session/865725D7-62D9-4D0F-9612-F6E80B79F10F/element/E0000000-0000-0000-6114-000000000000/click] with body: {"id":"E0000000-0000-0000-6114-000000000000"}
[debug] &amp#27;[35m[WD Proxy]&amp#27;[39m Got response with status 200: {"value":null,"sessionId":"865725D7-62D9-4D0F-9612-F6E80B79F10F"}
&amp#27;[35m[WD Proxy]&amp#27;[39m Replacing sessionId 865725D7-62D9-4D0F-9612-F6E80B79F10F with 26255f9c-9f7a-4f75-98c9-83c1e78aa016
&amp#27;[35m[HTTP]&amp#27;[39m &amp#27;[37m<-- POST /wd/hub/session/26255f9c-9f7a-4f75-98c9-83c1e78aa016/element/E0000000-0000-0000-6114-000000000000/click &amp#27;[39m&amp#27;[32m200&amp#27;[39m &amp#27;[90m348 ms - 65&amp#27;[39m
&amp#27;[35m[HTTP]&amp#27;[39m &amp#27;[90m&amp#27;[39m
&amp#27;[35m[HTTP]&amp#27;[39m &amp#27;[37m-->&amp#27;[39m &amp#27;[37mGET&amp#27;[39m &amp#27;[37m/wd/hub/session/26255f9c-9f7a-4f75-98c9-83c1e78aa016/context&amp#27;[39m
&amp#27;[35m[HTTP]&amp#27;[39m &amp#27;[90m{}&amp#27;[39m
[debug] &amp#27;[35m[W3C (26255f9c)]&amp#27;[39m Calling AppiumDriver.getCurrentContext() with args: ["26255f9c-9f7a-4f75-98c9-83c1e78aa016"]
[debug] &amp#27;[35m[XCUITest]&amp#27;[39m Executing command 'getCurrentContext'
[debug] &amp#27;[35m[W3C (26255f9c)]&amp#27;[39m Responding to client with driver.getCurrentContext() result: "NATIVE_APP"
&amp#27;[35m[HTTP]&amp#27;[39m &amp#27;[37m<-- GET /wd/hub/session/26255f9c-9f7a-4f75-98c9-83c1e78aa016/context &amp#27;[39m&amp#27;[32m200&amp#27;[39m &amp#27;[90m2 ms - 22&amp#27;[39m
&amp#27;[35m[HTTP]&amp#27;[39m &amp#27;[90m&amp#27;[39m
&amp#27;[35m[HTTP]&amp#27;[39m &amp#27;[37m-->&amp#27;[39m &amp#27;[37mPOST&amp#27;[39m &amp#27;[37m/wd/hub/session/26255f9c-9f7a-4f75-98c9-83c1e78aa016/element&amp#27;[39m
&amp#27;[35m[HTTP]&amp#27;[39m &amp#27;[90m{"using":"accessibility id","value":"�������� ����������"}&amp#27;[39m
[debug] &amp#27;[35m[W3C (26255f9c)]&amp#27;[39m Calling AppiumDriver.findElement() with args: ["accessibility id","�������� ����������","26255f9c-9f7a-4f75-98c9-83c1e78aa016"]
[debug] &amp#27;[35m[XCUITest]&amp#27;[39m Executing command 'findElement'
[debug] &amp#27;[35m[BaseDriver]&amp#27;[39m Valid locator strategies for this request: xpath, id, name, class name, -ios predicate string, -ios class chain, accessibility id
[debug] &amp#27;[35m[BaseDriver]&amp#27;[39m Waiting up to 20000 ms for condition
[debug] &amp#27;[35m[WD Proxy]&amp#27;[39m Matched '/element' to command name 'findElement'
[debug] &amp#27;[35m[WD Proxy]&amp#27;[39m Proxying [POST /element] to [POST http://127.0.0.1:8100/session/865725D7-62D9-4D0F-9612-F6E80B79F10F/element] with body: {"using":"accessibility id","value":"�������� ����������"}
&amp#27;[35m[WD Proxy]&amp#27;[39m Got response with status 404: {"value":{"error":"no such element","message":"unable to find an element using 'accessibility id', value '�������� ����������'","traceback":"(\n\t0   WebDriverAgentLib                   0x0000000108e5a04d FBNoSuchElementErrorResponseForRequest + 301\n\t1   WebDriverAgentLib                   0x0000000108e59df9 +[FBFindElementCommands handleFindElement:] + 425\n\t2   WebDriverAgentLib                   0x0000000108e377d6 -[FBRoute_TargetAction mountRequest:intoResponse:] + 182\n\t3   WebDriverAgentLib                   0x0000000108e1f5cb __37-[FBWebServer registerRouteHandlers:]_block_invoke + 555\n\t4   RoutingHTTPServer                   0x0000000108f29c53 -[RoutingHTTPServer handleRoute:withRequest:response:] + 136\n\t5   RoutingHTTPServer                   0x0000000108f2a566 __72-[RoutingHTTPServer routeMethod:withPath:parameters:request:connection:]_block_invoke + 47\n\t6   libdispatch.dylib                   0x00007fff519de7b9 _dispatch_client_callout + 8\n\t7   libdispatch.dylib                   0x00007fff51...
[debug] &amp#27;[35m[W3C]&amp#27;[39m Matched W3C error code 'no such element' to NoSuchElementError
[debug] &amp#27;[35m[BaseDriver]&amp#27;[39m Waited for 68 ms so far
[debug] &amp#27;[35m[WD Proxy]&amp#27;[39m Matched '/element' to command name 'findElement'
[debug] &amp#27;[35m[WD Proxy]&amp#27;[39m Proxying [POST /element] to [POST http://127.0.0.1:8100/session/865725D7-62D9-4D0F-9612-F6E80B79F10F/element] with body: {"using":"accessibility id","value":"�������� ����������"}
[debug] &amp#27;[35m[WD Proxy]&amp#27;[39m Got response with status 200: {"value":{"ELEMENT":"1E000000-0000-0000-7315-000000000000","element-6066-11e4-a52e-4f735466cecf":"1E000000-0000-0000-7315-000000000000"},"sessionId":"865725D7-62D9-4D0F-9612-F6E80B79F10F"}
[debug] &amp#27;[35m[W3C (26255f9c)]&amp#27;[39m Responding to client with driver.findElement() result: {"element-6066-11e4-a52e-4f735466cecf":"1E000000-0000-0000-7315-000000000000","ELEMENT":"1E000000-0000-0000-7315-000000000000"}
&amp#27;[35m[HTTP]&amp#27;[39m &amp#27;[37m<-- POST /wd/hub/session/26255f9c-9f7a-4f75-98c9-83c1e78aa016/element &amp#27;[39m&amp#27;[32m200&amp#27;[39m &amp#27;[90m676 ms - 137&amp#27;[39m
&amp#27;[35m[HTTP]&amp#27;[39m &amp#27;[90m&amp#27;[39m
&amp#27;[35m[HTTP]&amp#27;[39m &amp#27;[37m-->&amp#27;[39m &amp#27;[37mPOST&amp#27;[39m &amp#27;[37m/wd/hub/session/26255f9c-9f7a-4f75-98c9-83c1e78aa016/element/1E000000-0000-0000-7315-000000000000/click&amp#27;[39m
&amp#27;[35m[HTTP]&amp#27;[39m &amp#27;[90m{"id":"1E000000-0000-0000-7315-000000000000"}&amp#27;[39m
&amp#27;[35m[W3C (26255f9c)]&amp#27;[39m Driver proxy active, passing request on via HTTP proxy
[debug] &amp#27;[35m[XCUITest]&amp#27;[39m Executing command 'proxyReqRes'
[debug] &amp#27;[35m[WD Proxy]&amp#27;[39m Matched '/wd/hub/session/26255f9c-9f7a-4f75-98c9-83c1e78aa016/element/1E000000-0000-0000-7315-000000000000/click' to command name 'click'
[debug] &amp#27;[35m[WD Proxy]&amp#27;[39m Proxying [POST /wd/hub/session/26255f9c-9f7a-4f75-98c9-83c1e78aa016/element/1E000000-0000-0000-7315-000000000000/click] to [POST http://127.0.0.1:8100/session/865725D7-62D9-4D0F-9612-F6E80B79F10F/element/1E000000-0000-0000-7315-000000000000/click] with body: {"id":"1E000000-0000-0000-7315-000000000000"}
[debug] &amp#27;[35m[WD Proxy]&amp#27;[39m Got response with status 200: {"value":null,"sessionId":"865725D7-62D9-4D0F-9612-F6E80B79F10F"}
&amp#27;[35m[WD Proxy]&amp#27;[39m Replacing sessionId 865725D7-62D9-4D0F-9612-F6E80B79F10F with 26255f9c-9f7a-4f75-98c9-83c1e78aa016
&amp#27;[35m[HTTP]&amp#27;[39m &amp#27;[37m<-- POST /wd/hub/session/26255f9c-9f7a-4f75-98c9-83c1e78aa016/element/1E000000-0000-0000-7315-000000000000/click &amp#27;[39m&amp#27;[32m200&amp#27;[39m &amp#27;[90m284 ms - 65&amp#27;[39m
&amp#27;[35m[HTTP]&amp#27;[39m &amp#27;[90m&amp#27;[39m
&amp#27;[35m[HTTP]&amp#27;[39m &amp#27;[37m-->&amp#27;[39m &amp#27;[37mGET&amp#27;[39m &amp#27;[37m/wd/hub/session/26255f9c-9f7a-4f75-98c9-83c1e78aa016/context&amp#27;[39m
&amp#27;[35m[HTTP]&amp#27;[39m &amp#27;[90m{}&amp#27;[39m
[debug] &amp#27;[35m[W3C (26255f9c)]&amp#27;[39m Calling AppiumDriver.getCurrentContext() with args: ["26255f9c-9f7a-4f75-98c9-83c1e78aa016"]
[debug] &amp#27;[35m[XCUITest]&amp#27;[39m Executing command 'getCurrentContext'
[debug] &amp#27;[35m[W3C (26255f9c)]&amp#27;[39m Responding to client with driver.getCurrentContext() result: "NATIVE_APP"
&amp#27;[35m[HTTP]&amp#27;[39m &amp#27;[37m<-- GET /wd/hub/session/26255f9c-9f7a-4f75-98c9-83c1e78aa016/context &amp#27;[39m&amp#27;[32m200&amp#27;[39m &amp#27;[90m1 ms - 22&amp#27;[39m
&amp#27;[35m[HTTP]&amp#27;[39m &amp#27;[90m&amp#27;[39m
&amp#27;[35m[HTTP]&amp#27;[39m &amp#27;[37m-->&amp#27;[39m &amp#27;[37mPOST&amp#27;[39m &amp#27;[37m/wd/hub/session/26255f9c-9f7a-4f75-98c9-83c1e78aa016/element&amp#27;[39m
&amp#27;[35m[HTTP]&amp#27;[39m &amp#27;[90m{"using":"accessibility id","value":"������������"}&amp#27;[39m
[debug] &amp#27;[35m[W3C (26255f9c)]&amp#27;[39m Calling AppiumDriver.findElement() with args: ["accessibility id","������������","26255f9c-9f7a-4f75-98c9-83c1e78aa016"]
[debug] &amp#27;[35m[XCUITest]&amp#27;[39m Executing command 'findElement'
[debug] &amp#27;[35m[BaseDriver]&amp#27;[39m Valid locator strategies for this request: xpath, id, name, class name, -ios predicate string, -ios class chain, accessibility id
[debug] &amp#27;[35m[BaseDriver]&amp#27;[39m Waiting up to 20000 ms for condition
[debug] &amp#27;[35m[WD Proxy]&amp#27;[39m Matched '/element' to command name 'findElement'
[debug] &amp#27;[35m[WD Proxy]&amp#27;[39m Proxying [POST /element] to [POST http://127.0.0.1:8100/session/865725D7-62D9-4D0F-9612-F6E80B79F10F/element] with body: {"using":"accessibility id","value":"������������"}
&amp#27;[35m[WD Proxy]&amp#27;[39m Got response with status 404: {"value":{"error":"no such element","message":"unable to find an element using 'accessibility id', value '������������'","traceback":"(\n\t0   WebDriverAgentLib                   0x0000000108e5a04d FBNoSuchElementErrorResponseForRequest + 301\n\t1   WebDriverAgentLib                   0x0000000108e59df9 +[FBFindElementCommands handleFindElement:] + 425\n\t2   WebDriverAgentLib                   0x0000000108e377d6 -[FBRoute_TargetAction mountRequest:intoResponse:] + 182\n\t3   WebDriverAgentLib                   0x0000000108e1f5cb __37-[FBWebServer registerRouteHandlers:]_block_invoke + 555\n\t4   RoutingHTTPServer                   0x0000000108f29c53 -[RoutingHTTPServer handleRoute:withRequest:response:] + 136\n\t5   RoutingHTTPServer                   0x0000000108f2a566 __72-[RoutingHTTPServer routeMethod:withPath:parameters:request:connection:]_block_invoke + 47\n\t6   libdispatch.dylib                   0x00007fff519de7b9 _dispatch_client_callout + 8\n\t7   libdispatch.dylib                   0x00007fff519eb8...
[debug] &amp#27;[35m[W3C]&amp#27;[39m Matched W3C error code 'no such element' to NoSuchElementError
[debug] &amp#27;[35m[BaseDriver]&amp#27;[39m Waited for 63 ms so far
[debug] &amp#27;[35m[WD Proxy]&amp#27;[39m Matched '/element' to command name 'findElement'
[debug] &amp#27;[35m[WD Proxy]&amp#27;[39m Proxying [POST /element] to [POST http://127.0.0.1:8100/session/865725D7-62D9-4D0F-9612-F6E80B79F10F/element] with body: {"using":"accessibility id","value":"������������"}
[debug] &amp#27;[35m[WD Proxy]&amp#27;[39m Got response with status 200: {"value":{"ELEMENT":"37000000-0000-0000-7315-000000000000","element-6066-11e4-a52e-4f735466cecf":"37000000-0000-0000-7315-000000000000"},"sessionId":"865725D7-62D9-4D0F-9612-F6E80B79F10F"}
[debug] &amp#27;[35m[W3C (26255f9c)]&amp#27;[39m Responding to client with driver.findElement() result: {"element-6066-11e4-a52e-4f735466cecf":"37000000-0000-0000-7315-000000000000","ELEMENT":"37000000-0000-0000-7315-000000000000"}
&amp#27;[35m[HTTP]&amp#27;[39m &amp#27;[37m<-- POST /wd/hub/session/26255f9c-9f7a-4f75-98c9-83c1e78aa016/element &amp#27;[39m&amp#27;[32m200&amp#27;[39m &amp#27;[90m4262 ms - 137&amp#27;[39m
&amp#27;[35m[HTTP]&amp#27;[39m &amp#27;[90m&amp#27;[39m
&amp#27;[35m[HTTP]&amp#27;[39m &amp#27;[37m-->&amp#27;[39m &amp#27;[37mPOST&amp#27;[39m &amp#27;[37m/wd/hub/session/26255f9c-9f7a-4f75-98c9-83c1e78aa016/element/37000000-0000-0000-7315-000000000000/click&amp#27;[39m
&amp#27;[35m[HTTP]&amp#27;[39m &amp#27;[90m{"id":"37000000-0000-0000-7315-000000000000"}&amp#27;[39m
&amp#27;[35m[W3C (26255f9c)]&amp#27;[39m Driver proxy active, passing request on via HTTP proxy
[debug] &amp#27;[35m[XCUITest]&amp#27;[39m Executing command 'proxyReqRes'
[debug] &amp#27;[35m[WD Proxy]&amp#27;[39m Matched '/wd/hub/session/26255f9c-9f7a-4f75-98c9-83c1e78aa016/element/37000000-0000-0000-7315-000000000000/click' to command name 'click'
[debug] &amp#27;[35m[WD Proxy]&amp#27;[39m Proxying [POST /wd/hub/session/26255f9c-9f7a-4f75-98c9-83c1e78aa016/element/37000000-0000-0000-7315-000000000000/click] to [POST http://127.0.0.1:8100/session/865725D7-62D9-4D0F-9612-F6E80B79F10F/element/37000000-0000-0000-7315-000000000000/click] with body: {"id":"37000000-0000-0000-7315-000000000000"}
[debug] &amp#27;[35m[WD Proxy]&amp#27;[39m Got response with status 200: {"value":null,"sessionId":"865725D7-62D9-4D0F-9612-F6E80B79F10F"}
&amp#27;[35m[WD Proxy]&amp#27;[39m Replacing sessionId 865725D7-62D9-4D0F-9612-F6E80B79F10F with 26255f9c-9f7a-4f75-98c9-83c1e78aa016
&amp#27;[35m[HTTP]&amp#27;[39m &amp#27;[37m<-- POST /wd/hub/session/26255f9c-9f7a-4f75-98c9-83c1e78aa016/element/37000000-0000-0000-7315-000000000000/click &amp#27;[39m&amp#27;[32m200&amp#27;[39m &amp#27;[90m382 ms - 65&amp#27;[39m
&amp#27;[35m[HTTP]&amp#27;[39m &amp#27;[90m&amp#27;[39m
&amp#27;[35m[HTTP]&amp#27;[39m &amp#27;[37m-->&amp#27;[39m &amp#27;[37mGET&amp#27;[39m &amp#27;[37m/wd/hub/session/26255f9c-9f7a-4f75-98c9-83c1e78aa016/context&amp#27;[39m
&amp#27;[35m[HTTP]&amp#27;[39m &amp#27;[90m{}&amp#27;[39m
[debug] &amp#27;[35m[W3C (26255f9c)]&amp#27;[39m Calling AppiumDriver.getCurrentContext() with args: ["26255f9c-9f7a-4f75-98c9-83c1e78aa016"]
[debug] &amp#27;[35m[XCUITest]&amp#27;[39m Executing command 'getCurrentContext'
[debug] &amp#27;[35m[W3C (26255f9c)]&amp#27;[39m Responding to client with driver.getCurrentContext() result: "NATIVE_APP"
&amp#27;[35m[HTTP]&amp#27;[39m &amp#27;[37m<-- GET /wd/hub/session/26255f9c-9f7a-4f75-98c9-83c1e78aa016/context &amp#27;[39m&amp#27;[32m200&amp#27;[39m &amp#27;[90m1 ms - 22&amp#27;[39m
&amp#27;[35m[HTTP]&amp#27;[39m &amp#27;[90m&amp#27;[39m
&amp#27;[35m[HTTP]&amp#27;[39m &amp#27;[37m-->&amp#27;[39m &amp#27;[37mPOST&amp#27;[39m &amp#27;[37m/wd/hub/session/26255f9c-9f7a-4f75-98c9-83c1e78aa016/element&amp#27;[39m
&amp#27;[35m[HTTP]&amp#27;[39m &amp#27;[90m{"using":"accessibility id","value":"���������� ������������"}&amp#27;[39m
[debug] &amp#27;[35m[W3C (26255f9c)]&amp#27;[39m Calling AppiumDriver.findElement() with args: ["accessibility id","���������� ������������","26255f9c-9f7a-4f75-98c9-83c1e78aa016"]
[debug] &amp#27;[35m[XCUITest]&amp#27;[39m Executing command 'findElement'
[debug] &amp#27;[35m[BaseDriver]&amp#27;[39m Valid locator strategies for this request: xpath, id, name, class name, -ios predicate string, -ios class chain, accessibility id
[debug] &amp#27;[35m[BaseDriver]&amp#27;[39m Waiting up to 20000 ms for condition
[debug] &amp#27;[35m[WD Proxy]&amp#27;[39m Matched '/element' to command name 'findElement'
[debug] &amp#27;[35m[WD Proxy]&amp#27;[39m Proxying [POST /element] to [POST http://127.0.0.1:8100/session/865725D7-62D9-4D0F-9612-F6E80B79F10F/element] with body: {"using":"accessibility id","value":"���������� ������������"}
&amp#27;[35m[WD Proxy]&amp#27;[39m Got response with status 404: {"value":{"error":"no such element","message":"unable to find an element using 'accessibility id', value '���������� ������������'","traceback":"(\n\t0   WebDriverAgentLib                   0x0000000108e5a04d FBNoSuchElementErrorResponseForRequest + 301\n\t1   WebDriverAgentLib                   0x0000000108e59df9 +[FBFindElementCommands handleFindElement:] + 425\n\t2   WebDriverAgentLib                   0x0000000108e377d6 -[FBRoute_TargetAction mountRequest:intoResponse:] + 182\n\t3   WebDriverAgentLib                   0x0000000108e1f5cb __37-[FBWebServer registerRouteHandlers:]_block_invoke + 555\n\t4   RoutingHTTPServer                   0x0000000108f29c53 -[RoutingHTTPServer handleRoute:withRequest:response:] + 136\n\t5   RoutingHTTPServer                   0x0000000108f2a566 __72-[RoutingHTTPServer routeMethod:withPath:parameters:request:connection:]_block_invoke + 47\n\t6   libdispatch.dylib                   0x00007fff519de7b9 _dispatch_client_callout + 8\n\t7   libdispatch.dylib                   0x00007fff...
[debug] &amp#27;[35m[W3C]&amp#27;[39m Matched W3C error code 'no such element' to NoSuchElementError
[debug] &amp#27;[35m[BaseDriver]&amp#27;[39m Waited for 86 ms so far
[debug] &amp#27;[35m[WD Proxy]&amp#27;[39m Matched '/element' to command name 'findElement'
[debug] &amp#27;[35m[WD Proxy]&amp#27;[39m Proxying [POST /element] to [POST http://127.0.0.1:8100/session/865725D7-62D9-4D0F-9612-F6E80B79F10F/element] with body: {"using":"accessibility id","value":"���������� ������������"}
&amp#27;[35m[WD Proxy]&amp#27;[39m Got response with status 404: {"value":{"error":"no such element","message":"unable to find an element using 'accessibility id', value '���������� ������������'","traceback":"(\n\t0   WebDriverAgentLib                   0x0000000108e5a04d FBNoSuchElementErrorResponseForRequest + 301\n\t1   WebDriverAgentLib                   0x0000000108e59df9 +[FBFindElementCommands handleFindElement:] + 425\n\t2   WebDriverAgentLib                   0x0000000108e377d6 -[FBRoute_TargetAction mountRequest:intoResponse:] + 182\n\t3   WebDriverAgentLib                   0x0000000108e1f5cb __37-[FBWebServer registerRouteHandlers:]_block_invoke + 555\n\t4   RoutingHTTPServer                   0x0000000108f29c53 -[RoutingHTTPServer handleRoute:withRequest:response:] + 136\n\t5   RoutingHTTPServer                   0x0000000108f2a566 __72-[RoutingHTTPServer routeMethod:withPath:parameters:request:connection:]_block_invoke + 47\n\t6   libdispatch.dylib                   0x00007fff519de7b9 _dispatch_client_callout + 8\n\t7   libdispatch.dylib                   0x00007fff...
[debug] &amp#27;[35m[W3C]&amp#27;[39m Matched W3C error code 'no such element' to NoSuchElementError
[debug] &amp#27;[35m[BaseDriver]&amp#27;[39m Waited for 666 ms so far
[debug] &amp#27;[35m[WD Proxy]&amp#27;[39m Matched '/element' to command name 'findElement'
[debug] &amp#27;[35m[WD Proxy]&amp#27;[39m Proxying [POST /element] to [POST http://127.0.0.1:8100/session/865725D7-62D9-4D0F-9612-F6E80B79F10F/element] with body: {"using":"accessibility id","value":"���������� ������������"}
&amp#27;[35m[WD Proxy]&amp#27;[39m Got response with status 404: {"value":{"error":"no such element","message":"unable to find an element using 'accessibility id', value '���������� ������������'","traceback":"(\n\t0   WebDriverAgentLib                   0x0000000108e5a04d FBNoSuchElementErrorResponseForRequest + 301\n\t1   WebDriverAgentLib                   0x0000000108e59df9 +[FBFindElementCommands handleFindElement:] + 425\n\t2   WebDriverAgentLib                   0x0000000108e377d6 -[FBRoute_TargetAction mountRequest:intoResponse:] + 182\n\t3   WebDriverAgentLib                   0x0000000108e1f5cb __37-[FBWebServer registerRouteHandlers:]_block_invoke + 555\n\t4   RoutingHTTPServer                   0x0000000108f29c53 -[RoutingHTTPServer handleRoute:withRequest:response:] + 136\n\t5   RoutingHTTPServer                   0x0000000108f2a566 __72-[RoutingHTTPServer routeMethod:withPath:parameters:request:connection:]_block_invoke + 47\n\t6   libdispatch.dylib                   0x00007fff519de7b9 _dispatch_client_callout + 8\n\t7   libdispatch.dylib                   0x00007fff...
[debug] &amp#27;[35m[W3C]&amp#27;[39m Matched W3C error code 'no such element' to NoSuchElementError
[debug] &amp#27;[35m[BaseDriver]&amp#27;[39m Waited for 1249 ms so far
[debug] &amp#27;[35m[WD Proxy]&amp#27;[39m Matched '/element' to command name 'findElement'
[debug] &amp#27;[35m[WD Proxy]&amp#27;[39m Proxying [POST /element] to [POST http://127.0.0.1:8100/session/865725D7-62D9-4D0F-9612-F6E80B79F10F/element] with body: {"using":"accessibility id","value":"���������� ������������"}
&amp#27;[35m[WD Proxy]&amp#27;[39m Got response with status 404: {"value":{"error":"no such element","message":"unable to find an element using 'accessibility id', value '���������� ������������'","traceback":"(\n\t0   WebDriverAgentLib                   0x0000000108e5a04d FBNoSuchElementErrorResponseForRequest + 301\n\t1   WebDriverAgentLib                   0x0000000108e59df9 +[FBFindElementCommands handleFindElement:] + 425\n\t2   WebDriverAgentLib                   0x0000000108e377d6 -[FBRoute_TargetAction mountRequest:intoResponse:] + 182\n\t3   WebDriverAgentLib                   0x0000000108e1f5cb __37-[FBWebServer registerRouteHandlers:]_block_invoke + 555\n\t4   RoutingHTTPServer                   0x0000000108f29c53 -[RoutingHTTPServer handleRoute:withRequest:response:] + 136\n\t5   RoutingHTTPServer                   0x0000000108f2a566 __72-[RoutingHTTPServer routeMethod:withPath:parameters:request:connection:]_block_invoke + 47\n\t6   libdispatch.dylib                   0x00007fff519de7b9 _dispatch_client_callout + 8\n\t7   libdispatch.dylib                   0x00007fff...
[debug] &amp#27;[35m[W3C]&amp#27;[39m Matched W3C error code 'no such element' to NoSuchElementError
[debug] &amp#27;[35m[BaseDriver]&amp#27;[39m Waited for 1827 ms so far
[debug] &amp#27;[35m[WD Proxy]&amp#27;[39m Matched '/element' to command name 'findElement'
[debug] &amp#27;[35m[WD Proxy]&amp#27;[39m Proxying [POST /element] to [POST http://127.0.0.1:8100/session/865725D7-62D9-4D0F-9612-F6E80B79F10F/element] with body: {"using":"accessibility id","value":"���������� ������������"}
&amp#27;[35m[WD Proxy]&amp#27;[39m Got response with status 404: {"value":{"error":"no such element","message":"unable to find an element using 'accessibility id', value '���������� ������������'","traceback":"(\n\t0   WebDriverAgentLib                   0x0000000108e5a04d FBNoSuchElementErrorResponseForRequest + 301\n\t1   WebDriverAgentLib                   0x0000000108e59df9 +[FBFindElementCommands handleFindElement:] + 425\n\t2   WebDriverAgentLib                   0x0000000108e377d6 -[FBRoute_TargetAction mountRequest:intoResponse:] + 182\n\t3   WebDriverAgentLib                   0x0000000108e1f5cb __37-[FBWebServer registerRouteHandlers:]_block_invoke + 555\n\t4   RoutingHTTPServer                   0x0000000108f29c53 -[RoutingHTTPServer handleRoute:withRequest:response:] + 136\n\t5   RoutingHTTPServer                   0x0000000108f2a566 __72-[RoutingHTTPServer routeMethod:withPath:parameters:request:connection:]_block_invoke + 47\n\t6   libdispatch.dylib                   0x00007fff519de7b9 _dispatch_client_callout + 8\n\t7   libdispatch.dylib                   0x00007fff...
[debug] &amp#27;[35m[W3C]&amp#27;[39m Matched W3C error code 'no such element' to NoSuchElementError
[debug] &amp#27;[35m[BaseDriver]&amp#27;[39m Waited for 2408 ms so far
[debug] &amp#27;[35m[WD Proxy]&amp#27;[39m Matched '/element' to command name 'findElement'
[debug] &amp#27;[35m[WD Proxy]&amp#27;[39m Proxying [POST /element] to [POST http://127.0.0.1:8100/session/865725D7-62D9-4D0F-9612-F6E80B79F10F/element] with body: {"using":"accessibility id","value":"���������� ������������"}
&amp#27;[35m[WD Proxy]&amp#27;[39m Got response with status 404: {"value":{"error":"no such element","message":"unable to find an element using 'accessibility id', value '���������� ������������'","traceback":"(\n\t0   WebDriverAgentLib                   0x0000000108e5a04d FBNoSuchElementErrorResponseForRequest + 301\n\t1   WebDriverAgentLib                   0x0000000108e59df9 +[FBFindElementCommands handleFindElement:] + 425\n\t2   WebDriverAgentLib                   0x0000000108e377d6 -[FBRoute_TargetAction mountRequest:intoResponse:] + 182\n\t3   WebDriverAgentLib                   0x0000000108e1f5cb __37-[FBWebServer registerRouteHandlers:]_block_invoke + 555\n\t4   RoutingHTTPServer                   0x0000000108f29c53 -[RoutingHTTPServer handleRoute:withRequest:response:] + 136\n\t5   RoutingHTTPServer                   0x0000000108f2a566 __72-[RoutingHTTPServer routeMethod:withPath:parameters:request:connection:]_block_invoke + 47\n\t6   libdispatch.dylib                   0x00007fff519de7b9 _dispatch_client_callout + 8\n\t7   libdispatch.dylib                   0x00007fff...
[debug] &amp#27;[35m[W3C]&amp#27;[39m Matched W3C error code 'no such element' to NoSuchElementError
[debug] &amp#27;[35m[BaseDriver]&amp#27;[39m Waited for 2999 ms so far
[debug] &amp#27;[35m[WD Proxy]&amp#27;[39m Matched '/element' to command name 'findElement'
[debug] &amp#27;[35m[WD Proxy]&amp#27;[39m Proxying [POST /element] to [POST http://127.0.0.1:8100/session/865725D7-62D9-4D0F-9612-F6E80B79F10F/element] with body: {"using":"accessibility id","value":"���������� ������������"}
&amp#27;[35m[WD Proxy]&amp#27;[39m Got response with status 404: {"value":{"error":"no such element","message":"unable to find an element using 'accessibility id', value '���������� ������������'","traceback":"(\n\t0   WebDriverAgentLib                   0x0000000108e5a04d FBNoSuchElementErrorResponseForRequest + 301\n\t1   WebDriverAgentLib                   0x0000000108e59df9 +[FBFindElementCommands handleFindElement:] + 425\n\t2   WebDriverAgentLib                   0x0000000108e377d6 -[FBRoute_TargetAction mountRequest:intoResponse:] + 182\n\t3   WebDriverAgentLib                   0x0000000108e1f5cb __37-[FBWebServer registerRouteHandlers:]_block_invoke + 555\n\t4   RoutingHTTPServer                   0x0000000108f29c53 -[RoutingHTTPServer handleRoute:withRequest:response:] + 136\n\t5   RoutingHTTPServer                   0x0000000108f2a566 __72-[RoutingHTTPServer routeMethod:withPath:parameters:request:connection:]_block_invoke + 47\n\t6   libdispatch.dylib                   0x00007fff519de7b9 _dispatch_client_callout + 8\n\t7   libdispatch.dylib                   0x00007fff...
[debug] &amp#27;[35m[W3C]&amp#27;[39m Matched W3C error code 'no such element' to NoSuchElementError
[debug] &amp#27;[35m[BaseDriver]&amp#27;[39m Waited for 3576 ms so far
[debug] &amp#27;[35m[WD Proxy]&amp#27;[39m Matched '/element' to command name 'findElement'
[debug] &amp#27;[35m[WD Proxy]&amp#27;[39m Proxying [POST /element] to [POST http://127.0.0.1:8100/session/865725D7-62D9-4D0F-9612-F6E80B79F10F/element] with body: {"using":"accessibility id","value":"���������� ������������"}
&amp#27;[35m[WD Proxy]&amp#27;[39m Got response with status 404: {"value":{"error":"no such element","message":"unable to find an element using 'accessibility id', value '���������� ������������'","traceback":"(\n\t0   WebDriverAgentLib                   0x0000000108e5a04d FBNoSuchElementErrorResponseForRequest + 301\n\t1   WebDriverAgentLib                   0x0000000108e59df9 +[FBFindElementCommands handleFindElement:] + 425\n\t2   WebDriverAgentLib                   0x0000000108e377d6 -[FBRoute_TargetAction mountRequest:intoResponse:] + 182\n\t3   WebDriverAgentLib                   0x0000000108e1f5cb __37-[FBWebServer registerRouteHandlers:]_block_invoke + 555\n\t4   RoutingHTTPServer                   0x0000000108f29c53 -[RoutingHTTPServer handleRoute:withRequest:response:] + 136\n\t5   RoutingHTTPServer                   0x0000000108f2a566 __72-[RoutingHTTPServer routeMethod:withPath:parameters:request:connection:]_block_invoke + 47\n\t6   libdispatch.dylib                   0x00007fff519de7b9 _dispatch_client_callout + 8\n\t7   libdispatch.dylib                   0x00007fff...
[debug] &amp#27;[35m[W3C]&amp#27;[39m Matched W3C error code 'no such element' to NoSuchElementError
[debug] &amp#27;[35m[BaseDriver]&amp#27;[39m Waited for 4149 ms so far
[debug] &amp#27;[35m[WD Proxy]&amp#27;[39m Matched '/element' to command name 'findElement'
[debug] &amp#27;[35m[WD Proxy]&amp#27;[39m Proxying [POST /element] to [POST http://127.0.0.1:8100/session/865725D7-62D9-4D0F-9612-F6E80B79F10F/element] with body: {"using":"accessibility id","value":"���������� ������������"}
&amp#27;[35m[WD Proxy]&amp#27;[39m Got response with status 404: {"value":{"error":"no such element","message":"unable to find an element using 'accessibility id', value '���������� ������������'","traceback":"(\n\t0   WebDriverAgentLib                   0x0000000108e5a04d FBNoSuchElementErrorResponseForRequest + 301\n\t1   WebDriverAgentLib                   0x0000000108e59df9 +[FBFindElementCommands handleFindElement:] + 425\n\t2   WebDriverAgentLib                   0x0000000108e377d6 -[FBRoute_TargetAction mountRequest:intoResponse:] + 182\n\t3   WebDriverAgentLib                   0x0000000108e1f5cb __37-[FBWebServer registerRouteHandlers:]_block_invoke + 555\n\t4   RoutingHTTPServer                   0x0000000108f29c53 -[RoutingHTTPServer handleRoute:withRequest:response:] + 136\n\t5   RoutingHTTPServer                   0x0000000108f2a566 __72-[RoutingHTTPServer routeMethod:withPath:parameters:request:connection:]_block_invoke + 47\n\t6   libdispatch.dylib                   0x00007fff519de7b9 _dispatch_client_callout + 8\n\t7   libdispatch.dylib                   0x00007fff...
[debug] &amp#27;[35m[W3C]&amp#27;[39m Matched W3C error code 'no such element' to NoSuchElementError
[debug] &amp#27;[35m[BaseDriver]&amp#27;[39m Waited for 4731 ms so far
[debug] &amp#27;[35m[WD Proxy]&amp#27;[39m Matched '/element' to command name 'findElement'
[debug] &amp#27;[35m[WD Proxy]&amp#27;[39m Proxying [POST /element] to [POST http://127.0.0.1:8100/session/865725D7-62D9-4D0F-9612-F6E80B79F10F/element] with body: {"using":"accessibility id","value":"���������� ������������"}
&amp#27;[35m[WD Proxy]&amp#27;[39m Got response with status 404: {"value":{"error":"no such element","message":"unable to find an element using 'accessibility id', value '���������� ������������'","traceback":"(\n\t0   WebDriverAgentLib                   0x0000000108e5a04d FBNoSuchElementErrorResponseForRequest + 301\n\t1   WebDriverAgentLib                   0x0000000108e59df9 +[FBFindElementCommands handleFindElement:] + 425\n\t2   WebDriverAgentLib                   0x0000000108e377d6 -[FBRoute_TargetAction mountRequest:intoResponse:] + 182\n\t3   WebDriverAgentLib                   0x0000000108e1f5cb __37-[FBWebServer registerRouteHandlers:]_block_invoke + 555\n\t4   RoutingHTTPServer                   0x0000000108f29c53 -[RoutingHTTPServer handleRoute:withRequest:response:] + 136\n\t5   RoutingHTTPServer                   0x0000000108f2a566 __72-[RoutingHTTPServer routeMethod:withPath:parameters:request:connection:]_block_invoke + 47\n\t6   libdispatch.dylib                   0x00007fff519de7b9 _dispatch_client_callout + 8\n\t7   libdispatch.dylib                   0x00007fff...
[debug] &amp#27;[35m[W3C]&amp#27;[39m Matched W3C error code 'no such element' to NoSuchElementError
[debug] &amp#27;[35m[BaseDriver]&amp#27;[39m Waited for 5308 ms so far
[debug] &amp#27;[35m[WD Proxy]&amp#27;[39m Matched '/element' to command name 'findElement'
[debug] &amp#27;[35m[WD Proxy]&amp#27;[39m Proxying [POST /element] to [POST http://127.0.0.1:8100/session/865725D7-62D9-4D0F-9612-F6E80B79F10F/element] with body: {"using":"accessibility id","value":"���������� ������������"}
&amp#27;[35m[WD Proxy]&amp#27;[39m Got response with status 404: {"value":{"error":"no such element","message":"unable to find an element using 'accessibility id', value '���������� ������������'","traceback":"(\n\t0   WebDriverAgentLib                   0x0000000108e5a04d FBNoSuchElementErrorResponseForRequest + 301\n\t1   WebDriverAgentLib                   0x0000000108e59df9 +[FBFindElementCommands handleFindElement:] + 425\n\t2   WebDriverAgentLib                   0x0000000108e377d6 -[FBRoute_TargetAction mountRequest:intoResponse:] + 182\n\t3   WebDriverAgentLib                   0x0000000108e1f5cb __37-[FBWebServer registerRouteHandlers:]_block_invoke + 555\n\t4   RoutingHTTPServer                   0x0000000108f29c53 -[RoutingHTTPServer handleRoute:withRequest:response:] + 136\n\t5   RoutingHTTPServer                   0x0000000108f2a566 __72-[RoutingHTTPServer routeMethod:withPath:parameters:request:connection:]_block_invoke + 47\n\t6   libdispatch.dylib                   0x00007fff519de7b9 _dispatch_client_callout + 8\n\t7   libdispatch.dylib                   0x00007fff...
[debug] &amp#27;[35m[W3C]&amp#27;[39m Matched W3C error code 'no such element' to NoSuchElementError
[debug] &amp#27;[35m[BaseDriver]&amp#27;[39m Waited for 5884 ms so far
[debug] &amp#27;[35m[WD Proxy]&amp#27;[39m Matched '/element' to command name 'findElement'
[debug] &amp#27;[35m[WD Proxy]&amp#27;[39m Proxying [POST /element] to [POST http://127.0.0.1:8100/session/865725D7-62D9-4D0F-9612-F6E80B79F10F/element] with body: {"using":"accessibility id","value":"���������� ������������"}
&amp#27;[35m[WD Proxy]&amp#27;[39m Got response with status 404: {"value":{"error":"no such element","message":"unable to find an element using 'accessibility id', value '���������� ������������'","traceback":"(\n\t0   WebDriverAgentLib                   0x0000000108e5a04d FBNoSuchElementErrorResponseForRequest + 301\n\t1   WebDriverAgentLib                   0x0000000108e59df9 +[FBFindElementCommands handleFindElement:] + 425\n\t2   WebDriverAgentLib                   0x0000000108e377d6 -[FBRoute_TargetAction mountRequest:intoResponse:] + 182\n\t3   WebDriverAgentLib                   0x0000000108e1f5cb __37-[FBWebServer registerRouteHandlers:]_block_invoke + 555\n\t4   RoutingHTTPServer                   0x0000000108f29c53 -[RoutingHTTPServer handleRoute:withRequest:response:] + 136\n\t5   RoutingHTTPServer                   0x0000000108f2a566 __72-[RoutingHTTPServer routeMethod:withPath:parameters:request:connection:]_block_invoke + 47\n\t6   libdispatch.dylib                   0x00007fff519de7b9 _dispatch_client_callout + 8\n\t7   libdispatch.dylib                   0x00007fff...
[debug] &amp#27;[35m[W3C]&amp#27;[39m Matched W3C error code 'no such element' to NoSuchElementError
[debug] &amp#27;[35m[BaseDriver]&amp#27;[39m Waited for 6460 ms so far
[debug] &amp#27;[35m[WD Proxy]&amp#27;[39m Matched '/element' to command name 'findElement'
[debug] &amp#27;[35m[WD Proxy]&amp#27;[39m Proxying [POST /element] to [POST http://127.0.0.1:8100/session/865725D7-62D9-4D0F-9612-F6E80B79F10F/element] with body: {"using":"accessibility id","value":"���������� ������������"}
&amp#27;[35m[WD Proxy]&amp#27;[39m Got response with status 404: {"value":{"error":"no such element","message":"unable to find an element using 'accessibility id', value '���������� ������������'","traceback":"(\n\t0   WebDriverAgentLib                   0x0000000108e5a04d FBNoSuchElementErrorResponseForRequest + 301\n\t1   WebDriverAgentLib                   0x0000000108e59df9 +[FBFindElementCommands handleFindElement:] + 425\n\t2   WebDriverAgentLib                   0x0000000108e377d6 -[FBRoute_TargetAction mountRequest:intoResponse:] + 182\n\t3   WebDriverAgentLib                   0x0000000108e1f5cb __37-[FBWebServer registerRouteHandlers:]_block_invoke + 555\n\t4   RoutingHTTPServer                   0x0000000108f29c53 -[RoutingHTTPServer handleRoute:withRequest:response:] + 136\n\t5   RoutingHTTPServer                   0x0000000108f2a566 __72-[RoutingHTTPServer routeMethod:withPath:parameters:request:connection:]_block_invoke + 47\n\t6   libdispatch.dylib                   0x00007fff519de7b9 _dispatch_client_callout + 8\n\t7   libdispatch.dylib                   0x00007fff...
[debug] &amp#27;[35m[W3C]&amp#27;[39m Matched W3C error code 'no such element' to NoSuchElementError
[debug] &amp#27;[35m[BaseDriver]&amp#27;[39m Waited for 7035 ms so far
[debug] &amp#27;[35m[WD Proxy]&amp#27;[39m Matched '/element' to command name 'findElement'
[debug] &amp#27;[35m[WD Proxy]&amp#27;[39m Proxying [POST /element] to [POST http://127.0.0.1:8100/session/865725D7-62D9-4D0F-9612-F6E80B79F10F/element] with body: {"using":"accessibility id","value":"���������� ������������"}
&amp#27;[35m[WD Proxy]&amp#27;[39m Got response with status 404: {"value":{"error":"no such element","message":"unable to find an element using 'accessibility id', value '���������� ������������'","traceback":"(\n\t0   WebDriverAgentLib                   0x0000000108e5a04d FBNoSuchElementErrorResponseForRequest + 301\n\t1   WebDriverAgentLib                   0x0000000108e59df9 +[FBFindElementCommands handleFindElement:] + 425\n\t2   WebDriverAgentLib                   0x0000000108e377d6 -[FBRoute_TargetAction mountRequest:intoResponse:] + 182\n\t3   WebDriverAgentLib                   0x0000000108e1f5cb __37-[FBWebServer registerRouteHandlers:]_block_invoke + 555\n\t4   RoutingHTTPServer                   0x0000000108f29c53 -[RoutingHTTPServer handleRoute:withRequest:response:] + 136\n\t5   RoutingHTTPServer                   0x0000000108f2a566 __72-[RoutingHTTPServer routeMethod:withPath:parameters:request:connection:]_block_invoke + 47\n\t6   libdispatch.dylib                   0x00007fff519de7b9 _dispatch_client_callout + 8\n\t7   libdispatch.dylib                   0x00007fff...
[debug] &amp#27;[35m[W3C]&amp#27;[39m Matched W3C error code 'no such element' to NoSuchElementError
[debug] &amp#27;[35m[BaseDriver]&amp#27;[39m Waited for 7611 ms so far
[debug] &amp#27;[35m[WD Proxy]&amp#27;[39m Matched '/element' to command name 'findElement'
[debug] &amp#27;[35m[WD Proxy]&amp#27;[39m Proxying [POST /element] to [POST http://127.0.0.1:8100/session/865725D7-62D9-4D0F-9612-F6E80B79F10F/element] with body: {"using":"accessibility id","value":"���������� ������������"}
&amp#27;[35m[WD Proxy]&amp#27;[39m Got response with status 404: {"value":{"error":"no such element","message":"unable to find an element using 'accessibility id', value '���������� ������������'","traceback":"(\n\t0   WebDriverAgentLib                   0x0000000108e5a04d FBNoSuchElementErrorResponseForRequest + 301\n\t1   WebDriverAgentLib                   0x0000000108e59df9 +[FBFindElementCommands handleFindElement:] + 425\n\t2   WebDriverAgentLib                   0x0000000108e377d6 -[FBRoute_TargetAction mountRequest:intoResponse:] + 182\n\t3   WebDriverAgentLib                   0x0000000108e1f5cb __37-[FBWebServer registerRouteHandlers:]_block_invoke + 555\n\t4   RoutingHTTPServer                   0x0000000108f29c53 -[RoutingHTTPServer handleRoute:withRequest:response:] + 136\n\t5   RoutingHTTPServer                   0x0000000108f2a566 __72-[RoutingHTTPServer routeMethod:withPath:parameters:request:connection:]_block_invoke + 47\n\t6   libdispatch.dylib                   0x00007fff519de7b9 _dispatch_client_callout + 8\n\t7   libdispatch.dylib                   0x00007fff...
[debug] &amp#27;[35m[W3C]&amp#27;[39m Matched W3C error code 'no such element' to NoSuchElementError
[debug] &amp#27;[35m[BaseDriver]&amp#27;[39m Waited for 8188 ms so far
[debug] &amp#27;[35m[WD Proxy]&amp#27;[39m Matched '/element' to command name 'findElement'
[debug] &amp#27;[35m[WD Proxy]&amp#27;[39m Proxying [POST /element] to [POST http://127.0.0.1:8100/session/865725D7-62D9-4D0F-9612-F6E80B79F10F/element] with body: {"using":"accessibility id","value":"���������� ������������"}
&amp#27;[35m[WD Proxy]&amp#27;[39m Got response with status 404: {"value":{"error":"no such element","message":"unable to find an element using 'accessibility id', value '���������� ������������'","traceback":"(\n\t0   WebDriverAgentLib                   0x0000000108e5a04d FBNoSuchElementErrorResponseForRequest + 301\n\t1   WebDriverAgentLib                   0x0000000108e59df9 +[FBFindElementCommands handleFindElement:] + 425\n\t2   WebDriverAgentLib                   0x0000000108e377d6 -[FBRoute_TargetAction mountRequest:intoResponse:] + 182\n\t3   WebDriverAgentLib                   0x0000000108e1f5cb __37-[FBWebServer registerRouteHandlers:]_block_invoke + 555\n\t4   RoutingHTTPServer                   0x0000000108f29c53 -[RoutingHTTPServer handleRoute:withRequest:response:] + 136\n\t5   RoutingHTTPServer                   0x0000000108f2a566 __72-[RoutingHTTPServer routeMethod:withPath:parameters:request:connection:]_block_invoke + 47\n\t6   libdispatch.dylib                   0x00007fff519de7b9 _dispatch_client_callout + 8\n\t7   libdispatch.dylib                   0x00007fff...
[debug] &amp#27;[35m[W3C]&amp#27;[39m Matched W3C error code 'no such element' to NoSuchElementError
[debug] &amp#27;[35m[BaseDriver]&amp#27;[39m Waited for 8766 ms so far
[debug] &amp#27;[35m[WD Proxy]&amp#27;[39m Matched '/element' to command name 'findElement'
[debug] &amp#27;[35m[WD Proxy]&amp#27;[39m Proxying [POST /element] to [POST http://127.0.0.1:8100/session/865725D7-62D9-4D0F-9612-F6E80B79F10F/element] with body: {"using":"accessibility id","value":"���������� ������������"}
&amp#27;[35m[WD Proxy]&amp#27;[39m Got response with status 404: {"value":{"error":"no such element","message":"unable to find an element using 'accessibility id', value '���������� ������������'","traceback":"(\n\t0   WebDriverAgentLib                   0x0000000108e5a04d FBNoSuchElementErrorResponseForRequest + 301\n\t1   WebDriverAgentLib                   0x0000000108e59df9 +[FBFindElementCommands handleFindElement:] + 425\n\t2   WebDriverAgentLib                   0x0000000108e377d6 -[FBRoute_TargetAction mountRequest:intoResponse:] + 182\n\t3   WebDriverAgentLib                   0x0000000108e1f5cb __37-[FBWebServer registerRouteHandlers:]_block_invoke + 555\n\t4   RoutingHTTPServer                   0x0000000108f29c53 -[RoutingHTTPServer handleRoute:withRequest:response:] + 136\n\t5   RoutingHTTPServer                   0x0000000108f2a566 __72-[RoutingHTTPServer routeMethod:withPath:parameters:request:connection:]_block_invoke + 47\n\t6   libdispatch.dylib                   0x00007fff519de7b9 _dispatch_client_callout + 8\n\t7   libdispatch.dylib                   0x00007fff...
[debug] &amp#27;[35m[W3C]&amp#27;[39m Matched W3C error code 'no such element' to NoSuchElementError
[debug] &amp#27;[35m[BaseDriver]&amp#27;[39m Waited for 9338 ms so far
[debug] &amp#27;[35m[WD Proxy]&amp#27;[39m Matched '/element' to command name 'findElement'
[debug] &amp#27;[35m[WD Proxy]&amp#27;[39m Proxying [POST /element] to [POST http://127.0.0.1:8100/session/865725D7-62D9-4D0F-9612-F6E80B79F10F/element] with body: {"using":"accessibility id","value":"���������� ������������"}
&amp#27;[35m[WD Proxy]&amp#27;[39m Got response with status 404: {"value":{"error":"no such element","message":"unable to find an element using 'accessibility id', value '���������� ������������'","traceback":"(\n\t0   WebDriverAgentLib                   0x0000000108e5a04d FBNoSuchElementErrorResponseForRequest + 301\n\t1   WebDriverAgentLib                   0x0000000108e59df9 +[FBFindElementCommands handleFindElement:] + 425\n\t2   WebDriverAgentLib                   0x0000000108e377d6 -[FBRoute_TargetAction mountRequest:intoResponse:] + 182\n\t3   WebDriverAgentLib                   0x0000000108e1f5cb __37-[FBWebServer registerRouteHandlers:]_block_invoke + 555\n\t4   RoutingHTTPServer                   0x0000000108f29c53 -[RoutingHTTPServer handleRoute:withRequest:response:] + 136\n\t5   RoutingHTTPServer                   0x0000000108f2a566 __72-[RoutingHTTPServer routeMethod:withPath:parameters:request:connection:]_block_invoke + 47\n\t6   libdispatch.dylib                   0x00007fff519de7b9 _dispatch_client_callout + 8\n\t7   libdispatch.dylib                   0x00007fff...
[debug] &amp#27;[35m[W3C]&amp#27;[39m Matched W3C error code 'no such element' to NoSuchElementError
[debug] &amp#27;[35m[BaseDriver]&amp#27;[39m Waited for 9913 ms so far
[debug] &amp#27;[35m[WD Proxy]&amp#27;[39m Matched '/element' to command name 'findElement'
[debug] &amp#27;[35m[WD Proxy]&amp#27;[39m Proxying [POST /element] to [POST http://127.0.0.1:8100/session/865725D7-62D9-4D0F-9612-F6E80B79F10F/element] with body: {"using":"accessibility id","value":"���������� ������������"}
&amp#27;[35m[WD Proxy]&amp#27;[39m Got response with status 404: {"value":{"error":"no such element","message":"unable to find an element using 'accessibility id', value '���������� ������������'","traceback":"(\n\t0   WebDriverAgentLib                   0x0000000108e5a04d FBNoSuchElementErrorResponseForRequest + 301\n\t1   WebDriverAgentLib                   0x0000000108e59df9 +[FBFindElementCommands handleFindElement:] + 425\n\t2   WebDriverAgentLib                   0x0000000108e377d6 -[FBRoute_TargetAction mountRequest:intoResponse:] + 182\n\t3   WebDriverAgentLib                   0x0000000108e1f5cb __37-[FBWebServer registerRouteHandlers:]_block_invoke + 555\n\t4   RoutingHTTPServer                   0x0000000108f29c53 -[RoutingHTTPServer handleRoute:withRequest:response:] + 136\n\t5   RoutingHTTPServer                   0x0000000108f2a566 __72-[RoutingHTTPServer routeMethod:withPath:parameters:request:connection:]_block_invoke + 47\n\t6   libdispatch.dylib                   0x00007fff519de7b9 _dispatch_client_callout + 8\n\t7   libdispatch.dylib                   0x00007fff...
[debug] &amp#27;[35m[W3C]&amp#27;[39m Matched W3C error code 'no such element' to NoSuchElementError
[debug] &amp#27;[35m[BaseDriver]&amp#27;[39m Waited for 10491 ms so far
[debug] &amp#27;[35m[WD Proxy]&amp#27;[39m Matched '/element' to command name 'findElement'
[debug] &amp#27;[35m[WD Proxy]&amp#27;[39m Proxying [POST /element] to [POST http://127.0.0.1:8100/session/865725D7-62D9-4D0F-9612-F6E80B79F10F/element] with body: {"using":"accessibility id","value":"���������� ������������"}
&amp#27;[35m[WD Proxy]&amp#27;[39m Got response with status 404: {"value":{"error":"no such element","message":"unable to find an element using 'accessibility id', value '���������� ������������'","traceback":"(\n\t0   WebDriverAgentLib                   0x0000000108e5a04d FBNoSuchElementErrorResponseForRequest + 301\n\t1   WebDriverAgentLib                   0x0000000108e59df9 +[FBFindElementCommands handleFindElement:] + 425\n\t2   WebDriverAgentLib                   0x0000000108e377d6 -[FBRoute_TargetAction mountRequest:intoResponse:] + 182\n\t3   WebDriverAgentLib                   0x0000000108e1f5cb __37-[FBWebServer registerRouteHandlers:]_block_invoke + 555\n\t4   RoutingHTTPServer                   0x0000000108f29c53 -[RoutingHTTPServer handleRoute:withRequest:response:] + 136\n\t5   RoutingHTTPServer                   0x0000000108f2a566 __72-[RoutingHTTPServer routeMethod:withPath:parameters:request:connection:]_block_invoke + 47\n\t6   libdispatch.dylib                   0x00007fff519de7b9 _dispatch_client_callout + 8\n\t7   libdispatch.dylib                   0x00007fff...
[debug] &amp#27;[35m[W3C]&amp#27;[39m Matched W3C error code 'no such element' to NoSuchElementError
[debug] &amp#27;[35m[BaseDriver]&amp#27;[39m Waited for 11074 ms so far
[debug] &amp#27;[35m[WD Proxy]&amp#27;[39m Matched '/element' to command name 'findElement'
[debug] &amp#27;[35m[WD Proxy]&amp#27;[39m Proxying [POST /element] to [POST http://127.0.0.1:8100/session/865725D7-62D9-4D0F-9612-F6E80B79F10F/element] with body: {"using":"accessibility id","value":"���������� ������������"}
&amp#27;[35m[WD Proxy]&amp#27;[39m Got response with status 404: {"value":{"error":"no such element","message":"unable to find an element using 'accessibility id', value '���������� ������������'","traceback":"(\n\t0   WebDriverAgentLib                   0x0000000108e5a04d FBNoSuchElementErrorResponseForRequest + 301\n\t1   WebDriverAgentLib                   0x0000000108e59df9 +[FBFindElementCommands handleFindElement:] + 425\n\t2   WebDriverAgentLib                   0x0000000108e377d6 -[FBRoute_TargetAction mountRequest:intoResponse:] + 182\n\t3   WebDriverAgentLib                   0x0000000108e1f5cb __37-[FBWebServer registerRouteHandlers:]_block_invoke + 555\n\t4   RoutingHTTPServer                   0x0000000108f29c53 -[RoutingHTTPServer handleRoute:withRequest:response:] + 136\n\t5   RoutingHTTPServer                   0x0000000108f2a566 __72-[RoutingHTTPServer routeMethod:withPath:parameters:request:connection:]_block_invoke + 47\n\t6   libdispatch.dylib                   0x00007fff519de7b9 _dispatch_client_callout + 8\n\t7   libdispatch.dylib                   0x00007fff...
[debug] &amp#27;[35m[W3C]&amp#27;[39m Matched W3C error code 'no such element' to NoSuchElementError
[debug] &amp#27;[35m[BaseDriver]&amp#27;[39m Waited for 11652 ms so far
[debug] &amp#27;[35m[WD Proxy]&amp#27;[39m Matched '/element' to command name 'findElement'
[debug] &amp#27;[35m[WD Proxy]&amp#27;[39m Proxying [POST /element] to [POST http://127.0.0.1:8100/session/865725D7-62D9-4D0F-9612-F6E80B79F10F/element] with body: {"using":"accessibility id","value":"���������� ������������"}
&amp#27;[35m[WD Proxy]&amp#27;[39m Got response with status 404: {"value":{"error":"no such element","message":"unable to find an element using 'accessibility id', value '���������� ������������'","traceback":"(\n\t0   WebDriverAgentLib                   0x0000000108e5a04d FBNoSuchElementErrorResponseForRequest + 301\n\t1   WebDriverAgentLib                   0x0000000108e59df9 +[FBFindElementCommands handleFindElement:] + 425\n\t2   WebDriverAgentLib                   0x0000000108e377d6 -[FBRoute_TargetAction mountRequest:intoResponse:] + 182\n\t3   WebDriverAgentLib                   0x0000000108e1f5cb __37-[FBWebServer registerRouteHandlers:]_block_invoke + 555\n\t4   RoutingHTTPServer                   0x0000000108f29c53 -[RoutingHTTPServer handleRoute:withRequest:response:] + 136\n\t5   RoutingHTTPServer                   0x0000000108f2a566 __72-[RoutingHTTPServer routeMethod:withPath:parameters:request:connection:]_block_invoke + 47\n\t6   libdispatch.dylib                   0x00007fff519de7b9 _dispatch_client_callout + 8\n\t7   libdispatch.dylib                   0x00007fff...
[debug] &amp#27;[35m[W3C]&amp#27;[39m Matched W3C error code 'no such element' to NoSuchElementError
[debug] &amp#27;[35m[BaseDriver]&amp#27;[39m Waited for 12241 ms so far
[debug] &amp#27;[35m[WD Proxy]&amp#27;[39m Matched '/element' to command name 'findElement'
[debug] &amp#27;[35m[WD Proxy]&amp#27;[39m Proxying [POST /element] to [POST http://127.0.0.1:8100/session/865725D7-62D9-4D0F-9612-F6E80B79F10F/element] with body: {"using":"accessibility id","value":"���������� ������������"}
&amp#27;[35m[WD Proxy]&amp#27;[39m Got response with status 404: {"value":{"error":"no such element","message":"unable to find an element using 'accessibility id', value '���������� ������������'","traceback":"(\n\t0   WebDriverAgentLib                   0x0000000108e5a04d FBNoSuchElementErrorResponseForRequest + 301\n\t1   WebDriverAgentLib                   0x0000000108e59df9 +[FBFindElementCommands handleFindElement:] + 425\n\t2   WebDriverAgentLib                   0x0000000108e377d6 -[FBRoute_TargetAction mountRequest:intoResponse:] + 182\n\t3   WebDriverAgentLib                   0x0000000108e1f5cb __37-[FBWebServer registerRouteHandlers:]_block_invoke + 555\n\t4   RoutingHTTPServer                   0x0000000108f29c53 -[RoutingHTTPServer handleRoute:withRequest:response:] + 136\n\t5   RoutingHTTPServer                   0x0000000108f2a566 __72-[RoutingHTTPServer routeMethod:withPath:parameters:request:connection:]_block_invoke + 47\n\t6   libdispatch.dylib                   0x00007fff519de7b9 _dispatch_client_callout + 8\n\t7   libdispatch.dylib                   0x00007fff...
[debug] &amp#27;[35m[W3C]&amp#27;[39m Matched W3C error code 'no such element' to NoSuchElementError
[debug] &amp#27;[35m[BaseDriver]&amp#27;[39m Waited for 12822 ms so far
[debug] &amp#27;[35m[WD Proxy]&amp#27;[39m Matched '/element' to command name 'findElement'
[debug] &amp#27;[35m[WD Proxy]&amp#27;[39m Proxying [POST /element] to [POST http://127.0.0.1:8100/session/865725D7-62D9-4D0F-9612-F6E80B79F10F/element] with body: {"using":"accessibility id","value":"���������� ������������"}
&amp#27;[35m[WD Proxy]&amp#27;[39m Got response with status 404: {"value":{"error":"no such element","message":"unable to find an element using 'accessibility id', value '���������� ������������'","traceback":"(\n\t0   WebDriverAgentLib                   0x0000000108e5a04d FBNoSuchElementErrorResponseForRequest + 301\n\t1   WebDriverAgentLib                   0x0000000108e59df9 +[FBFindElementCommands handleFindElement:] + 425\n\t2   WebDriverAgentLib                   0x0000000108e377d6 -[FBRoute_TargetAction mountRequest:intoResponse:] + 182\n\t3   WebDriverAgentLib                   0x0000000108e1f5cb __37-[FBWebServer registerRouteHandlers:]_block_invoke + 555\n\t4   RoutingHTTPServer                   0x0000000108f29c53 -[RoutingHTTPServer handleRoute:withRequest:response:] + 136\n\t5   RoutingHTTPServer                   0x0000000108f2a566 __72-[RoutingHTTPServer routeMethod:withPath:parameters:request:connection:]_block_invoke + 47\n\t6   libdispatch.dylib                   0x00007fff519de7b9 _dispatch_client_callout + 8\n\t7   libdispatch.dylib                   0x00007fff...
[debug] &amp#27;[35m[W3C]&amp#27;[39m Matched W3C error code 'no such element' to NoSuchElementError
[debug] &amp#27;[35m[BaseDriver]&amp#27;[39m Waited for 13402 ms so far
[debug] &amp#27;[35m[WD Proxy]&amp#27;[39m Matched '/element' to command name 'findElement'
[debug] &amp#27;[35m[WD Proxy]&amp#27;[39m Proxying [POST /element] to [POST http://127.0.0.1:8100/session/865725D7-62D9-4D0F-9612-F6E80B79F10F/element] with body: {"using":"accessibility id","value":"���������� ������������"}
&amp#27;[35m[WD Proxy]&amp#27;[39m Got response with status 404: {"value":{"error":"no such element","message":"unable to find an element using 'accessibility id', value '���������� ������������'","traceback":"(\n\t0   WebDriverAgentLib                   0x0000000108e5a04d FBNoSuchElementErrorResponseForRequest + 301\n\t1   WebDriverAgentLib                   0x0000000108e59df9 +[FBFindElementCommands handleFindElement:] + 425\n\t2   WebDriverAgentLib                   0x0000000108e377d6 -[FBRoute_TargetAction mountRequest:intoResponse:] + 182\n\t3   WebDriverAgentLib                   0x0000000108e1f5cb __37-[FBWebServer registerRouteHandlers:]_block_invoke + 555\n\t4   RoutingHTTPServer                   0x0000000108f29c53 -[RoutingHTTPServer handleRoute:withRequest:response:] + 136\n\t5   RoutingHTTPServer                   0x0000000108f2a566 __72-[RoutingHTTPServer routeMethod:withPath:parameters:request:connection:]_block_invoke + 47\n\t6   libdispatch.dylib                   0x00007fff519de7b9 _dispatch_client_callout + 8\n\t7   libdispatch.dylib                   0x00007fff...
[debug] &amp#27;[35m[W3C]&amp#27;[39m Matched W3C error code 'no such element' to NoSuchElementError
[debug] &amp#27;[35m[BaseDriver]&amp#27;[39m Waited for 13980 ms so far
[debug] &amp#27;[35m[WD Proxy]&amp#27;[39m Matched '/element' to command name 'findElement'
[debug] &amp#27;[35m[WD Proxy]&amp#27;[39m Proxying [POST /element] to [POST http://127.0.0.1:8100/session/865725D7-62D9-4D0F-9612-F6E80B79F10F/element] with body: {"using":"accessibility id","value":"���������� ������������"}
&amp#27;[35m[WD Proxy]&amp#27;[39m Got response with status 404: {"value":{"error":"no such element","message":"unable to find an element using 'accessibility id', value '���������� ������������'","traceback":"(\n\t0   WebDriverAgentLib                   0x0000000108e5a04d FBNoSuchElementErrorResponseForRequest + 301\n\t1   WebDriverAgentLib                   0x0000000108e59df9 +[FBFindElementCommands handleFindElement:] + 425\n\t2   WebDriverAgentLib                   0x0000000108e377d6 -[FBRoute_TargetAction mountRequest:intoResponse:] + 182\n\t3   WebDriverAgentLib                   0x0000000108e1f5cb __37-[FBWebServer registerRouteHandlers:]_block_invoke + 555\n\t4   RoutingHTTPServer                   0x0000000108f29c53 -[RoutingHTTPServer handleRoute:withRequest:response:] + 136\n\t5   RoutingHTTPServer                   0x0000000108f2a566 __72-[RoutingHTTPServer routeMethod:withPath:parameters:request:connection:]_block_invoke + 47\n\t6   libdispatch.dylib                   0x00007fff519de7b9 _dispatch_client_callout + 8\n\t7   libdispatch.dylib                   0x00007fff...
[debug] &amp#27;[35m[W3C]&amp#27;[39m Matched W3C error code 'no such element' to NoSuchElementError
[debug] &amp#27;[35m[BaseDriver]&amp#27;[39m Waited for 14560 ms so far
[debug] &amp#27;[35m[WD Proxy]&amp#27;[39m Matched '/element' to command name 'findElement'
[debug] &amp#27;[35m[WD Proxy]&amp#27;[39m Proxying [POST /element] to [POST http://127.0.0.1:8100/session/865725D7-62D9-4D0F-9612-F6E80B79F10F/element] with body: {"using":"accessibility id","value":"���������� ������������"}
&amp#27;[35m[WD Proxy]&amp#27;[39m Got response with status 404: {"value":{"error":"no such element","message":"unable to find an element using 'accessibility id', value '���������� ������������'","traceback":"(\n\t0   WebDriverAgentLib                   0x0000000108e5a04d FBNoSuchElementErrorResponseForRequest + 301\n\t1   WebDriverAgentLib                   0x0000000108e59df9 +[FBFindElementCommands handleFindElement:] + 425\n\t2   WebDriverAgentLib                   0x0000000108e377d6 -[FBRoute_TargetAction mountRequest:intoResponse:] + 182\n\t3   WebDriverAgentLib                   0x0000000108e1f5cb __37-[FBWebServer registerRouteHandlers:]_block_invoke + 555\n\t4   RoutingHTTPServer                   0x0000000108f29c53 -[RoutingHTTPServer handleRoute:withRequest:response:] + 136\n\t5   RoutingHTTPServer                   0x0000000108f2a566 __72-[RoutingHTTPServer routeMethod:withPath:parameters:request:connection:]_block_invoke + 47\n\t6   libdispatch.dylib                   0x00007fff519de7b9 _dispatch_client_callout + 8\n\t7   libdispatch.dylib                   0x00007fff...
[debug] &amp#27;[35m[W3C]&amp#27;[39m Matched W3C error code 'no such element' to NoSuchElementError
[debug] &amp#27;[35m[BaseDriver]&amp#27;[39m Waited for 15155 ms so far
[debug] &amp#27;[35m[WD Proxy]&amp#27;[39m Matched '/element' to command name 'findElement'
[debug] &amp#27;[35m[WD Proxy]&amp#27;[39m Proxying [POST /element] to [POST http://127.0.0.1:8100/session/865725D7-62D9-4D0F-9612-F6E80B79F10F/element] with body: {"using":"accessibility id","value":"���������� ������������"}
&amp#27;[35m[WD Proxy]&amp#27;[39m Got response with status 404: {"value":{"error":"no such element","message":"unable to find an element using 'accessibility id', value '���������� ������������'","traceback":"(\n\t0   WebDriverAgentLib                   0x0000000108e5a04d FBNoSuchElementErrorResponseForRequest + 301\n\t1   WebDriverAgentLib                   0x0000000108e59df9 +[FBFindElementCommands handleFindElement:] + 425\n\t2   WebDriverAgentLib                   0x0000000108e377d6 -[FBRoute_TargetAction mountRequest:intoResponse:] + 182\n\t3   WebDriverAgentLib                   0x0000000108e1f5cb __37-[FBWebServer registerRouteHandlers:]_block_invoke + 555\n\t4   RoutingHTTPServer                   0x0000000108f29c53 -[RoutingHTTPServer handleRoute:withRequest:response:] + 136\n\t5   RoutingHTTPServer                   0x0000000108f2a566 __72-[RoutingHTTPServer routeMethod:withPath:parameters:request:connection:]_block_invoke + 47\n\t6   libdispatch.dylib                   0x00007fff519de7b9 _dispatch_client_callout + 8\n\t7   libdispatch.dylib                   0x00007fff...
[debug] &amp#27;[35m[W3C]&amp#27;[39m Matched W3C error code 'no such element' to NoSuchElementError
[debug] &amp#27;[35m[BaseDriver]&amp#27;[39m Waited for 15729 ms so far
[debug] &amp#27;[35m[WD Proxy]&amp#27;[39m Matched '/element' to command name 'findElement'
[debug] &amp#27;[35m[WD Proxy]&amp#27;[39m Proxying [POST /element] to [POST http://127.0.0.1:8100/session/865725D7-62D9-4D0F-9612-F6E80B79F10F/element] with body: {"using":"accessibility id","value":"���������� ������������"}
&amp#27;[35m[WD Proxy]&amp#27;[39m Got response with status 404: {"value":{"error":"no such element","message":"unable to find an element using 'accessibility id', value '���������� ������������'","traceback":"(\n\t0   WebDriverAgentLib                   0x0000000108e5a04d FBNoSuchElementErrorResponseForRequest + 301\n\t1   WebDriverAgentLib                   0x0000000108e59df9 +[FBFindElementCommands handleFindElement:] + 425\n\t2   WebDriverAgentLib                   0x0000000108e377d6 -[FBRoute_TargetAction mountRequest:intoResponse:] + 182\n\t3   WebDriverAgentLib                   0x0000000108e1f5cb __37-[FBWebServer registerRouteHandlers:]_block_invoke + 555\n\t4   RoutingHTTPServer                   0x0000000108f29c53 -[RoutingHTTPServer handleRoute:withRequest:response:] + 136\n\t5   RoutingHTTPServer                   0x0000000108f2a566 __72-[RoutingHTTPServer routeMethod:withPath:parameters:request:connection:]_block_invoke + 47\n\t6   libdispatch.dylib                   0x00007fff519de7b9 _dispatch_client_callout + 8\n\t7   libdispatch.dylib                   0x00007fff...
[debug] &amp#27;[35m[W3C]&amp#27;[39m Matched W3C error code 'no such element' to NoSuchElementError
[debug] &amp#27;[35m[BaseDriver]&amp#27;[39m Waited for 16305 ms so far
[debug] &amp#27;[35m[WD Proxy]&amp#27;[39m Matched '/element' to command name 'findElement'
[debug] &amp#27;[35m[WD Proxy]&amp#27;[39m Proxying [POST /element] to [POST http://127.0.0.1:8100/session/865725D7-62D9-4D0F-9612-F6E80B79F10F/element] with body: {"using":"accessibility id","value":"���������� ������������"}
&amp#27;[35m[WD Proxy]&amp#27;[39m Got response with status 404: {"value":{"error":"no such element","message":"unable to find an element using 'accessibility id', value '���������� ������������'","traceback":"(\n\t0   WebDriverAgentLib                   0x0000000108e5a04d FBNoSuchElementErrorResponseForRequest + 301\n\t1   WebDriverAgentLib                   0x0000000108e59df9 +[FBFindElementCommands handleFindElement:] + 425\n\t2   WebDriverAgentLib                   0x0000000108e377d6 -[FBRoute_TargetAction mountRequest:intoResponse:] + 182\n\t3   WebDriverAgentLib                   0x0000000108e1f5cb __37-[FBWebServer registerRouteHandlers:]_block_invoke + 555\n\t4   RoutingHTTPServer                   0x0000000108f29c53 -[RoutingHTTPServer handleRoute:withRequest:response:] + 136\n\t5   RoutingHTTPServer                   0x0000000108f2a566 __72-[RoutingHTTPServer routeMethod:withPath:parameters:request:connection:]_block_invoke + 47\n\t6   libdispatch.dylib                   0x00007fff519de7b9 _dispatch_client_callout + 8\n\t7   libdispatch.dylib                   0x00007fff...
[debug] &amp#27;[35m[W3C]&amp#27;[39m Matched W3C error code 'no such element' to NoSuchElementError
[debug] &amp#27;[35m[BaseDriver]&amp#27;[39m Waited for 16883 ms so far
[debug] &amp#27;[35m[WD Proxy]&amp#27;[39m Matched '/element' to command name 'findElement'
[debug] &amp#27;[35m[WD Proxy]&amp#27;[39m Proxying [POST /element] to [POST http://127.0.0.1:8100/session/865725D7-62D9-4D0F-9612-F6E80B79F10F/element] with body: {"using":"accessibility id","value":"���������� ������������"}
&amp#27;[35m[WD Proxy]&amp#27;[39m Got response with status 404: {"value":{"error":"no such element","message":"unable to find an element using 'accessibility id', value '���������� ������������'","traceback":"(\n\t0   WebDriverAgentLib                   0x0000000108e5a04d FBNoSuchElementErrorResponseForRequest + 301\n\t1   WebDriverAgentLib                   0x0000000108e59df9 +[FBFindElementCommands handleFindElement:] + 425\n\t2   WebDriverAgentLib                   0x0000000108e377d6 -[FBRoute_TargetAction mountRequest:intoResponse:] + 182\n\t3   WebDriverAgentLib                   0x0000000108e1f5cb __37-[FBWebServer registerRouteHandlers:]_block_invoke + 555\n\t4   RoutingHTTPServer                   0x0000000108f29c53 -[RoutingHTTPServer handleRoute:withRequest:response:] + 136\n\t5   RoutingHTTPServer                   0x0000000108f2a566 __72-[RoutingHTTPServer routeMethod:withPath:parameters:request:connection:]_block_invoke + 47\n\t6   libdispatch.dylib                   0x00007fff519de7b9 _dispatch_client_callout + 8\n\t7   libdispatch.dylib                   0x00007fff...
[debug] &amp#27;[35m[W3C]&amp#27;[39m Matched W3C error code 'no such element' to NoSuchElementError
[debug] &amp#27;[35m[BaseDriver]&amp#27;[39m Waited for 17464 ms so far
[debug] &amp#27;[35m[WD Proxy]&amp#27;[39m Matched '/element' to command name 'findElement'
[debug] &amp#27;[35m[WD Proxy]&amp#27;[39m Proxying [POST /element] to [POST http://127.0.0.1:8100/session/865725D7-62D9-4D0F-9612-F6E80B79F10F/element] with body: {"using":"accessibility id","value":"���������� ������������"}
&amp#27;[35m[WD Proxy]&amp#27;[39m Got response with status 404: {"value":{"error":"no such element","message":"unable to find an element using 'accessibility id', value '���������� ������������'","traceback":"(\n\t0   WebDriverAgentLib                   0x0000000108e5a04d FBNoSuchElementErrorResponseForRequest + 301\n\t1   WebDriverAgentLib                   0x0000000108e59df9 +[FBFindElementCommands handleFindElement:] + 425\n\t2   WebDriverAgentLib                   0x0000000108e377d6 -[FBRoute_TargetAction mountRequest:intoResponse:] + 182\n\t3   WebDriverAgentLib                   0x0000000108e1f5cb __37-[FBWebServer registerRouteHandlers:]_block_invoke + 555\n\t4   RoutingHTTPServer                   0x0000000108f29c53 -[RoutingHTTPServer handleRoute:withRequest:response:] + 136\n\t5   RoutingHTTPServer                   0x0000000108f2a566 __72-[RoutingHTTPServer routeMethod:withPath:parameters:request:connection:]_block_invoke + 47\n\t6   libdispatch.dylib                   0x00007fff519de7b9 _dispatch_client_callout + 8\n\t7   libdispatch.dylib                   0x00007fff...
[debug] &amp#27;[35m[W3C]&amp#27;[39m Matched W3C error code 'no such element' to NoSuchElementError
[debug] &amp#27;[35m[BaseDriver]&amp#27;[39m Waited for 18061 ms so far
[debug] &amp#27;[35m[WD Proxy]&amp#27;[39m Matched '/element' to command name 'findElement'
[debug] &amp#27;[35m[WD Proxy]&amp#27;[39m Proxying [POST /element] to [POST http://127.0.0.1:8100/session/865725D7-62D9-4D0F-9612-F6E80B79F10F/element] with body: {"using":"accessibility id","value":"���������� ������������"}
&amp#27;[35m[WD Proxy]&amp#27;[39m Got response with status 404: {"value":{"error":"no such element","message":"unable to find an element using 'accessibility id', value '���������� ������������'","traceback":"(\n\t0   WebDriverAgentLib                   0x0000000108e5a04d FBNoSuchElementErrorResponseForRequest + 301\n\t1   WebDriverAgentLib                   0x0000000108e59df9 +[FBFindElementCommands handleFindElement:] + 425\n\t2   WebDriverAgentLib                   0x0000000108e377d6 -[FBRoute_TargetAction mountRequest:intoResponse:] + 182\n\t3   WebDriverAgentLib                   0x0000000108e1f5cb __37-[FBWebServer registerRouteHandlers:]_block_invoke + 555\n\t4   RoutingHTTPServer                   0x0000000108f29c53 -[RoutingHTTPServer handleRoute:withRequest:response:] + 136\n\t5   RoutingHTTPServer                   0x0000000108f2a566 __72-[RoutingHTTPServer routeMethod:withPath:parameters:request:connection:]_block_invoke + 47\n\t6   libdispatch.dylib                   0x00007fff519de7b9 _dispatch_client_callout + 8\n\t7   libdispatch.dylib                   0x00007fff...
[debug] &amp#27;[35m[W3C]&amp#27;[39m Matched W3C error code 'no such element' to NoSuchElementError
[debug] &amp#27;[35m[BaseDriver]&amp#27;[39m Waited for 18641 ms so far
[debug] &amp#27;[35m[WD Proxy]&amp#27;[39m Matched '/element' to command name 'findElement'
[debug] &amp#27;[35m[WD Proxy]&amp#27;[39m Proxying [POST /element] to [POST http://127.0.0.1:8100/session/865725D7-62D9-4D0F-9612-F6E80B79F10F/element] with body: {"using":"accessibility id","value":"���������� ������������"}
&amp#27;[35m[WD Proxy]&amp#27;[39m Got response with status 404: {"value":{"error":"no such element","message":"unable to find an element using 'accessibility id', value '���������� ������������'","traceback":"(\n\t0   WebDriverAgentLib                   0x0000000108e5a04d FBNoSuchElementErrorResponseForRequest + 301\n\t1   WebDriverAgentLib                   0x0000000108e59df9 +[FBFindElementCommands handleFindElement:] + 425\n\t2   WebDriverAgentLib                   0x0000000108e377d6 -[FBRoute_TargetAction mountRequest:intoResponse:] + 182\n\t3   WebDriverAgentLib                   0x0000000108e1f5cb __37-[FBWebServer registerRouteHandlers:]_block_invoke + 555\n\t4   RoutingHTTPServer                   0x0000000108f29c53 -[RoutingHTTPServer handleRoute:withRequest:response:] + 136\n\t5   RoutingHTTPServer                   0x0000000108f2a566 __72-[RoutingHTTPServer routeMethod:withPath:parameters:request:connection:]_block_invoke + 47\n\t6   libdispatch.dylib                   0x00007fff519de7b9 _dispatch_client_callout + 8\n\t7   libdispatch.dylib                   0x00007fff...
[debug] &amp#27;[35m[W3C]&amp#27;[39m Matched W3C error code 'no such element' to NoSuchElementError
[debug] &amp#27;[35m[BaseDriver]&amp#27;[39m Waited for 19218 ms so far
[debug] &amp#27;[35m[WD Proxy]&amp#27;[39m Matched '/element' to command name 'findElement'
[debug] &amp#27;[35m[WD Proxy]&amp#27;[39m Proxying [POST /element] to [POST http://127.0.0.1:8100/session/865725D7-62D9-4D0F-9612-F6E80B79F10F/element] with body: {"using":"accessibility id","value":"���������� ������������"}
&amp#27;[35m[WD Proxy]&amp#27;[39m Got response with status 404: {"value":{"error":"no such element","message":"unable to find an element using 'accessibility id', value '���������� ������������'","traceback":"(\n\t0   WebDriverAgentLib                   0x0000000108e5a04d FBNoSuchElementErrorResponseForRequest + 301\n\t1   WebDriverAgentLib                   0x0000000108e59df9 +[FBFindElementCommands handleFindElement:] + 425\n\t2   WebDriverAgentLib                   0x0000000108e377d6 -[FBRoute_TargetAction mountRequest:intoResponse:] + 182\n\t3   WebDriverAgentLib                   0x0000000108e1f5cb __37-[FBWebServer registerRouteHandlers:]_block_invoke + 555\n\t4   RoutingHTTPServer                   0x0000000108f29c53 -[RoutingHTTPServer handleRoute:withRequest:response:] + 136\n\t5   RoutingHTTPServer                   0x0000000108f2a566 __72-[RoutingHTTPServer routeMethod:withPath:parameters:request:connection:]_block_invoke + 47\n\t6   libdispatch.dylib                   0x00007fff519de7b9 _dispatch_client_callout + 8\n\t7   libdispatch.dylib                   0x00007fff...
[debug] &amp#27;[35m[W3C]&amp#27;[39m Matched W3C error code 'no such element' to NoSuchElementError
[debug] &amp#27;[35m[BaseDriver]&amp#27;[39m Waited for 19801 ms so far
[debug] &amp#27;[35m[WD Proxy]&amp#27;[39m Matched '/element' to command name 'findElement'
[debug] &amp#27;[35m[WD Proxy]&amp#27;[39m Proxying [POST /element] to [POST http://127.0.0.1:8100/session/865725D7-62D9-4D0F-9612-F6E80B79F10F/element] with body: {"using":"accessibility id","value":"���������� ������������"}
&amp#27;[35m[WD Proxy]&amp#27;[39m Got response with status 404: {"value":{"error":"no such element","message":"unable to find an element using 'accessibility id', value '���������� ������������'","traceback":"(\n\t0   WebDriverAgentLib                   0x0000000108e5a04d FBNoSuchElementErrorResponseForRequest + 301\n\t1   WebDriverAgentLib                   0x0000000108e59df9 +[FBFindElementCommands handleFindElement:] + 425\n\t2   WebDriverAgentLib                   0x0000000108e377d6 -[FBRoute_TargetAction mountRequest:intoResponse:] + 182\n\t3   WebDriverAgentLib                   0x0000000108e1f5cb __37-[FBWebServer registerRouteHandlers:]_block_invoke + 555\n\t4   RoutingHTTPServer                   0x0000000108f29c53 -[RoutingHTTPServer handleRoute:withRequest:response:] + 136\n\t5   RoutingHTTPServer                   0x0000000108f2a566 __72-[RoutingHTTPServer routeMethod:withPath:parameters:request:connection:]_block_invoke + 47\n\t6 ]]></system-out>
  </testcase>
  <testcase name="PostReportAbuse" classname="smokeTest.SmokeTest" time="26.516">
    <failure message="Can&apos;t locate an element by this strategy: By.chained({By.AccessibilityId: تسجيل الدخول})" type="org.openqa.selenium.NoSuchElementException"><![CDATA[org.openqa.selenium.NoSuchElementException: Can't locate an element by this strategy: By.chained({By.AccessibilityId: تسجيل الدخول})
	at smokeTest.SmokeTest.PostReportAbuse(SmokeTest.java:291)
Caused by: org.openqa.selenium.TimeoutException: Expected condition failed: waiting for io.appium.java_client.pagefactory.AppiumElementLocator$WaitingFunction@25bc0606 (tried for 1 second(s) with 500 milliseconds interval)
	at smokeTest.SmokeTest.PostReportAbuse(SmokeTest.java:291)
Caused by: org.openqa.selenium.NoSuchElementException: 
Cannot locate an element using By.chained({By.AccessibilityId: تسجيل الدخول})
For documentation on this error, please visit: https://www.seleniumhq.org/exceptions/no_such_element.html
Build info: version: '3.141.59', revision: 'e82be7d358', time: '2018-11-14T08:17:03'
System info: host: 'imrans-MBP', ip: 'fe80:0:0:0:aa:a39f:3722:94b6%en0', os.name: 'Mac OS X', os.arch: 'x86_64', os.version: '10.14.5', java.version: '1.8.0_231'
Driver info: driver.version: IOSDriver
	at smokeTest.SmokeTest.PostReportAbuse(SmokeTest.java:291)
]]></failure>
    <system-out><![CDATA[  libdispatch.dylib                   0x00007fff519de7b9 _dispatch_client_callout + 8\n\t7   libdispatch.dylib                   0x00007fff...
[debug] &amp#27;[35m[W3C]&amp#27;[39m Matched W3C error code 'no such element' to NoSuchElementError
[debug] &amp#27;[35m[W3C (26255f9c)]&amp#27;[39m Encountered internal error running command: NoSuchElementError: An element could not be located on the page using the given search parameters.
[debug] &amp#27;[35m[W3C (26255f9c)]&amp#27;[39m     at XCUITestDriver.doNativeFind (/usr/local/lib/node_modules/appium/node_modules/appium-xcuitest-driver/lib/commands/find.js:126:11)
&amp#27;[35m[HTTP]&amp#27;[39m &amp#27;[37m<-- POST /wd/hub/session/26255f9c-9f7a-4f75-98c9-83c1e78aa016/element &amp#27;[39m&amp#27;[33m404&amp#27;[39m &amp#27;[90m20377 ms - 379&amp#27;[39m
&amp#27;[35m[HTTP]&amp#27;[39m &amp#27;[90m&amp#27;[39m
&amp#27;[35m[HTTP]&amp#27;[39m &amp#27;[37m-->&amp#27;[39m &amp#27;[37mGET&amp#27;[39m &amp#27;[37m/wd/hub/session/26255f9c-9f7a-4f75-98c9-83c1e78aa016/screenshot&amp#27;[39m
&amp#27;[35m[HTTP]&amp#27;[39m &amp#27;[90m{}&amp#27;[39m
[debug] &amp#27;[35m[W3C (26255f9c)]&amp#27;[39m Calling AppiumDriver.getScreenshot() with args: ["26255f9c-9f7a-4f75-98c9-83c1e78aa016"]
[debug] &amp#27;[35m[XCUITest]&amp#27;[39m Executing command 'getScreenshot'
[debug] &amp#27;[35m[XCUITest]&amp#27;[39m Taking screenshot with WDA
[debug] &amp#27;[35m[WD Proxy]&amp#27;[39m Matched '/screenshot' to command name 'getScreenshot'
[debug] &amp#27;[35m[WD Proxy]&amp#27;[39m Proxying [GET /screenshot] to [GET http://127.0.0.1:8100/session/865725D7-62D9-4D0F-9612-F6E80B79F10F/screenshot] with no body
[debug] &amp#27;[35m[WD Proxy]&amp#27;[39m Got response with status 200: {
[debug] &amp#27;[35m[WD Proxy]&amp#27;[39m   "value" : "iVBORw0KGgoAAAANSUhEUgAAAu4AAAU2CAIAAABFtaRRAAAAAXNSR0IArs4c6QAA\r\nAERlWElmTU0AKgAAAAgAAYdpAAQAAAABAAAAGgAAAAAAA6ABAAMAAAABAAEAAKAC\r\nAAQAAAABAAAC7qADAAQAAAABAAAFNgAAAACw0axrAAAAHGlET1QAAAACAAAAAAAA\r\nApsAAAAoAAACmwAAApsAB\/o1PAr6XAAAQABJREFUeAHsvQecJVWZ\/1093ZN6Os30\r\n9HS4ue69dW9V3Zxv3+6ehAio64qua8C\/rAFEjLi7rooBRBEFJMOQHTLMAJNz7pxz\r\nzwzo7v73dd\/dNSCCZLjv91R1t60Czrjvfj4LU\/M5XKqrTlWd89R5nvN7wnmONOKJ\r\nnFSZdAcm3OqQrA\/JkTFXbMKZGHPzhFC\/T+3zB4a8\/lE5MOahjj7hCk24Tu7htISn\r\nGQ8UNw7K04V3UUbdoogKrhhl1C0Kf3KSmv3eSK8\/0ucTB2Z9njB7YN74F7Rn1JWi\r\nDHkSZhlxJ8RL6bhLtITHinZ6Q7PlqCMx6RR1BuUY7elSROGAVlFzwhWbdBpEc\/HA\r\n1KAnZbbwjX65xSoWBd6EAqPuxJgrcdQhxpVZDdY76tQnXarJpyMyx6LApIzSEa9\/\r\n0Kd2+RPdvvSQO8vY5iTMO+jzj3rUo87QMTtslTBGr96tqIxzijnOGaUmozGYOZhl\r\nLvOAk5Tj9hhPMFnY5F9axZ+TTlFMrpnbHWQFTT3moM2RIQ9ckxhxC47r99KGxIiH\r\nTsVMpoZ3ePII4oUOOjhOjTnTVO7zhfr8iCN91BOi5dPcSvO8Kp39aWP+uC096QqN\r\nedQJjx+aIJegGA8Xr\/DqVKMNXKVVNGBu26xjiwKnGgVg\/H4vHCfmL7gVnkVuUJAq\r\nyJAJdwAAcMwpfrsD\/iOaH5ZhsjP4UdRHUJjCgSkS...
[debug] &amp#27;[35m[W3C (26255f9c)]&amp#27;[39m Responding to client with driver.getScreenshot() result: "iVBORw0KGgoAAAANSUhEUgAAAu4AAAU2CAIAAABFtaRRAAAAAXNSR0IArs4c6QAA\r\nAERlWElmTU0AKgAAAAgAAYdpAAQAAAABAAAAGgAAAAAAA6ABAAMAAAABAAEAAKAC\r\nAAQAAAABAAAC7qADAAQAAAABAAAFNgAAAACw0axrAAAAHGlET1QAAAACAAAAAAAA\r\nApsAAAAoAAACmwAAApsAB/o1PAr6XAAAQABJREFUeAHsvQecJVWZ/1093ZN6Os30\r\n9HS4ue69dW9V3Zxv3+6ehAio64qua8C/rAFEjLi7rooBRBEFJMOQHTLMAJNz7pxz\r\nzwzo7v73dd/dNSCCZLjv91R1t60Czrjvfj4LU/M5XKqrTlWd89R5nvN7wnmONOKJ\r\nnFSZdAcm3OqQrA/JkTFXbMKZGHPzhFC/T+3zB4a8/lE5MOahjj7hCk24Tu7htISn\r\nGQ8UNw7K04V3UUbdoogKrhhl1C0Kf3KSmv3eSK8/0ucTB2Z9njB7YN74F7Rn1JWi\r\nDHkSZhlxJ8RL6bhLtITHinZ6Q7PlqCMx6RR1BuUY7elSROGAVlFzwhWbdBpEc/HA\r\n1KAnZbbwjX65xSoWBd6EAqPuxJgrcdQhxpVZDdY76tQnXarJpyMyx6LApIzSEa9/\r\n0Kd2+RPdvvSQO8vY5iTMO+jzj3rUo87QMTtslTBGr96tqIxzijnOGaUmozGYOZhl\r\nLvOAk5Tj9hhPMFnY5F9axZ+TTlFMrpnbHWQFTT3moM2RIQ9ckxhxC47r99KGxIiH\r\nTsVMpoZ3ePII4oUOOjhOjTnTVO7zhfr8iCN91BOi5dPcSvO8Kp39aWP+uC096QqN\r\nedQJjx+aIJegGA8Xr/DqVKMNXKVVNGBu26xjiwKnGgVg/H4vHCfmL7gVnkVuUJAq\r\nyJAJdwAAcMwpfrsD/iOaH5ZhsjP4UdRHUJjCgSkSiQSjCV6WmenSI67smDMrmFTw\r\n...
&amp#27;[35m[HTTP]&amp#27;[39m &amp#27;[37m<-- GET /wd/hub/session/26255f9c-9f7a-4f75-98c9-83c1e78aa016/screenshot &amp#27;[39m&amp#27;[32m200&amp#27;[39m &amp#27;[90m102 ms - 1045252&amp#27;[39m
&amp#27;[35m[HTTP]&amp#27;[39m &amp#27;[90m&amp#27;[39m
&amp#27;[35m[HTTP]&amp#27;[39m &amp#27;[37m-->&amp#27;[39m &amp#27;[37mPOST&amp#27;[39m &amp#27;[37m/wd/hub/session/26255f9c-9f7a-4f75-98c9-83c1e78aa016/appium/app/reset&amp#27;[39m
&amp#27;[35m[HTTP]&amp#27;[39m &amp#27;[90m{}&amp#27;[39m
[debug] &amp#27;[35m[W3C (26255f9c)]&amp#27;[39m Calling AppiumDriver.reset() with args: ["26255f9c-9f7a-4f75-98c9-83c1e78aa016"]
[debug] &amp#27;[35m[XCUITest]&amp#27;[39m Executing command 'reset'
[debug] &amp#27;[35m[BaseDriver]&amp#27;[39m Resetting app mid-session
[debug] &amp#27;[35m[BaseDriver]&amp#27;[39m Running generic full reset
[debug] &amp#27;[35m[WD Proxy]&amp#27;[39m Matched '/session/26255f9c-9f7a-4f75-98c9-83c1e78aa016' to command name 'deleteSession'
[debug] &amp#27;[35m[WD Proxy]&amp#27;[39m Proxying [DELETE /session/26255f9c-9f7a-4f75-98c9-83c1e78aa016] to [DELETE http://127.0.0.1:8100/session/865725D7-62D9-4D0F-9612-F6E80B79F10F] with no body
[debug] &amp#27;[35m[WD Proxy]&amp#27;[39m Got response with status 200: {
[debug] &amp#27;[35m[WD Proxy]&amp#27;[39m   "value" : null,
[debug] &amp#27;[35m[WD Proxy]&amp#27;[39m   "sessionId" : "31B5DEC5-A442-4995-8A4F-EA0643FF53D3"
[debug] &amp#27;[35m[WD Proxy]&amp#27;[39m }
&amp#27;[35m[DevCon Factory]&amp#27;[39m Releasing connections for 24A5DE6C-3031-4FCA-9C40-D8B2E52520E8 device on any port number
&amp#27;[35m[DevCon Factory]&amp#27;[39m Found cached connections to release: ["24A5DE6C-3031-4FCA-9C40-D8B2E52520E8:8100"]
[debug] &amp#27;[35m[DevCon Factory]&amp#27;[39m Cached connections count: 0
[debug] &amp#27;[35m[XCUITest]&amp#27;[39m Did not find the temporary XCTest logs root at '/var/folders/b3/y32ql80n7w1cgryz_wrszd900000gn/T/com.apple.dt.XCTest*/'
&amp#27;[35m[XCUITest]&amp#27;[39m Cleaning test logs in '/Users/imranmoqbel/Library/Developer/Xcode/DerivedData/WebDriverAgent-ciegwgvxzxdrqthilmrmczmqvrgu/Logs' folder
[debug] &amp#27;[35m[iOS]&amp#27;[39m Clearing log files
[debug] &amp#27;[35m[iOS]&amp#27;[39m Deleting '/Users/imranmoqbel/Library/Developer/Xcode/DerivedData/WebDriverAgent-ciegwgvxzxdrqthilmrmczmqvrgu/Logs'. Freeing 12K.
[debug] &amp#27;[35m[iOS]&amp#27;[39m Finished clearing log files
[debug] &amp#27;[35m[IOSSimulatorLog]&amp#27;[39m Stopping iOS log capture
[debug] &amp#27;[35m[BaseDriver]&amp#27;[39m Restarting app
[debug] &amp#27;[35m[BaseDriver]&amp#27;[39m Creating session with W3C capabilities: {
[debug] &amp#27;[35m[BaseDriver]&amp#27;[39m   "alwaysMatch": {
[debug] &amp#27;[35m[BaseDriver]&amp#27;[39m     "platformName": "ios",
[debug] &amp#27;[35m[BaseDriver]&amp#27;[39m     "app": "/Users/imranmoqbel/Documents/WaseetiOSAutomation/WaseetiOSAutomation-Intellij/src/WaseetApr20.app",
[debug] &amp#27;[35m[BaseDriver]&amp#27;[39m     "automationName": "XCUITest",
[debug] &amp#27;[35m[BaseDriver]&amp#27;[39m     "clearSystemFiles": true,
[debug] &amp#27;[35m[BaseDriver]&amp#27;[39m     "deviceName": "iPhone8",
[debug] &amp#27;[35m[BaseDriver]&amp#27;[39m     "newCommandTimeout": 100000,
[debug] &amp#27;[35m[BaseDriver]&amp#27;[39m     "platformVersion": "13.2"
[debug] &amp#27;[35m[BaseDriver]&amp#27;[39m   },
[debug] &amp#27;[35m[BaseDriver]&amp#27;[39m   "firstMatch": [
[debug] &amp#27;[35m[BaseDriver]&amp#27;[39m     {}
[debug] &amp#27;[35m[BaseDriver]&amp#27;[39m   ]
[debug] &amp#27;[35m[BaseDriver]&amp#27;[39m }
&amp#27;[35m[BaseDriver]&amp#27;[39m The following capabilities are not standard capabilities and should have an extension prefix:
&amp#27;[35m[BaseDriver]&amp#27;[39m   app
&amp#27;[35m[BaseDriver]&amp#27;[39m   automationName
&amp#27;[35m[BaseDriver]&amp#27;[39m   clearSystemFiles
&amp#27;[35m[BaseDriver]&amp#27;[39m   deviceName
&amp#27;[35m[BaseDriver]&amp#27;[39m   newCommandTimeout
&amp#27;[35m[BaseDriver]&amp#27;[39m   platformVersion
&amp#27;[35m[BaseDriver]&amp#27;[39m Session created with session id: a563e8e5-0c0e-4802-825c-8eb1bff2d9a1
[debug] &amp#27;[35m[XCUITest]&amp#27;[39m Current user: 'imranmoqbel'
&amp#27;[35m[XCUITest]&amp#27;[39m iOS SDK Version set to '13.2'
&amp#27;[35m[iOSSim]&amp#27;[39m Constructing iOS simulator for Xcode version 11.2.1 with udid '24A5DE6C-3031-4FCA-9C40-D8B2E52520E8'
&amp#27;[35m[XCUITest]&amp#27;[39m Determining device to run tests on: udid: '24A5DE6C-3031-4FCA-9C40-D8B2E52520E8', real device: false
[debug] &amp#27;[35m[BaseDriver]&amp#27;[39m Event 'xcodeDetailsRetrieved' logged at 1587387621482 (16:00:21 GMT+0300 (Eastern European Summer Time))
&amp#27;[35m[BaseDriver]&amp#27;[39m Using local app '/Users/imranmoqbel/Documents/WaseetiOSAutomation/WaseetiOSAutomation-Intellij/src/WaseetApr20.app'
[debug] &amp#27;[35m[BaseDriver]&amp#27;[39m Event 'appConfigured' logged at 1587387621482 (16:00:21 GMT+0300 (Eastern European Summer Time))
[debug] &amp#27;[35m[XCUITest]&amp#27;[39m Checking whether app '/Users/imranmoqbel/Documents/WaseetiOSAutomation/WaseetiOSAutomation-Intellij/src/WaseetApr20.app' is actually present on file system
[debug] &amp#27;[35m[XCUITest]&amp#27;[39m App is present
[debug] &amp#27;[35m[iOS]&amp#27;[39m Getting bundle ID from app '/Users/imranmoqbel/Documents/WaseetiOSAutomation/WaseetiOSAutomation-Intellij/src/WaseetApr20.app': 'com.awi.waseet-classifieds-ios'
[debug] &amp#27;[35m[BaseDriver]&amp#27;[39m Event 'resetStarted' logged at 1587387621483 (16:00:21 GMT+0300 (Eastern European Summer Time))
&amp#27;[35m[XCUITest]&amp#27;[39m Not scrubbing third party app in anticipation of uninstall
[debug] &amp#27;[35m[BaseDriver]&amp#27;[39m Event 'resetComplete' logged at 1587387621858 (16:00:21 GMT+0300 (Eastern European Summer Time))
[debug] &amp#27;[35m[IOSSimulatorLog]&amp#27;[39m Starting log capture for iOS Simulator with udid '24A5DE6C-3031-4FCA-9C40-D8B2E52520E8' using simctl
[debug] &amp#27;[35m[BaseDriver]&amp#27;[39m Event 'logCaptureStarted' logged at 1587387622346 (16:00:22 GMT+0300 (Eastern European Summer Time))
&amp#27;[35m[XCUITest]&amp#27;[39m Setting up simulator
[debug] &amp#27;[35m[iOS]&amp#27;[39m No reason to set locale
[debug] &amp#27;[35m[iOS]&amp#27;[39m No iOS / app preferences to set
[debug] &amp#27;[35m[iOS]&amp#27;[39m Setting did not need to be updated
[debug] &amp#27;[35m[iOSSim]&amp#27;[39m Setting preferences of 24A5DE6C-3031-4FCA-9C40-D8B2E52520E8 Simulator to {"ConnectHardwareKeyboard":false}
[debug] &amp#27;[35m[iOSSim]&amp#27;[39m Setting common Simulator preferences to {"RotateWindowWhenSignaledByGuest":true,"ConnectHardwareKeyboard":false}
[debug] &amp#27;[35m[iOSSim]&amp#27;[39m Updated 24A5DE6C-3031-4FCA-9C40-D8B2E52520E8 Simulator preferences at '/Users/imranmoqbel/Library/Preferences/com.apple.iphonesimulator.plist' with {"DevicePreferences":{"24A5DE6C-3031-4FCA-9C40-D8B2E52520E8":{"ConnectHardwareKeyboard":false}},"RotateWindowWhenSignaledByGuest":true,"ConnectHardwareKeyboard":false}
[debug] &amp#27;[35m[iOSSim]&amp#27;[39m Got Simulator UI client PID: 5138
&amp#27;[35m[iOSSim]&amp#27;[39m Both Simulator with UDID '24A5DE6C-3031-4FCA-9C40-D8B2E52520E8' and the UI client are currently running
[debug] &amp#27;[35m[BaseDriver]&amp#27;[39m Event 'simStarted' logged at 1587387622573 (16:00:22 GMT+0300 (Eastern European Summer Time))
[debug] &amp#27;[35m[XCUITest]&amp#27;[39m Verifying application platform
[debug] &amp#27;[35m[XCUITest]&amp#27;[39m CFBundleSupportedPlatforms: ["iPhoneSimulator"]
[debug] &amp#27;[35m[XCUITest]&amp#27;[39m Reset requested. Removing app with id 'com.awi.waseet-classifieds-ios' from the device
[debug] &amp#27;[35m[XCUITest]&amp#27;[39m Installing '/Users/imranmoqbel/Documents/WaseetiOSAutomation/WaseetiOSAutomation-Intellij/src/WaseetApr20.app' on Simulator with UUID '24A5DE6C-3031-4FCA-9C40-D8B2E52520E8'...
[debug] &amp#27;[35m[XCUITest]&amp#27;[39m The app has been installed successfully.
[debug] &amp#27;[35m[BaseDriver]&amp#27;[39m Event 'appInstalled' logged at 1587387625873 (16:00:25 GMT+0300 (Eastern European Summer Time))
&amp#27;[35m[WebDriverAgent]&amp#27;[39m Using WDA path: '/usr/local/lib/node_modules/appium/node_modules/appium-webdriveragent'
&amp#27;[35m[WebDriverAgent]&amp#27;[39m Using WDA agent: '/usr/local/lib/node_modules/appium/node_modules/appium-webdriveragent/WebDriverAgent.xcodeproj'
[debug] &amp#27;[35m[WebDriverAgent]&amp#27;[39m No obsolete cached processes from previous WDA sessions listening on port 8100 have been found
&amp#27;[35m[DevCon Factory]&amp#27;[39m Requesting connection for device 24A5DE6C-3031-4FCA-9C40-D8B2E52520E8 on local port 8100, device port 8100
[debug] &amp#27;[35m[DevCon Factory]&amp#27;[39m Cached connections count: 0
&amp#27;[35m[DevCon Factory]&amp#27;[39m Successfully requested the connection for 24A5DE6C-3031-4FCA-9C40-D8B2E52520E8:8100
[debug] &amp#27;[35m[XCUITest]&amp#27;[39m Starting WebDriverAgent initialization with the synchronization key 'XCUITestDriver'
[debug] &amp#27;[35m[WD Proxy]&amp#27;[39m Matched '/status' to command name 'getStatus'
[debug] &amp#27;[35m[WD Proxy]&amp#27;[39m Proxying [GET /status] to [GET http://127.0.0.1:8100/status] with no body
[debug] &amp#27;[35m[WD Proxy]&amp#27;[39m Got response with status 200: {
[debug] &amp#27;[35m[WD Proxy]&amp#27;[39m   "value" : {
[debug] &amp#27;[35m[WD Proxy]&amp#27;[39m     "message" : "WebDriverAgent is ready to accept commands",
[debug] &amp#27;[35m[WD Proxy]&amp#27;[39m     "state" : "success",
[debug] &amp#27;[35m[WD Proxy]&amp#27;[39m     "os" : {
[debug] &amp#27;[35m[WD Proxy]&amp#27;[39m       "name" : "iOS",
[debug] &amp#27;[35m[WD Proxy]&amp#27;[39m       "version" : "13.2.2",
[debug] &amp#27;[35m[WD Proxy]&amp#27;[39m       "sdkVersion" : "13.0"
[debug] &amp#27;[35m[WD Proxy]&amp#27;[39m     },
[debug] &amp#27;[35m[WD Proxy]&amp#27;[39m     "ios" : {
[debug] &amp#27;[35m[WD Proxy]&amp#27;[39m       "simulatorVersion" : "13.2.2",
[debug] &amp#27;[35m[WD Proxy]&amp#27;[39m       "ip" : "192.168.1.100"
[debug] &amp#27;[35m[WD Proxy]&amp#27;[39m     },
[debug] &amp#27;[35m[WD Proxy]&amp#27;[39m     "ready" : true,
[debug] &amp#27;[35m[WD Proxy]&amp#27;[39m     "build" : {
[debug] &amp#27;[35m[WD Proxy]&amp#27;[39m       "upgradedAt" : "1587378628125",
[debug] &amp#27;[35m[WD Proxy]&amp#27;[39m       "time" : "Apr 20 2020 15:06:06",
[debug] &amp#27;[35m[WD Proxy]&amp#27;[39m       "productBundleIdentifier" : "com.facebook.WebDriverAgentRunner"
[debug] &amp#27;[35m[WD Proxy]&amp#27;[39m     }
[debug] &amp#27;[35m[WD Proxy]&amp#27;[39m   },
[debug] &amp#27;[35m[WD Proxy]&amp#27;[39m   "sessionId" : "31B5DEC5-A442-4995-8A4F-EA0643FF53D3"
[debug] &amp#27;[35m[WD Proxy]&amp#27;[39m }
[debug] &amp#27;[35m[WebDriverAgent]&amp#27;[39m Upgrade timestamp of the currently bundled WDA: 1587378628125
[debug] &amp#27;[35m[WebDriverAgent]&amp#27;[39m Upgrade timestamp of the WDA on the device: 1587378628125
&amp#27;[35m[WebDriverAgent]&amp#27;[39m Will reuse previously cached WDA instance at 'http://127.0.0.1:8100/' with 'com.facebook.WebDriverAgentRunner'. Set the wdaLocalPort capability to a value different from 8100 if this is an undesired behavior.
[debug] &amp#27;[35m[XCUITest]&amp#27;[39m Trying to start WebDriverAgent 2 times with 10000ms interval
[debug] &amp#27;[35m[XCUITest]&amp#27;[39m These values can be customized by changing wdaStartupRetries/wdaStartupRetryInterval capabilities
[debug] &amp#27;[35m[BaseDriver]&amp#27;[39m Event 'wdaStartAttempted' logged at 1587387625947 (16:00:25 GMT+0300 (Eastern European Summer Time))
&amp#27;[35m[WebDriverAgent]&amp#27;[39m Using provided WebdriverAgent at 'http://127.0.0.1:8100/'
[debug] &amp#27;[35m[WD Proxy]&amp#27;[39m Matched '/status' to command name 'getStatus'
[debug] &amp#27;[35m[WD Proxy]&amp#27;[39m Proxying [GET /status] to [GET http://127.0.0.1:8100/status] with no body
[debug] &amp#27;[35m[WD Proxy]&amp#27;[39m Got response with status 200: {
[debug] &amp#27;[35m[WD Proxy]&amp#27;[39m   "value" : {
[debug] &amp#27;[35m[WD Proxy]&amp#27;[39m     "message" : "WebDriverAgent is ready to accept commands",
[debug] &amp#27;[35m[WD Proxy]&amp#27;[39m     "state" : "success",
[debug] &amp#27;[35m[WD Proxy]&amp#27;[39m     "os" : {
[debug] &amp#27;[35m[WD Proxy]&amp#27;[39m       "name" : "iOS",
[debug] &amp#27;[35m[WD Proxy]&amp#27;[39m       "version" : "13.2.2",
[debug] &amp#27;[35m[WD Proxy]&amp#27;[39m       "sdkVersion" : "13.0"
[debug] &amp#27;[35m[WD Proxy]&amp#27;[39m     },
[debug] &amp#27;[35m[WD Proxy]&amp#27;[39m     "ios" : {
[debug] &amp#27;[35m[WD Proxy]&amp#27;[39m       "simulatorVersion" : "13.2.2",
[debug] &amp#27;[35m[WD Proxy]&amp#27;[39m       "ip" : "192.168.1.100"
[debug] &amp#27;[35m[WD Proxy]&amp#27;[39m     },
[debug] &amp#27;[35m[WD Proxy]&amp#27;[39m     "ready" : true,
[debug] &amp#27;[35m[WD Proxy]&amp#27;[39m     "build" : {
[debug] &amp#27;[35m[WD Proxy]&amp#27;[39m       "upgradedAt" : "1587378628125",
[debug] &amp#27;[35m[WD Proxy]&amp#27;[39m       "time" : "Apr 20 2020 15:06:06",
[debug] &amp#27;[35m[WD Proxy]&amp#27;[39m       "productBundleIdentifier" : "com.facebook.WebDriverAgentRunner"
[debug] &amp#27;[35m[WD Proxy]&amp#27;[39m     }
[debug] &amp#27;[35m[WD Proxy]&amp#27;[39m   },
[debug] &amp#27;[35m[WD Proxy]&amp#27;[39m   "sessionId" : "31B5DEC5-A442-4995-8A4F-EA0643FF53D3"
[debug] &amp#27;[35m[WD Proxy]&amp#27;[39m }
[debug] &amp#27;[35m[BaseDriver]&amp#27;[39m Event 'wdaSessionAttempted' logged at 1587387625951 (16:00:25 GMT+0300 (Eastern European Summer Time))
[debug] &amp#27;[35m[XCUITest]&amp#27;[39m Sending createSession command to WDA
[debug] &amp#27;[35m[WD Proxy]&amp#27;[39m Matched '/session' to command name 'createSession'
[debug] &amp#27;[35m[WD Proxy]&amp#27;[39m Proxying [POST /session] to [POST http://127.0.0.1:8100/session] with body: {"capabilities":{"firstMatch":[{"bundleId":"com.awi.waseet-classifieds-ios","arguments":[],"environment":{},"eventloopIdleDelaySec":0,"shouldWaitForQuiescence":true,"shouldUseTestManagerForVisibilityDetection":false,"maxTypingFrequency":60,"shouldUseSingletonTestManager":true}],"alwaysMatch":{}}}
[debug] &amp#27;[35m[WD Proxy]&amp#27;[39m Got response with status 200: {"value":{"sessionId":"F14D88EC-C5BD-4387-A53E-799BA3D7C564","capabilities":{"device":"iphone","browserName":" ","sdkVersion":"13.2.2","CFBundleIdentifier":"com.apple.springboard"}},"sessionId":"F14D88EC-C5BD-4387-A53E-799BA3D7C564"}
&amp#27;[35m[WD Proxy]&amp#27;[39m Determined the downstream protocol as 'W3C'
[debug] &amp#27;[35m[BaseDriver]&amp#27;[39m Event 'wdaSessionStarted' logged at 1587387634077 (16:00:34 GMT+0300 (Eastern European Summer Time))
[debug] &amp#27;[35m[WebDriverAgent]&amp#27;[39m Parsed BUILD_DIR configuration value: '/Users/imranmoqbel/Library/Developer/Xcode/DerivedData/WebDriverAgent-ciegwgvxzxdrqthilmrmczmqvrgu/Build/Products'
[debug] &amp#27;[35m[WebDriverAgent]&amp#27;[39m Got derived data root: '/Users/imranmoqbel/Library/Developer/Xcode/DerivedData/WebDriverAgent-ciegwgvxzxdrqthilmrmczmqvrgu'
[debug] &amp#27;[35m[BaseDriver]&amp#27;[39m Event 'wdaStarted' logged at 1587387635490 (16:00:35 GMT+0300 (Eastern European Summer Time))
&amp#27;[35m[XCUITest]&amp#27;[39m Skipping setting of the initial display orientation. Set the "orientation" capability to either "LANDSCAPE" or "PORTRAIT", if this is an undesired behavior.
[debug] &amp#27;[35m[BaseDriver]&amp#27;[39m Event 'orientationSet' logged at 1587387635490 (16:00:35 GMT+0300 (Eastern European Summer Time))
[debug] &amp#27;[35m[BaseDriver]&amp#27;[39m The value of 'elementResponseAttributes' setting did not change. Skipping the update for it
[debug] &amp#27;[35m[BaseDriver]&amp#27;[39m The value of 'shouldUseCompactResponses' setting did not change. Skipping the update for it
[debug] &amp#27;[35m[W3C (26255f9c)]&amp#27;[39m Responding to client with driver.reset() result: null
&amp#27;[35m[HTTP]&amp#27;[39m &amp#27;[37m<-- POST /wd/hub/session/26255f9c-9f7a-4f75-98c9-83c1e78aa016/appium/app/reset &amp#27;[39m&amp#27;[32m200&amp#27;[39m &amp#27;[90m15421 ms - 14&amp#27;[39m
&amp#27;[35m[HTTP]&amp#27;[39m &amp#27;[90m&amp#27;[39m
&amp#27;[35m[HTTP]&amp#27;[39m &amp#27;[37m-->&amp#27;[39m &amp#27;[37mGET&amp#27;[39m &amp#27;[37m/wd/hub/session/26255f9c-9f7a-4f75-98c9-83c1e78aa016/context&amp#27;[39m
&amp#27;[35m[HTTP]&amp#27;[39m &amp#27;[90m{}&amp#27;[39m
[debug] &amp#27;[35m[W3C (26255f9c)]&amp#27;[39m Calling AppiumDriver.getCurrentContext() with args: ["26255f9c-9f7a-4f75-98c9-83c1e78aa016"]
[debug] &amp#27;[35m[XCUITest]&amp#27;[39m Executing command 'getCurrentContext'
[debug] &amp#27;[35m[W3C (26255f9c)]&amp#27;[39m Responding to client with driver.getCurrentContext() result: "NATIVE_APP"
&amp#27;[35m[HTTP]&amp#27;[39m &amp#27;[37m<-- GET /wd/hub/session/26255f9c-9f7a-4f75-98c9-83c1e78aa016/context &amp#27;[39m&amp#27;[32m200&amp#27;[39m &amp#27;[90m1 ms - 22&amp#27;[39m
&amp#27;[35m[HTTP]&amp#27;[39m &amp#27;[90m&amp#27;[39m
&amp#27;[35m[HTTP]&amp#27;[39m &amp#27;[37m-->&amp#27;[39m &amp#27;[37mPOST&amp#27;[39m &amp#27;[37m/wd/hub/session/26255f9c-9f7a-4f75-98c9-83c1e78aa016/element&amp#27;[39m
&amp#27;[35m[HTTP]&amp#27;[39m &amp#27;[90m{"using":"accessibility id","value":"Allow"}&amp#27;[39m
[debug] &amp#27;[35m[W3C (26255f9c)]&amp#27;[39m Calling AppiumDriver.findElement() with args: ["accessibility id","Allow","26255f9c-9f7a-4f75-98c9-83c1e78aa016"]
[debug] &amp#27;[35m[XCUITest]&amp#27;[39m Executing command 'findElement'
[debug] &amp#27;[35m[BaseDriver]&amp#27;[39m Valid locator strategies for this request: xpath, id, name, class name, -ios predicate string, -ios class chain, accessibility id
[debug] &amp#27;[35m[BaseDriver]&amp#27;[39m Waiting up to 20000 ms for condition
[debug] &amp#27;[35m[WD Proxy]&amp#27;[39m Matched '/element' to command name 'findElement'
[debug] &amp#27;[35m[WD Proxy]&amp#27;[39m Proxying [POST /element] to [POST http://127.0.0.1:8100/session/F14D88EC-C5BD-4387-A53E-799BA3D7C564/element] with body: {"using":"accessibility id","value":"Allow"}
[debug] &amp#27;[35m[WD Proxy]&amp#27;[39m Got response with status 200: {"value":{"ELEMENT":"0D010000-0000-0000-6114-000000000000","element-6066-11e4-a52e-4f735466cecf":"0D010000-0000-0000-6114-000000000000"},"sessionId":"F14D88EC-C5BD-4387-A53E-799BA3D7C564"}
[debug] &amp#27;[35m[W3C (26255f9c)]&amp#27;[39m Responding to client with driver.findElement() result: {"element-6066-11e4-a52e-4f735466cecf":"0D010000-0000-0000-6114-000000000000","ELEMENT":"0D010000-0000-0000-6114-000000000000"}
&amp#27;[35m[HTTP]&amp#27;[39m &amp#27;[37m<-- POST /wd/hub/session/26255f9c-9f7a-4f75-98c9-83c1e78aa016/element &amp#27;[39m&amp#27;[32m200&amp#27;[39m &amp#27;[90m129 ms - 137&amp#27;[39m
&amp#27;[35m[HTTP]&amp#27;[39m &amp#27;[90m&amp#27;[39m
&amp#27;[35m[HTTP]&amp#27;[39m &amp#27;[37m-->&amp#27;[39m &amp#27;[37mPOST&amp#27;[39m &amp#27;[37m/wd/hub/session/26255f9c-9f7a-4f75-98c9-83c1e78aa016/element/0D010000-0000-0000-6114-000000000000/click&amp#27;[39m
&amp#27;[35m[HTTP]&amp#27;[39m &amp#27;[90m{"id":"0D010000-0000-0000-6114-000000000000"}&amp#27;[39m
&amp#27;[35m[W3C (26255f9c)]&amp#27;[39m Driver proxy active, passing request on via HTTP proxy
[debug] &amp#27;[35m[XCUITest]&amp#27;[39m Executing command 'proxyReqRes'
[debug] &amp#27;[35m[WD Proxy]&amp#27;[39m Matched '/wd/hub/session/26255f9c-9f7a-4f75-98c9-83c1e78aa016/element/0D010000-0000-0000-6114-000000000000/click' to command name 'click'
[debug] &amp#27;[35m[WD Proxy]&amp#27;[39m Proxying [POST /wd/hub/session/26255f9c-9f7a-4f75-98c9-83c1e78aa016/element/0D010000-0000-0000-6114-000000000000/click] to [POST http://127.0.0.1:8100/session/F14D88EC-C5BD-4387-A53E-799BA3D7C564/element/0D010000-0000-0000-6114-000000000000/click] with body: {"id":"0D010000-0000-0000-6114-000000000000"}
[debug] &amp#27;[35m[WD Proxy]&amp#27;[39m Got response with status 200: {"value":null,"sessionId":"F14D88EC-C5BD-4387-A53E-799BA3D7C564"}
&amp#27;[35m[WD Proxy]&amp#27;[39m Replacing sessionId F14D88EC-C5BD-4387-A53E-799BA3D7C564 with 26255f9c-9f7a-4f75-98c9-83c1e78aa016
&amp#27;[35m[HTTP]&amp#27;[39m &amp#27;[37m<-- POST /wd/hub/session/26255f9c-9f7a-4f75-98c9-83c1e78aa016/element/0D010000-0000-0000-6114-000000000000/click &amp#27;[39m&amp#27;[32m200&amp#27;[39m &amp#27;[90m354 ms - 65&amp#27;[39m
&amp#27;[35m[HTTP]&amp#27;[39m &amp#27;[90m&amp#27;[39m
&amp#27;[35m[HTTP]&amp#27;[39m &amp#27;[37m-->&amp#27;[39m &amp#27;[37mGET&amp#27;[39m &amp#27;[37m/wd/hub/session/26255f9c-9f7a-4f75-98c9-83c1e78aa016/context&amp#27;[39m
&amp#27;[35m[HTTP]&amp#27;[39m &amp#27;[90m{}&amp#27;[39m
[debug] &amp#27;[35m[W3C (26255f9c)]&amp#27;[39m Calling AppiumDriver.getCurrentContext() with args: ["26255f9c-9f7a-4f75-98c9-83c1e78aa016"]
[debug] &amp#27;[35m[XCUITest]&amp#27;[39m Executing command 'getCurrentContext'
[debug] &amp#27;[35m[W3C (26255f9c)]&amp#27;[39m Responding to client with driver.getCurrentContext() result: "NATIVE_APP"
&amp#27;[35m[HTTP]&amp#27;[39m &amp#27;[37m<-- GET /wd/hub/session/26255f9c-9f7a-4f75-98c9-83c1e78aa016/context &amp#27;[39m&amp#27;[32m200&amp#27;[39m &amp#27;[90m2 ms - 22&amp#27;[39m
&amp#27;[35m[HTTP]&amp#27;[39m &amp#27;[90m&amp#27;[39m
&amp#27;[35m[HTTP]&amp#27;[39m &amp#27;[37m-->&amp#27;[39m &amp#27;[37mPOST&amp#27;[39m &amp#27;[37m/wd/hub/session/26255f9c-9f7a-4f75-98c9-83c1e78aa016/element&amp#27;[39m
&amp#27;[35m[HTTP]&amp#27;[39m &amp#27;[90m{"using":"accessibility id","value":"�������� ����������"}&amp#27;[39m
[debug] &amp#27;[35m[W3C (26255f9c)]&amp#27;[39m Calling AppiumDriver.findElement() with args: ["accessibility id","�������� ����������","26255f9c-9f7a-4f75-98c9-83c1e78aa016"]
[debug] &amp#27;[35m[XCUITest]&amp#27;[39m Executing command 'findElement'
[debug] &amp#27;[35m[BaseDriver]&amp#27;[39m Valid locator strategies for this request: xpath, id, name, class name, -ios predicate string, -ios class chain, accessibility id
[debug] &amp#27;[35m[BaseDriver]&amp#27;[39m Waiting up to 20000 ms for condition
[debug] &amp#27;[35m[WD Proxy]&amp#27;[39m Matched '/element' to command name 'findElement'
[debug] &amp#27;[35m[WD Proxy]&amp#27;[39m Proxying [POST /element] to [POST http://127.0.0.1:8100/session/F14D88EC-C5BD-4387-A53E-799BA3D7C564/element] with body: {"using":"accessibility id","value":"�������� ����������"}
&amp#27;[35m[WD Proxy]&amp#27;[39m Got response with status 404: {"value":{"error":"no such element","message":"unable to find an element using 'accessibility id', value '�������� ����������'","traceback":"(\n\t0   WebDriverAgentLib                   0x0000000108e5a04d FBNoSuchElementErrorResponseForRequest + 301\n\t1   WebDriverAgentLib                   0x0000000108e59df9 +[FBFindElementCommands handleFindElement:] + 425\n\t2   WebDriverAgentLib                   0x0000000108e377d6 -[FBRoute_TargetAction mountRequest:intoResponse:] + 182\n\t3   WebDriverAgentLib                   0x0000000108e1f5cb __37-[FBWebServer registerRouteHandlers:]_block_invoke + 555\n\t4   RoutingHTTPServer                   0x0000000108f29c53 -[RoutingHTTPServer handleRoute:withRequest:response:] + 136\n\t5   RoutingHTTPServer                   0x0000000108f2a566 __72-[RoutingHTTPServer routeMethod:withPath:parameters:request:connection:]_block_invoke + 47\n\t6   libdispatch.dylib                   0x00007fff519de7b9 _dispatch_client_callout + 8\n\t7   libdispatch.dylib                   0x00007fff51...
[debug] &amp#27;[35m[W3C]&amp#27;[39m Matched W3C error code 'no such element' to NoSuchElementError
[debug] &amp#27;[35m[BaseDriver]&amp#27;[39m Waited for 74 ms so far
[debug] &amp#27;[35m[WD Proxy]&amp#27;[39m Matched '/element' to command name 'findElement'
[debug] &amp#27;[35m[WD Proxy]&amp#27;[39m Proxying [POST /element] to [POST http://127.0.0.1:8100/session/F14D88EC-C5BD-4387-A53E-799BA3D7C564/element] with body: {"using":"accessibility id","value":"�������� ����������"}
[debug] &amp#27;[35m[WD Proxy]&amp#27;[39m Got response with status 200: {"value":{"ELEMENT":"20000000-0000-0000-B715-000000000000","element-6066-11e4-a52e-4f735466cecf":"20000000-0000-0000-B715-000000000000"},"sessionId":"F14D88EC-C5BD-4387-A53E-799BA3D7C564"}
[debug] &amp#27;[35m[W3C (26255f9c)]&amp#27;[39m Responding to client with driver.findElement() result: {"element-6066-11e4-a52e-4f735466cecf":"20000000-0000-0000-B715-000000000000","ELEMENT":"20000000-0000-0000-B715-000000000000"}
&amp#27;[35m[HTTP]&amp#27;[39m &amp#27;[37m<-- POST /wd/hub/session/26255f9c-9f7a-4f75-98c9-83c1e78aa016/element &amp#27;[39m&amp#27;[32m200&amp#27;[39m &amp#27;[90m694 ms - 137&amp#27;[39m
&amp#27;[35m[HTTP]&amp#27;[39m &amp#27;[90m&amp#27;[39m
&amp#27;[35m[HTTP]&amp#27;[39m &amp#27;[37m-->&amp#27;[39m &amp#27;[37mPOST&amp#27;[39m &amp#27;[37m/wd/hub/session/26255f9c-9f7a-4f75-98c9-83c1e78aa016/element/20000000-0000-0000-B715-000000000000/click&amp#27;[39m
&amp#27;[35m[HTTP]&amp#27;[39m &amp#27;[90m{"id":"20000000-0000-0000-B715-000000000000"}&amp#27;[39m
&amp#27;[35m[W3C (26255f9c)]&amp#27;[39m Driver proxy active, passing request on via HTTP proxy
[debug] &amp#27;[35m[XCUITest]&amp#27;[39m Executing command 'proxyReqRes'
[debug] &amp#27;[35m[WD Proxy]&amp#27;[39m Matched '/wd/hub/session/26255f9c-9f7a-4f75-98c9-83c1e78aa016/element/20000000-0000-0000-B715-000000000000/click' to command name 'click'
[debug] &amp#27;[35m[WD Proxy]&amp#27;[39m Proxying [POST /wd/hub/session/26255f9c-9f7a-4f75-98c9-83c1e78aa016/element/20000000-0000-0000-B715-000000000000/click] to [POST http://127.0.0.1:8100/session/F14D88EC-C5BD-4387-A53E-799BA3D7C564/element/20000000-0000-0000-B715-000000000000/click] with body: {"id":"20000000-0000-0000-B715-000000000000"}
[debug] &amp#27;[35m[WD Proxy]&amp#27;[39m Got response with status 200: {"value":null,"sessionId":"F14D88EC-C5BD-4387-A53E-799BA3D7C564"}
&amp#27;[35m[WD Proxy]&amp#27;[39m Replacing sessionId F14D88EC-C5BD-4387-A53E-799BA3D7C564 with 26255f9c-9f7a-4f75-98c9-83c1e78aa016
&amp#27;[35m[HTTP]&amp#27;[39m &amp#27;[37m<-- POST /wd/hub/session/26255f9c-9f7a-4f75-98c9-83c1e78aa016/element/20000000-0000-0000-B715-000000000000/click &amp#27;[39m&amp#27;[32m200&amp#27;[39m &amp#27;[90m289 ms - 65&amp#27;[39m
&amp#27;[35m[HTTP]&amp#27;[39m &amp#27;[90m&amp#27;[39m
&amp#27;[35m[HTTP]&amp#27;[39m &amp#27;[37m-->&amp#27;[39m &amp#27;[37mGET&amp#27;[39m &amp#27;[37m/wd/hub/session/26255f9c-9f7a-4f75-98c9-83c1e78aa016/context&amp#27;[39m
&amp#27;[35m[HTTP]&amp#27;[39m &amp#27;[90m{}&amp#27;[39m
[debug] &amp#27;[35m[W3C (26255f9c)]&amp#27;[39m Calling AppiumDriver.getCurrentContext() with args: ["26255f9c-9f7a-4f75-98c9-83c1e78aa016"]
[debug] &amp#27;[35m[XCUITest]&amp#27;[39m Executing command 'getCurrentContext'
[debug] &amp#27;[35m[W3C (26255f9c)]&amp#27;[39m Responding to client with driver.getCurrentContext() result: "NATIVE_APP"
&amp#27;[35m[HTTP]&amp#27;[39m &amp#27;[37m<-- GET /wd/hub/session/26255f9c-9f7a-4f75-98c9-83c1e78aa016/context &amp#27;[39m&amp#27;[32m200&amp#27;[39m &amp#27;[90m1 ms - 22&amp#27;[39m
&amp#27;[35m[HTTP]&amp#27;[39m &amp#27;[90m&amp#27;[39m
&amp#27;[35m[HTTP]&amp#27;[39m &amp#27;[37m-->&amp#27;[39m &amp#27;[37mPOST&amp#27;[39m &amp#27;[37m/wd/hub/session/26255f9c-9f7a-4f75-98c9-83c1e78aa016/element&amp#27;[39m
&amp#27;[35m[HTTP]&amp#27;[39m &amp#27;[90m{"using":"accessibility id","value":"������������"}&amp#27;[39m
[debug] &amp#27;[35m[W3C (26255f9c)]&amp#27;[39m Calling AppiumDriver.findElement() with args: ["accessibility id","������������","26255f9c-9f7a-4f75-98c9-83c1e78aa016"]
[debug] &amp#27;[35m[XCUITest]&amp#27;[39m Executing command 'findElement'
[debug] &amp#27;[35m[BaseDriver]&amp#27;[39m Valid locator strategies for this request: xpath, id, name, class name, -ios predicate string, -ios class chain, accessibility id
[debug] &amp#27;[35m[BaseDriver]&amp#27;[39m Waiting up to 20000 ms for condition
[debug] &amp#27;[35m[WD Proxy]&amp#27;[39m Matched '/element' to command name 'findElement'
[debug] &amp#27;[35m[WD Proxy]&amp#27;[39m Proxying [POST /element] to [POST http://127.0.0.1:8100/session/F14D88EC-C5BD-4387-A53E-799BA3D7C564/element] with body: {"using":"accessibility id","value":"������������"}
&amp#27;[35m[WD Proxy]&amp#27;[39m Got response with status 404: {"value":{"error":"no such element","message":"unable to find an element using 'accessibility id', value '������������'","traceback":"(\n\t0   WebDriverAgentLib                   0x0000000108e5a04d FBNoSuchElementErrorResponseForRequest + 301\n\t1   WebDriverAgentLib                   0x0000000108e59df9 +[FBFindElementCommands handleFindElement:] + 425\n\t2   WebDriverAgentLib                   0x0000000108e377d6 -[FBRoute_TargetAction mountRequest:intoResponse:] + 182\n\t3   WebDriverAgentLib                   0x0000000108e1f5cb __37-[FBWebServer registerRouteHandlers:]_block_invoke + 555\n\t4   RoutingHTTPServer                   0x0000000108f29c53 -[RoutingHTTPServer handleRoute:withRequest:response:] + 136\n\t5   RoutingHTTPServer                   0x0000000108f2a566 __72-[RoutingHTTPServer routeMethod:withPath:parameters:request:connection:]_block_invoke + 47\n\t6   libdispatch.dylib                   0x00007fff519de7b9 _dispatch_client_callout + 8\n\t7   libdispatch.dylib                   0x00007fff519eb8...
[debug] &amp#27;[35m[W3C]&amp#27;[39m Matched W3C error code 'no such element' to NoSuchElementError
[debug] &amp#27;[35m[BaseDriver]&amp#27;[39m Waited for 60 ms so far
[debug] &amp#27;[35m[WD Proxy]&amp#27;[39m Matched '/element' to command name 'findElement'
[debug] &amp#27;[35m[WD Proxy]&amp#27;[39m Proxying [POST /element] to [POST http://127.0.0.1:8100/session/F14D88EC-C5BD-4387-A53E-799BA3D7C564/element] with body: {"using":"accessibility id","value":"������������"}
[debug] &amp#27;[35m[WD Proxy]&amp#27;[39m Got response with status 200: {"value":{"ELEMENT":"3A000000-0000-0000-B715-000000000000","element-6066-11e4-a52e-4f735466cecf":"3A000000-0000-0000-B715-000000000000"},"sessionId":"F14D88EC-C5BD-4387-A53E-799BA3D7C564"}
[debug] &amp#27;[35m[W3C (26255f9c)]&amp#27;[39m Responding to client with driver.findElement() result: {"element-6066-11e4-a52e-4f735466cecf":"3A000000-0000-0000-B715-000000000000","ELEMENT":"3A000000-0000-0000-B715-000000000000"}
&amp#27;[35m[HTTP]&amp#27;[39m &amp#27;[37m<-- POST /wd/hub/session/26255f9c-9f7a-4f75-98c9-83c1e78aa016/element &amp#27;[39m&amp#27;[32m200&amp#27;[39m &amp#27;[90m4206 ms - 137&amp#27;[39m
&amp#27;[35m[HTTP]&amp#27;[39m &amp#27;[90m&amp#27;[39m
&amp#27;[35m[HTTP]&amp#27;[39m &amp#27;[37m-->&amp#27;[39m &amp#27;[37mPOST&amp#27;[39m &amp#27;[37m/wd/hub/session/26255f9c-9f7a-4f75-98c9-83c1e78aa016/element/3A000000-0000-0000-B715-000000000000/click&amp#27;[39m
&amp#27;[35m[HTTP]&amp#27;[39m &amp#27;[90m{"id":"3A000000-0000-0000-B715-000000000000"}&amp#27;[39m
&amp#27;[35m[W3C (26255f9c)]&amp#27;[39m Driver proxy active, passing request on via HTTP proxy
[debug] &amp#27;[35m[XCUITest]&amp#27;[39m Executing command 'proxyReqRes'
[debug] &amp#27;[35m[WD Proxy]&amp#27;[39m Matched '/wd/hub/session/26255f9c-9f7a-4f75-98c9-83c1e78aa016/element/3A000000-0000-0000-B715-000000000000/click' to command name 'click'
[debug] &amp#27;[35m[WD Proxy]&amp#27;[39m Proxying [POST /wd/hub/session/26255f9c-9f7a-4f75-98c9-83c1e78aa016/element/3A000000-0000-0000-B715-000000000000/click] to [POST http://127.0.0.1:8100/session/F14D88EC-C5BD-4387-A53E-799BA3D7C564/element/3A000000-0000-0000-B715-000000000000/click] with body: {"id":"3A000000-0000-0000-B715-000000000000"}
[debug] &amp#27;[35m[WD Proxy]&amp#27;[39m Got response with status 200: {"value":null,"sessionId":"F14D88EC-C5BD-4387-A53E-799BA3D7C564"}
&amp#27;[35m[WD Proxy]&amp#27;[39m Replacing sessionId F14D88EC-C5BD-4387-A53E-799BA3D7C564 with 26255f9c-9f7a-4f75-98c9-83c1e78aa016
&amp#27;[35m[HTTP]&amp#27;[39m &amp#27;[37m<-- POST /wd/hub/session/26255f9c-9f7a-4f75-98c9-83c1e78aa016/element/3A000000-0000-0000-B715-000000000000/click &amp#27;[39m&amp#27;[32m200&amp#27;[39m &amp#27;[90m388 ms - 65&amp#27;[39m
&amp#27;[35m[HTTP]&amp#27;[39m &amp#27;[90m&amp#27;[39m
&amp#27;[35m[HTTP]&amp#27;[39m &amp#27;[37m-->&amp#27;[39m &amp#27;[37mGET&amp#27;[39m &amp#27;[37m/wd/hub/session/26255f9c-9f7a-4f75-98c9-83c1e78aa016/context&amp#27;[39m
&amp#27;[35m[HTTP]&amp#27;[39m &amp#27;[90m{}&amp#27;[39m
[debug] &amp#27;[35m[W3C (26255f9c)]&amp#27;[39m Calling AppiumDriver.getCurrentContext() with args: ["26255f9c-9f7a-4f75-98c9-83c1e78aa016"]
[debug] &amp#27;[35m[XCUITest]&amp#27;[39m Executing command 'getCurrentContext'
[debug] &amp#27;[35m[W3C (26255f9c)]&amp#27;[39m Responding to client with driver.getCurrentContext() result: "NATIVE_APP"
&amp#27;[35m[HTTP]&amp#27;[39m &amp#27;[37m<-- GET /wd/hub/session/26255f9c-9f7a-4f75-98c9-83c1e78aa016/context &amp#27;[39m&amp#27;[32m200&amp#27;[39m &amp#27;[90m2 ms - 22&amp#27;[39m
&amp#27;[35m[HTTP]&amp#27;[39m &amp#27;[90m&amp#27;[39m
&amp#27;[35m[HTTP]&amp#27;[39m &amp#27;[37m-->&amp#27;[39m &amp#27;[37mPOST&amp#27;[39m &amp#27;[37m/wd/hub/session/26255f9c-9f7a-4f75-98c9-83c1e78aa016/element&amp#27;[39m
&amp#27;[35m[HTTP]&amp#27;[39m &amp#27;[90m{"using":"accessibility id","value":"���������� ������������"}&amp#27;[39m
[debug] &amp#27;[35m[W3C (26255f9c)]&amp#27;[39m Calling AppiumDriver.findElement() with args: ["accessibility id","���������� ������������","26255f9c-9f7a-4f75-98c9-83c1e78aa016"]
[debug] &amp#27;[35m[XCUITest]&amp#27;[39m Executing command 'findElement'
[debug] &amp#27;[35m[BaseDriver]&amp#27;[39m Valid locator strategies for this request: xpath, id, name, class name, -ios predicate string, -ios class chain, accessibility id
[debug] &amp#27;[35m[BaseDriver]&amp#27;[39m Waiting up to 20000 ms for condition
[debug] &amp#27;[35m[WD Proxy]&amp#27;[39m Matched '/element' to command name 'findElement'
[debug] &amp#27;[35m[WD Proxy]&amp#27;[39m Proxying [POST /element] to [POST http://127.0.0.1:8100/session/F14D88EC-C5BD-4387-A53E-799BA3D7C564/element] with body: {"using":"accessibility id","value":"���������� ������������"}
&amp#27;[35m[WD Proxy]&amp#27;[39m Got response with status 404: {"value":{"error":"no such element","message":"unable to find an element using 'accessibility id', value '���������� ������������'","traceback":"(\n\t0   WebDriverAgentLib                   0x0000000108e5a04d FBNoSuchElementErrorResponseForRequest + 301\n\t1   WebDriverAgentLib                   0x0000000108e59df9 +[FBFindElementCommands handleFindElement:] + 425\n\t2   WebDriverAgentLib                   0x0000000108e377d6 -[FBRoute_TargetAction mountRequest:intoResponse:] + 182\n\t3   WebDriverAgentLib                   0x0000000108e1f5cb __37-[FBWebServer registerRouteHandlers:]_block_invoke + 555\n\t4   RoutingHTTPServer                   0x0000000108f29c53 -[RoutingHTTPServer handleRoute:withRequest:response:] + 136\n\t5   RoutingHTTPServer                   0x0000000108f2a566 __72-[RoutingHTTPServer routeMethod:withPath:parameters:request:connection:]_block_invoke + 47\n\t6   libdispatch.dylib                   0x00007fff519de7b9 _dispatch_client_callout + 8\n\t7   libdispatch.dylib                   0x00007fff...
[debug] &amp#27;[35m[W3C]&amp#27;[39m Matched W3C error code 'no such element' to NoSuchElementError
[debug] &amp#27;[35m[BaseDriver]&amp#27;[39m Waited for 77 ms so far
[debug] &amp#27;[35m[WD Proxy]&amp#27;[39m Matched '/element' to command name 'findElement'
[debug] &amp#27;[35m[WD Proxy]&amp#27;[39m Proxying [POST /element] to [POST http://127.0.0.1:8100/session/F14D88EC-C5BD-4387-A53E-799BA3D7C564/element] with body: {"using":"accessibility id","value":"���������� ������������"}
&amp#27;[35m[WD Proxy]&amp#27;[39m Got response with status 404: {"value":{"error":"no such element","message":"unable to find an element using 'accessibility id', value '���������� ������������'","traceback":"(\n\t0   WebDriverAgentLib                   0x0000000108e5a04d FBNoSuchElementErrorResponseForRequest + 301\n\t1   WebDriverAgentLib                   0x0000000108e59df9 +[FBFindElementCommands handleFindElement:] + 425\n\t2   WebDriverAgentLib                   0x0000000108e377d6 -[FBRoute_TargetAction mountRequest:intoResponse:] + 182\n\t3   WebDriverAgentLib                   0x0000000108e1f5cb __37-[FBWebServer registerRouteHandlers:]_block_invoke + 555\n\t4   RoutingHTTPServer                   0x0000000108f29c53 -[RoutingHTTPServer handleRoute:withRequest:response:] + 136\n\t5   RoutingHTTPServer                   0x0000000108f2a566 __72-[RoutingHTTPServer routeMethod:withPath:parameters:request:connection:]_block_invoke + 47\n\t6   libdispatch.dylib                   0x00007fff519de7b9 _dispatch_client_callout + 8\n\t7   libdispatch.dylib                   0x00007fff...
[debug] &amp#27;[35m[W3C]&amp#27;[39m Matched W3C error code 'no such element' to NoSuchElementError
[debug] &amp#27;[35m[BaseDriver]&amp#27;[39m Waited for 664 ms so far
[debug] &amp#27;[35m[WD Proxy]&amp#27;[39m Matched '/element' to command name 'findElement'
[debug] &amp#27;[35m[WD Proxy]&amp#27;[39m Proxying [POST /element] to [POST http://127.0.0.1:8100/session/F14D88EC-C5BD-4387-A53E-799BA3D7C564/element] with body: {"using":"accessibility id","value":"���������� ������������"}
&amp#27;[35m[WD Proxy]&amp#27;[39m Got response with status 404: {"value":{"error":"no such element","message":"unable to find an element using 'accessibility id', value '���������� ������������'","traceback":"(\n\t0   WebDriverAgentLib                   0x0000000108e5a04d FBNoSuchElementErrorResponseForRequest + 301\n\t1   WebDriverAgentLib                   0x0000000108e59df9 +[FBFindElementCommands handleFindElement:] + 425\n\t2   WebDriverAgentLib                   0x0000000108e377d6 -[FBRoute_TargetAction mountRequest:intoResponse:] + 182\n\t3   WebDriverAgentLib                   0x0000000108e1f5cb __37-[FBWebServer registerRouteHandlers:]_block_invoke + 555\n\t4   RoutingHTTPServer                   0x0000000108f29c53 -[RoutingHTTPServer handleRoute:withRequest:response:] + 136\n\t5   RoutingHTTPServer                   0x0000000108f2a566 __72-[RoutingHTTPServer routeMethod:withPath:parameters:request:connection:]_block_invoke + 47\n\t6   libdispatch.dylib                   0x00007fff519de7b9 _dispatch_client_callout + 8\n\t7   libdispatch.dylib                   0x00007fff...
[debug] &amp#27;[35m[W3C]&amp#27;[39m Matched W3C error code 'no such element' to NoSuchElementError
[debug] &amp#27;[35m[BaseDriver]&amp#27;[39m Waited for 1242 ms so far
[debug] &amp#27;[35m[WD Proxy]&amp#27;[39m Matched '/element' to command name 'findElement'
[debug] &amp#27;[35m[WD Proxy]&amp#27;[39m Proxying [POST /element] to [POST http://127.0.0.1:8100/session/F14D88EC-C5BD-4387-A53E-799BA3D7C564/element] with body: {"using":"accessibility id","value":"���������� ������������"}
&amp#27;[35m[WD Proxy]&amp#27;[39m Got response with status 404: {"value":{"error":"no such element","message":"unable to find an element using 'accessibility id', value '���������� ������������'","traceback":"(\n\t0   WebDriverAgentLib                   0x0000000108e5a04d FBNoSuchElementErrorResponseForRequest + 301\n\t1   WebDriverAgentLib                   0x0000000108e59df9 +[FBFindElementCommands handleFindElement:] + 425\n\t2   WebDriverAgentLib                   0x0000000108e377d6 -[FBRoute_TargetAction mountRequest:intoResponse:] + 182\n\t3   WebDriverAgentLib                   0x0000000108e1f5cb __37-[FBWebServer registerRouteHandlers:]_block_invoke + 555\n\t4   RoutingHTTPServer                   0x0000000108f29c53 -[RoutingHTTPServer handleRoute:withRequest:response:] + 136\n\t5   RoutingHTTPServer                   0x0000000108f2a566 __72-[RoutingHTTPServer routeMethod:withPath:parameters:request:connection:]_block_invoke + 47\n\t6   libdispatch.dylib                   0x00007fff519de7b9 _dispatch_client_callout + 8\n\t7   libdispatch.dylib                   0x00007fff...
[debug] &amp#27;[35m[W3C]&amp#27;[39m Matched W3C error code 'no such element' to NoSuchElementError
[debug] &amp#27;[35m[BaseDriver]&amp#27;[39m Waited for 1819 ms so far
[debug] &amp#27;[35m[WD Proxy]&amp#27;[39m Matched '/element' to command name 'findElement'
[debug] &amp#27;[35m[WD Proxy]&amp#27;[39m Proxying [POST /element] to [POST http://127.0.0.1:8100/session/F14D88EC-C5BD-4387-A53E-799BA3D7C564/element] with body: {"using":"accessibility id","value":"���������� ������������"}
&amp#27;[35m[WD Proxy]&amp#27;[39m Got response with status 404: {"value":{"error":"no such element","message":"unable to find an element using 'accessibility id', value '���������� ������������'","traceback":"(\n\t0   WebDriverAgentLib                   0x0000000108e5a04d FBNoSuchElementErrorResponseForRequest + 301\n\t1   WebDriverAgentLib                   0x0000000108e59df9 +[FBFindElementCommands handleFindElement:] + 425\n\t2   WebDriverAgentLib                   0x0000000108e377d6 -[FBRoute_TargetAction mountRequest:intoResponse:] + 182\n\t3   WebDriverAgentLib                   0x0000000108e1f5cb __37-[FBWebServer registerRouteHandlers:]_block_invoke + 555\n\t4   RoutingHTTPServer                   0x0000000108f29c53 -[RoutingHTTPServer handleRoute:withRequest:response:] + 136\n\t5   RoutingHTTPServer                   0x0000000108f2a566 __72-[RoutingHTTPServer routeMethod:withPath:parameters:request:connection:]_block_invoke + 47\n\t6   libdispatch.dylib                   0x00007fff519de7b9 _dispatch_client_callout + 8\n\t7   libdispatch.dylib                   0x00007fff...
[debug] &amp#27;[35m[W3C]&amp#27;[39m Matched W3C error code 'no such element' to NoSuchElementError
[debug] &amp#27;[35m[BaseDriver]&amp#27;[39m Waited for 2395 ms so far
[debug] &amp#27;[35m[WD Proxy]&amp#27;[39m Matched '/element' to command name 'findElement'
[debug] &amp#27;[35m[WD Proxy]&amp#27;[39m Proxying [POST /element] to [POST http://127.0.0.1:8100/session/F14D88EC-C5BD-4387-A53E-799BA3D7C564/element] with body: {"using":"accessibility id","value":"���������� ������������"}
&amp#27;[35m[WD Proxy]&amp#27;[39m Got response with status 404: {"value":{"error":"no such element","message":"unable to find an element using 'accessibility id', value '���������� ������������'","traceback":"(\n\t0   WebDriverAgentLib                   0x0000000108e5a04d FBNoSuchElementErrorResponseForRequest + 301\n\t1   WebDriverAgentLib                   0x0000000108e59df9 +[FBFindElementCommands handleFindElement:] + 425\n\t2   WebDriverAgentLib                   0x0000000108e377d6 -[FBRoute_TargetAction mountRequest:intoResponse:] + 182\n\t3   WebDriverAgentLib                   0x0000000108e1f5cb __37-[FBWebServer registerRouteHandlers:]_block_invoke + 555\n\t4   RoutingHTTPServer                   0x0000000108f29c53 -[RoutingHTTPServer handleRoute:withRequest:response:] + 136\n\t5   RoutingHTTPServer                   0x0000000108f2a566 __72-[RoutingHTTPServer routeMethod:withPath:parameters:request:connection:]_block_invoke + 47\n\t6   libdispatch.dylib                   0x00007fff519de7b9 _dispatch_client_callout + 8\n\t7   libdispatch.dylib                   0x00007fff...
[debug] &amp#27;[35m[W3C]&amp#27;[39m Matched W3C error code 'no such element' to NoSuchElementError
[debug] &amp#27;[35m[BaseDriver]&amp#27;[39m Waited for 2980 ms so far
[debug] &amp#27;[35m[WD Proxy]&amp#27;[39m Matched '/element' to command name 'findElement'
[debug] &amp#27;[35m[WD Proxy]&amp#27;[39m Proxying [POST /element] to [POST http://127.0.0.1:8100/session/F14D88EC-C5BD-4387-A53E-799BA3D7C564/element] with body: {"using":"accessibility id","value":"���������� ������������"}
&amp#27;[35m[WD Proxy]&amp#27;[39m Got response with status 404: {"value":{"error":"no such element","message":"unable to find an element using 'accessibility id', value '���������� ������������'","traceback":"(\n\t0   WebDriverAgentLib                   0x0000000108e5a04d FBNoSuchElementErrorResponseForRequest + 301\n\t1   WebDriverAgentLib                   0x0000000108e59df9 +[FBFindElementCommands handleFindElement:] + 425\n\t2   WebDriverAgentLib                   0x0000000108e377d6 -[FBRoute_TargetAction mountRequest:intoResponse:] + 182\n\t3   WebDriverAgentLib                   0x0000000108e1f5cb __37-[FBWebServer registerRouteHandlers:]_block_invoke + 555\n\t4   RoutingHTTPServer                   0x0000000108f29c53 -[RoutingHTTPServer handleRoute:withRequest:response:] + 136\n\t5   RoutingHTTPServer                   0x0000000108f2a566 __72-[RoutingHTTPServer routeMethod:withPath:parameters:request:connection:]_block_invoke + 47\n\t6   libdispatch.dylib                   0x00007fff519de7b9 _dispatch_client_callout + 8\n\t7   libdispatch.dylib                   0x00007fff...
[debug] &amp#27;[35m[W3C]&amp#27;[39m Matched W3C error code 'no such element' to NoSuchElementError
[debug] &amp#27;[35m[BaseDriver]&amp#27;[39m Waited for 3558 ms so far
[debug] &amp#27;[35m[WD Proxy]&amp#27;[39m Matched '/element' to command name 'findElement'
[debug] &amp#27;[35m[WD Proxy]&amp#27;[39m Proxying [POST /element] to [POST http://127.0.0.1:8100/session/F14D88EC-C5BD-4387-A53E-799BA3D7C564/element] with body: {"using":"accessibility id","value":"���������� ������������"}
&amp#27;[35m[WD Proxy]&amp#27;[39m Got response with status 404: {"value":{"error":"no such element","message":"unable to find an element using 'accessibility id', value '���������� ������������'","traceback":"(\n\t0   WebDriverAgentLib                   0x0000000108e5a04d FBNoSuchElementErrorResponseForRequest + 301\n\t1   WebDriverAgentLib                   0x0000000108e59df9 +[FBFindElementCommands handleFindElement:] + 425\n\t2   WebDriverAgentLib                   0x0000000108e377d6 -[FBRoute_TargetAction mountRequest:intoResponse:] + 182\n\t3   WebDriverAgentLib                   0x0000000108e1f5cb __37-[FBWebServer registerRouteHandlers:]_block_invoke + 555\n\t4   RoutingHTTPServer                   0x0000000108f29c53 -[RoutingHTTPServer handleRoute:withRequest:response:] + 136\n\t5   RoutingHTTPServer                   0x0000000108f2a566 __72-[RoutingHTTPServer routeMethod:withPath:parameters:request:connection:]_block_invoke + 47\n\t6   libdispatch.dylib                   0x00007fff519de7b9 _dispatch_client_callout + 8\n\t7   libdispatch.dylib                   0x00007fff...
[debug] &amp#27;[35m[W3C]&amp#27;[39m Matched W3C error code 'no such element' to NoSuchElementError
[debug] &amp#27;[35m[BaseDriver]&amp#27;[39m Waited for 4136 ms so far
[debug] &amp#27;[35m[WD Proxy]&amp#27;[39m Matched '/element' to command name 'findElement'
[debug] &amp#27;[35m[WD Proxy]&amp#27;[39m Proxying [POST /element] to [POST http://127.0.0.1:8100/session/F14D88EC-C5BD-4387-A53E-799BA3D7C564/element] with body: {"using":"accessibility id","value":"���������� ������������"}
&amp#27;[35m[WD Proxy]&amp#27;[39m Got response with status 404: {"value":{"error":"no such element","message":"unable to find an element using 'accessibility id', value '���������� ������������'","traceback":"(\n\t0   WebDriverAgentLib                   0x0000000108e5a04d FBNoSuchElementErrorResponseForRequest + 301\n\t1   WebDriverAgentLib                   0x0000000108e59df9 +[FBFindElementCommands handleFindElement:] + 425\n\t2   WebDriverAgentLib                   0x0000000108e377d6 -[FBRoute_TargetAction mountRequest:intoResponse:] + 182\n\t3   WebDriverAgentLib                   0x0000000108e1f5cb __37-[FBWebServer registerRouteHandlers:]_block_invoke + 555\n\t4   RoutingHTTPServer                   0x0000000108f29c53 -[RoutingHTTPServer handleRoute:withRequest:response:] + 136\n\t5   RoutingHTTPServer                   0x0000000108f2a566 __72-[RoutingHTTPServer routeMethod:withPath:parameters:request:connection:]_block_invoke + 47\n\t6   libdispatch.dylib                   0x00007fff519de7b9 _dispatch_client_callout + 8\n\t7   libdispatch.dylib                   0x00007fff...
[debug] &amp#27;[35m[W3C]&amp#27;[39m Matched W3C error code 'no such element' to NoSuchElementError
[debug] &amp#27;[35m[BaseDriver]&amp#27;[39m Waited for 4712 ms so far
[debug] &amp#27;[35m[WD Proxy]&amp#27;[39m Matched '/element' to command name 'findElement'
[debug] &amp#27;[35m[WD Proxy]&amp#27;[39m Proxying [POST /element] to [POST http://127.0.0.1:8100/session/F14D88EC-C5BD-4387-A53E-799BA3D7C564/element] with body: {"using":"accessibility id","value":"���������� ������������"}
&amp#27;[35m[WD Proxy]&amp#27;[39m Got response with status 404: {"value":{"error":"no such element","message":"unable to find an element using 'accessibility id', value '���������� ������������'","traceback":"(\n\t0   WebDriverAgentLib                   0x0000000108e5a04d FBNoSuchElementErrorResponseForRequest + 301\n\t1   WebDriverAgentLib                   0x0000000108e59df9 +[FBFindElementCommands handleFindElement:] + 425\n\t2   WebDriverAgentLib                   0x0000000108e377d6 -[FBRoute_TargetAction mountRequest:intoResponse:] + 182\n\t3   WebDriverAgentLib                   0x0000000108e1f5cb __37-[FBWebServer registerRouteHandlers:]_block_invoke + 555\n\t4   RoutingHTTPServer                   0x0000000108f29c53 -[RoutingHTTPServer handleRoute:withRequest:response:] + 136\n\t5   RoutingHTTPServer                   0x0000000108f2a566 __72-[RoutingHTTPServer routeMethod:withPath:parameters:request:connection:]_block_invoke + 47\n\t6   libdispatch.dylib                   0x00007fff519de7b9 _dispatch_client_callout + 8\n\t7   libdispatch.dylib                   0x00007fff...
[debug] &amp#27;[35m[W3C]&amp#27;[39m Matched W3C error code 'no such element' to NoSuchElementError
[debug] &amp#27;[35m[BaseDriver]&amp#27;[39m Waited for 5293 ms so far
[debug] &amp#27;[35m[WD Proxy]&amp#27;[39m Matched '/element' to command name 'findElement'
[debug] &amp#27;[35m[WD Proxy]&amp#27;[39m Proxying [POST /element] to [POST http://127.0.0.1:8100/session/F14D88EC-C5BD-4387-A53E-799BA3D7C564/element] with body: {"using":"accessibility id","value":"���������� ������������"}
&amp#27;[35m[WD Proxy]&amp#27;[39m Got response with status 404: {"value":{"error":"no such element","message":"unable to find an element using 'accessibility id', value '���������� ������������'","traceback":"(\n\t0   WebDriverAgentLib                   0x0000000108e5a04d FBNoSuchElementErrorResponseForRequest + 301\n\t1   WebDriverAgentLib                   0x0000000108e59df9 +[FBFindElementCommands handleFindElement:] + 425\n\t2   WebDriverAgentLib                   0x0000000108e377d6 -[FBRoute_TargetAction mountRequest:intoResponse:] + 182\n\t3   WebDriverAgentLib                   0x0000000108e1f5cb __37-[FBWebServer registerRouteHandlers:]_block_invoke + 555\n\t4   RoutingHTTPServer                   0x0000000108f29c53 -[RoutingHTTPServer handleRoute:withRequest:response:] + 136\n\t5   RoutingHTTPServer                   0x0000000108f2a566 __72-[RoutingHTTPServer routeMethod:withPath:parameters:request:connection:]_block_invoke + 47\n\t6   libdispatch.dylib                   0x00007fff519de7b9 _dispatch_client_callout + 8\n\t7   libdispatch.dylib                   0x00007fff...
[debug] &amp#27;[35m[W3C]&amp#27;[39m Matched W3C error code 'no such element' to NoSuchElementError
[debug] &amp#27;[35m[BaseDriver]&amp#27;[39m Waited for 5869 ms so far
[debug] &amp#27;[35m[WD Proxy]&amp#27;[39m Matched '/element' to command name 'findElement'
[debug] &amp#27;[35m[WD Proxy]&amp#27;[39m Proxying [POST /element] to [POST http://127.0.0.1:8100/session/F14D88EC-C5BD-4387-A53E-799BA3D7C564/element] with body: {"using":"accessibility id","value":"���������� ������������"}
&amp#27;[35m[WD Proxy]&amp#27;[39m Got response with status 404: {"value":{"error":"no such element","message":"unable to find an element using 'accessibility id', value '���������� ������������'","traceback":"(\n\t0   WebDriverAgentLib                   0x0000000108e5a04d FBNoSuchElementErrorResponseForRequest + 301\n\t1   WebDriverAgentLib                   0x0000000108e59df9 +[FBFindElementCommands handleFindElement:] + 425\n\t2   WebDriverAgentLib                   0x0000000108e377d6 -[FBRoute_TargetAction mountRequest:intoResponse:] + 182\n\t3   WebDriverAgentLib                   0x0000000108e1f5cb __37-[FBWebServer registerRouteHandlers:]_block_invoke + 555\n\t4   RoutingHTTPServer                   0x0000000108f29c53 -[RoutingHTTPServer handleRoute:withRequest:response:] + 136\n\t5   RoutingHTTPServer                   0x0000000108f2a566 __72-[RoutingHTTPServer routeMethod:withPath:parameters:request:connection:]_block_invoke + 47\n\t6   libdispatch.dylib                   0x00007fff519de7b9 _dispatch_client_callout + 8\n\t7   libdispatch.dylib                   0x00007fff...
[debug] &amp#27;[35m[W3C]&amp#27;[39m Matched W3C error code 'no such element' to NoSuchElementError
[debug] &amp#27;[35m[BaseDriver]&amp#27;[39m Waited for 6446 ms so far
[debug] &amp#27;[35m[WD Proxy]&amp#27;[39m Matched '/element' to command name 'findElement'
[debug] &amp#27;[35m[WD Proxy]&amp#27;[39m Proxying [POST /element] to [POST http://127.0.0.1:8100/session/F14D88EC-C5BD-4387-A53E-799BA3D7C564/element] with body: {"using":"accessibility id","value":"���������� ������������"}
&amp#27;[35m[WD Proxy]&amp#27;[39m Got response with status 404: {"value":{"error":"no such element","message":"unable to find an element using 'accessibility id', value '���������� ������������'","traceback":"(\n\t0   WebDriverAgentLib                   0x0000000108e5a04d FBNoSuchElementErrorResponseForRequest + 301\n\t1   WebDriverAgentLib                   0x0000000108e59df9 +[FBFindElementCommands handleFindElement:] + 425\n\t2   WebDriverAgentLib                   0x0000000108e377d6 -[FBRoute_TargetAction mountRequest:intoResponse:] + 182\n\t3   WebDriverAgentLib                   0x0000000108e1f5cb __37-[FBWebServer registerRouteHandlers:]_block_invoke + 555\n\t4   RoutingHTTPServer                   0x0000000108f29c53 -[RoutingHTTPServer handleRoute:withRequest:response:] + 136\n\t5   RoutingHTTPServer                   0x0000000108f2a566 __72-[RoutingHTTPServer routeMethod:withPath:parameters:request:connection:]_block_invoke + 47\n\t6   libdispatch.dylib                   0x00007fff519de7b9 _dispatch_client_callout + 8\n\t7   libdispatch.dylib                   0x00007fff...
[debug] &amp#27;[35m[W3C]&amp#27;[39m Matched W3C error code 'no such element' to NoSuchElementError
[debug] &amp#27;[35m[BaseDriver]&amp#27;[39m Waited for 7029 ms so far
[debug] &amp#27;[35m[WD Proxy]&amp#27;[39m Matched '/element' to command name 'findElement'
[debug] &amp#27;[35m[WD Proxy]&amp#27;[39m Proxying [POST /element] to [POST http://127.0.0.1:8100/session/F14D88EC-C5BD-4387-A53E-799BA3D7C564/element] with body: {"using":"accessibility id","value":"���������� ������������"}
&amp#27;[35m[WD Proxy]&amp#27;[39m Got response with status 404: {"value":{"error":"no such element","message":"unable to find an element using 'accessibility id', value '���������� ������������'","traceback":"(\n\t0   WebDriverAgentLib                   0x0000000108e5a04d FBNoSuchElementErrorResponseForRequest + 301\n\t1   WebDriverAgentLib                   0x0000000108e59df9 +[FBFindElementCommands handleFindElement:] + 425\n\t2   WebDriverAgentLib                   0x0000000108e377d6 -[FBRoute_TargetAction mountRequest:intoResponse:] + 182\n\t3   WebDriverAgentLib                   0x0000000108e1f5cb __37-[FBWebServer registerRouteHandlers:]_block_invoke + 555\n\t4   RoutingHTTPServer                   0x0000000108f29c53 -[RoutingHTTPServer handleRoute:withRequest:response:] + 136\n\t5   RoutingHTTPServer                   0x0000000108f2a566 __72-[RoutingHTTPServer routeMethod:withPath:parameters:request:connection:]_block_invoke + 47\n\t6   libdispatch.dylib                   0x00007fff519de7b9 _dispatch_client_callout + 8\n\t7   libdispatch.dylib                   0x00007fff...
[debug] &amp#27;[35m[W3C]&amp#27;[39m Matched W3C error code 'no such element' to NoSuchElementError
[debug] &amp#27;[35m[BaseDriver]&amp#27;[39m Waited for 7610 ms so far
[debug] &amp#27;[35m[WD Proxy]&amp#27;[39m Matched '/element' to command name 'findElement'
[debug] &amp#27;[35m[WD Proxy]&amp#27;[39m Proxying [POST /element] to [POST http://127.0.0.1:8100/session/F14D88EC-C5BD-4387-A53E-799BA3D7C564/element] with body: {"using":"accessibility id","value":"���������� ������������"}
&amp#27;[35m[WD Proxy]&amp#27;[39m Got response with status 404: {"value":{"error":"no such element","message":"unable to find an element using 'accessibility id', value '���������� ������������'","traceback":"(\n\t0   WebDriverAgentLib                   0x0000000108e5a04d FBNoSuchElementErrorResponseForRequest + 301\n\t1   WebDriverAgentLib                   0x0000000108e59df9 +[FBFindElementCommands handleFindElement:] + 425\n\t2   WebDriverAgentLib                   0x0000000108e377d6 -[FBRoute_TargetAction mountRequest:intoResponse:] + 182\n\t3   WebDriverAgentLib                   0x0000000108e1f5cb __37-[FBWebServer registerRouteHandlers:]_block_invoke + 555\n\t4   RoutingHTTPServer                   0x0000000108f29c53 -[RoutingHTTPServer handleRoute:withRequest:response:] + 136\n\t5   RoutingHTTPServer                   0x0000000108f2a566 __72-[RoutingHTTPServer routeMethod:withPath:parameters:request:connection:]_block_invoke + 47\n\t6   libdispatch.dylib                   0x00007fff519de7b9 _dispatch_client_callout + 8\n\t7   libdispatch.dylib                   0x00007fff...
[debug] &amp#27;[35m[W3C]&amp#27;[39m Matched W3C error code 'no such element' to NoSuchElementError
[debug] &amp#27;[35m[BaseDriver]&amp#27;[39m Waited for 8193 ms so far
[debug] &amp#27;[35m[WD Proxy]&amp#27;[39m Matched '/element' to command name 'findElement'
[debug] &amp#27;[35m[WD Proxy]&amp#27;[39m Proxying [POST /element] to [POST http://127.0.0.1:8100/session/F14D88EC-C5BD-4387-A53E-799BA3D7C564/element] with body: {"using":"accessibility id","value":"���������� ������������"}
&amp#27;[35m[WD Proxy]&amp#27;[39m Got response with status 404: {"value":{"error":"no such element","message":"unable to find an element using 'accessibility id', value '���������� ������������'","traceback":"(\n\t0   WebDriverAgentLib                   0x0000000108e5a04d FBNoSuchElementErrorResponseForRequest + 301\n\t1   WebDriverAgentLib                   0x0000000108e59df9 +[FBFindElementCommands handleFindElement:] + 425\n\t2   WebDriverAgentLib                   0x0000000108e377d6 -[FBRoute_TargetAction mountRequest:intoResponse:] + 182\n\t3   WebDriverAgentLib                   0x0000000108e1f5cb __37-[FBWebServer registerRouteHandlers:]_block_invoke + 555\n\t4   RoutingHTTPServer                   0x0000000108f29c53 -[RoutingHTTPServer handleRoute:withRequest:response:] + 136\n\t5   RoutingHTTPServer                   0x0000000108f2a566 __72-[RoutingHTTPServer routeMethod:withPath:parameters:request:connection:]_block_invoke + 47\n\t6   libdispatch.dylib                   0x00007fff519de7b9 _dispatch_client_callout + 8\n\t7   libdispatch.dylib                   0x00007fff...
[debug] &amp#27;[35m[W3C]&amp#27;[39m Matched W3C error code 'no such element' to NoSuchElementError
[debug] &amp#27;[35m[BaseDriver]&amp#27;[39m Waited for 8780 ms so far
[debug] &amp#27;[35m[WD Proxy]&amp#27;[39m Matched '/element' to command name 'findElement'
[debug] &amp#27;[35m[WD Proxy]&amp#27;[39m Proxying [POST /element] to [POST http://127.0.0.1:8100/session/F14D88EC-C5BD-4387-A53E-799BA3D7C564/element] with body: {"using":"accessibility id","value":"���������� ������������"}
&amp#27;[35m[WD Proxy]&amp#27;[39m Got response with status 404: {"value":{"error":"no such element","message":"unable to find an element using 'accessibility id', value '���������� ������������'","traceback":"(\n\t0   WebDriverAgentLib                   0x0000000108e5a04d FBNoSuchElementErrorResponseForRequest + 301\n\t1   WebDriverAgentLib                   0x0000000108e59df9 +[FBFindElementCommands handleFindElement:] + 425\n\t2   WebDriverAgentLib                   0x0000000108e377d6 -[FBRoute_TargetAction mountRequest:intoResponse:] + 182\n\t3   WebDriverAgentLib                   0x0000000108e1f5cb __37-[FBWebServer registerRouteHandlers:]_block_invoke + 555\n\t4   RoutingHTTPServer                   0x0000000108f29c53 -[RoutingHTTPServer handleRoute:withRequest:response:] + 136\n\t5   RoutingHTTPServer                   0x0000000108f2a566 __72-[RoutingHTTPServer routeMethod:withPath:parameters:request:connection:]_block_invoke + 47\n\t6   libdispatch.dylib                   0x00007fff519de7b9 _dispatch_client_callout + 8\n\t7   libdispatch.dylib                   0x00007fff...
[debug] &amp#27;[35m[W3C]&amp#27;[39m Matched W3C error code 'no such element' to NoSuchElementError
[debug] &amp#27;[35m[BaseDriver]&amp#27;[39m Waited for 9357 ms so far
[debug] &amp#27;[35m[WD Proxy]&amp#27;[39m Matched '/element' to command name 'findElement'
[debug] &amp#27;[35m[WD Proxy]&amp#27;[39m Proxying [POST /element] to [POST http://127.0.0.1:8100/session/F14D88EC-C5BD-4387-A53E-799BA3D7C564/element] with body: {"using":"accessibility id","value":"���������� ������������"}
&amp#27;[35m[WD Proxy]&amp#27;[39m Got response with status 404: {"value":{"error":"no such element","message":"unable to find an element using 'accessibility id', value '���������� ������������'","traceback":"(\n\t0   WebDriverAgentLib                   0x0000000108e5a04d FBNoSuchElementErrorResponseForRequest + 301\n\t1   WebDriverAgentLib                   0x0000000108e59df9 +[FBFindElementCommands handleFindElement:] + 425\n\t2   WebDriverAgentLib                   0x0000000108e377d6 -[FBRoute_TargetAction mountRequest:intoResponse:] + 182\n\t3   WebDriverAgentLib                   0x0000000108e1f5cb __37-[FBWebServer registerRouteHandlers:]_block_invoke + 555\n\t4   RoutingHTTPServer                   0x0000000108f29c53 -[RoutingHTTPServer handleRoute:withRequest:response:] + 136\n\t5   RoutingHTTPServer                   0x0000000108f2a566 __72-[RoutingHTTPServer routeMethod:withPath:parameters:request:connection:]_block_invoke + 47\n\t6   libdispatch.dylib                   0x00007fff519de7b9 _dispatch_client_callout + 8\n\t7   libdispatch.dylib                   0x00007fff...
[debug] &amp#27;[35m[W3C]&amp#27;[39m Matched W3C error code 'no such element' to NoSuchElementError
[debug] &amp#27;[35m[BaseDriver]&amp#27;[39m Waited for 9930 ms so far
[debug] &amp#27;[35m[WD Proxy]&amp#27;[39m Matched '/element' to command name 'findElement'
[debug] &amp#27;[35m[WD Proxy]&amp#27;[39m Proxying [POST /element] to [POST http://127.0.0.1:8100/session/F14D88EC-C5BD-4387-A53E-799BA3D7C564/element] with body: {"using":"accessibility id","value":"���������� ������������"}
&amp#27;[35m[WD Proxy]&amp#27;[39m Got response with status 404: {"value":{"error":"no such element","message":"unable to find an element using 'accessibility id', value '���������� ������������'","traceback":"(\n\t0   WebDriverAgentLib                   0x0000000108e5a04d FBNoSuchElementErrorResponseForRequest + 301\n\t1   WebDriverAgentLib                   0x0000000108e59df9 +[FBFindElementCommands handleFindElement:] + 425\n\t2   WebDriverAgentLib                   0x0000000108e377d6 -[FBRoute_TargetAction mountRequest:intoResponse:] + 182\n\t3   WebDriverAgentLib                   0x0000000108e1f5cb __37-[FBWebServer registerRouteHandlers:]_block_invoke + 555\n\t4   RoutingHTTPServer                   0x0000000108f29c53 -[RoutingHTTPServer handleRoute:withRequest:response:] + 136\n\t5   RoutingHTTPServer                   0x0000000108f2a566 __72-[RoutingHTTPServer routeMethod:withPath:parameters:request:connection:]_block_invoke + 47\n\t6   libdispatch.dylib                   0x00007fff519de7b9 _dispatch_client_callout + 8\n\t7   libdispatch.dylib                   0x00007fff...
[debug] &amp#27;[35m[W3C]&amp#27;[39m Matched W3C error code 'no such element' to NoSuchElementError
[debug] &amp#27;[35m[BaseDriver]&amp#27;[39m Waited for 10509 ms so far
[debug] &amp#27;[35m[WD Proxy]&amp#27;[39m Matched '/element' to command name 'findElement'
[debug] &amp#27;[35m[WD Proxy]&amp#27;[39m Proxying [POST /element] to [POST http://127.0.0.1:8100/session/F14D88EC-C5BD-4387-A53E-799BA3D7C564/element] with body: {"using":"accessibility id","value":"���������� ������������"}
&amp#27;[35m[WD Proxy]&amp#27;[39m Got response with status 404: {"value":{"error":"no such element","message":"unable to find an element using 'accessibility id', value '���������� ������������'","traceback":"(\n\t0   WebDriverAgentLib                   0x0000000108e5a04d FBNoSuchElementErrorResponseForRequest + 301\n\t1   WebDriverAgentLib                   0x0000000108e59df9 +[FBFindElementCommands handleFindElement:] + 425\n\t2   WebDriverAgentLib                   0x0000000108e377d6 -[FBRoute_TargetAction mountRequest:intoResponse:] + 182\n\t3   WebDriverAgentLib                   0x0000000108e1f5cb __37-[FBWebServer registerRouteHandlers:]_block_invoke + 555\n\t4   RoutingHTTPServer                   0x0000000108f29c53 -[RoutingHTTPServer handleRoute:withRequest:response:] + 136\n\t5   RoutingHTTPServer                   0x0000000108f2a566 __72-[RoutingHTTPServer routeMethod:withPath:parameters:request:connection:]_block_invoke + 47\n\t6   libdispatch.dylib                   0x00007fff519de7b9 _dispatch_client_callout + 8\n\t7   libdispatch.dylib                   0x00007fff...
[debug] &amp#27;[35m[W3C]&amp#27;[39m Matched W3C error code 'no such element' to NoSuchElementError
[debug] &amp#27;[35m[BaseDriver]&amp#27;[39m Waited for 11083 ms so far
[debug] &amp#27;[35m[WD Proxy]&amp#27;[39m Matched '/element' to command name 'findElement'
[debug] &amp#27;[35m[WD Proxy]&amp#27;[39m Proxying [POST /element] to [POST http://127.0.0.1:8100/session/F14D88EC-C5BD-4387-A53E-799BA3D7C564/element] with body: {"using":"accessibility id","value":"���������� ������������"}
&amp#27;[35m[WD Proxy]&amp#27;[39m Got response with status 404: {"value":{"error":"no such element","message":"unable to find an element using 'accessibility id', value '���������� ������������'","traceback":"(\n\t0   WebDriverAgentLib                   0x0000000108e5a04d FBNoSuchElementErrorResponseForRequest + 301\n\t1   WebDriverAgentLib                   0x0000000108e59df9 +[FBFindElementCommands handleFindElement:] + 425\n\t2   WebDriverAgentLib                   0x0000000108e377d6 -[FBRoute_TargetAction mountRequest:intoResponse:] + 182\n\t3   WebDriverAgentLib                   0x0000000108e1f5cb __37-[FBWebServer registerRouteHandlers:]_block_invoke + 555\n\t4   RoutingHTTPServer                   0x0000000108f29c53 -[RoutingHTTPServer handleRoute:withRequest:response:] + 136\n\t5   RoutingHTTPServer                   0x0000000108f2a566 __72-[RoutingHTTPServer routeMethod:withPath:parameters:request:connection:]_block_invoke + 47\n\t6   libdispatch.dylib                   0x00007fff519de7b9 _dispatch_client_callout + 8\n\t7   libdispatch.dylib                   0x00007fff...
[debug] &amp#27;[35m[W3C]&amp#27;[39m Matched W3C error code 'no such element' to NoSuchElementError
[debug] &amp#27;[35m[BaseDriver]&amp#27;[39m Waited for 11661 ms so far
[debug] &amp#27;[35m[WD Proxy]&amp#27;[39m Matched '/element' to command name 'findElement'
[debug] &amp#27;[35m[WD Proxy]&amp#27;[39m Proxying [POST /element] to [POST http://127.0.0.1:8100/session/F14D88EC-C5BD-4387-A53E-799BA3D7C564/element] with body: {"using":"accessibility id","value":"���������� ������������"}
&amp#27;[35m[WD Proxy]&amp#27;[39m Got response with status 404: {"value":{"error":"no such element","message":"unable to find an element using 'accessibility id', value '���������� ������������'","traceback":"(\n\t0   WebDriverAgentLib                   0x0000000108e5a04d FBNoSuchElementErrorResponseForRequest + 301\n\t1   WebDriverAgentLib                   0x0000000108e59df9 +[FBFindElementCommands handleFindElement:] + 425\n\t2   WebDriverAgentLib                   0x0000000108e377d6 -[FBRoute_TargetAction mountRequest:intoResponse:] + 182\n\t3   WebDriverAgentLib                   0x0000000108e1f5cb __37-[FBWebServer registerRouteHandlers:]_block_invoke + 555\n\t4   RoutingHTTPServer                   0x0000000108f29c53 -[RoutingHTTPServer handleRoute:withRequest:response:] + 136\n\t5   RoutingHTTPServer                   0x0000000108f2a566 __72-[RoutingHTTPServer routeMethod:withPath:parameters:request:connection:]_block_invoke + 47\n\t6   libdispatch.dylib                   0x00007fff519de7b9 _dispatch_client_callout + 8\n\t7   libdispatch.dylib                   0x00007fff...
[debug] &amp#27;[35m[W3C]&amp#27;[39m Matched W3C error code 'no such element' to NoSuchElementError
[debug] &amp#27;[35m[BaseDriver]&amp#27;[39m Waited for 12247 ms so far
[debug] &amp#27;[35m[WD Proxy]&amp#27;[39m Matched '/element' to command name 'findElement'
[debug] &amp#27;[35m[WD Proxy]&amp#27;[39m Proxying [POST /element] to [POST http://127.0.0.1:8100/session/F14D88EC-C5BD-4387-A53E-799BA3D7C564/element] with body: {"using":"accessibility id","value":"���������� ������������"}
&amp#27;[35m[WD Proxy]&amp#27;[39m Got response with status 404: {"value":{"error":"no such element","message":"unable to find an element using 'accessibility id', value '���������� ������������'","traceback":"(\n\t0   WebDriverAgentLib                   0x0000000108e5a04d FBNoSuchElementErrorResponseForRequest + 301\n\t1   WebDriverAgentLib                   0x0000000108e59df9 +[FBFindElementCommands handleFindElement:] + 425\n\t2   WebDriverAgentLib                   0x0000000108e377d6 -[FBRoute_TargetAction mountRequest:intoResponse:] + 182\n\t3   WebDriverAgentLib                   0x0000000108e1f5cb __37-[FBWebServer registerRouteHandlers:]_block_invoke + 555\n\t4   RoutingHTTPServer                   0x0000000108f29c53 -[RoutingHTTPServer handleRoute:withRequest:response:] + 136\n\t5   RoutingHTTPServer                   0x0000000108f2a566 __72-[RoutingHTTPServer routeMethod:withPath:parameters:request:connection:]_block_invoke + 47\n\t6   libdispatch.dylib                   0x00007fff519de7b9 _dispatch_client_callout + 8\n\t7   libdispatch.dylib                   0x00007fff...
[debug] &amp#27;[35m[W3C]&amp#27;[39m Matched W3C error code 'no such element' to NoSuchElementError
[debug] &amp#27;[35m[BaseDriver]&amp#27;[39m Waited for 12827 ms so far
[debug] &amp#27;[35m[WD Proxy]&amp#27;[39m Matched '/element' to command name 'findElement'
[debug] &amp#27;[35m[WD Proxy]&amp#27;[39m Proxying [POST /element] to [POST http://127.0.0.1:8100/session/F14D88EC-C5BD-4387-A53E-799BA3D7C564/element] with body: {"using":"accessibility id","value":"���������� ������������"}
&amp#27;[35m[WD Proxy]&amp#27;[39m Got response with status 404: {"value":{"error":"no such element","message":"unable to find an element using 'accessibility id', value '���������� ������������'","traceback":"(\n\t0   WebDriverAgentLib                   0x0000000108e5a04d FBNoSuchElementErrorResponseForRequest + 301\n\t1   WebDriverAgentLib                   0x0000000108e59df9 +[FBFindElementCommands handleFindElement:] + 425\n\t2   WebDriverAgentLib                   0x0000000108e377d6 -[FBRoute_TargetAction mountRequest:intoResponse:] + 182\n\t3   WebDriverAgentLib                   0x0000000108e1f5cb __37-[FBWebServer registerRouteHandlers:]_block_invoke + 555\n\t4   RoutingHTTPServer                   0x0000000108f29c53 -[RoutingHTTPServer handleRoute:withRequest:response:] + 136\n\t5   RoutingHTTPServer                   0x0000000108f2a566 __72-[RoutingHTTPServer routeMethod:withPath:parameters:request:connection:]_block_invoke + 47\n\t6   libdispatch.dylib                   0x00007fff519de7b9 _dispatch_client_callout + 8\n\t7   libdispatch.dylib                   0x00007fff...
[debug] &amp#27;[35m[W3C]&amp#27;[39m Matched W3C error code 'no such element' to NoSuchElementError
[debug] &amp#27;[35m[BaseDriver]&amp#27;[39m Waited for 13410 ms so far
[debug] &amp#27;[35m[WD Proxy]&amp#27;[39m Matched '/element' to command name 'findElement'
[debug] &amp#27;[35m[WD Proxy]&amp#27;[39m Proxying [POST /element] to [POST http://127.0.0.1:8100/session/F14D88EC-C5BD-4387-A53E-799BA3D7C564/element] with body: {"using":"accessibility id","value":"���������� ������������"}
&amp#27;[35m[WD Proxy]&amp#27;[39m Got response with status 404: {"value":{"error":"no such element","message":"unable to find an element using 'accessibility id', value '���������� ������������'","traceback":"(\n\t0   WebDriverAgentLib                   0x0000000108e5a04d FBNoSuchElementErrorResponseForRequest + 301\n\t1   WebDriverAgentLib                   0x0000000108e59df9 +[FBFindElementCommands handleFindElement:] + 425\n\t2   WebDriverAgentLib                   0x0000000108e377d6 -[FBRoute_TargetAction mountRequest:intoResponse:] + 182\n\t3   WebDriverAgentLib                   0x0000000108e1f5cb __37-[FBWebServer registerRouteHandlers:]_block_invoke + 555\n\t4   RoutingHTTPServer                   0x0000000108f29c53 -[RoutingHTTPServer handleRoute:withRequest:response:] + 136\n\t5   RoutingHTTPServer                   0x0000000108f2a566 __72-[RoutingHTTPServer routeMethod:withPath:parameters:request:connection:]_block_invoke + 47\n\t6   libdispatch.dylib                   0x00007fff519de7b9 _dispatch_client_callout + 8\n\t7   libdispatch.dylib                   0x00007fff...
[debug] &amp#27;[35m[W3C]&amp#27;[39m Matched W3C error code 'no such element' to NoSuchElementError
[debug] &amp#27;[35m[BaseDriver]&amp#27;[39m Waited for 13994 ms so far
[debug] &amp#27;[35m[WD Proxy]&amp#27;[39m Matched '/element' to command name 'findElement'
[debug] &amp#27;[35m[WD Proxy]&amp#27;[39m Proxying [POST /element] to [POST http://127.0.0.1:8100/session/F14D88EC-C5BD-4387-A53E-799BA3D7C564/element] with body: {"using":"accessibility id","value":"���������� ������������"}
&amp#27;[35m[WD Proxy]&amp#27;[39m Got response with status 404: {"value":{"error":"no such element","message":"unable to find an element using 'accessibility id', value '���������� ������������'","traceback":"(\n\t0   WebDriverAgentLib                   0x0000000108e5a04d FBNoSuchElementErrorResponseForRequest + 301\n\t1   WebDriverAgentLib                   0x0000000108e59df9 +[FBFindElementCommands handleFindElement:] + 425\n\t2   WebDriverAgentLib                   0x0000000108e377d6 -[FBRoute_TargetAction mountRequest:intoResponse:] + 182\n\t3   WebDriverAgentLib                   0x0000000108e1f5cb __37-[FBWebServer registerRouteHandlers:]_block_invoke + 555\n\t4   RoutingHTTPServer                   0x0000000108f29c53 -[RoutingHTTPServer handleRoute:withRequest:response:] + 136\n\t5   RoutingHTTPServer                   0x0000000108f2a566 __72-[RoutingHTTPServer routeMethod:withPath:parameters:request:connection:]_block_invoke + 47\n\t6   libdispatch.dylib                   0x00007fff519de7b9 _dispatch_client_callout + 8\n\t7   libdispatch.dylib                   0x00007fff...
[debug] &amp#27;[35m[W3C]&amp#27;[39m Matched W3C error code 'no such element' to NoSuchElementError
[debug] &amp#27;[35m[BaseDriver]&amp#27;[39m Waited for 14577 ms so far
[debug] &amp#27;[35m[WD Proxy]&amp#27;[39m Matched '/element' to command name 'findElement'
[debug] &amp#27;[35m[WD Proxy]&amp#27;[39m Proxying [POST /element] to [POST http://127.0.0.1:8100/session/F14D88EC-C5BD-4387-A53E-799BA3D7C564/element] with body: {"using":"accessibility id","value":"���������� ������������"}
&amp#27;[35m[WD Proxy]&amp#27;[39m Got response with status 404: {"value":{"error":"no such element","message":"unable to find an element using 'accessibility id', value '���������� ������������'","traceback":"(\n\t0   WebDriverAgentLib                   0x0000000108e5a04d FBNoSuchElementErrorResponseForRequest + 301\n\t1   WebDriverAgentLib                   0x0000000108e59df9 +[FBFindElementCommands handleFindElement:] + 425\n\t2   WebDriverAgentLib                   0x0000000108e377d6 -[FBRoute_TargetAction mountRequest:intoResponse:] + 182\n\t3   WebDriverAgentLib                   0x0000000108e1f5cb __37-[FBWebServer registerRouteHandlers:]_block_invoke + 555\n\t4   RoutingHTTPServer                   0x0000000108f29c53 -[RoutingHTTPServer handleRoute:withRequest:response:] + 136\n\t5   RoutingHTTPServer                   0x0000000108f2a566 __72-[RoutingHTTPServer routeMethod:withPath:parameters:request:connection:]_block_invoke + 47\n\t6   libdispatch.dylib                   0x00007fff519de7b9 _dispatch_client_callout + 8\n\t7   libdispatch.dylib                   0x00007fff...
[debug] &amp#27;[35m[W3C]&amp#27;[39m Matched W3C error code 'no such element' to NoSuchElementError
[debug] &amp#27;[35m[BaseDriver]&amp#27;[39m Waited for 15178 ms so far
[debug] &amp#27;[35m[WD Proxy]&amp#27;[39m Matched '/element' to command name 'findElement'
[debug] &amp#27;[35m[WD Proxy]&amp#27;[39m Proxying [POST /element] to [POST http://127.0.0.1:8100/session/F14D88EC-C5BD-4387-A53E-799BA3D7C564/element] with body: {"using":"accessibility id","value":"���������� ������������"}
&amp#27;[35m[WD Proxy]&amp#27;[39m Got response with status 404: {"value":{"error":"no such element","message":"unable to find an element using 'accessibility id', value '���������� ������������'","traceback":"(\n\t0   WebDriverAgentLib                   0x0000000108e5a04d FBNoSuchElementErrorResponseForRequest + 301\n\t1   WebDriverAgentLib                   0x0000000108e59df9 +[FBFindElementCommands handleFindElement:] + 425\n\t2   WebDriverAgentLib                   0x0000000108e377d6 -[FBRoute_TargetAction mountRequest:intoResponse:] + 182\n\t3   WebDriverAgentLib                   0x0000000108e1f5cb __37-[FBWebServer registerRouteHandlers:]_block_invoke + 555\n\t4   RoutingHTTPServer                   0x0000000108f29c53 -[RoutingHTTPServer handleRoute:withRequest:response:] + 136\n\t5   RoutingHTTPServer                   0x0000000108f2a566 __72-[RoutingHTTPServer routeMethod:withPath:parameters:request:connection:]_block_invoke + 47\n\t6   libdispatch.dylib                   0x00007fff519de7b9 _dispatch_client_callout + 8\n\t7   libdispatch.dylib                   0x00007fff...
[debug] &amp#27;[35m[W3C]&amp#27;[39m Matched W3C error code 'no such element' to NoSuchElementError
[debug] &amp#27;[35m[BaseDriver]&amp#27;[39m Waited for 15760 ms so far
[debug] &amp#27;[35m[WD Proxy]&amp#27;[39m Matched '/element' to command name 'findElement'
[debug] &amp#27;[35m[WD Proxy]&amp#27;[39m Proxying [POST /element] to [POST http://127.0.0.1:8100/session/F14D88EC-C5BD-4387-A53E-799BA3D7C564/element] with body: {"using":"accessibility id","value":"���������� ������������"}
&amp#27;[35m[WD Proxy]&amp#27;[39m Got response with status 404: {"value":{"error":"no such element","message":"unable to find an element using 'accessibility id', value '���������� ������������'","traceback":"(\n\t0   WebDriverAgentLib                   0x0000000108e5a04d FBNoSuchElementErrorResponseForRequest + 301\n\t1   WebDriverAgentLib                   0x0000000108e59df9 +[FBFindElementCommands handleFindElement:] + 425\n\t2   WebDriverAgentLib                   0x0000000108e377d6 -[FBRoute_TargetAction mountRequest:intoResponse:] + 182\n\t3   WebDriverAgentLib                   0x0000000108e1f5cb __37-[FBWebServer registerRouteHandlers:]_block_invoke + 555\n\t4   RoutingHTTPServer                   0x0000000108f29c53 -[RoutingHTTPServer handleRoute:withRequest:response:] + 136\n\t5   RoutingHTTPServer                   0x0000000108f2a566 __72-[RoutingHTTPServer routeMethod:withPath:parameters:request:connection:]_block_invoke + 47\n\t6   libdispatch.dylib                   0x00007fff519de7b9 _dispatch_client_callout + 8\n\t7   libdispatch.dylib                   0x00007fff...
[debug] &amp#27;[35m[W3C]&amp#27;[39m Matched W3C error code 'no such element' to NoSuchElementError
[debug] &amp#27;[35m[BaseDriver]&amp#27;[39m Waited for 16344 ms so far
[debug] &amp#27;[35m[WD Proxy]&amp#27;[39m Matched '/element' to command name 'findElement'
[debug] &amp#27;[35m[WD Proxy]&amp#27;[39m Proxying [POST /element] to [POST http://127.0.0.1:8100/session/F14D88EC-C5BD-4387-A53E-799BA3D7C564/element] with body: {"using":"accessibility id","value":"���������� ������������"}
&amp#27;[35m[WD Proxy]&amp#27;[39m Got response with status 404: {"value":{"error":"no such element","message":"unable to find an element using 'accessibility id', value '���������� ������������'","traceback":"(\n\t0   WebDriverAgentLib                   0x0000000108e5a04d FBNoSuchElementErrorResponseForRequest + 301\n\t1   WebDriverAgentLib                   0x0000000108e59df9 +[FBFindElementCommands handleFindElement:] + 425\n\t2   WebDriverAgentLib                   0x0000000108e377d6 -[FBRoute_TargetAction mountRequest:intoResponse:] + 182\n\t3   WebDriverAgentLib                   0x0000000108e1f5cb __37-[FBWebServer registerRouteHandlers:]_block_invoke + 555\n\t4   RoutingHTTPServer                   0x0000000108f29c53 -[RoutingHTTPServer handleRoute:withRequest:response:] + 136\n\t5   RoutingHTTPServer                   0x0000000108f2a566 __72-[RoutingHTTPServer routeMethod:withPath:parameters:request:connection:]_block_invoke + 47\n\t6   libdispatch.dylib                   0x00007fff519de7b9 _dispatch_client_callout + 8\n\t7   libdispatch.dylib                   0x00007fff...
[debug] &amp#27;[35m[W3C]&amp#27;[39m Matched W3C error code 'no such element' to NoSuchElementError
[debug] &amp#27;[35m[BaseDriver]&amp#27;[39m Waited for 16924 ms so far
[debug] &amp#27;[35m[WD Proxy]&amp#27;[39m Matched '/element' to command name 'findElement'
[debug] &amp#27;[35m[WD Proxy]&amp#27;[39m Proxying [POST /element] to [POST http://127.0.0.1:8100/session/F14D88EC-C5BD-4387-A53E-799BA3D7C564/element] with body: {"using":"accessibility id","value":"���������� ������������"}
&amp#27;[35m[WD Proxy]&amp#27;[39m Got response with status 404: {"value":{"error":"no such element","message":"unable to find an element using 'accessibility id', value '���������� ������������'","traceback":"(\n\t0   WebDriverAgentLib                   0x0000000108e5a04d FBNoSuchElementErrorResponseForRequest + 301\n\t1   WebDriverAgentLib                   0x0000000108e59df9 +[FBFindElementCommands handleFindElement:] + 425\n\t2   WebDriverAgentLib                   0x0000000108e377d6 -[FBRoute_TargetAction mountRequest:intoResponse:] + 182\n\t3   WebDriverAgentLib                   0x0000000108e1f5cb __37-[FBWebServer registerRouteHandlers:]_block_invoke + 555\n\t4   RoutingHTTPServer                   0x0000000108f29c53 -[RoutingHTTPServer handleRoute:withRequest:response:] + 136\n\t5   RoutingHTTPServer                   0x0000000108f2a566 __72-[RoutingHTTPServer routeMethod:withPath:parameters:request:connection:]_block_invoke + 47\n\t6   libdispatch.dylib                   0x00007fff519de7b9 _dispatch_client_callout + 8\n\t7   libdispatch.dylib                   0x00007fff...
[debug] &amp#27;[35m[W3C]&amp#27;[39m Matched W3C error code 'no such element' to NoSuchElementError
[debug] &amp#27;[35m[BaseDriver]&amp#27;[39m Waited for 17498 ms so far
[debug] &amp#27;[35m[WD Proxy]&amp#27;[39m Matched '/element' to command name 'findElement'
[debug] &amp#27;[35m[WD Proxy]&amp#27;[39m Proxying [POST /element] to [POST http://127.0.0.1:8100/session/F14D88EC-C5BD-4387-A53E-799BA3D7C564/element] with body: {"using":"accessibility id","value":"���������� ������������"}
&amp#27;[35m[WD Proxy]&amp#27;[39m Got response with status 404: {"value":{"error":"no such element","message":"unable to find an element using 'accessibility id', value '���������� ������������'","traceback":"(\n\t0   WebDriverAgentLib                   0x0000000108e5a04d FBNoSuchElementErrorResponseForRequest + 301\n\t1   WebDriverAgentLib                   0x0000000108e59df9 +[FBFindElementCommands handleFindElement:] + 425\n\t2   WebDriverAgentLib                   0x0000000108e377d6 -[FBRoute_TargetAction mountRequest:intoResponse:] + 182\n\t3   WebDriverAgentLib                   0x0000000108e1f5cb __37-[FBWebServer registerRouteHandlers:]_block_invoke + 555\n\t4   RoutingHTTPServer                   0x0000000108f29c53 -[RoutingHTTPServer handleRoute:withRequest:response:] + 136\n\t5   RoutingHTTPServer                   0x0000000108f2a566 __72-[RoutingHTTPServer routeMethod:withPath:parameters:request:connection:]_block_invoke + 47\n\t6   libdispatch.dylib                   0x00007fff519de7b9 _dispatch_client_callout + 8\n\t7   libdispatch.dylib                   0x00007fff...
[debug] &amp#27;[35m[W3C]&amp#27;[39m Matched W3C error code 'no such element' to NoSuchElementError
[debug] &amp#27;[35m[BaseDriver]&amp#27;[39m Waited for 18090 ms so far
[debug] &amp#27;[35m[WD Proxy]&amp#27;[39m Matched '/element' to command name 'findElement'
[debug] &amp#27;[35m[WD Proxy]&amp#27;[39m Proxying [POST /element] to [POST http://127.0.0.1:8100/session/F14D88EC-C5BD-4387-A53E-799BA3D7C564/element] with body: {"using":"accessibility id","value":"���������� ������������"}
&amp#27;[35m[WD Proxy]&amp#27;[39m Got response with status 404: {"value":{"error":"no such element","message":"unable to find an element using 'accessibility id', value '���������� ������������'","traceback":"(\n\t0   WebDriverAgentLib                   0x0000000108e5a04d FBNoSuchElementErrorResponseForRequest + 301\n\t1   WebDriverAgentLib                   0x0000000108e59df9 +[FBFindElementCommands handleFindElement:] + 425\n\t2   WebDriverAgentLib                   0x0000000108e377d6 -[FBRoute_TargetAction mountRequest:intoResponse:] + 182\n\t3   WebDriverAgentLib                   0x0000000108e1f5cb __37-[FBWebServer registerRouteHandlers:]_block_invoke + 555\n\t4   RoutingHTTPServer                   0x0000000108f29c53 -[RoutingHTTPServer handleRoute:withRequest:response:] + 136\n\t5   RoutingHTTPServer                   0x0000000108f2a566 __72-[RoutingHTTPServer routeMethod:withPath:parameters:request:connection:]_block_invoke + 47\n\t6   libdispatch.dylib                   0x00007fff519de7b9 _dispatch_client_callout + 8\n\t7   libdispatch.dylib                   0x00007fff...
[debug] &amp#27;[35m[W3C]&amp#27;[39m Matched W3C error code 'no such element' to NoSuchElementError
[debug] &amp#27;[35m[BaseDriver]&amp#27;[39m Waited for 18673 ms so far
[debug] &amp#27;[35m[WD Proxy]&amp#27;[39m Matched '/element' to command name 'findElement'
[debug] &amp#27;[35m[WD Proxy]&amp#27;[39m Proxying [POST /element] to [POST http://127.0.0.1:8100/session/F14D88EC-C5BD-4387-A53E-799BA3D7C564/element] with body: {"using":"accessibility id","value":"���������� ������������"}
&amp#27;[35m[WD Proxy]&amp#27;[39m Got response with status 404: {"value":{"error":"no such element","message":"unable to find an element using 'accessibility id', value '���������� ������������'","traceback":"(\n\t0   WebDriverAgentLib                   0x0000000108e5a04d FBNoSuchElementErrorResponseForRequest + 301\n\t1   WebDriverAgentLib                   0x0000000108e59df9 +[FBFindElementCommands handleFindElement:] + 425\n\t2   WebDriverAgentLib                   0x0000000108e377d6 -[FBRoute_TargetAction mountRequest:intoResponse:] + 182\n\t3   WebDriverAgentLib                   0x0000000108e1f5cb __37-[FBWebServer registerRouteHandlers:]_block_invoke + 555\n\t4   RoutingHTTPServer                   0x0000000108f29c53 -[RoutingHTTPServer handleRoute:withRequest:response:] + 136\n\t5   RoutingHTTPServer                   0x0000000108f2a566 __72-[RoutingHTTPServer routeMethod:withPath:parameters:request:connection:]_block_invoke + 47\n\t6   libdispatch.dylib                   0x00007fff519de7b9 _dispatch_client_callout + 8\n\t7   libdispatch.dylib                   0x00007fff...
[debug] &amp#27;[35m[W3C]&amp#27;[39m Matched W3C error code 'no such element' to NoSuchElementError
[debug] &amp#27;[35m[BaseDriver]&amp#27;[39m Waited for 19249 ms so far
[debug] &amp#27;[35m[WD Proxy]&amp#27;[39m Matched '/element' to command name 'findElement'
[debug] &amp#27;[35m[WD Proxy]&amp#27;[39m Proxying [POST /element] to [POST http://127.0.0.1:8100/session/F14D88EC-C5BD-4387-A53E-799BA3D7C564/element] with body: {"using":"accessibility id","value":"���������� ������������"}
&amp#27;[35m[WD Proxy]&amp#27;[39m Got response with status 404: {"value":{"error":"no such element","message":"unable to find an element using 'accessibility id', value '���������� ������������'","traceback":"(\n\t0   WebDriverAgentLib                   0x0000000108e5a04d FBNoSuchElementErrorResponseForRequest + 301\n\t1   WebDriverAgentLib                   0x0000000108e59df9 +[FBFindElementCommands handleFindElement:] + 425\n\t2   WebDriverAgentLib                   0x0000000108e377d6 -[FBRoute_TargetAction mountRequest:intoResponse:] + 182\n\t3   WebDriverAgentLib                   0x0000000108e1f5cb __37-[FBWebServer registerRouteHandlers:]_block_invoke + 555\n\t4   RoutingHTTPServer                   0x0000000108f29c53 -[RoutingHTTPServer handleRoute:withRequest:response:] + 136\n\t5   RoutingHTTPServer                   0x0000000108f2a566 __72-[RoutingHTTPServer routeMethod:withPath:parameters:request:connection:]_block_invoke + 47\n\t6   libdispatch.dylib                   0x00007fff519de7b9 _dispatch_client_callout + 8\n\t7   libdispatch.dylib                   0x00007fff...
[debug] &amp#27;[35m[W3C]&amp#27;[39m Matched W3C error code 'no such element' to NoSuchElementError
[debug] &amp#27;[35m[BaseDriver]&amp#27;[39m Waited for 19828 ms so far
[debug] &amp#27;[35m[WD Proxy]&amp#27;[39m Matched '/element' to command name 'findElement'
[debug] &amp#27;[35m[WD Proxy]&amp#27;[39m Proxying [POST /element] to [POST http://127.0.0.1:8100/session/F14D88EC-C5BD-4387-A53E-799BA3D7C564/element] with body: {"using":"accessibility id","value":"���������� ������������"}
&amp#27;[35m[WD Proxy]&amp#27;[39m Got response with status 404: {"value":{"error":"no such element","message":"unable to find an element using 'accessibility id', value '���������� ������������'","traceback":"(\n\t0   WebDriverAgentLib                   0x0000000108e5a04d FBNoSuchElementErrorResponseForRequest + 301\n\t1   WebDriverAgentLib                   0x0000000108e59df9 +[FBFindElementCommands handleFindElement:] + 425\n\t2   WebDriverAgentLib                   0x0000000108e377d6 -[FBRoute_TargetAction mountRequest:intoResponse:] + 182\n\t3   WebDriverAgentLib                   0x0000000108e1f5cb __37-[FBWebServer registerRouteHandlers:]_block_invoke + 555\n\t4   RoutingHTTPServer                   0x0000000108f29c53 -[RoutingHTTPServer handleRoute:withRequest:response:] + 136\n\t5   RoutingHTTPServer                   0x0000000108f2a566 __72-[RoutingHTTPServer routeMethod:withPath:parameters:request:connection:]]]></system-out>
  </testcase>
  <testcase name="SearchPostResults" classname="smokeTest.SmokeTest" time="26.154">
    <failure message="Can&apos;t locate an element by this strategy: By.chained({By.xpath: //XCUIElementTypeStaticText[@name=&apos;البحث&apos;]})" type="org.openqa.selenium.NoSuchElementException"><![CDATA[org.openqa.selenium.NoSuchElementException: Can't locate an element by this strategy: By.chained({By.xpath: //XCUIElementTypeStaticText[@name='البحث']})
	at smokeTest.SmokeTest.SearchPostResults(SmokeTest.java:340)
Caused by: org.openqa.selenium.TimeoutException: Expected condition failed: waiting for io.appium.java_client.pagefactory.AppiumElementLocator$WaitingFunction@5dd91bca (tried for 1 second(s) with 500 milliseconds interval)
	at smokeTest.SmokeTest.SearchPostResults(SmokeTest.java:340)
Caused by: org.openqa.selenium.NoSuchElementException: 
Cannot locate an element using By.chained({By.xpath: //XCUIElementTypeStaticText[@name='البحث']})
For documentation on this error, please visit: https://www.seleniumhq.org/exceptions/no_such_element.html
Build info: version: '3.141.59', revision: 'e82be7d358', time: '2018-11-14T08:17:03'
System info: host: 'imrans-MBP', ip: 'fe80:0:0:0:aa:a39f:3722:94b6%en0', os.name: 'Mac OS X', os.arch: 'x86_64', os.version: '10.14.5', java.version: '1.8.0_231'
Driver info: driver.version: IOSDriver
	at smokeTest.SmokeTest.SearchPostResults(SmokeTest.java:340)
]]></failure>
    <system-out><![CDATA[_block_invoke + 47\n\t6   libdispatch.dylib                   0x00007fff519de7b9 _dispatch_client_callout + 8\n\t7   libdispatch.dylib                   0x00007fff...
[debug] &amp#27;[35m[W3C]&amp#27;[39m Matched W3C error code 'no such element' to NoSuchElementError
[debug] &amp#27;[35m[W3C (26255f9c)]&amp#27;[39m Encountered internal error running command: NoSuchElementError: An element could not be located on the page using the given search parameters.
[debug] &amp#27;[35m[W3C (26255f9c)]&amp#27;[39m     at XCUITestDriver.doNativeFind (/usr/local/lib/node_modules/appium/node_modules/appium-xcuitest-driver/lib/commands/find.js:126:11)
&amp#27;[35m[HTTP]&amp#27;[39m &amp#27;[37m<-- POST /wd/hub/session/26255f9c-9f7a-4f75-98c9-83c1e78aa016/element &amp#27;[39m&amp#27;[33m404&amp#27;[39m &amp#27;[90m20411 ms - 379&amp#27;[39m
&amp#27;[35m[HTTP]&amp#27;[39m &amp#27;[90m&amp#27;[39m
&amp#27;[35m[HTTP]&amp#27;[39m &amp#27;[37m-->&amp#27;[39m &amp#27;[37mGET&amp#27;[39m &amp#27;[37m/wd/hub/session/26255f9c-9f7a-4f75-98c9-83c1e78aa016/screenshot&amp#27;[39m
&amp#27;[35m[HTTP]&amp#27;[39m &amp#27;[90m{}&amp#27;[39m
[debug] &amp#27;[35m[W3C (26255f9c)]&amp#27;[39m Calling AppiumDriver.getScreenshot() with args: ["26255f9c-9f7a-4f75-98c9-83c1e78aa016"]
[debug] &amp#27;[35m[XCUITest]&amp#27;[39m Executing command 'getScreenshot'
[debug] &amp#27;[35m[XCUITest]&amp#27;[39m Taking screenshot with WDA
[debug] &amp#27;[35m[WD Proxy]&amp#27;[39m Matched '/screenshot' to command name 'getScreenshot'
[debug] &amp#27;[35m[WD Proxy]&amp#27;[39m Proxying [GET /screenshot] to [GET http://127.0.0.1:8100/session/F14D88EC-C5BD-4387-A53E-799BA3D7C564/screenshot] with no body
[debug] &amp#27;[35m[WD Proxy]&amp#27;[39m Got response with status 200: {
[debug] &amp#27;[35m[WD Proxy]&amp#27;[39m   "value" : "iVBORw0KGgoAAAANSUhEUgAAAu4AAAU2CAIAAABFtaRRAAAAAXNSR0IArs4c6QAA\r\nAERlWElmTU0AKgAAAAgAAYdpAAQAAAABAAAAGgAAAAAAA6ABAAMAAAABAAEAAKAC\r\nAAQAAAABAAAC7qADAAQAAAABAAAFNgAAAACw0axrAAAAHGlET1QAAAACAAAAAAAA\r\nApsAAAAoAAACmwAAApsAB\/loAv2E1gAAQABJREFUeAHsvQeYHUeV992jrJFmNJJG\r\nE28OfXPOkyTZJpngBZawrFlgARNM2AWWaILBYMBgnCO2Qc5BtpWTlWc0OQdJtoHd\r\ndz\/23V2CbWxsOd73d6pmBmFjkNhvnwej1lNu9\/TtUH26zql\/\/c+pU8aoO35SZcoV\r\nmHSFhj2RYU983JmcdKTHXdwhOuAL9fsDw17\/mCcw7uacyKQzOuk8uZtTE+6mbigX\r\nDnmmC8+ijLmkyAnOJGXMJYU\/OciZA954nz\/e75MdfT53mN3RF\/4Z9RlzZinD7rQu\r\no660PJQXd0pNuK3U0xudLUfs6SmHnDPkSVKfblMKO9SKMyedySmHEpqTG2aH3Fld\r\nw5fbcolVLAn8EQn0+aRxHrEnH26OH7VH0LsBX6TfF0Ujht1JmiuFE8Zccs6DtmS\/\r\nT1om7ZN2eNQmRx62RdWFoVEP+hsa8srlA15OkyYqt\/JGaec0eC6h5XNbfu3zpfu9\r\naW41ylPcWhGi2AFOE330SjWGfNwzNOaOjGEfvCip1AeLgY6w5UiPP061p5zRftPf\r\nE\/CzHfVE+PWILTfuKKAdff5onxka8PtVxXip5IP20JQT4yP74870UVv2Z43pnzXx\r\nOnF5ii9E4Sbscw5qNe6KUsQcuSLjqvAr5ouX4gRqixB+0pR8sFm9rDf7R0Rt\/WRJ\r\n4K9eAqgV2q2thFJ5OiCl164IejfpCgAAjjpki8IeD...
[debug] &amp#27;[35m[W3C (26255f9c)]&amp#27;[39m Responding to client with driver.getScreenshot() result: "iVBORw0KGgoAAAANSUhEUgAAAu4AAAU2CAIAAABFtaRRAAAAAXNSR0IArs4c6QAA\r\nAERlWElmTU0AKgAAAAgAAYdpAAQAAAABAAAAGgAAAAAAA6ABAAMAAAABAAEAAKAC\r\nAAQAAAABAAAC7qADAAQAAAABAAAFNgAAAACw0axrAAAAHGlET1QAAAACAAAAAAAA\r\nApsAAAAoAAACmwAAApsAB/loAv2E1gAAQABJREFUeAHsvQeYHUeV992jrJFmNJJG\r\nE28OfXPOkyTZJpngBZawrFlgARNM2AWWaILBYMBgnCO2Qc5BtpWTlWc0OQdJtoHd\r\ndz/23V2CbWxsOd73d6pmBmFjkNhvnwej1lNu9/TtUH26zql//c+pU8aoO35SZcoV\r\nmHSFhj2RYU983JmcdKTHXdwhOuAL9fsDw17/mCcw7uacyKQzOuk8uZtTE+6mbigX\r\nDnmmC8+ijLmkyAnOJGXMJYU/OciZA954nz/e75MdfT53mN3RF/4Z9RlzZinD7rQu\r\no660PJQXd0pNuK3U0xudLUfs6SmHnDPkSVKfblMKO9SKMyedySmHEpqTG2aH3Fld\r\nw5fbcolVLAn8EQn0+aRxHrEnH26OH7VH0LsBX6TfF0Ujht1JmiuFE8Zccs6DtmS/\r\nT1om7ZN2eNQmRx62RdWFoVEP+hsa8srlA15OkyYqt/JGaec0eC6h5XNbfu3zpfu9\r\naW41ylPcWhGi2AFOE330SjWGfNwzNOaOjGEfvCip1AeLgY6w5UiPP061p5zRftPf\r\nE/CzHfVE+PWILTfuKKAdff5onxka8PtVxXip5IP20JQT4yP74870UVv2Z43pnzXx\r\nOnF5ii9E4Sbscw5qNe6KUsQcuSLjqvAr5ouX4gRqixB+0pR8sFm9rDf7R0Rt/WRJ\r\n4K9eAqgV2q2thFJ5OiCl164IejfpCgAAjjpki8IeDPuxBhgTbAt6pHVfabr00cpc\r\n...
&amp#27;[35m[HTTP]&amp#27;[39m &amp#27;[37m<-- GET /wd/hub/session/26255f9c-9f7a-4f75-98c9-83c1e78aa016/screenshot &amp#27;[39m&amp#27;[32m200&amp#27;[39m &amp#27;[90m97 ms - 1044956&amp#27;[39m
&amp#27;[35m[HTTP]&amp#27;[39m &amp#27;[90m&amp#27;[39m
&amp#27;[35m[HTTP]&amp#27;[39m &amp#27;[37m-->&amp#27;[39m &amp#27;[37mPOST&amp#27;[39m &amp#27;[37m/wd/hub/session/26255f9c-9f7a-4f75-98c9-83c1e78aa016/appium/app/reset&amp#27;[39m
&amp#27;[35m[HTTP]&amp#27;[39m &amp#27;[90m{}&amp#27;[39m
[debug] &amp#27;[35m[W3C (26255f9c)]&amp#27;[39m Calling AppiumDriver.reset() with args: ["26255f9c-9f7a-4f75-98c9-83c1e78aa016"]
[debug] &amp#27;[35m[XCUITest]&amp#27;[39m Executing command 'reset'
[debug] &amp#27;[35m[BaseDriver]&amp#27;[39m Resetting app mid-session
[debug] &amp#27;[35m[BaseDriver]&amp#27;[39m Running generic full reset
[debug] &amp#27;[35m[WD Proxy]&amp#27;[39m Matched '/session/26255f9c-9f7a-4f75-98c9-83c1e78aa016' to command name 'deleteSession'
[debug] &amp#27;[35m[WD Proxy]&amp#27;[39m Proxying [DELETE /session/26255f9c-9f7a-4f75-98c9-83c1e78aa016] to [DELETE http://127.0.0.1:8100/session/F14D88EC-C5BD-4387-A53E-799BA3D7C564] with no body
[debug] &amp#27;[35m[WD Proxy]&amp#27;[39m Got response with status 200: {
[debug] &amp#27;[35m[WD Proxy]&amp#27;[39m   "value" : null,
[debug] &amp#27;[35m[WD Proxy]&amp#27;[39m   "sessionId" : "45E9A0EE-30F9-478B-8742-AA0D4DD18F53"
[debug] &amp#27;[35m[WD Proxy]&amp#27;[39m }
&amp#27;[35m[DevCon Factory]&amp#27;[39m Releasing connections for 24A5DE6C-3031-4FCA-9C40-D8B2E52520E8 device on any port number
&amp#27;[35m[DevCon Factory]&amp#27;[39m Found cached connections to release: ["24A5DE6C-3031-4FCA-9C40-D8B2E52520E8:8100"]
[debug] &amp#27;[35m[DevCon Factory]&amp#27;[39m Cached connections count: 0
[debug] &amp#27;[35m[XCUITest]&amp#27;[39m Did not find the temporary XCTest logs root at '/var/folders/b3/y32ql80n7w1cgryz_wrszd900000gn/T/com.apple.dt.XCTest*/'
&amp#27;[35m[XCUITest]&amp#27;[39m Cleaning test logs in '/Users/imranmoqbel/Library/Developer/Xcode/DerivedData/WebDriverAgent-ciegwgvxzxdrqthilmrmczmqvrgu/Logs' folder
[debug] &amp#27;[35m[iOS]&amp#27;[39m Clearing log files
[debug] &amp#27;[35m[iOS]&amp#27;[39m Deleting '/Users/imranmoqbel/Library/Developer/Xcode/DerivedData/WebDriverAgent-ciegwgvxzxdrqthilmrmczmqvrgu/Logs'. Freeing 12K.
[debug] &amp#27;[35m[iOS]&amp#27;[39m Finished clearing log files
[debug] &amp#27;[35m[IOSSimulatorLog]&amp#27;[39m Stopping iOS log capture
[debug] &amp#27;[35m[BaseDriver]&amp#27;[39m Restarting app
[debug] &amp#27;[35m[BaseDriver]&amp#27;[39m Creating session with W3C capabilities: {
[debug] &amp#27;[35m[BaseDriver]&amp#27;[39m   "alwaysMatch": {
[debug] &amp#27;[35m[BaseDriver]&amp#27;[39m     "platformName": "ios",
[debug] &amp#27;[35m[BaseDriver]&amp#27;[39m     "app": "/Users/imranmoqbel/Documents/WaseetiOSAutomation/WaseetiOSAutomation-Intellij/src/WaseetApr20.app",
[debug] &amp#27;[35m[BaseDriver]&amp#27;[39m     "automationName": "XCUITest",
[debug] &amp#27;[35m[BaseDriver]&amp#27;[39m     "clearSystemFiles": true,
[debug] &amp#27;[35m[BaseDriver]&amp#27;[39m     "deviceName": "iPhone8",
[debug] &amp#27;[35m[BaseDriver]&amp#27;[39m     "newCommandTimeout": 100000,
[debug] &amp#27;[35m[BaseDriver]&amp#27;[39m     "platformVersion": "13.2"
[debug] &amp#27;[35m[BaseDriver]&amp#27;[39m   },
[debug] &amp#27;[35m[BaseDriver]&amp#27;[39m   "firstMatch": [
[debug] &amp#27;[35m[BaseDriver]&amp#27;[39m     {}
[debug] &amp#27;[35m[BaseDriver]&amp#27;[39m   ]
[debug] &amp#27;[35m[BaseDriver]&amp#27;[39m }
&amp#27;[35m[BaseDriver]&amp#27;[39m The following capabilities are not standard capabilities and should have an extension prefix:
&amp#27;[35m[BaseDriver]&amp#27;[39m   app
&amp#27;[35m[BaseDriver]&amp#27;[39m   automationName
&amp#27;[35m[BaseDriver]&amp#27;[39m   clearSystemFiles
&amp#27;[35m[BaseDriver]&amp#27;[39m   deviceName
&amp#27;[35m[BaseDriver]&amp#27;[39m   newCommandTimeout
&amp#27;[35m[BaseDriver]&amp#27;[39m   platformVersion
&amp#27;[35m[BaseDriver]&amp#27;[39m Session created with session id: 864413d6-d4c1-4da4-a2be-2d7c7946f619
[debug] &amp#27;[35m[XCUITest]&amp#27;[39m Current user: 'imranmoqbel'
&amp#27;[35m[XCUITest]&amp#27;[39m iOS SDK Version set to '13.2'
&amp#27;[35m[iOSSim]&amp#27;[39m Constructing iOS simulator for Xcode version 11.2.1 with udid '24A5DE6C-3031-4FCA-9C40-D8B2E52520E8'
&amp#27;[35m[XCUITest]&amp#27;[39m Determining device to run tests on: udid: '24A5DE6C-3031-4FCA-9C40-D8B2E52520E8', real device: false
[debug] &amp#27;[35m[BaseDriver]&amp#27;[39m Event 'xcodeDetailsRetrieved' logged at 1587387663396 (16:01:03 GMT+0300 (Eastern European Summer Time))
&amp#27;[35m[BaseDriver]&amp#27;[39m Using local app '/Users/imranmoqbel/Documents/WaseetiOSAutomation/WaseetiOSAutomation-Intellij/src/WaseetApr20.app'
[debug] &amp#27;[35m[BaseDriver]&amp#27;[39m Event 'appConfigured' logged at 1587387663397 (16:01:03 GMT+0300 (Eastern European Summer Time))
[debug] &amp#27;[35m[XCUITest]&amp#27;[39m Checking whether app '/Users/imranmoqbel/Documents/WaseetiOSAutomation/WaseetiOSAutomation-Intellij/src/WaseetApr20.app' is actually present on file system
[debug] &amp#27;[35m[XCUITest]&amp#27;[39m App is present
[debug] &amp#27;[35m[iOS]&amp#27;[39m Getting bundle ID from app '/Users/imranmoqbel/Documents/WaseetiOSAutomation/WaseetiOSAutomation-Intellij/src/WaseetApr20.app': 'com.awi.waseet-classifieds-ios'
[debug] &amp#27;[35m[BaseDriver]&amp#27;[39m Event 'resetStarted' logged at 1587387663397 (16:01:03 GMT+0300 (Eastern European Summer Time))
&amp#27;[35m[XCUITest]&amp#27;[39m Not scrubbing third party app in anticipation of uninstall
[debug] &amp#27;[35m[BaseDriver]&amp#27;[39m Event 'resetComplete' logged at 1587387663780 (16:01:03 GMT+0300 (Eastern European Summer Time))
[debug] &amp#27;[35m[IOSSimulatorLog]&amp#27;[39m Starting log capture for iOS Simulator with udid '24A5DE6C-3031-4FCA-9C40-D8B2E52520E8' using simctl
[debug] &amp#27;[35m[BaseDriver]&amp#27;[39m Event 'logCaptureStarted' logged at 1587387664218 (16:01:04 GMT+0300 (Eastern European Summer Time))
&amp#27;[35m[XCUITest]&amp#27;[39m Setting up simulator
[debug] &amp#27;[35m[iOS]&amp#27;[39m No reason to set locale
[debug] &amp#27;[35m[iOS]&amp#27;[39m No iOS / app preferences to set
[debug] &amp#27;[35m[iOS]&amp#27;[39m Setting did not need to be updated
[debug] &amp#27;[35m[iOSSim]&amp#27;[39m Setting preferences of 24A5DE6C-3031-4FCA-9C40-D8B2E52520E8 Simulator to {"ConnectHardwareKeyboard":false}
[debug] &amp#27;[35m[iOSSim]&amp#27;[39m Setting common Simulator preferences to {"RotateWindowWhenSignaledByGuest":true,"ConnectHardwareKeyboard":false}
[debug] &amp#27;[35m[iOSSim]&amp#27;[39m Updated 24A5DE6C-3031-4FCA-9C40-D8B2E52520E8 Simulator preferences at '/Users/imranmoqbel/Library/Preferences/com.apple.iphonesimulator.plist' with {"DevicePreferences":{"24A5DE6C-3031-4FCA-9C40-D8B2E52520E8":{"ConnectHardwareKeyboard":false}},"RotateWindowWhenSignaledByGuest":true,"ConnectHardwareKeyboard":false}
[debug] &amp#27;[35m[iOSSim]&amp#27;[39m Got Simulator UI client PID: 5138
&amp#27;[35m[iOSSim]&amp#27;[39m Both Simulator with UDID '24A5DE6C-3031-4FCA-9C40-D8B2E52520E8' and the UI client are currently running
[debug] &amp#27;[35m[BaseDriver]&amp#27;[39m Event 'simStarted' logged at 1587387664448 (16:01:04 GMT+0300 (Eastern European Summer Time))
[debug] &amp#27;[35m[XCUITest]&amp#27;[39m Verifying application platform
[debug] &amp#27;[35m[XCUITest]&amp#27;[39m CFBundleSupportedPlatforms: ["iPhoneSimulator"]
[debug] &amp#27;[35m[XCUITest]&amp#27;[39m Reset requested. Removing app with id 'com.awi.waseet-classifieds-ios' from the device
[debug] &amp#27;[35m[XCUITest]&amp#27;[39m Installing '/Users/imranmoqbel/Documents/WaseetiOSAutomation/WaseetiOSAutomation-Intellij/src/WaseetApr20.app' on Simulator with UUID '24A5DE6C-3031-4FCA-9C40-D8B2E52520E8'...
[debug] &amp#27;[35m[XCUITest]&amp#27;[39m The app has been installed successfully.
[debug] &amp#27;[35m[BaseDriver]&amp#27;[39m Event 'appInstalled' logged at 1587387667740 (16:01:07 GMT+0300 (Eastern European Summer Time))
&amp#27;[35m[WebDriverAgent]&amp#27;[39m Using WDA path: '/usr/local/lib/node_modules/appium/node_modules/appium-webdriveragent'
&amp#27;[35m[WebDriverAgent]&amp#27;[39m Using WDA agent: '/usr/local/lib/node_modules/appium/node_modules/appium-webdriveragent/WebDriverAgent.xcodeproj'
[debug] &amp#27;[35m[WebDriverAgent]&amp#27;[39m No obsolete cached processes from previous WDA sessions listening on port 8100 have been found
&amp#27;[35m[DevCon Factory]&amp#27;[39m Requesting connection for device 24A5DE6C-3031-4FCA-9C40-D8B2E52520E8 on local port 8100, device port 8100
[debug] &amp#27;[35m[DevCon Factory]&amp#27;[39m Cached connections count: 0
&amp#27;[35m[DevCon Factory]&amp#27;[39m Successfully requested the connection for 24A5DE6C-3031-4FCA-9C40-D8B2E52520E8:8100
[debug] &amp#27;[35m[XCUITest]&amp#27;[39m Starting WebDriverAgent initialization with the synchronization key 'XCUITestDriver'
[debug] &amp#27;[35m[WD Proxy]&amp#27;[39m Matched '/status' to command name 'getStatus'
[debug] &amp#27;[35m[WD Proxy]&amp#27;[39m Proxying [GET /status] to [GET http://127.0.0.1:8100/status] with no body
[debug] &amp#27;[35m[WD Proxy]&amp#27;[39m Got response with status 200: {
[debug] &amp#27;[35m[WD Proxy]&amp#27;[39m   "value" : {
[debug] &amp#27;[35m[WD Proxy]&amp#27;[39m     "message" : "WebDriverAgent is ready to accept commands",
[debug] &amp#27;[35m[WD Proxy]&amp#27;[39m     "state" : "success",
[debug] &amp#27;[35m[WD Proxy]&amp#27;[39m     "os" : {
[debug] &amp#27;[35m[WD Proxy]&amp#27;[39m       "name" : "iOS",
[debug] &amp#27;[35m[WD Proxy]&amp#27;[39m       "version" : "13.2.2",
[debug] &amp#27;[35m[WD Proxy]&amp#27;[39m       "sdkVersion" : "13.0"
[debug] &amp#27;[35m[WD Proxy]&amp#27;[39m     },
[debug] &amp#27;[35m[WD Proxy]&amp#27;[39m     "ios" : {
[debug] &amp#27;[35m[WD Proxy]&amp#27;[39m       "simulatorVersion" : "13.2.2",
[debug] &amp#27;[35m[WD Proxy]&amp#27;[39m       "ip" : "192.168.1.100"
[debug] &amp#27;[35m[WD Proxy]&amp#27;[39m     },
[debug] &amp#27;[35m[WD Proxy]&amp#27;[39m     "ready" : true,
[debug] &amp#27;[35m[WD Proxy]&amp#27;[39m     "build" : {
[debug] &amp#27;[35m[WD Proxy]&amp#27;[39m       "upgradedAt" : "1587378628125",
[debug] &amp#27;[35m[WD Proxy]&amp#27;[39m       "time" : "Apr 20 2020 15:06:06",
[debug] &amp#27;[35m[WD Proxy]&amp#27;[39m       "productBundleIdentifier" : "com.facebook.WebDriverAgentRunner"
[debug] &amp#27;[35m[WD Proxy]&amp#27;[39m     }
[debug] &amp#27;[35m[WD Proxy]&amp#27;[39m   },
[debug] &amp#27;[35m[WD Proxy]&amp#27;[39m   "sessionId" : "45E9A0EE-30F9-478B-8742-AA0D4DD18F53"
[debug] &amp#27;[35m[WD Proxy]&amp#27;[39m }
[debug] &amp#27;[35m[WebDriverAgent]&amp#27;[39m Upgrade timestamp of the currently bundled WDA: 1587378628125
[debug] &amp#27;[35m[WebDriverAgent]&amp#27;[39m Upgrade timestamp of the WDA on the device: 1587378628125
&amp#27;[35m[WebDriverAgent]&amp#27;[39m Will reuse previously cached WDA instance at 'http://127.0.0.1:8100/' with 'com.facebook.WebDriverAgentRunner'. Set the wdaLocalPort capability to a value different from 8100 if this is an undesired behavior.
[debug] &amp#27;[35m[XCUITest]&amp#27;[39m Trying to start WebDriverAgent 2 times with 10000ms interval
[debug] &amp#27;[35m[XCUITest]&amp#27;[39m These values can be customized by changing wdaStartupRetries/wdaStartupRetryInterval capabilities
[debug] &amp#27;[35m[BaseDriver]&amp#27;[39m Event 'wdaStartAttempted' logged at 1587387667806 (16:01:07 GMT+0300 (Eastern European Summer Time))
&amp#27;[35m[WebDriverAgent]&amp#27;[39m Using provided WebdriverAgent at 'http://127.0.0.1:8100/'
[debug] &amp#27;[35m[WD Proxy]&amp#27;[39m Matched '/status' to command name 'getStatus'
[debug] &amp#27;[35m[WD Proxy]&amp#27;[39m Proxying [GET /status] to [GET http://127.0.0.1:8100/status] with no body
[debug] &amp#27;[35m[WD Proxy]&amp#27;[39m Got response with status 200: {
[debug] &amp#27;[35m[WD Proxy]&amp#27;[39m   "value" : {
[debug] &amp#27;[35m[WD Proxy]&amp#27;[39m     "message" : "WebDriverAgent is ready to accept commands",
[debug] &amp#27;[35m[WD Proxy]&amp#27;[39m     "state" : "success",
[debug] &amp#27;[35m[WD Proxy]&amp#27;[39m     "os" : {
[debug] &amp#27;[35m[WD Proxy]&amp#27;[39m       "name" : "iOS",
[debug] &amp#27;[35m[WD Proxy]&amp#27;[39m       "version" : "13.2.2",
[debug] &amp#27;[35m[WD Proxy]&amp#27;[39m       "sdkVersion" : "13.0"
[debug] &amp#27;[35m[WD Proxy]&amp#27;[39m     },
[debug] &amp#27;[35m[WD Proxy]&amp#27;[39m     "ios" : {
[debug] &amp#27;[35m[WD Proxy]&amp#27;[39m       "simulatorVersion" : "13.2.2",
[debug] &amp#27;[35m[WD Proxy]&amp#27;[39m       "ip" : "192.168.1.100"
[debug] &amp#27;[35m[WD Proxy]&amp#27;[39m     },
[debug] &amp#27;[35m[WD Proxy]&amp#27;[39m     "ready" : true,
[debug] &amp#27;[35m[WD Proxy]&amp#27;[39m     "build" : {
[debug] &amp#27;[35m[WD Proxy]&amp#27;[39m       "upgradedAt" : "1587378628125",
[debug] &amp#27;[35m[WD Proxy]&amp#27;[39m       "time" : "Apr 20 2020 15:06:06",
[debug] &amp#27;[35m[WD Proxy]&amp#27;[39m       "productBundleIdentifier" : "com.facebook.WebDriverAgentRunner"
[debug] &amp#27;[35m[WD Proxy]&amp#27;[39m     }
[debug] &amp#27;[35m[WD Proxy]&amp#27;[39m   },
[debug] &amp#27;[35m[WD Proxy]&amp#27;[39m   "sessionId" : "45E9A0EE-30F9-478B-8742-AA0D4DD18F53"
[debug] &amp#27;[35m[WD Proxy]&amp#27;[39m }
[debug] &amp#27;[35m[BaseDriver]&amp#27;[39m Event 'wdaSessionAttempted' logged at 1587387667810 (16:01:07 GMT+0300 (Eastern European Summer Time))
[debug] &amp#27;[35m[XCUITest]&amp#27;[39m Sending createSession command to WDA
[debug] &amp#27;[35m[WD Proxy]&amp#27;[39m Matched '/session' to command name 'createSession'
[debug] &amp#27;[35m[WD Proxy]&amp#27;[39m Proxying [POST /session] to [POST http://127.0.0.1:8100/session] with body: {"capabilities":{"firstMatch":[{"bundleId":"com.awi.waseet-classifieds-ios","arguments":[],"environment":{},"eventloopIdleDelaySec":0,"shouldWaitForQuiescence":true,"shouldUseTestManagerForVisibilityDetection":false,"maxTypingFrequency":60,"shouldUseSingletonTestManager":true}],"alwaysMatch":{}}}
[debug] &amp#27;[35m[WD Proxy]&amp#27;[39m Got response with status 200: {"value":{"sessionId":"60B6465C-01A0-4446-B619-21E5B303EA93","capabilities":{"device":"iphone","browserName":" ","sdkVersion":"13.2.2","CFBundleIdentifier":"com.apple.springboard"}},"sessionId":"60B6465C-01A0-4446-B619-21E5B303EA93"}
&amp#27;[35m[WD Proxy]&amp#27;[39m Determined the downstream protocol as 'W3C'
[debug] &amp#27;[35m[BaseDriver]&amp#27;[39m Event 'wdaSessionStarted' logged at 1587387675941 (16:01:15 GMT+0300 (Eastern European Summer Time))
[debug] &amp#27;[35m[WebDriverAgent]&amp#27;[39m Parsed BUILD_DIR configuration value: '/Users/imranmoqbel/Library/Developer/Xcode/DerivedData/WebDriverAgent-ciegwgvxzxdrqthilmrmczmqvrgu/Build/Products'
[debug] &amp#27;[35m[WebDriverAgent]&amp#27;[39m Got derived data root: '/Users/imranmoqbel/Library/Developer/Xcode/DerivedData/WebDriverAgent-ciegwgvxzxdrqthilmrmczmqvrgu'
[debug] &amp#27;[35m[BaseDriver]&amp#27;[39m Event 'wdaStarted' logged at 1587387677278 (16:01:17 GMT+0300 (Eastern European Summer Time))
&amp#27;[35m[XCUITest]&amp#27;[39m Skipping setting of the initial display orientation. Set the "orientation" capability to either "LANDSCAPE" or "PORTRAIT", if this is an undesired behavior.
[debug] &amp#27;[35m[BaseDriver]&amp#27;[39m Event 'orientationSet' logged at 1587387677278 (16:01:17 GMT+0300 (Eastern European Summer Time))
[debug] &amp#27;[35m[BaseDriver]&amp#27;[39m The value of 'elementResponseAttributes' setting did not change. Skipping the update for it
[debug] &amp#27;[35m[BaseDriver]&amp#27;[39m The value of 'shouldUseCompactResponses' setting did not change. Skipping the update for it
[debug] &amp#27;[35m[W3C (26255f9c)]&amp#27;[39m Responding to client with driver.reset() result: null
&amp#27;[35m[HTTP]&amp#27;[39m &amp#27;[37m<-- POST /wd/hub/session/26255f9c-9f7a-4f75-98c9-83c1e78aa016/appium/app/reset &amp#27;[39m&amp#27;[32m200&amp#27;[39m &amp#27;[90m15118 ms - 14&amp#27;[39m
&amp#27;[35m[HTTP]&amp#27;[39m &amp#27;[90m&amp#27;[39m
&amp#27;[35m[HTTP]&amp#27;[39m &amp#27;[37m-->&amp#27;[39m &amp#27;[37mGET&amp#27;[39m &amp#27;[37m/wd/hub/session/26255f9c-9f7a-4f75-98c9-83c1e78aa016/context&amp#27;[39m
&amp#27;[35m[HTTP]&amp#27;[39m &amp#27;[90m{}&amp#27;[39m
[debug] &amp#27;[35m[W3C (26255f9c)]&amp#27;[39m Calling AppiumDriver.getCurrentContext() with args: ["26255f9c-9f7a-4f75-98c9-83c1e78aa016"]
[debug] &amp#27;[35m[XCUITest]&amp#27;[39m Executing command 'getCurrentContext'
[debug] &amp#27;[35m[W3C (26255f9c)]&amp#27;[39m Responding to client with driver.getCurrentContext() result: "NATIVE_APP"
&amp#27;[35m[HTTP]&amp#27;[39m &amp#27;[37m<-- GET /wd/hub/session/26255f9c-9f7a-4f75-98c9-83c1e78aa016/context &amp#27;[39m&amp#27;[32m200&amp#27;[39m &amp#27;[90m1 ms - 22&amp#27;[39m
&amp#27;[35m[HTTP]&amp#27;[39m &amp#27;[90m&amp#27;[39m
&amp#27;[35m[HTTP]&amp#27;[39m &amp#27;[37m-->&amp#27;[39m &amp#27;[37mPOST&amp#27;[39m &amp#27;[37m/wd/hub/session/26255f9c-9f7a-4f75-98c9-83c1e78aa016/element&amp#27;[39m
&amp#27;[35m[HTTP]&amp#27;[39m &amp#27;[90m{"using":"accessibility id","value":"Allow"}&amp#27;[39m
[debug] &amp#27;[35m[W3C (26255f9c)]&amp#27;[39m Calling AppiumDriver.findElement() with args: ["accessibility id","Allow","26255f9c-9f7a-4f75-98c9-83c1e78aa016"]
[debug] &amp#27;[35m[XCUITest]&amp#27;[39m Executing command 'findElement'
[debug] &amp#27;[35m[BaseDriver]&amp#27;[39m Valid locator strategies for this request: xpath, id, name, class name, -ios predicate string, -ios class chain, accessibility id
[debug] &amp#27;[35m[BaseDriver]&amp#27;[39m Waiting up to 20000 ms for condition
[debug] &amp#27;[35m[WD Proxy]&amp#27;[39m Matched '/element' to command name 'findElement'
[debug] &amp#27;[35m[WD Proxy]&amp#27;[39m Proxying [POST /element] to [POST http://127.0.0.1:8100/session/60B6465C-01A0-4446-B619-21E5B303EA93/element] with body: {"using":"accessibility id","value":"Allow"}
[debug] &amp#27;[35m[WD Proxy]&amp#27;[39m Got response with status 200: {"value":{"ELEMENT":"3A010000-0000-0000-6114-000000000000","element-6066-11e4-a52e-4f735466cecf":"3A010000-0000-0000-6114-000000000000"},"sessionId":"60B6465C-01A0-4446-B619-21E5B303EA93"}
[debug] &amp#27;[35m[W3C (26255f9c)]&amp#27;[39m Responding to client with driver.findElement() result: {"element-6066-11e4-a52e-4f735466cecf":"3A010000-0000-0000-6114-000000000000","ELEMENT":"3A010000-0000-0000-6114-000000000000"}
&amp#27;[35m[HTTP]&amp#27;[39m &amp#27;[37m<-- POST /wd/hub/session/26255f9c-9f7a-4f75-98c9-83c1e78aa016/element &amp#27;[39m&amp#27;[32m200&amp#27;[39m &amp#27;[90m128 ms - 137&amp#27;[39m
&amp#27;[35m[HTTP]&amp#27;[39m &amp#27;[90m&amp#27;[39m
&amp#27;[35m[HTTP]&amp#27;[39m &amp#27;[37m-->&amp#27;[39m &amp#27;[37mPOST&amp#27;[39m &amp#27;[37m/wd/hub/session/26255f9c-9f7a-4f75-98c9-83c1e78aa016/element/3A010000-0000-0000-6114-000000000000/click&amp#27;[39m
&amp#27;[35m[HTTP]&amp#27;[39m &amp#27;[90m{"id":"3A010000-0000-0000-6114-000000000000"}&amp#27;[39m
&amp#27;[35m[W3C (26255f9c)]&amp#27;[39m Driver proxy active, passing request on via HTTP proxy
[debug] &amp#27;[35m[XCUITest]&amp#27;[39m Executing command 'proxyReqRes'
[debug] &amp#27;[35m[WD Proxy]&amp#27;[39m Matched '/wd/hub/session/26255f9c-9f7a-4f75-98c9-83c1e78aa016/element/3A010000-0000-0000-6114-000000000000/click' to command name 'click'
[debug] &amp#27;[35m[WD Proxy]&amp#27;[39m Proxying [POST /wd/hub/session/26255f9c-9f7a-4f75-98c9-83c1e78aa016/element/3A010000-0000-0000-6114-000000000000/click] to [POST http://127.0.0.1:8100/session/60B6465C-01A0-4446-B619-21E5B303EA93/element/3A010000-0000-0000-6114-000000000000/click] with body: {"id":"3A010000-0000-0000-6114-000000000000"}
[debug] &amp#27;[35m[WD Proxy]&amp#27;[39m Got response with status 200: {"value":null,"sessionId":"60B6465C-01A0-4446-B619-21E5B303EA93"}
&amp#27;[35m[WD Proxy]&amp#27;[39m Replacing sessionId 60B6465C-01A0-4446-B619-21E5B303EA93 with 26255f9c-9f7a-4f75-98c9-83c1e78aa016
&amp#27;[35m[HTTP]&amp#27;[39m &amp#27;[37m<-- POST /wd/hub/session/26255f9c-9f7a-4f75-98c9-83c1e78aa016/element/3A010000-0000-0000-6114-000000000000/click &amp#27;[39m&amp#27;[32m200&amp#27;[39m &amp#27;[90m350 ms - 65&amp#27;[39m
&amp#27;[35m[HTTP]&amp#27;[39m &amp#27;[90m&amp#27;[39m
&amp#27;[35m[HTTP]&amp#27;[39m &amp#27;[37m-->&amp#27;[39m &amp#27;[37mGET&amp#27;[39m &amp#27;[37m/wd/hub/session/26255f9c-9f7a-4f75-98c9-83c1e78aa016/context&amp#27;[39m
&amp#27;[35m[HTTP]&amp#27;[39m &amp#27;[90m{}&amp#27;[39m
[debug] &amp#27;[35m[W3C (26255f9c)]&amp#27;[39m Calling AppiumDriver.getCurrentContext() with args: ["26255f9c-9f7a-4f75-98c9-83c1e78aa016"]
[debug] &amp#27;[35m[XCUITest]&amp#27;[39m Executing command 'getCurrentContext'
[debug] &amp#27;[35m[W3C (26255f9c)]&amp#27;[39m Responding to client with driver.getCurrentContext() result: "NATIVE_APP"
&amp#27;[35m[HTTP]&amp#27;[39m &amp#27;[37m<-- GET /wd/hub/session/26255f9c-9f7a-4f75-98c9-83c1e78aa016/context &amp#27;[39m&amp#27;[32m200&amp#27;[39m &amp#27;[90m1 ms - 22&amp#27;[39m
&amp#27;[35m[HTTP]&amp#27;[39m &amp#27;[90m&amp#27;[39m
&amp#27;[35m[HTTP]&amp#27;[39m &amp#27;[37m-->&amp#27;[39m &amp#27;[37mPOST&amp#27;[39m &amp#27;[37m/wd/hub/session/26255f9c-9f7a-4f75-98c9-83c1e78aa016/element&amp#27;[39m
&amp#27;[35m[HTTP]&amp#27;[39m &amp#27;[90m{"using":"accessibility id","value":"�������� ����������"}&amp#27;[39m
[debug] &amp#27;[35m[W3C (26255f9c)]&amp#27;[39m Calling AppiumDriver.findElement() with args: ["accessibility id","�������� ����������","26255f9c-9f7a-4f75-98c9-83c1e78aa016"]
[debug] &amp#27;[35m[XCUITest]&amp#27;[39m Executing command 'findElement'
[debug] &amp#27;[35m[BaseDriver]&amp#27;[39m Valid locator strategies for this request: xpath, id, name, class name, -ios predicate string, -ios class chain, accessibility id
[debug] &amp#27;[35m[BaseDriver]&amp#27;[39m Waiting up to 20000 ms for condition
[debug] &amp#27;[35m[WD Proxy]&amp#27;[39m Matched '/element' to command name 'findElement'
[debug] &amp#27;[35m[WD Proxy]&amp#27;[39m Proxying [POST /element] to [POST http://127.0.0.1:8100/session/60B6465C-01A0-4446-B619-21E5B303EA93/element] with body: {"using":"accessibility id","value":"�������� ����������"}
&amp#27;[35m[WD Proxy]&amp#27;[39m Got response with status 404: {"value":{"error":"no such element","message":"unable to find an element using 'accessibility id', value '�������� ����������'","traceback":"(\n\t0   WebDriverAgentLib                   0x0000000108e5a04d FBNoSuchElementErrorResponseForRequest + 301\n\t1   WebDriverAgentLib                   0x0000000108e59df9 +[FBFindElementCommands handleFindElement:] + 425\n\t2   WebDriverAgentLib                   0x0000000108e377d6 -[FBRoute_TargetAction mountRequest:intoResponse:] + 182\n\t3   WebDriverAgentLib                   0x0000000108e1f5cb __37-[FBWebServer registerRouteHandlers:]_block_invoke + 555\n\t4   RoutingHTTPServer                   0x0000000108f29c53 -[RoutingHTTPServer handleRoute:withRequest:response:] + 136\n\t5   RoutingHTTPServer                   0x0000000108f2a566 __72-[RoutingHTTPServer routeMethod:withPath:parameters:request:connection:]_block_invoke + 47\n\t6   libdispatch.dylib                   0x00007fff519de7b9 _dispatch_client_callout + 8\n\t7   libdispatch.dylib                   0x00007fff51...
[debug] &amp#27;[35m[W3C]&amp#27;[39m Matched W3C error code 'no such element' to NoSuchElementError
[debug] &amp#27;[35m[BaseDriver]&amp#27;[39m Waited for 74 ms so far
[debug] &amp#27;[35m[WD Proxy]&amp#27;[39m Matched '/element' to command name 'findElement'
[debug] &amp#27;[35m[WD Proxy]&amp#27;[39m Proxying [POST /element] to [POST http://127.0.0.1:8100/session/60B6465C-01A0-4446-B619-21E5B303EA93/element] with body: {"using":"accessibility id","value":"�������� ����������"}
[debug] &amp#27;[35m[WD Proxy]&amp#27;[39m Got response with status 200: {"value":{"ELEMENT":"1A000000-0000-0000-FB15-000000000000","element-6066-11e4-a52e-4f735466cecf":"1A000000-0000-0000-FB15-000000000000"},"sessionId":"60B6465C-01A0-4446-B619-21E5B303EA93"}
[debug] &amp#27;[35m[W3C (26255f9c)]&amp#27;[39m Responding to client with driver.findElement() result: {"element-6066-11e4-a52e-4f735466cecf":"1A000000-0000-0000-FB15-000000000000","ELEMENT":"1A000000-0000-0000-FB15-000000000000"}
&amp#27;[35m[HTTP]&amp#27;[39m &amp#27;[37m<-- POST /wd/hub/session/26255f9c-9f7a-4f75-98c9-83c1e78aa016/element &amp#27;[39m&amp#27;[32m200&amp#27;[39m &amp#27;[90m678 ms - 137&amp#27;[39m
&amp#27;[35m[HTTP]&amp#27;[39m &amp#27;[90m&amp#27;[39m
&amp#27;[35m[HTTP]&amp#27;[39m &amp#27;[37m-->&amp#27;[39m &amp#27;[37mPOST&amp#27;[39m &amp#27;[37m/wd/hub/session/26255f9c-9f7a-4f75-98c9-83c1e78aa016/element/1A000000-0000-0000-FB15-000000000000/click&amp#27;[39m
&amp#27;[35m[HTTP]&amp#27;[39m &amp#27;[90m{"id":"1A000000-0000-0000-FB15-000000000000"}&amp#27;[39m
&amp#27;[35m[W3C (26255f9c)]&amp#27;[39m Driver proxy active, passing request on via HTTP proxy
[debug] &amp#27;[35m[XCUITest]&amp#27;[39m Executing command 'proxyReqRes'
[debug] &amp#27;[35m[WD Proxy]&amp#27;[39m Matched '/wd/hub/session/26255f9c-9f7a-4f75-98c9-83c1e78aa016/element/1A000000-0000-0000-FB15-000000000000/click' to command name 'click'
[debug] &amp#27;[35m[WD Proxy]&amp#27;[39m Proxying [POST /wd/hub/session/26255f9c-9f7a-4f75-98c9-83c1e78aa016/element/1A000000-0000-0000-FB15-000000000000/click] to [POST http://127.0.0.1:8100/session/60B6465C-01A0-4446-B619-21E5B303EA93/element/1A000000-0000-0000-FB15-000000000000/click] with body: {"id":"1A000000-0000-0000-FB15-000000000000"}
[debug] &amp#27;[35m[WD Proxy]&amp#27;[39m Got response with status 200: {"value":null,"sessionId":"60B6465C-01A0-4446-B619-21E5B303EA93"}
&amp#27;[35m[WD Proxy]&amp#27;[39m Replacing sessionId 60B6465C-01A0-4446-B619-21E5B303EA93 with 26255f9c-9f7a-4f75-98c9-83c1e78aa016
&amp#27;[35m[HTTP]&amp#27;[39m &amp#27;[37m<-- POST /wd/hub/session/26255f9c-9f7a-4f75-98c9-83c1e78aa016/element/1A000000-0000-0000-FB15-000000000000/click &amp#27;[39m&amp#27;[32m200&amp#27;[39m &amp#27;[90m277 ms - 65&amp#27;[39m
&amp#27;[35m[HTTP]&amp#27;[39m &amp#27;[90m&amp#27;[39m
&amp#27;[35m[HTTP]&amp#27;[39m &amp#27;[37m-->&amp#27;[39m &amp#27;[37mGET&amp#27;[39m &amp#27;[37m/wd/hub/session/26255f9c-9f7a-4f75-98c9-83c1e78aa016/context&amp#27;[39m
&amp#27;[35m[HTTP]&amp#27;[39m &amp#27;[90m{}&amp#27;[39m
[debug] &amp#27;[35m[W3C (26255f9c)]&amp#27;[39m Calling AppiumDriver.getCurrentContext() with args: ["26255f9c-9f7a-4f75-98c9-83c1e78aa016"]
[debug] &amp#27;[35m[XCUITest]&amp#27;[39m Executing command 'getCurrentContext'
[debug] &amp#27;[35m[W3C (26255f9c)]&amp#27;[39m Responding to client with driver.getCurrentContext() result: "NATIVE_APP"
&amp#27;[35m[HTTP]&amp#27;[39m &amp#27;[37m<-- GET /wd/hub/session/26255f9c-9f7a-4f75-98c9-83c1e78aa016/context &amp#27;[39m&amp#27;[32m200&amp#27;[39m &amp#27;[90m1 ms - 22&amp#27;[39m
&amp#27;[35m[HTTP]&amp#27;[39m &amp#27;[90m&amp#27;[39m
&amp#27;[35m[HTTP]&amp#27;[39m &amp#27;[37m-->&amp#27;[39m &amp#27;[37mPOST&amp#27;[39m &amp#27;[37m/wd/hub/session/26255f9c-9f7a-4f75-98c9-83c1e78aa016/element&amp#27;[39m
&amp#27;[35m[HTTP]&amp#27;[39m &amp#27;[90m{"using":"accessibility id","value":"����������"}&amp#27;[39m
[debug] &amp#27;[35m[W3C (26255f9c)]&amp#27;[39m Calling AppiumDriver.findElement() with args: ["accessibility id","����������","26255f9c-9f7a-4f75-98c9-83c1e78aa016"]
[debug] &amp#27;[35m[XCUITest]&amp#27;[39m Executing command 'findElement'
[debug] &amp#27;[35m[BaseDriver]&amp#27;[39m Valid locator strategies for this request: xpath, id, name, class name, -ios predicate string, -ios class chain, accessibility id
[debug] &amp#27;[35m[BaseDriver]&amp#27;[39m Waiting up to 20000 ms for condition
[debug] &amp#27;[35m[WD Proxy]&amp#27;[39m Matched '/element' to command name 'findElement'
[debug] &amp#27;[35m[WD Proxy]&amp#27;[39m Proxying [POST /element] to [POST http://127.0.0.1:8100/session/60B6465C-01A0-4446-B619-21E5B303EA93/element] with body: {"using":"accessibility id","value":"����������"}
&amp#27;[35m[WD Proxy]&amp#27;[39m Got response with status 404: {"value":{"error":"no such element","message":"unable to find an element using 'accessibility id', value '����������'","traceback":"(\n\t0   WebDriverAgentLib                   0x0000000108e5a04d FBNoSuchElementErrorResponseForRequest + 301\n\t1   WebDriverAgentLib                   0x0000000108e59df9 +[FBFindElementCommands handleFindElement:] + 425\n\t2   WebDriverAgentLib                   0x0000000108e377d6 -[FBRoute_TargetAction mountRequest:intoResponse:] + 182\n\t3   WebDriverAgentLib                   0x0000000108e1f5cb __37-[FBWebServer registerRouteHandlers:]_block_invoke + 555\n\t4   RoutingHTTPServer                   0x0000000108f29c53 -[RoutingHTTPServer handleRoute:withRequest:response:] + 136\n\t5   RoutingHTTPServer                   0x0000000108f2a566 __72-[RoutingHTTPServer routeMethod:withPath:parameters:request:connection:]_block_invoke + 47\n\t6   libdispatch.dylib                   0x00007fff519de7b9 _dispatch_client_callout + 8\n\t7   libdispatch.dylib                   0x00007fff519eb86...
[debug] &amp#27;[35m[W3C]&amp#27;[39m Matched W3C error code 'no such element' to NoSuchElementError
[debug] &amp#27;[35m[BaseDriver]&amp#27;[39m Waited for 53 ms so far
[debug] &amp#27;[35m[WD Proxy]&amp#27;[39m Matched '/element' to command name 'findElement'
[debug] &amp#27;[35m[WD Proxy]&amp#27;[39m Proxying [POST /element] to [POST http://127.0.0.1:8100/session/60B6465C-01A0-4446-B619-21E5B303EA93/element] with body: {"using":"accessibility id","value":"����������"}
[debug] &amp#27;[35m[WD Proxy]&amp#27;[39m Got response with status 200: {"value":{"ELEMENT":"30000000-0000-0000-FB15-000000000000","element-6066-11e4-a52e-4f735466cecf":"30000000-0000-0000-FB15-000000000000"},"sessionId":"60B6465C-01A0-4446-B619-21E5B303EA93"}
[debug] &amp#27;[35m[W3C (26255f9c)]&amp#27;[39m Responding to client with driver.findElement() result: {"element-6066-11e4-a52e-4f735466cecf":"30000000-0000-0000-FB15-000000000000","ELEMENT":"30000000-0000-0000-FB15-000000000000"}
&amp#27;[35m[HTTP]&amp#27;[39m &amp#27;[37m<-- POST /wd/hub/session/26255f9c-9f7a-4f75-98c9-83c1e78aa016/element &amp#27;[39m&amp#27;[32m200&amp#27;[39m &amp#27;[90m4192 ms - 137&amp#27;[39m
&amp#27;[35m[HTTP]&amp#27;[39m &amp#27;[90m&amp#27;[39m
&amp#27;[35m[HTTP]&amp#27;[39m &amp#27;[37m-->&amp#27;[39m &amp#27;[37mPOST&amp#27;[39m &amp#27;[37m/wd/hub/session/26255f9c-9f7a-4f75-98c9-83c1e78aa016/element/30000000-0000-0000-FB15-000000000000/click&amp#27;[39m
&amp#27;[35m[HTTP]&amp#27;[39m &amp#27;[90m{"id":"30000000-0000-0000-FB15-000000000000"}&amp#27;[39m
&amp#27;[35m[W3C (26255f9c)]&amp#27;[39m Driver proxy active, passing request on via HTTP proxy
[debug] &amp#27;[35m[XCUITest]&amp#27;[39m Executing command 'proxyReqRes'
[debug] &amp#27;[35m[WD Proxy]&amp#27;[39m Matched '/wd/hub/session/26255f9c-9f7a-4f75-98c9-83c1e78aa016/element/30000000-0000-0000-FB15-000000000000/click' to command name 'click'
[debug] &amp#27;[35m[WD Proxy]&amp#27;[39m Proxying [POST /wd/hub/session/26255f9c-9f7a-4f75-98c9-83c1e78aa016/element/30000000-0000-0000-FB15-000000000000/click] to [POST http://127.0.0.1:8100/session/60B6465C-01A0-4446-B619-21E5B303EA93/element/30000000-0000-0000-FB15-000000000000/click] with body: {"id":"30000000-0000-0000-FB15-000000000000"}
[debug] &amp#27;[35m[WD Proxy]&amp#27;[39m Got response with status 200: {"value":null,"sessionId":"60B6465C-01A0-4446-B619-21E5B303EA93"}
&amp#27;[35m[WD Proxy]&amp#27;[39m Replacing sessionId 60B6465C-01A0-4446-B619-21E5B303EA93 with 26255f9c-9f7a-4f75-98c9-83c1e78aa016
&amp#27;[35m[HTTP]&amp#27;[39m &amp#27;[37m<-- POST /wd/hub/session/26255f9c-9f7a-4f75-98c9-83c1e78aa016/element/30000000-0000-0000-FB15-000000000000/click &amp#27;[39m&amp#27;[32m200&amp#27;[39m &amp#27;[90m391 ms - 65&amp#27;[39m
&amp#27;[35m[HTTP]&amp#27;[39m &amp#27;[90m&amp#27;[39m
&amp#27;[35m[HTTP]&amp#27;[39m &amp#27;[37m-->&amp#27;[39m &amp#27;[37mGET&amp#27;[39m &amp#27;[37m/wd/hub/session/26255f9c-9f7a-4f75-98c9-83c1e78aa016/context&amp#27;[39m
&amp#27;[35m[HTTP]&amp#27;[39m &amp#27;[90m{}&amp#27;[39m
[debug] &amp#27;[35m[W3C (26255f9c)]&amp#27;[39m Calling AppiumDriver.getCurrentContext() with args: ["26255f9c-9f7a-4f75-98c9-83c1e78aa016"]
[debug] &amp#27;[35m[XCUITest]&amp#27;[39m Executing command 'getCurrentContext'
[debug] &amp#27;[35m[W3C (26255f9c)]&amp#27;[39m Responding to client with driver.getCurrentContext() result: "NATIVE_APP"
&amp#27;[35m[HTTP]&amp#27;[39m &amp#27;[37m<-- GET /wd/hub/session/26255f9c-9f7a-4f75-98c9-83c1e78aa016/context &amp#27;[39m&amp#27;[32m200&amp#27;[39m &amp#27;[90m1 ms - 22&amp#27;[39m
&amp#27;[35m[HTTP]&amp#27;[39m &amp#27;[90m&amp#27;[39m
&amp#27;[35m[HTTP]&amp#27;[39m &amp#27;[37m-->&amp#27;[39m &amp#27;[37mPOST&amp#27;[39m &amp#27;[37m/wd/hub/session/26255f9c-9f7a-4f75-98c9-83c1e78aa016/element&amp#27;[39m
&amp#27;[35m[HTTP]&amp#27;[39m &amp#27;[90m{"using":"xpath","value":"//XCUIElementTypeStaticText[@name='����������']"}&amp#27;[39m
[debug] &amp#27;[35m[W3C (26255f9c)]&amp#27;[39m Calling AppiumDriver.findElement() with args: ["xpath","//XCUIElementTypeStaticText[@name='����������']","26255f9c-9f7a-4f75-98c9-83c1e78aa016"]
[debug] &amp#27;[35m[XCUITest]&amp#27;[39m Executing command 'findElement'
[debug] &amp#27;[35m[BaseDriver]&amp#27;[39m Valid locator strategies for this request: xpath, id, name, class name, -ios predicate string, -ios class chain, accessibility id
[debug] &amp#27;[35m[BaseDriver]&amp#27;[39m Waiting up to 20000 ms for condition
[debug] &amp#27;[35m[WD Proxy]&amp#27;[39m Matched '/element' to command name 'findElement'
[debug] &amp#27;[35m[WD Proxy]&amp#27;[39m Proxying [POST /element] to [POST http://127.0.0.1:8100/session/60B6465C-01A0-4446-B619-21E5B303EA93/element] with body: {"using":"xpath","value":"//XCUIElementTypeStaticText[@name='����������']"}
&amp#27;[35m[WD Proxy]&amp#27;[39m Got response with status 404: {"value":{"error":"no such element","message":"unable to find an element using 'xpath', value '//XCUIElementTypeStaticText[@name='����������']'","traceback":"(\n\t0   WebDriverAgentLib                   0x0000000108e5a04d FBNoSuchElementErrorResponseForRequest + 301\n\t1   WebDriverAgentLib                   0x0000000108e59df9 +[FBFindElementCommands handleFindElement:] + 425\n\t2   WebDriverAgentLib                   0x0000000108e377d6 -[FBRoute_TargetAction mountRequest:intoResponse:] + 182\n\t3   WebDriverAgentLib                   0x0000000108e1f5cb __37-[FBWebServer registerRouteHandlers:]_block_invoke + 555\n\t4   RoutingHTTPServer                   0x0000000108f29c53 -[RoutingHTTPServer handleRoute:withRequest:response:] + 136\n\t5   RoutingHTTPServer                   0x0000000108f2a566 __72-[RoutingHTTPServer routeMethod:withPath:parameters:request:connection:]_block_invoke + 47\n\t6   libdispatch.dylib                   0x00007fff519de7b9 _dispatch_client_callout + 8\n\t7   libdispatch.dylib          ...
[debug] &amp#27;[35m[W3C]&amp#27;[39m Matched W3C error code 'no such element' to NoSuchElementError
[debug] &amp#27;[35m[BaseDriver]&amp#27;[39m Waited for 174 ms so far
[debug] &amp#27;[35m[WD Proxy]&amp#27;[39m Matched '/element' to command name 'findElement'
[debug] &amp#27;[35m[WD Proxy]&amp#27;[39m Proxying [POST /element] to [POST http://127.0.0.1:8100/session/60B6465C-01A0-4446-B619-21E5B303EA93/element] with body: {"using":"xpath","value":"//XCUIElementTypeStaticText[@name='����������']"}
&amp#27;[35m[WD Proxy]&amp#27;[39m Got response with status 404: {"value":{"error":"no such element","message":"unable to find an element using 'xpath', value '//XCUIElementTypeStaticText[@name='����������']'","traceback":"(\n\t0   WebDriverAgentLib                   0x0000000108e5a04d FBNoSuchElementErrorResponseForRequest + 301\n\t1   WebDriverAgentLib                   0x0000000108e59df9 +[FBFindElementCommands handleFindElement:] + 425\n\t2   WebDriverAgentLib                   0x0000000108e377d6 -[FBRoute_TargetAction mountRequest:intoResponse:] + 182\n\t3   WebDriverAgentLib                   0x0000000108e1f5cb __37-[FBWebServer registerRouteHandlers:]_block_invoke + 555\n\t4   RoutingHTTPServer                   0x0000000108f29c53 -[RoutingHTTPServer handleRoute:withRequest:response:] + 136\n\t5   RoutingHTTPServer                   0x0000000108f2a566 __72-[RoutingHTTPServer routeMethod:withPath:parameters:request:connection:]_block_invoke + 47\n\t6   libdispatch.dylib                   0x00007fff519de7b9 _dispatch_client_callout + 8\n\t7   libdispatch.dylib          ...
[debug] &amp#27;[35m[W3C]&amp#27;[39m Matched W3C error code 'no such element' to NoSuchElementError
[debug] &amp#27;[35m[BaseDriver]&amp#27;[39m Waited for 834 ms so far
[debug] &amp#27;[35m[WD Proxy]&amp#27;[39m Matched '/element' to command name 'findElement'
[debug] &amp#27;[35m[WD Proxy]&amp#27;[39m Proxying [POST /element] to [POST http://127.0.0.1:8100/session/60B6465C-01A0-4446-B619-21E5B303EA93/element] with body: {"using":"xpath","value":"//XCUIElementTypeStaticText[@name='����������']"}
&amp#27;[35m[WD Proxy]&amp#27;[39m Got response with status 404: {"value":{"error":"no such element","message":"unable to find an element using 'xpath', value '//XCUIElementTypeStaticText[@name='����������']'","traceback":"(\n\t0   WebDriverAgentLib                   0x0000000108e5a04d FBNoSuchElementErrorResponseForRequest + 301\n\t1   WebDriverAgentLib                   0x0000000108e59df9 +[FBFindElementCommands handleFindElement:] + 425\n\t2   WebDriverAgentLib                   0x0000000108e377d6 -[FBRoute_TargetAction mountRequest:intoResponse:] + 182\n\t3   WebDriverAgentLib                   0x0000000108e1f5cb __37-[FBWebServer registerRouteHandlers:]_block_invoke + 555\n\t4   RoutingHTTPServer                   0x0000000108f29c53 -[RoutingHTTPServer handleRoute:withRequest:response:] + 136\n\t5   RoutingHTTPServer                   0x0000000108f2a566 __72-[RoutingHTTPServer routeMethod:withPath:parameters:request:connection:]_block_invoke + 47\n\t6   libdispatch.dylib                   0x00007fff519de7b9 _dispatch_client_callout + 8\n\t7   libdispatch.dylib          ...
[debug] &amp#27;[35m[W3C]&amp#27;[39m Matched W3C error code 'no such element' to NoSuchElementError
[debug] &amp#27;[35m[BaseDriver]&amp#27;[39m Waited for 1491 ms so far
[debug] &amp#27;[35m[WD Proxy]&amp#27;[39m Matched '/element' to command name 'findElement'
[debug] &amp#27;[35m[WD Proxy]&amp#27;[39m Proxying [POST /element] to [POST http://127.0.0.1:8100/session/60B6465C-01A0-4446-B619-21E5B303EA93/element] with body: {"using":"xpath","value":"//XCUIElementTypeStaticText[@name='����������']"}
&amp#27;[35m[WD Proxy]&amp#27;[39m Got response with status 404: {"value":{"error":"no such element","message":"unable to find an element using 'xpath', value '//XCUIElementTypeStaticText[@name='����������']'","traceback":"(\n\t0   WebDriverAgentLib                   0x0000000108e5a04d FBNoSuchElementErrorResponseForRequest + 301\n\t1   WebDriverAgentLib                   0x0000000108e59df9 +[FBFindElementCommands handleFindElement:] + 425\n\t2   WebDriverAgentLib                   0x0000000108e377d6 -[FBRoute_TargetAction mountRequest:intoResponse:] + 182\n\t3   WebDriverAgentLib                   0x0000000108e1f5cb __37-[FBWebServer registerRouteHandlers:]_block_invoke + 555\n\t4   RoutingHTTPServer                   0x0000000108f29c53 -[RoutingHTTPServer handleRoute:withRequest:response:] + 136\n\t5   RoutingHTTPServer                   0x0000000108f2a566 __72-[RoutingHTTPServer routeMethod:withPath:parameters:request:connection:]_block_invoke + 47\n\t6   libdispatch.dylib                   0x00007fff519de7b9 _dispatch_client_callout + 8\n\t7   libdispatch.dylib          ...
[debug] &amp#27;[35m[W3C]&amp#27;[39m Matched W3C error code 'no such element' to NoSuchElementError
[debug] &amp#27;[35m[BaseDriver]&amp#27;[39m Waited for 2143 ms so far
[debug] &amp#27;[35m[WD Proxy]&amp#27;[39m Matched '/element' to command name 'findElement'
[debug] &amp#27;[35m[WD Proxy]&amp#27;[39m Proxying [POST /element] to [POST http://127.0.0.1:8100/session/60B6465C-01A0-4446-B619-21E5B303EA93/element] with body: {"using":"xpath","value":"//XCUIElementTypeStaticText[@name='����������']"}
&amp#27;[35m[WD Proxy]&amp#27;[39m Got response with status 404: {"value":{"error":"no such element","message":"unable to find an element using 'xpath', value '//XCUIElementTypeStaticText[@name='����������']'","traceback":"(\n\t0   WebDriverAgentLib                   0x0000000108e5a04d FBNoSuchElementErrorResponseForRequest + 301\n\t1   WebDriverAgentLib                   0x0000000108e59df9 +[FBFindElementCommands handleFindElement:] + 425\n\t2   WebDriverAgentLib                   0x0000000108e377d6 -[FBRoute_TargetAction mountRequest:intoResponse:] + 182\n\t3   WebDriverAgentLib                   0x0000000108e1f5cb __37-[FBWebServer registerRouteHandlers:]_block_invoke + 555\n\t4   RoutingHTTPServer                   0x0000000108f29c53 -[RoutingHTTPServer handleRoute:withRequest:response:] + 136\n\t5   RoutingHTTPServer                   0x0000000108f2a566 __72-[RoutingHTTPServer routeMethod:withPath:parameters:request:connection:]_block_invoke + 47\n\t6   libdispatch.dylib                   0x00007fff519de7b9 _dispatch_client_callout + 8\n\t7   libdispatch.dylib          ...
[debug] &amp#27;[35m[W3C]&amp#27;[39m Matched W3C error code 'no such element' to NoSuchElementError
[debug] &amp#27;[35m[BaseDriver]&amp#27;[39m Waited for 2805 ms so far
[debug] &amp#27;[35m[WD Proxy]&amp#27;[39m Matched '/element' to command name 'findElement'
[debug] &amp#27;[35m[WD Proxy]&amp#27;[39m Proxying [POST /element] to [POST http://127.0.0.1:8100/session/60B6465C-01A0-4446-B619-21E5B303EA93/element] with body: {"using":"xpath","value":"//XCUIElementTypeStaticText[@name='����������']"}
&amp#27;[35m[WD Proxy]&amp#27;[39m Got response with status 404: {"value":{"error":"no such element","message":"unable to find an element using 'xpath', value '//XCUIElementTypeStaticText[@name='����������']'","traceback":"(\n\t0   WebDriverAgentLib                   0x0000000108e5a04d FBNoSuchElementErrorResponseForRequest + 301\n\t1   WebDriverAgentLib                   0x0000000108e59df9 +[FBFindElementCommands handleFindElement:] + 425\n\t2   WebDriverAgentLib                   0x0000000108e377d6 -[FBRoute_TargetAction mountRequest:intoResponse:] + 182\n\t3   WebDriverAgentLib                   0x0000000108e1f5cb __37-[FBWebServer registerRouteHandlers:]_block_invoke + 555\n\t4   RoutingHTTPServer                   0x0000000108f29c53 -[RoutingHTTPServer handleRoute:withRequest:response:] + 136\n\t5   RoutingHTTPServer                   0x0000000108f2a566 __72-[RoutingHTTPServer routeMethod:withPath:parameters:request:connection:]_block_invoke + 47\n\t6   libdispatch.dylib                   0x00007fff519de7b9 _dispatch_client_callout + 8\n\t7   libdispatch.dylib          ...
[debug] &amp#27;[35m[W3C]&amp#27;[39m Matched W3C error code 'no such element' to NoSuchElementError
[debug] &amp#27;[35m[BaseDriver]&amp#27;[39m Waited for 3463 ms so far
[debug] &amp#27;[35m[WD Proxy]&amp#27;[39m Matched '/element' to command name 'findElement'
[debug] &amp#27;[35m[WD Proxy]&amp#27;[39m Proxying [POST /element] to [POST http://127.0.0.1:8100/session/60B6465C-01A0-4446-B619-21E5B303EA93/element] with body: {"using":"xpath","value":"//XCUIElementTypeStaticText[@name='����������']"}
&amp#27;[35m[WD Proxy]&amp#27;[39m Got response with status 404: {"value":{"error":"no such element","message":"unable to find an element using 'xpath', value '//XCUIElementTypeStaticText[@name='����������']'","traceback":"(\n\t0   WebDriverAgentLib                   0x0000000108e5a04d FBNoSuchElementErrorResponseForRequest + 301\n\t1   WebDriverAgentLib                   0x0000000108e59df9 +[FBFindElementCommands handleFindElement:] + 425\n\t2   WebDriverAgentLib                   0x0000000108e377d6 -[FBRoute_TargetAction mountRequest:intoResponse:] + 182\n\t3   WebDriverAgentLib                   0x0000000108e1f5cb __37-[FBWebServer registerRouteHandlers:]_block_invoke + 555\n\t4   RoutingHTTPServer                   0x0000000108f29c53 -[RoutingHTTPServer handleRoute:withRequest:response:] + 136\n\t5   RoutingHTTPServer                   0x0000000108f2a566 __72-[RoutingHTTPServer routeMethod:withPath:parameters:request:connection:]_block_invoke + 47\n\t6   libdispatch.dylib                   0x00007fff519de7b9 _dispatch_client_callout + 8\n\t7   libdispatch.dylib          ...
[debug] &amp#27;[35m[W3C]&amp#27;[39m Matched W3C error code 'no such element' to NoSuchElementError
[debug] &amp#27;[35m[BaseDriver]&amp#27;[39m Waited for 4125 ms so far
[debug] &amp#27;[35m[WD Proxy]&amp#27;[39m Matched '/element' to command name 'findElement'
[debug] &amp#27;[35m[WD Proxy]&amp#27;[39m Proxying [POST /element] to [POST http://127.0.0.1:8100/session/60B6465C-01A0-4446-B619-21E5B303EA93/element] with body: {"using":"xpath","value":"//XCUIElementTypeStaticText[@name='����������']"}
&amp#27;[35m[WD Proxy]&amp#27;[39m Got response with status 404: {"value":{"error":"no such element","message":"unable to find an element using 'xpath', value '//XCUIElementTypeStaticText[@name='����������']'","traceback":"(\n\t0   WebDriverAgentLib                   0x0000000108e5a04d FBNoSuchElementErrorResponseForRequest + 301\n\t1   WebDriverAgentLib                   0x0000000108e59df9 +[FBFindElementCommands handleFindElement:] + 425\n\t2   WebDriverAgentLib                   0x0000000108e377d6 -[FBRoute_TargetAction mountRequest:intoResponse:] + 182\n\t3   WebDriverAgentLib                   0x0000000108e1f5cb __37-[FBWebServer registerRouteHandlers:]_block_invoke + 555\n\t4   RoutingHTTPServer                   0x0000000108f29c53 -[RoutingHTTPServer handleRoute:withRequest:response:] + 136\n\t5   RoutingHTTPServer                   0x0000000108f2a566 __72-[RoutingHTTPServer routeMethod:withPath:parameters:request:connection:]_block_invoke + 47\n\t6   libdispatch.dylib                   0x00007fff519de7b9 _dispatch_client_callout + 8\n\t7   libdispatch.dylib          ...
[debug] &amp#27;[35m[W3C]&amp#27;[39m Matched W3C error code 'no such element' to NoSuchElementError
[debug] &amp#27;[35m[BaseDriver]&amp#27;[39m Waited for 4785 ms so far
[debug] &amp#27;[35m[WD Proxy]&amp#27;[39m Matched '/element' to command name 'findElement'
[debug] &amp#27;[35m[WD Proxy]&amp#27;[39m Proxying [POST /element] to [POST http://127.0.0.1:8100/session/60B6465C-01A0-4446-B619-21E5B303EA93/element] with body: {"using":"xpath","value":"//XCUIElementTypeStaticText[@name='����������']"}
&amp#27;[35m[WD Proxy]&amp#27;[39m Got response with status 404: {"value":{"error":"no such element","message":"unable to find an element using 'xpath', value '//XCUIElementTypeStaticText[@name='����������']'","traceback":"(\n\t0   WebDriverAgentLib                   0x0000000108e5a04d FBNoSuchElementErrorResponseForRequest + 301\n\t1   WebDriverAgentLib                   0x0000000108e59df9 +[FBFindElementCommands handleFindElement:] + 425\n\t2   WebDriverAgentLib                   0x0000000108e377d6 -[FBRoute_TargetAction mountRequest:intoResponse:] + 182\n\t3   WebDriverAgentLib                   0x0000000108e1f5cb __37-[FBWebServer registerRouteHandlers:]_block_invoke + 555\n\t4   RoutingHTTPServer                   0x0000000108f29c53 -[RoutingHTTPServer handleRoute:withRequest:response:] + 136\n\t5   RoutingHTTPServer                   0x0000000108f2a566 __72-[RoutingHTTPServer routeMethod:withPath:parameters:request:connection:]_block_invoke + 47\n\t6   libdispatch.dylib                   0x00007fff519de7b9 _dispatch_client_callout + 8\n\t7   libdispatch.dylib          ...
[debug] &amp#27;[35m[W3C]&amp#27;[39m Matched W3C error code 'no such element' to NoSuchElementError
[debug] &amp#27;[35m[BaseDriver]&amp#27;[39m Waited for 5444 ms so far
[debug] &amp#27;[35m[WD Proxy]&amp#27;[39m Matched '/element' to command name 'findElement'
[debug] &amp#27;[35m[WD Proxy]&amp#27;[39m Proxying [POST /element] to [POST http://127.0.0.1:8100/session/60B6465C-01A0-4446-B619-21E5B303EA93/element] with body: {"using":"xpath","value":"//XCUIElementTypeStaticText[@name='����������']"}
&amp#27;[35m[WD Proxy]&amp#27;[39m Got response with status 404: {"value":{"error":"no such element","message":"unable to find an element using 'xpath', value '//XCUIElementTypeStaticText[@name='����������']'","traceback":"(\n\t0   WebDriverAgentLib                   0x0000000108e5a04d FBNoSuchElementErrorResponseForRequest + 301\n\t1   WebDriverAgentLib                   0x0000000108e59df9 +[FBFindElementCommands handleFindElement:] + 425\n\t2   WebDriverAgentLib                   0x0000000108e377d6 -[FBRoute_TargetAction mountRequest:intoResponse:] + 182\n\t3   WebDriverAgentLib                   0x0000000108e1f5cb __37-[FBWebServer registerRouteHandlers:]_block_invoke + 555\n\t4   RoutingHTTPServer                   0x0000000108f29c53 -[RoutingHTTPServer handleRoute:withRequest:response:] + 136\n\t5   RoutingHTTPServer                   0x0000000108f2a566 __72-[RoutingHTTPServer routeMethod:withPath:parameters:request:connection:]_block_invoke + 47\n\t6   libdispatch.dylib                   0x00007fff519de7b9 _dispatch_client_callout + 8\n\t7   libdispatch.dylib          ...
[debug] &amp#27;[35m[W3C]&amp#27;[39m Matched W3C error code 'no such element' to NoSuchElementError
[debug] &amp#27;[35m[BaseDriver]&amp#27;[39m Waited for 6150 ms so far
[debug] &amp#27;[35m[WD Proxy]&amp#27;[39m Matched '/element' to command name 'findElement'
[debug] &amp#27;[35m[WD Proxy]&amp#27;[39m Proxying [POST /element] to [POST http://127.0.0.1:8100/session/60B6465C-01A0-4446-B619-21E5B303EA93/element] with body: {"using":"xpath","value":"//XCUIElementTypeStaticText[@name='����������']"}
&amp#27;[35m[WD Proxy]&amp#27;[39m Got response with status 404: {"value":{"error":"no such element","message":"unable to find an element using 'xpath', value '//XCUIElementTypeStaticText[@name='����������']'","traceback":"(\n\t0   WebDriverAgentLib                   0x0000000108e5a04d FBNoSuchElementErrorResponseForRequest + 301\n\t1   WebDriverAgentLib                   0x0000000108e59df9 +[FBFindElementCommands handleFindElement:] + 425\n\t2   WebDriverAgentLib                   0x0000000108e377d6 -[FBRoute_TargetAction mountRequest:intoResponse:] + 182\n\t3   WebDriverAgentLib                   0x0000000108e1f5cb __37-[FBWebServer registerRouteHandlers:]_block_invoke + 555\n\t4   RoutingHTTPServer                   0x0000000108f29c53 -[RoutingHTTPServer handleRoute:withRequest:response:] + 136\n\t5   RoutingHTTPServer                   0x0000000108f2a566 __72-[RoutingHTTPServer routeMethod:withPath:parameters:request:connection:]_block_invoke + 47\n\t6   libdispatch.dylib                   0x00007fff519de7b9 _dispatch_client_callout + 8\n\t7   libdispatch.dylib          ...
[debug] &amp#27;[35m[W3C]&amp#27;[39m Matched W3C error code 'no such element' to NoSuchElementError
[debug] &amp#27;[35m[BaseDriver]&amp#27;[39m Waited for 6814 ms so far
[debug] &amp#27;[35m[WD Proxy]&amp#27;[39m Matched '/element' to command name 'findElement'
[debug] &amp#27;[35m[WD Proxy]&amp#27;[39m Proxying [POST /element] to [POST http://127.0.0.1:8100/session/60B6465C-01A0-4446-B619-21E5B303EA93/element] with body: {"using":"xpath","value":"//XCUIElementTypeStaticText[@name='����������']"}
&amp#27;[35m[WD Proxy]&amp#27;[39m Got response with status 404: {"value":{"error":"no such element","message":"unable to find an element using 'xpath', value '//XCUIElementTypeStaticText[@name='����������']'","traceback":"(\n\t0   WebDriverAgentLib                   0x0000000108e5a04d FBNoSuchElementErrorResponseForRequest + 301\n\t1   WebDriverAgentLib                   0x0000000108e59df9 +[FBFindElementCommands handleFindElement:] + 425\n\t2   WebDriverAgentLib                   0x0000000108e377d6 -[FBRoute_TargetAction mountRequest:intoResponse:] + 182\n\t3   WebDriverAgentLib                   0x0000000108e1f5cb __37-[FBWebServer registerRouteHandlers:]_block_invoke + 555\n\t4   RoutingHTTPServer                   0x0000000108f29c53 -[RoutingHTTPServer handleRoute:withRequest:response:] + 136\n\t5   RoutingHTTPServer                   0x0000000108f2a566 __72-[RoutingHTTPServer routeMethod:withPath:parameters:request:connection:]_block_invoke + 47\n\t6   libdispatch.dylib                   0x00007fff519de7b9 _dispatch_client_callout + 8\n\t7   libdispatch.dylib          ...
[debug] &amp#27;[35m[W3C]&amp#27;[39m Matched W3C error code 'no such element' to NoSuchElementError
[debug] &amp#27;[35m[BaseDriver]&amp#27;[39m Waited for 7479 ms so far
[debug] &amp#27;[35m[WD Proxy]&amp#27;[39m Matched '/element' to command name 'findElement'
[debug] &amp#27;[35m[WD Proxy]&amp#27;[39m Proxying [POST /element] to [POST http://127.0.0.1:8100/session/60B6465C-01A0-4446-B619-21E5B303EA93/element] with body: {"using":"xpath","value":"//XCUIElementTypeStaticText[@name='����������']"}
&amp#27;[35m[WD Proxy]&amp#27;[39m Got response with status 404: {"value":{"error":"no such element","message":"unable to find an element using 'xpath', value '//XCUIElementTypeStaticText[@name='����������']'","traceback":"(\n\t0   WebDriverAgentLib                   0x0000000108e5a04d FBNoSuchElementErrorResponseForRequest + 301\n\t1   WebDriverAgentLib                   0x0000000108e59df9 +[FBFindElementCommands handleFindElement:] + 425\n\t2   WebDriverAgentLib                   0x0000000108e377d6 -[FBRoute_TargetAction mountRequest:intoResponse:] + 182\n\t3   WebDriverAgentLib                   0x0000000108e1f5cb __37-[FBWebServer registerRouteHandlers:]_block_invoke + 555\n\t4   RoutingHTTPServer                   0x0000000108f29c53 -[RoutingHTTPServer handleRoute:withRequest:response:] + 136\n\t5   RoutingHTTPServer                   0x0000000108f2a566 __72-[RoutingHTTPServer routeMethod:withPath:parameters:request:connection:]_block_invoke + 47\n\t6   libdispatch.dylib                   0x00007fff519de7b9 _dispatch_client_callout + 8\n\t7   libdispatch.dylib          ...
[debug] &amp#27;[35m[W3C]&amp#27;[39m Matched W3C error code 'no such element' to NoSuchElementError
[debug] &amp#27;[35m[BaseDriver]&amp#27;[39m Waited for 8138 ms so far
[debug] &amp#27;[35m[WD Proxy]&amp#27;[39m Matched '/element' to command name 'findElement'
[debug] &amp#27;[35m[WD Proxy]&amp#27;[39m Proxying [POST /element] to [POST http://127.0.0.1:8100/session/60B6465C-01A0-4446-B619-21E5B303EA93/element] with body: {"using":"xpath","value":"//XCUIElementTypeStaticText[@name='����������']"}
&amp#27;[35m[WD Proxy]&amp#27;[39m Got response with status 404: {"value":{"error":"no such element","message":"unable to find an element using 'xpath', value '//XCUIElementTypeStaticText[@name='����������']'","traceback":"(\n\t0   WebDriverAgentLib                   0x0000000108e5a04d FBNoSuchElementErrorResponseForRequest + 301\n\t1   WebDriverAgentLib                   0x0000000108e59df9 +[FBFindElementCommands handleFindElement:] + 425\n\t2   WebDriverAgentLib                   0x0000000108e377d6 -[FBRoute_TargetAction mountRequest:intoResponse:] + 182\n\t3   WebDriverAgentLib                   0x0000000108e1f5cb __37-[FBWebServer registerRouteHandlers:]_block_invoke + 555\n\t4   RoutingHTTPServer                   0x0000000108f29c53 -[RoutingHTTPServer handleRoute:withRequest:response:] + 136\n\t5   RoutingHTTPServer                   0x0000000108f2a566 __72-[RoutingHTTPServer routeMethod:withPath:parameters:request:connection:]_block_invoke + 47\n\t6   libdispatch.dylib                   0x00007fff519de7b9 _dispatch_client_callout + 8\n\t7   libdispatch.dylib          ...
[debug] &amp#27;[35m[W3C]&amp#27;[39m Matched W3C error code 'no such element' to NoSuchElementError
[debug] &amp#27;[35m[BaseDriver]&amp#27;[39m Waited for 8797 ms so far
[debug] &amp#27;[35m[WD Proxy]&amp#27;[39m Matched '/element' to command name 'findElement'
[debug] &amp#27;[35m[WD Proxy]&amp#27;[39m Proxying [POST /element] to [POST http://127.0.0.1:8100/session/60B6465C-01A0-4446-B619-21E5B303EA93/element] with body: {"using":"xpath","value":"//XCUIElementTypeStaticText[@name='����������']"}
&amp#27;[35m[WD Proxy]&amp#27;[39m Got response with status 404: {"value":{"error":"no such element","message":"unable to find an element using 'xpath', value '//XCUIElementTypeStaticText[@name='����������']'","traceback":"(\n\t0   WebDriverAgentLib                   0x0000000108e5a04d FBNoSuchElementErrorResponseForRequest + 301\n\t1   WebDriverAgentLib                   0x0000000108e59df9 +[FBFindElementCommands handleFindElement:] + 425\n\t2   WebDriverAgentLib                   0x0000000108e377d6 -[FBRoute_TargetAction mountRequest:intoResponse:] + 182\n\t3   WebDriverAgentLib                   0x0000000108e1f5cb __37-[FBWebServer registerRouteHandlers:]_block_invoke + 555\n\t4   RoutingHTTPServer                   0x0000000108f29c53 -[RoutingHTTPServer handleRoute:withRequest:response:] + 136\n\t5   RoutingHTTPServer                   0x0000000108f2a566 __72-[RoutingHTTPServer routeMethod:withPath:parameters:request:connection:]_block_invoke + 47\n\t6   libdispatch.dylib                   0x00007fff519de7b9 _dispatch_client_callout + 8\n\t7   libdispatch.dylib          ...
[debug] &amp#27;[35m[W3C]&amp#27;[39m Matched W3C error code 'no such element' to NoSuchElementError
[debug] &amp#27;[35m[BaseDriver]&amp#27;[39m Waited for 9456 ms so far
[debug] &amp#27;[35m[WD Proxy]&amp#27;[39m Matched '/element' to command name 'findElement'
[debug] &amp#27;[35m[WD Proxy]&amp#27;[39m Proxying [POST /element] to [POST http://127.0.0.1:8100/session/60B6465C-01A0-4446-B619-21E5B303EA93/element] with body: {"using":"xpath","value":"//XCUIElementTypeStaticText[@name='����������']"}
&amp#27;[35m[WD Proxy]&amp#27;[39m Got response with status 404: {"value":{"error":"no such element","message":"unable to find an element using 'xpath', value '//XCUIElementTypeStaticText[@name='����������']'","traceback":"(\n\t0   WebDriverAgentLib                   0x0000000108e5a04d FBNoSuchElementErrorResponseForRequest + 301\n\t1   WebDriverAgentLib                   0x0000000108e59df9 +[FBFindElementCommands handleFindElement:] + 425\n\t2   WebDriverAgentLib                   0x0000000108e377d6 -[FBRoute_TargetAction mountRequest:intoResponse:] + 182\n\t3   WebDriverAgentLib                   0x0000000108e1f5cb __37-[FBWebServer registerRouteHandlers:]_block_invoke + 555\n\t4   RoutingHTTPServer                   0x0000000108f29c53 -[RoutingHTTPServer handleRoute:withRequest:response:] + 136\n\t5   RoutingHTTPServer                   0x0000000108f2a566 __72-[RoutingHTTPServer routeMethod:withPath:parameters:request:connection:]_block_invoke + 47\n\t6   libdispatch.dylib                   0x00007fff519de7b9 _dispatch_client_callout + 8\n\t7   libdispatch.dylib          ...
[debug] &amp#27;[35m[W3C]&amp#27;[39m Matched W3C error code 'no such element' to NoSuchElementError
[debug] &amp#27;[35m[BaseDriver]&amp#27;[39m Waited for 10114 ms so far
[debug] &amp#27;[35m[WD Proxy]&amp#27;[39m Matched '/element' to command name 'findElement'
[debug] &amp#27;[35m[WD Proxy]&amp#27;[39m Proxying [POST /element] to [POST http://127.0.0.1:8100/session/60B6465C-01A0-4446-B619-21E5B303EA93/element] with body: {"using":"xpath","value":"//XCUIElementTypeStaticText[@name='����������']"}
&amp#27;[35m[WD Proxy]&amp#27;[39m Got response with status 404: {"value":{"error":"no such element","message":"unable to find an element using 'xpath', value '//XCUIElementTypeStaticText[@name='����������']'","traceback":"(\n\t0   WebDriverAgentLib                   0x0000000108e5a04d FBNoSuchElementErrorResponseForRequest + 301\n\t1   WebDriverAgentLib                   0x0000000108e59df9 +[FBFindElementCommands handleFindElement:] + 425\n\t2   WebDriverAgentLib                   0x0000000108e377d6 -[FBRoute_TargetAction mountRequest:intoResponse:] + 182\n\t3   WebDriverAgentLib                   0x0000000108e1f5cb __37-[FBWebServer registerRouteHandlers:]_block_invoke + 555\n\t4   RoutingHTTPServer                   0x0000000108f29c53 -[RoutingHTTPServer handleRoute:withRequest:response:] + 136\n\t5   RoutingHTTPServer                   0x0000000108f2a566 __72-[RoutingHTTPServer routeMethod:withPath:parameters:request:connection:]_block_invoke + 47\n\t6   libdispatch.dylib                   0x00007fff519de7b9 _dispatch_client_callout + 8\n\t7   libdispatch.dylib          ...
[debug] &amp#27;[35m[W3C]&amp#27;[39m Matched W3C error code 'no such element' to NoSuchElementError
[debug] &amp#27;[35m[BaseDriver]&amp#27;[39m Waited for 10773 ms so far
[debug] &amp#27;[35m[WD Proxy]&amp#27;[39m Matched '/element' to command name 'findElement'
[debug] &amp#27;[35m[WD Proxy]&amp#27;[39m Proxying [POST /element] to [POST http://127.0.0.1:8100/session/60B6465C-01A0-4446-B619-21E5B303EA93/element] with body: {"using":"xpath","value":"//XCUIElementTypeStaticText[@name='����������']"}
&amp#27;[35m[WD Proxy]&amp#27;[39m Got response with status 404: {"value":{"error":"no such element","message":"unable to find an element using 'xpath', value '//XCUIElementTypeStaticText[@name='����������']'","traceback":"(\n\t0   WebDriverAgentLib                   0x0000000108e5a04d FBNoSuchElementErrorResponseForRequest + 301\n\t1   WebDriverAgentLib                   0x0000000108e59df9 +[FBFindElementCommands handleFindElement:] + 425\n\t2   WebDriverAgentLib                   0x0000000108e377d6 -[FBRoute_TargetAction mountRequest:intoResponse:] + 182\n\t3   WebDriverAgentLib                   0x0000000108e1f5cb __37-[FBWebServer registerRouteHandlers:]_block_invoke + 555\n\t4   RoutingHTTPServer                   0x0000000108f29c53 -[RoutingHTTPServer handleRoute:withRequest:response:] + 136\n\t5   RoutingHTTPServer                   0x0000000108f2a566 __72-[RoutingHTTPServer routeMethod:withPath:parameters:request:connection:]_block_invoke + 47\n\t6   libdispatch.dylib                   0x00007fff519de7b9 _dispatch_client_callout + 8\n\t7   libdispatch.dylib          ...
[debug] &amp#27;[35m[W3C]&amp#27;[39m Matched W3C error code 'no such element' to NoSuchElementError
[debug] &amp#27;[35m[BaseDriver]&amp#27;[39m Waited for 11428 ms so far
[debug] &amp#27;[35m[WD Proxy]&amp#27;[39m Matched '/element' to command name 'findElement'
[debug] &amp#27;[35m[WD Proxy]&amp#27;[39m Proxying [POST /element] to [POST http://127.0.0.1:8100/session/60B6465C-01A0-4446-B619-21E5B303EA93/element] with body: {"using":"xpath","value":"//XCUIElementTypeStaticText[@name='����������']"}
&amp#27;[35m[WD Proxy]&amp#27;[39m Got response with status 404: {"value":{"error":"no such element","message":"unable to find an element using 'xpath', value '//XCUIElementTypeStaticText[@name='����������']'","traceback":"(\n\t0   WebDriverAgentLib                   0x0000000108e5a04d FBNoSuchElementErrorResponseForRequest + 301\n\t1   WebDriverAgentLib                   0x0000000108e59df9 +[FBFindElementCommands handleFindElement:] + 425\n\t2   WebDriverAgentLib                   0x0000000108e377d6 -[FBRoute_TargetAction mountRequest:intoResponse:] + 182\n\t3   WebDriverAgentLib                   0x0000000108e1f5cb __37-[FBWebServer registerRouteHandlers:]_block_invoke + 555\n\t4   RoutingHTTPServer                   0x0000000108f29c53 -[RoutingHTTPServer handleRoute:withRequest:response:] + 136\n\t5   RoutingHTTPServer                   0x0000000108f2a566 __72-[RoutingHTTPServer routeMethod:withPath:parameters:request:connection:]_block_invoke + 47\n\t6   libdispatch.dylib                   0x00007fff519de7b9 _dispatch_client_callout + 8\n\t7   libdispatch.dylib          ...
[debug] &amp#27;[35m[W3C]&amp#27;[39m Matched W3C error code 'no such element' to NoSuchElementError
[debug] &amp#27;[35m[BaseDriver]&amp#27;[39m Waited for 12133 ms so far
[debug] &amp#27;[35m[WD Proxy]&amp#27;[39m Matched '/element' to command name 'findElement'
[debug] &amp#27;[35m[WD Proxy]&amp#27;[39m Proxying [POST /element] to [POST http://127.0.0.1:8100/session/60B6465C-01A0-4446-B619-21E5B303EA93/element] with body: {"using":"xpath","value":"//XCUIElementTypeStaticText[@name='����������']"}
&amp#27;[35m[WD Proxy]&amp#27;[39m Got response with status 404: {"value":{"error":"no such element","message":"unable to find an element using 'xpath', value '//XCUIElementTypeStaticText[@name='����������']'","traceback":"(\n\t0   WebDriverAgentLib                   0x0000000108e5a04d FBNoSuchElementErrorResponseForRequest + 301\n\t1   WebDriverAgentLib                   0x0000000108e59df9 +[FBFindElementCommands handleFindElement:] + 425\n\t2   WebDriverAgentLib                   0x0000000108e377d6 -[FBRoute_TargetAction mountRequest:intoResponse:] + 182\n\t3   WebDriverAgentLib                   0x0000000108e1f5cb __37-[FBWebServer registerRouteHandlers:]_block_invoke + 555\n\t4   RoutingHTTPServer                   0x0000000108f29c53 -[RoutingHTTPServer handleRoute:withRequest:response:] + 136\n\t5   RoutingHTTPServer                   0x0000000108f2a566 __72-[RoutingHTTPServer routeMethod:withPath:parameters:request:connection:]_block_invoke + 47\n\t6   libdispatch.dylib                   0x00007fff519de7b9 _dispatch_client_callout + 8\n\t7   libdispatch.dylib          ...
[debug] &amp#27;[35m[W3C]&amp#27;[39m Matched W3C error code 'no such element' to NoSuchElementError
[debug] &amp#27;[35m[BaseDriver]&amp#27;[39m Waited for 12787 ms so far
[debug] &amp#27;[35m[WD Proxy]&amp#27;[39m Matched '/element' to command name 'findElement'
[debug] &amp#27;[35m[WD Proxy]&amp#27;[39m Proxying [POST /element] to [POST http://127.0.0.1:8100/session/60B6465C-01A0-4446-B619-21E5B303EA93/element] with body: {"using":"xpath","value":"//XCUIElementTypeStaticText[@name='����������']"}
&amp#27;[35m[WD Proxy]&amp#27;[39m Got response with status 404: {"value":{"error":"no such element","message":"unable to find an element using 'xpath', value '//XCUIElementTypeStaticText[@name='����������']'","traceback":"(\n\t0   WebDriverAgentLib                   0x0000000108e5a04d FBNoSuchElementErrorResponseForRequest + 301\n\t1   WebDriverAgentLib                   0x0000000108e59df9 +[FBFindElementCommands handleFindElement:] + 425\n\t2   WebDriverAgentLib                   0x0000000108e377d6 -[FBRoute_TargetAction mountRequest:intoResponse:] + 182\n\t3   WebDriverAgentLib                   0x0000000108e1f5cb __37-[FBWebServer registerRouteHandlers:]_block_invoke + 555\n\t4   RoutingHTTPServer                   0x0000000108f29c53 -[RoutingHTTPServer handleRoute:withRequest:response:] + 136\n\t5   RoutingHTTPServer                   0x0000000108f2a566 __72-[RoutingHTTPServer routeMethod:withPath:parameters:request:connection:]_block_invoke + 47\n\t6   libdispatch.dylib                   0x00007fff519de7b9 _dispatch_client_callout + 8\n\t7   libdispatch.dylib          ...
[debug] &amp#27;[35m[W3C]&amp#27;[39m Matched W3C error code 'no such element' to NoSuchElementError
[debug] &amp#27;[35m[BaseDriver]&amp#27;[39m Waited for 13456 ms so far
[debug] &amp#27;[35m[WD Proxy]&amp#27;[39m Matched '/element' to command name 'findElement'
[debug] &amp#27;[35m[WD Proxy]&amp#27;[39m Proxying [POST /element] to [POST http://127.0.0.1:8100/session/60B6465C-01A0-4446-B619-21E5B303EA93/element] with body: {"using":"xpath","value":"//XCUIElementTypeStaticText[@name='����������']"}
&amp#27;[35m[WD Proxy]&amp#27;[39m Got response with status 404: {"value":{"error":"no such element","message":"unable to find an element using 'xpath', value '//XCUIElementTypeStaticText[@name='����������']'","traceback":"(\n\t0   WebDriverAgentLib                   0x0000000108e5a04d FBNoSuchElementErrorResponseForRequest + 301\n\t1   WebDriverAgentLib                   0x0000000108e59df9 +[FBFindElementCommands handleFindElement:] + 425\n\t2   WebDriverAgentLib                   0x0000000108e377d6 -[FBRoute_TargetAction mountRequest:intoResponse:] + 182\n\t3   WebDriverAgentLib                   0x0000000108e1f5cb __37-[FBWebServer registerRouteHandlers:]_block_invoke + 555\n\t4   RoutingHTTPServer                   0x0000000108f29c53 -[RoutingHTTPServer handleRoute:withRequest:response:] + 136\n\t5   RoutingHTTPServer                   0x0000000108f2a566 __72-[RoutingHTTPServer routeMethod:withPath:parameters:request:connection:]_block_invoke + 47\n\t6   libdispatch.dylib                   0x00007fff519de7b9 _dispatch_client_callout + 8\n\t7   libdispatch.dylib          ...
[debug] &amp#27;[35m[W3C]&amp#27;[39m Matched W3C error code 'no such element' to NoSuchElementError
[debug] &amp#27;[35m[BaseDriver]&amp#27;[39m Waited for 14117 ms so far
[debug] &amp#27;[35m[WD Proxy]&amp#27;[39m Matched '/element' to command name 'findElement'
[debug] &amp#27;[35m[WD Proxy]&amp#27;[39m Proxying [POST /element] to [POST http://127.0.0.1:8100/session/60B6465C-01A0-4446-B619-21E5B303EA93/element] with body: {"using":"xpath","value":"//XCUIElementTypeStaticText[@name='����������']"}
&amp#27;[35m[WD Proxy]&amp#27;[39m Got response with status 404: {"value":{"error":"no such element","message":"unable to find an element using 'xpath', value '//XCUIElementTypeStaticText[@name='����������']'","traceback":"(\n\t0   WebDriverAgentLib                   0x0000000108e5a04d FBNoSuchElementErrorResponseForRequest + 301\n\t1   WebDriverAgentLib                   0x0000000108e59df9 +[FBFindElementCommands handleFindElement:] + 425\n\t2   WebDriverAgentLib                   0x0000000108e377d6 -[FBRoute_TargetAction mountRequest:intoResponse:] + 182\n\t3   WebDriverAgentLib                   0x0000000108e1f5cb __37-[FBWebServer registerRouteHandlers:]_block_invoke + 555\n\t4   RoutingHTTPServer                   0x0000000108f29c53 -[RoutingHTTPServer handleRoute:withRequest:response:] + 136\n\t5   RoutingHTTPServer                   0x0000000108f2a566 __72-[RoutingHTTPServer routeMethod:withPath:parameters:request:connection:]_block_invoke + 47\n\t6   libdispatch.dylib                   0x00007fff519de7b9 _dispatch_client_callout + 8\n\t7   libdispatch.dylib          ...
[debug] &amp#27;[35m[W3C]&amp#27;[39m Matched W3C error code 'no such element' to NoSuchElementError
[debug] &amp#27;[35m[BaseDriver]&amp#27;[39m Waited for 14777 ms so far
[debug] &amp#27;[35m[WD Proxy]&amp#27;[39m Matched '/element' to command name 'findElement'
[debug] &amp#27;[35m[WD Proxy]&amp#27;[39m Proxying [POST /element] to [POST http://127.0.0.1:8100/session/60B6465C-01A0-4446-B619-21E5B303EA93/element] with body: {"using":"xpath","value":"//XCUIElementTypeStaticText[@name='����������']"}
&amp#27;[35m[WD Proxy]&amp#27;[39m Got response with status 404: {"value":{"error":"no such element","message":"unable to find an element using 'xpath', value '//XCUIElementTypeStaticText[@name='����������']'","traceback":"(\n\t0   WebDriverAgentLib                   0x0000000108e5a04d FBNoSuchElementErrorResponseForRequest + 301\n\t1   WebDriverAgentLib                   0x0000000108e59df9 +[FBFindElementCommands handleFindElement:] + 425\n\t2   WebDriverAgentLib                   0x0000000108e377d6 -[FBRoute_TargetAction mountRequest:intoResponse:] + 182\n\t3   WebDriverAgentLib                   0x0000000108e1f5cb __37-[FBWebServer registerRouteHandlers:]_block_invoke + 555\n\t4   RoutingHTTPServer                   0x0000000108f29c53 -[RoutingHTTPServer handleRoute:withRequest:response:] + 136\n\t5   RoutingHTTPServer                   0x0000000108f2a566 __72-[RoutingHTTPServer routeMethod:withPath:parameters:request:connection:]_block_invoke + 47\n\t6   libdispatch.dylib                   0x00007fff519de7b9 _dispatch_client_callout + 8\n\t7   libdispatch.dylib          ...
[debug] &amp#27;[35m[W3C]&amp#27;[39m Matched W3C error code 'no such element' to NoSuchElementError
[debug] &amp#27;[35m[BaseDriver]&amp#27;[39m Waited for 15437 ms so far
[debug] &amp#27;[35m[WD Proxy]&amp#27;[39m Matched '/element' to command name 'findElement'
[debug] &amp#27;[35m[WD Proxy]&amp#27;[39m Proxying [POST /element] to [POST http://127.0.0.1:8100/session/60B6465C-01A0-4446-B619-21E5B303EA93/element] with body: {"using":"xpath","value":"//XCUIElementTypeStaticText[@name='����������']"}
&amp#27;[35m[WD Proxy]&amp#27;[39m Got response with status 404: {"value":{"error":"no such element","message":"unable to find an element using 'xpath', value '//XCUIElementTypeStaticText[@name='����������']'","traceback":"(\n\t0   WebDriverAgentLib                   0x0000000108e5a04d FBNoSuchElementErrorResponseForRequest + 301\n\t1   WebDriverAgentLib                   0x0000000108e59df9 +[FBFindElementCommands handleFindElement:] + 425\n\t2   WebDriverAgentLib                   0x0000000108e377d6 -[FBRoute_TargetAction mountRequest:intoResponse:] + 182\n\t3   WebDriverAgentLib                   0x0000000108e1f5cb __37-[FBWebServer registerRouteHandlers:]_block_invoke + 555\n\t4   RoutingHTTPServer                   0x0000000108f29c53 -[RoutingHTTPServer handleRoute:withRequest:response:] + 136\n\t5   RoutingHTTPServer                   0x0000000108f2a566 __72-[RoutingHTTPServer routeMethod:withPath:parameters:request:connection:]_block_invoke + 47\n\t6   libdispatch.dylib                   0x00007fff519de7b9 _dispatch_client_callout + 8\n\t7   libdispatch.dylib          ...
[debug] &amp#27;[35m[W3C]&amp#27;[39m Matched W3C error code 'no such element' to NoSuchElementError
[debug] &amp#27;[35m[BaseDriver]&amp#27;[39m Waited for 16107 ms so far
[debug] &amp#27;[35m[WD Proxy]&amp#27;[39m Matched '/element' to command name 'findElement'
[debug] &amp#27;[35m[WD Proxy]&amp#27;[39m Proxying [POST /element] to [POST http://127.0.0.1:8100/session/60B6465C-01A0-4446-B619-21E5B303EA93/element] with body: {"using":"xpath","value":"//XCUIElementTypeStaticText[@name='����������']"}
&amp#27;[35m[WD Proxy]&amp#27;[39m Got response with status 404: {"value":{"error":"no such element","message":"unable to find an element using 'xpath', value '//XCUIElementTypeStaticText[@name='����������']'","traceback":"(\n\t0   WebDriverAgentLib                   0x0000000108e5a04d FBNoSuchElementErrorResponseForRequest + 301\n\t1   WebDriverAgentLib                   0x0000000108e59df9 +[FBFindElementCommands handleFindElement:] + 425\n\t2   WebDriverAgentLib                   0x0000000108e377d6 -[FBRoute_TargetAction mountRequest:intoResponse:] + 182\n\t3   WebDriverAgentLib                   0x0000000108e1f5cb __37-[FBWebServer registerRouteHandlers:]_block_invoke + 555\n\t4   RoutingHTTPServer                   0x0000000108f29c53 -[RoutingHTTPServer handleRoute:withRequest:response:] + 136\n\t5   RoutingHTTPServer                   0x0000000108f2a566 __72-[RoutingHTTPServer routeMethod:withPath:parameters:request:connection:]_block_invoke + 47\n\t6   libdispatch.dylib                   0x00007fff519de7b9 _dispatch_client_callout + 8\n\t7   libdispatch.dylib          ...
[debug] &amp#27;[35m[W3C]&amp#27;[39m Matched W3C error code 'no such element' to NoSuchElementError
[debug] &amp#27;[35m[BaseDriver]&amp#27;[39m Waited for 16763 ms so far
[debug] &amp#27;[35m[WD Proxy]&amp#27;[39m Matched '/element' to command name 'findElement'
[debug] &amp#27;[35m[WD Proxy]&amp#27;[39m Proxying [POST /element] to [POST http://127.0.0.1:8100/session/60B6465C-01A0-4446-B619-21E5B303EA93/element] with body: {"using":"xpath","value":"//XCUIElementTypeStaticText[@name='����������']"}
&amp#27;[35m[WD Proxy]&amp#27;[39m Got response with status 404: {"value":{"error":"no such element","message":"unable to find an element using 'xpath', value '//XCUIElementTypeStaticText[@name='����������']'","traceback":"(\n\t0   WebDriverAgentLib                   0x0000000108e5a04d FBNoSuchElementErrorResponseForRequest + 301\n\t1   WebDriverAgentLib                   0x0000000108e59df9 +[FBFindElementCommands handleFindElement:] + 425\n\t2   WebDriverAgentLib                   0x0000000108e377d6 -[FBRoute_TargetAction mountRequest:intoResponse:] + 182\n\t3   WebDriverAgentLib                   0x0000000108e1f5cb __37-[FBWebServer registerRouteHandlers:]_block_invoke + 555\n\t4   RoutingHTTPServer                   0x0000000108f29c53 -[RoutingHTTPServer handleRoute:withRequest:response:] + 136\n\t5   RoutingHTTPServer                   0x0000000108f2a566 __72-[RoutingHTTPServer routeMethod:withPath:parameters:request:connection:]_block_invoke + 47\n\t6   libdispatch.dylib                   0x00007fff519de7b9 _dispatch_client_callout + 8\n\t7   libdispatch.dylib          ...
[debug] &amp#27;[35m[W3C]&amp#27;[39m Matched W3C error code 'no such element' to NoSuchElementError
[debug] &amp#27;[35m[BaseDriver]&amp#27;[39m Waited for 17422 ms so far
[debug] &amp#27;[35m[WD Proxy]&amp#27;[39m Matched '/element' to command name 'findElement'
[debug] &amp#27;[35m[WD Proxy]&amp#27;[39m Proxying [POST /element] to [POST http://127.0.0.1:8100/session/60B6465C-01A0-4446-B619-21E5B303EA93/element] with body: {"using":"xpath","value":"//XCUIElementTypeStaticText[@name='����������']"}
&amp#27;[35m[WD Proxy]&amp#27;[39m Got response with status 404: {"value":{"error":"no such element","message":"unable to find an element using 'xpath', value '//XCUIElementTypeStaticText[@name='����������']'","traceback":"(\n\t0   WebDriverAgentLib                   0x0000000108e5a04d FBNoSuchElementErrorResponseForRequest + 301\n\t1   WebDriverAgentLib                   0x0000000108e59df9 +[FBFindElementCommands handleFindElement:] + 425\n\t2   WebDriverAgentLib                   0x0000000108e377d6 -[FBRoute_TargetAction mountRequest:intoResponse:] + 182\n\t3   WebDriverAgentLib                   0x0000000108e1f5cb __37-[FBWebServer registerRouteHandlers:]_block_invoke + 555\n\t4   RoutingHTTPServer                   0x0000000108f29c53 -[RoutingHTTPServer handleRoute:withRequest:response:] + 136\n\t5   RoutingHTTPServer                   0x0000000108f2a566 __72-[RoutingHTTPServer routeMethod:withPath:parameters:request:connection:]_block_invoke + 47\n\t6   libdispatch.dylib                   0x00007fff519de7b9 _dispatch_client_callout + 8\n\t7   libdispatch.dylib          ...
[debug] &amp#27;[35m[W3C]&amp#27;[39m Matched W3C error code 'no such element' to NoSuchElementError
[debug] &amp#27;[35m[BaseDriver]&amp#27;[39m Waited for 18117 ms so far
[debug] &amp#27;[35m[WD Proxy]&amp#27;[39m Matched '/element' to command name 'findElement'
[debug] &amp#27;[35m[WD Proxy]&amp#27;[39m Proxying [POST /element] to [POST http://127.0.0.1:8100/session/60B6465C-01A0-4446-B619-21E5B303EA93/element] with body: {"using":"xpath","value":"//XCUIElementTypeStaticText[@name='����������']"}
&amp#27;[35m[WD Proxy]&amp#27;[39m Got response with status 404: {"value":{"error":"no such element","message":"unable to find an element using 'xpath', value '//XCUIElementTypeStaticText[@name='����������']'","traceback":"(\n\t0   WebDriverAgentLib                   0x0000000108e5a04d FBNoSuchElementErrorResponseForRequest + 301\n\t1   WebDriverAgentLib                   0x0000000108e59df9 +[FBFindElementCommands handleFindElement:] + 425\n\t2   WebDriverAgentLib                   0x0000000108e377d6 -[FBRoute_TargetAction mountRequest:intoResponse:] + 182\n\t3   WebDriverAgentLib                   0x0000000108e1f5cb __37-[FBWebServer registerRouteHandlers:]_block_invoke + 555\n\t4   RoutingHTTPServer                   0x0000000108f29c53 -[RoutingHTTPServer handleRoute:withRequest:response:] + 136\n\t5   RoutingHTTPServer                   0x0000000108f2a566 __72-[RoutingHTTPServer routeMethod:withPath:parameters:request:connection:]_block_invoke + 47\n\t6   libdispatch.dylib                   0x00007fff519de7b9 _dispatch_client_callout + 8\n\t7   libdispatch.dylib          ...
[debug] &amp#27;[35m[W3C]&amp#27;[39m Matched W3C error code 'no such element' to NoSuchElementError
[debug] &amp#27;[35m[BaseDriver]&amp#27;[39m Waited for 18781 ms so far
[debug] &amp#27;[35m[WD Proxy]&amp#27;[39m Matched '/element' to command name 'findElement'
[debug] &amp#27;[35m[WD Proxy]&amp#27;[39m Proxying [POST /element] to [POST http://127.0.0.1:8100/session/60B6465C-01A0-4446-B619-21E5B303EA93/element] with body: {"using":"xpath","value":"//XCUIElementTypeStaticText[@name='����������']"}
&amp#27;[35m[WD Proxy]&amp#27;[39m Got response with status 404: {"value":{"error":"no such element","message":"unable to find an element using 'xpath', value '//XCUIElementTypeStaticText[@name='����������']'","traceback":"(\n\t0   WebDriverAgentLib                   0x0000000108e5a04d FBNoSuchElementErrorResponseForRequest + 301\n\t1   WebDriverAgentLib                   0x0000000108e59df9 +[FBFindElementCommands handleFindElement:] + 425\n\t2   WebDriverAgentLib                   0x0000000108e377d6 -[FBRoute_TargetAction mountRequest:intoResponse:] + 182\n\t3   WebDriverAgentLib                   0x0000000108e1f5cb __37-[FBWebServer registerRouteHandlers:]_block_invoke + 555\n\t4   RoutingHTTPServer                   0x0000000108f29c53 -[RoutingHTTPServer handleRoute:withRequest:response:] + 136\n\t5   RoutingHTTPServer                   0x0000000108f2a566 __72-[RoutingHTTPServer routeMethod:withPath:parameters:request:connection:]_block_invoke + 47\n\t6   libdispatch.dylib                   0x00007fff519de7b9 _dispatch_client_callout + 8\n\t7   libdispatch.dylib          ...
[debug] &amp#27;[35m[W3C]&amp#27;[39m Matched W3C error code 'no such element' to NoSuchElementError
[debug] &amp#27;[35m[BaseDriver]&amp#27;[39m Waited for 19439 ms so far
[debug] &amp#27;[35m[WD Proxy]&amp#27;[39m Matched '/element' to command name 'findElement'
[debug] &amp#27;[35m[WD Proxy]&amp#27;[39m Proxying [POST /element] to [POST http://127.0.0.1:8100/session/60B6465C-01A0-4446-B619-21E5B303EA93/element] with body: {"using":"xpath","value":"//XCUIElementTypeStaticText[@name='����������']"}
&amp#27;[35m[WD Proxy]&amp#27;[39m Got response with status 404: {"value":{"error":"no such element","message":"unable to find an element using 'xpath', value '//XCUIElementTypeStaticText[@name='����������']'","traceback":"(\n\t0   WebDriverAgentLib                   0x0000000108e5a04d FBNoSuchElementErrorResponseForRequest + 301\n\t1   WebDriverAgentLib                   0x0000000108e59df9 +[FBFindElementCommands handleFindElement:] + 425\n\t2   WebDriverAgentLib                   0x0000000108e377d6 -[FBRoute_TargetAction mountRequest:intoResponse:] + 182\n\t3   WebDriverAgentLib                   0x0000000108e1f5cb __37-[FBWebServer registerRouteHandlers:]_block_invoke + 555\n\t4   RoutingHTTPServer                   0x0000000108f29c53 -[RoutingHTTPServer handleRoute:withRequest:response:] + 136\n\t5   RoutingHTTPServer                   0x0000000108f2a566 __72-[RoutingHTTPServer routeMethod:withPath:parameters:request:connection:]_block_invoke + ]]></system-out>
  </testcase>
  <testcase name="DeleteFirstPost" classname="smokeTest.SmokeTest" time="26.449">
    <failure message="Can&apos;t locate an element by this strategy: By.chained({By.AccessibilityId: تسجيل الدخول})" type="org.openqa.selenium.NoSuchElementException"><![CDATA[org.openqa.selenium.NoSuchElementException: Can't locate an element by this strategy: By.chained({By.AccessibilityId: تسجيل الدخول})
	at smokeTest.SmokeTest.DeleteFirstPost(SmokeTest.java:369)
Caused by: org.openqa.selenium.TimeoutException: Expected condition failed: waiting for io.appium.java_client.pagefactory.AppiumElementLocator$WaitingFunction@58ebfd03 (tried for 1 second(s) with 500 milliseconds interval)
	at smokeTest.SmokeTest.DeleteFirstPost(SmokeTest.java:369)
Caused by: org.openqa.selenium.NoSuchElementException: 
Cannot locate an element using By.chained({By.AccessibilityId: تسجيل الدخول})
For documentation on this error, please visit: https://www.seleniumhq.org/exceptions/no_such_element.html
Build info: version: '3.141.59', revision: 'e82be7d358', time: '2018-11-14T08:17:03'
System info: host: 'imrans-MBP', ip: 'fe80:0:0:0:aa:a39f:3722:94b6%en0', os.name: 'Mac OS X', os.arch: 'x86_64', os.version: '10.14.5', java.version: '1.8.0_231'
Driver info: driver.version: IOSDriver
	at smokeTest.SmokeTest.DeleteFirstPost(SmokeTest.java:369)
]]></failure>
    <system-out><![CDATA[47\n\t6   libdispatch.dylib                   0x00007fff519de7b9 _dispatch_client_callout + 8\n\t7   libdispatch.dylib          ...
[debug] &amp#27;[35m[W3C]&amp#27;[39m Matched W3C error code 'no such element' to NoSuchElementError
[debug] &amp#27;[35m[W3C (26255f9c)]&amp#27;[39m Encountered internal error running command: NoSuchElementError: An element could not be located on the page using the given search parameters.
[debug] &amp#27;[35m[W3C (26255f9c)]&amp#27;[39m     at XCUITestDriver.doNativeFind (/usr/local/lib/node_modules/appium/node_modules/appium-xcuitest-driver/lib/commands/find.js:126:11)
&amp#27;[35m[HTTP]&amp#27;[39m &amp#27;[37m<-- POST /wd/hub/session/26255f9c-9f7a-4f75-98c9-83c1e78aa016/element &amp#27;[39m&amp#27;[33m404&amp#27;[39m &amp#27;[90m20099 ms - 379&amp#27;[39m
&amp#27;[35m[HTTP]&amp#27;[39m &amp#27;[90m&amp#27;[39m
&amp#27;[35m[HTTP]&amp#27;[39m &amp#27;[37m-->&amp#27;[39m &amp#27;[37mGET&amp#27;[39m &amp#27;[37m/wd/hub/session/26255f9c-9f7a-4f75-98c9-83c1e78aa016/screenshot&amp#27;[39m
&amp#27;[35m[HTTP]&amp#27;[39m &amp#27;[90m{}&amp#27;[39m
[debug] &amp#27;[35m[W3C (26255f9c)]&amp#27;[39m Calling AppiumDriver.getScreenshot() with args: ["26255f9c-9f7a-4f75-98c9-83c1e78aa016"]
[debug] &amp#27;[35m[XCUITest]&amp#27;[39m Executing command 'getScreenshot'
[debug] &amp#27;[35m[XCUITest]&amp#27;[39m Taking screenshot with WDA
[debug] &amp#27;[35m[WD Proxy]&amp#27;[39m Matched '/screenshot' to command name 'getScreenshot'
[debug] &amp#27;[35m[WD Proxy]&amp#27;[39m Proxying [GET /screenshot] to [GET http://127.0.0.1:8100/session/60B6465C-01A0-4446-B619-21E5B303EA93/screenshot] with no body
[debug] &amp#27;[35m[WD Proxy]&amp#27;[39m Got response with status 200: {
[debug] &amp#27;[35m[WD Proxy]&amp#27;[39m   "value" : "iVBORw0KGgoAAAANSUhEUgAAAu4AAAU2CAIAAABFtaRRAAAAAXNSR0IArs4c6QAA\r\nAERlWElmTU0AKgAAAAgAAYdpAAQAAAABAAAAGgAAAAAAA6ABAAMAAAABAAEAAKAC\r\nAAQAAAABAAAC7qADAAQAAAABAAAFNgAAAACw0axrAAAAHGlET1QAAAACAAAAAAAA\r\nApsAAAAoAAACmwAAApsACz+WzELSYQAAQABJREFUeAHsvQeYHUeV992jrJFmNJJG\r\nE28OfXPOkyTZJpngBZawrFlgARNM2AWWaILBYMBgnCO2Qc5BtpWTlWc0OQdJtoHd\r\ndz\/23V2CbWxsOd73d6pmBmFjkNhvnwej1lNu9\/TtUH26zql\/\/c+pU8aoO35SZcoV\r\nmHSFhj2RYU983JmcdKTHXdwhOuAL9fsDw17\/mCcw7uacyKQzOuk8uZtTE+6mbigX\r\nDnmmC8+ijLmkyAnOJGXMJYU\/OciZA954nz\/e75MdfT53mN3RF\/4Z9RlzZinD7rQu\r\no660PJQXd0pNuK3U0xudLUfs6SmHnDPkSVKfblMKO9SKMyedySmHEpqTG2aH3Fld\r\nw5fbcolVLAn8EQn0+aRxHrEnH26OH7VH0LsBX6TfF0Ujht1JmiuFE8Zccs6DtmS\/\r\nT1om7ZN2eNQmRx62RdWFoVEP+hsa8srlA15OkyYqt\/JGaec0eC6h5XNbfu3zpfu9\r\naW41ylPcWhGi2AFOE330SjWGfNwzNOaOjGEfvCip1AeLgY6w5UiPP061p5zRftPf\r\nE\/CzHfVE+PWILTfuKKAdff5onxka8PtVxXip5IP20JQT4yP74870UVv2Z43pnzXx\r\nOnF5ii9E4Sbscw5qNe6KUsQcuSLjqvAr5ouX4gRqixB+0pR8sFm9rDf7R0Rt\/WRJ\r\n4K9eAqgV2q2thFJ5OiCl164IejfpCgAAjjpki8IeDP...
[debug] &amp#27;[35m[W3C (26255f9c)]&amp#27;[39m Responding to client with driver.getScreenshot() result: "iVBORw0KGgoAAAANSUhEUgAAAu4AAAU2CAIAAABFtaRRAAAAAXNSR0IArs4c6QAA\r\nAERlWElmTU0AKgAAAAgAAYdpAAQAAAABAAAAGgAAAAAAA6ABAAMAAAABAAEAAKAC\r\nAAQAAAABAAAC7qADAAQAAAABAAAFNgAAAACw0axrAAAAHGlET1QAAAACAAAAAAAA\r\nApsAAAAoAAACmwAAApsACz+WzELSYQAAQABJREFUeAHsvQeYHUeV992jrJFmNJJG\r\nE28OfXPOkyTZJpngBZawrFlgARNM2AWWaILBYMBgnCO2Qc5BtpWTlWc0OQdJtoHd\r\ndz/23V2CbWxsOd73d6pmBmFjkNhvnwej1lNu9/TtUH26zql//c+pU8aoO35SZcoV\r\nmHSFhj2RYU983JmcdKTHXdwhOuAL9fsDw17/mCcw7uacyKQzOuk8uZtTE+6mbigX\r\nDnmmC8+ijLmkyAnOJGXMJYU/OciZA954nz/e75MdfT53mN3RF/4Z9RlzZinD7rQu\r\no660PJQXd0pNuK3U0xudLUfs6SmHnDPkSVKfblMKO9SKMyedySmHEpqTG2aH3Fld\r\nw5fbcolVLAn8EQn0+aRxHrEnH26OH7VH0LsBX6TfF0Ujht1JmiuFE8Zccs6DtmS/\r\nT1om7ZN2eNQmRx62RdWFoVEP+hsa8srlA15OkyYqt/JGaec0eC6h5XNbfu3zpfu9\r\naW41ylPcWhGi2AFOE330SjWGfNwzNOaOjGEfvCip1AeLgY6w5UiPP061p5zRftPf\r\nE/CzHfVE+PWILTfuKKAdff5onxka8PtVxXip5IP20JQT4yP74870UVv2Z43pnzXx\r\nOnF5ii9E4Sbscw5qNe6KUsQcuSLjqvAr5ouX4gRqixB+0pR8sFm9rDf7R0Rt/WRJ\r\n4K9eAqgV2q2thFJ5OiCl164IejfpCgAAjjpki8IeDPuxBhgTbAt6pHVfabr00cpc\r\n...
&amp#27;[35m[HTTP]&amp#27;[39m &amp#27;[37m<-- GET /wd/hub/session/26255f9c-9f7a-4f75-98c9-83c1e78aa016/screenshot &amp#27;[39m&amp#27;[32m200&amp#27;[39m &amp#27;[90m106 ms - 1348940&amp#27;[39m
&amp#27;[35m[HTTP]&amp#27;[39m &amp#27;[90m&amp#27;[39m
&amp#27;[35m[HTTP]&amp#27;[39m &amp#27;[37m-->&amp#27;[39m &amp#27;[37mPOST&amp#27;[39m &amp#27;[37m/wd/hub/session/26255f9c-9f7a-4f75-98c9-83c1e78aa016/appium/app/reset&amp#27;[39m
&amp#27;[35m[HTTP]&amp#27;[39m &amp#27;[90m{}&amp#27;[39m
[debug] &amp#27;[35m[W3C (26255f9c)]&amp#27;[39m Calling AppiumDriver.reset() with args: ["26255f9c-9f7a-4f75-98c9-83c1e78aa016"]
[debug] &amp#27;[35m[XCUITest]&amp#27;[39m Executing command 'reset'
[debug] &amp#27;[35m[BaseDriver]&amp#27;[39m Resetting app mid-session
[debug] &amp#27;[35m[BaseDriver]&amp#27;[39m Running generic full reset
[debug] &amp#27;[35m[WD Proxy]&amp#27;[39m Matched '/session/26255f9c-9f7a-4f75-98c9-83c1e78aa016' to command name 'deleteSession'
[debug] &amp#27;[35m[WD Proxy]&amp#27;[39m Proxying [DELETE /session/26255f9c-9f7a-4f75-98c9-83c1e78aa016] to [DELETE http://127.0.0.1:8100/session/60B6465C-01A0-4446-B619-21E5B303EA93] with no body
[debug] &amp#27;[35m[WD Proxy]&amp#27;[39m Got response with status 200: {
[debug] &amp#27;[35m[WD Proxy]&amp#27;[39m   "value" : null,
[debug] &amp#27;[35m[WD Proxy]&amp#27;[39m   "sessionId" : "16906B10-EF55-4B4B-A915-884EDD57A2C3"
[debug] &amp#27;[35m[WD Proxy]&amp#27;[39m }
&amp#27;[35m[DevCon Factory]&amp#27;[39m Releasing connections for 24A5DE6C-3031-4FCA-9C40-D8B2E52520E8 device on any port number
&amp#27;[35m[DevCon Factory]&amp#27;[39m Found cached connections to release: ["24A5DE6C-3031-4FCA-9C40-D8B2E52520E8:8100"]
[debug] &amp#27;[35m[DevCon Factory]&amp#27;[39m Cached connections count: 0
[debug] &amp#27;[35m[XCUITest]&amp#27;[39m Did not find the temporary XCTest logs root at '/var/folders/b3/y32ql80n7w1cgryz_wrszd900000gn/T/com.apple.dt.XCTest*/'
&amp#27;[35m[XCUITest]&amp#27;[39m Cleaning test logs in '/Users/imranmoqbel/Library/Developer/Xcode/DerivedData/WebDriverAgent-ciegwgvxzxdrqthilmrmczmqvrgu/Logs' folder
[debug] &amp#27;[35m[iOS]&amp#27;[39m Clearing log files
[debug] &amp#27;[35m[iOS]&amp#27;[39m Deleting '/Users/imranmoqbel/Library/Developer/Xcode/DerivedData/WebDriverAgent-ciegwgvxzxdrqthilmrmczmqvrgu/Logs'. Freeing 12K.
[debug] &amp#27;[35m[iOS]&amp#27;[39m Finished clearing log files
[debug] &amp#27;[35m[IOSSimulatorLog]&amp#27;[39m Stopping iOS log capture
[debug] &amp#27;[35m[BaseDriver]&amp#27;[39m Restarting app
[debug] &amp#27;[35m[BaseDriver]&amp#27;[39m Creating session with W3C capabilities: {
[debug] &amp#27;[35m[BaseDriver]&amp#27;[39m   "alwaysMatch": {
[debug] &amp#27;[35m[BaseDriver]&amp#27;[39m     "platformName": "ios",
[debug] &amp#27;[35m[BaseDriver]&amp#27;[39m     "app": "/Users/imranmoqbel/Documents/WaseetiOSAutomation/WaseetiOSAutomation-Intellij/src/WaseetApr20.app",
[debug] &amp#27;[35m[BaseDriver]&amp#27;[39m     "automationName": "XCUITest",
[debug] &amp#27;[35m[BaseDriver]&amp#27;[39m     "clearSystemFiles": true,
[debug] &amp#27;[35m[BaseDriver]&amp#27;[39m     "deviceName": "iPhone8",
[debug] &amp#27;[35m[BaseDriver]&amp#27;[39m     "newCommandTimeout": 100000,
[debug] &amp#27;[35m[BaseDriver]&amp#27;[39m     "platformVersion": "13.2"
[debug] &amp#27;[35m[BaseDriver]&amp#27;[39m   },
[debug] &amp#27;[35m[BaseDriver]&amp#27;[39m   "firstMatch": [
[debug] &amp#27;[35m[BaseDriver]&amp#27;[39m     {}
[debug] &amp#27;[35m[BaseDriver]&amp#27;[39m   ]
[debug] &amp#27;[35m[BaseDriver]&amp#27;[39m }
&amp#27;[35m[BaseDriver]&amp#27;[39m The following capabilities are not standard capabilities and should have an extension prefix:
&amp#27;[35m[BaseDriver]&amp#27;[39m   app
&amp#27;[35m[BaseDriver]&amp#27;[39m   automationName
&amp#27;[35m[BaseDriver]&amp#27;[39m   clearSystemFiles
&amp#27;[35m[BaseDriver]&amp#27;[39m   deviceName
&amp#27;[35m[BaseDriver]&amp#27;[39m   newCommandTimeout
&amp#27;[35m[BaseDriver]&amp#27;[39m   platformVersion
&amp#27;[35m[BaseDriver]&amp#27;[39m Session created with session id: 544b0d76-dd61-470e-a4d1-6c9b70e3460d
[debug] &amp#27;[35m[XCUITest]&amp#27;[39m Current user: 'imranmoqbel'
&amp#27;[35m[XCUITest]&amp#27;[39m iOS SDK Version set to '13.2'
&amp#27;[35m[iOSSim]&amp#27;[39m Constructing iOS simulator for Xcode version 11.2.1 with udid '24A5DE6C-3031-4FCA-9C40-D8B2E52520E8'
&amp#27;[35m[XCUITest]&amp#27;[39m Determining device to run tests on: udid: '24A5DE6C-3031-4FCA-9C40-D8B2E52520E8', real device: false
[debug] &amp#27;[35m[BaseDriver]&amp#27;[39m Event 'xcodeDetailsRetrieved' logged at 1587387704873 (16:01:44 GMT+0300 (Eastern European Summer Time))
&amp#27;[35m[BaseDriver]&amp#27;[39m Using local app '/Users/imranmoqbel/Documents/WaseetiOSAutomation/WaseetiOSAutomation-Intellij/src/WaseetApr20.app'
[debug] &amp#27;[35m[BaseDriver]&amp#27;[39m Event 'appConfigured' logged at 1587387704873 (16:01:44 GMT+0300 (Eastern European Summer Time))
[debug] &amp#27;[35m[XCUITest]&amp#27;[39m Checking whether app '/Users/imranmoqbel/Documents/WaseetiOSAutomation/WaseetiOSAutomation-Intellij/src/WaseetApr20.app' is actually present on file system
[debug] &amp#27;[35m[XCUITest]&amp#27;[39m App is present
[debug] &amp#27;[35m[iOS]&amp#27;[39m Getting bundle ID from app '/Users/imranmoqbel/Documents/WaseetiOSAutomation/WaseetiOSAutomation-Intellij/src/WaseetApr20.app': 'com.awi.waseet-classifieds-ios'
[debug] &amp#27;[35m[BaseDriver]&amp#27;[39m Event 'resetStarted' logged at 1587387704874 (16:01:44 GMT+0300 (Eastern European Summer Time))
&amp#27;[35m[XCUITest]&amp#27;[39m Not scrubbing third party app in anticipation of uninstall
[debug] &amp#27;[35m[BaseDriver]&amp#27;[39m Event 'resetComplete' logged at 1587387705263 (16:01:45 GMT+0300 (Eastern European Summer Time))
[debug] &amp#27;[35m[IOSSimulatorLog]&amp#27;[39m Starting log capture for iOS Simulator with udid '24A5DE6C-3031-4FCA-9C40-D8B2E52520E8' using simctl
[debug] &amp#27;[35m[BaseDriver]&amp#27;[39m Event 'logCaptureStarted' logged at 1587387705708 (16:01:45 GMT+0300 (Eastern European Summer Time))
&amp#27;[35m[XCUITest]&amp#27;[39m Setting up simulator
[debug] &amp#27;[35m[iOS]&amp#27;[39m No reason to set locale
[debug] &amp#27;[35m[iOS]&amp#27;[39m No iOS / app preferences to set
[debug] &amp#27;[35m[iOS]&amp#27;[39m Setting did not need to be updated
[debug] &amp#27;[35m[iOSSim]&amp#27;[39m Setting preferences of 24A5DE6C-3031-4FCA-9C40-D8B2E52520E8 Simulator to {"ConnectHardwareKeyboard":false}
[debug] &amp#27;[35m[iOSSim]&amp#27;[39m Setting common Simulator preferences to {"RotateWindowWhenSignaledByGuest":true,"ConnectHardwareKeyboard":false}
[debug] &amp#27;[35m[iOSSim]&amp#27;[39m Updated 24A5DE6C-3031-4FCA-9C40-D8B2E52520E8 Simulator preferences at '/Users/imranmoqbel/Library/Preferences/com.apple.iphonesimulator.plist' with {"DevicePreferences":{"24A5DE6C-3031-4FCA-9C40-D8B2E52520E8":{"ConnectHardwareKeyboard":false}},"RotateWindowWhenSignaledByGuest":true,"ConnectHardwareKeyboard":false}
[debug] &amp#27;[35m[iOSSim]&amp#27;[39m Got Simulator UI client PID: 5138
&amp#27;[35m[iOSSim]&amp#27;[39m Both Simulator with UDID '24A5DE6C-3031-4FCA-9C40-D8B2E52520E8' and the UI client are currently running
[debug] &amp#27;[35m[BaseDriver]&amp#27;[39m Event 'simStarted' logged at 1587387705940 (16:01:45 GMT+0300 (Eastern European Summer Time))
[debug] &amp#27;[35m[XCUITest]&amp#27;[39m Verifying application platform
[debug] &amp#27;[35m[XCUITest]&amp#27;[39m CFBundleSupportedPlatforms: ["iPhoneSimulator"]
[debug] &amp#27;[35m[XCUITest]&amp#27;[39m Reset requested. Removing app with id 'com.awi.waseet-classifieds-ios' from the device
[debug] &amp#27;[35m[XCUITest]&amp#27;[39m Installing '/Users/imranmoqbel/Documents/WaseetiOSAutomation/WaseetiOSAutomation-Intellij/src/WaseetApr20.app' on Simulator with UUID '24A5DE6C-3031-4FCA-9C40-D8B2E52520E8'...
[debug] &amp#27;[35m[XCUITest]&amp#27;[39m The app has been installed successfully.
[debug] &amp#27;[35m[BaseDriver]&amp#27;[39m Event 'appInstalled' logged at 1587387709269 (16:01:49 GMT+0300 (Eastern European Summer Time))
&amp#27;[35m[WebDriverAgent]&amp#27;[39m Using WDA path: '/usr/local/lib/node_modules/appium/node_modules/appium-webdriveragent'
&amp#27;[35m[WebDriverAgent]&amp#27;[39m Using WDA agent: '/usr/local/lib/node_modules/appium/node_modules/appium-webdriveragent/WebDriverAgent.xcodeproj'
[debug] &amp#27;[35m[WebDriverAgent]&amp#27;[39m No obsolete cached processes from previous WDA sessions listening on port 8100 have been found
&amp#27;[35m[DevCon Factory]&amp#27;[39m Requesting connection for device 24A5DE6C-3031-4FCA-9C40-D8B2E52520E8 on local port 8100, device port 8100
[debug] &amp#27;[35m[DevCon Factory]&amp#27;[39m Cached connections count: 0
&amp#27;[35m[DevCon Factory]&amp#27;[39m Successfully requested the connection for 24A5DE6C-3031-4FCA-9C40-D8B2E52520E8:8100
[debug] &amp#27;[35m[XCUITest]&amp#27;[39m Starting WebDriverAgent initialization with the synchronization key 'XCUITestDriver'
[debug] &amp#27;[35m[WD Proxy]&amp#27;[39m Matched '/status' to command name 'getStatus'
[debug] &amp#27;[35m[WD Proxy]&amp#27;[39m Proxying [GET /status] to [GET http://127.0.0.1:8100/status] with no body
[debug] &amp#27;[35m[WD Proxy]&amp#27;[39m Got response with status 200: {
[debug] &amp#27;[35m[WD Proxy]&amp#27;[39m   "value" : {
[debug] &amp#27;[35m[WD Proxy]&amp#27;[39m     "message" : "WebDriverAgent is ready to accept commands",
[debug] &amp#27;[35m[WD Proxy]&amp#27;[39m     "state" : "success",
[debug] &amp#27;[35m[WD Proxy]&amp#27;[39m     "os" : {
[debug] &amp#27;[35m[WD Proxy]&amp#27;[39m       "name" : "iOS",
[debug] &amp#27;[35m[WD Proxy]&amp#27;[39m       "version" : "13.2.2",
[debug] &amp#27;[35m[WD Proxy]&amp#27;[39m       "sdkVersion" : "13.0"
[debug] &amp#27;[35m[WD Proxy]&amp#27;[39m     },
[debug] &amp#27;[35m[WD Proxy]&amp#27;[39m     "ios" : {
[debug] &amp#27;[35m[WD Proxy]&amp#27;[39m       "simulatorVersion" : "13.2.2",
[debug] &amp#27;[35m[WD Proxy]&amp#27;[39m       "ip" : "192.168.1.100"
[debug] &amp#27;[35m[WD Proxy]&amp#27;[39m     },
[debug] &amp#27;[35m[WD Proxy]&amp#27;[39m     "ready" : true,
[debug] &amp#27;[35m[WD Proxy]&amp#27;[39m     "build" : {
[debug] &amp#27;[35m[WD Proxy]&amp#27;[39m       "upgradedAt" : "1587378628125",
[debug] &amp#27;[35m[WD Proxy]&amp#27;[39m       "time" : "Apr 20 2020 15:06:06",
[debug] &amp#27;[35m[WD Proxy]&amp#27;[39m       "productBundleIdentifier" : "com.facebook.WebDriverAgentRunner"
[debug] &amp#27;[35m[WD Proxy]&amp#27;[39m     }
[debug] &amp#27;[35m[WD Proxy]&amp#27;[39m   },
[debug] &amp#27;[35m[WD Proxy]&amp#27;[39m   "sessionId" : "16906B10-EF55-4B4B-A915-884EDD57A2C3"
[debug] &amp#27;[35m[WD Proxy]&amp#27;[39m }
[debug] &amp#27;[35m[WebDriverAgent]&amp#27;[39m Upgrade timestamp of the currently bundled WDA: 1587378628125
[debug] &amp#27;[35m[WebDriverAgent]&amp#27;[39m Upgrade timestamp of the WDA on the device: 1587378628125
&amp#27;[35m[WebDriverAgent]&amp#27;[39m Will reuse previously cached WDA instance at 'http://127.0.0.1:8100/' with 'com.facebook.WebDriverAgentRunner'. Set the wdaLocalPort capability to a value different from 8100 if this is an undesired behavior.
[debug] &amp#27;[35m[XCUITest]&amp#27;[39m Trying to start WebDriverAgent 2 times with 10000ms interval
[debug] &amp#27;[35m[XCUITest]&amp#27;[39m These values can be customized by changing wdaStartupRetries/wdaStartupRetryInterval capabilities
[debug] &amp#27;[35m[BaseDriver]&amp#27;[39m Event 'wdaStartAttempted' logged at 1587387709342 (16:01:49 GMT+0300 (Eastern European Summer Time))
&amp#27;[35m[WebDriverAgent]&amp#27;[39m Using provided WebdriverAgent at 'http://127.0.0.1:8100/'
[debug] &amp#27;[35m[WD Proxy]&amp#27;[39m Matched '/status' to command name 'getStatus'
[debug] &amp#27;[35m[WD Proxy]&amp#27;[39m Proxying [GET /status] to [GET http://127.0.0.1:8100/status] with no body
[debug] &amp#27;[35m[WD Proxy]&amp#27;[39m Got response with status 200: {
[debug] &amp#27;[35m[WD Proxy]&amp#27;[39m   "value" : {
[debug] &amp#27;[35m[WD Proxy]&amp#27;[39m     "message" : "WebDriverAgent is ready to accept commands",
[debug] &amp#27;[35m[WD Proxy]&amp#27;[39m     "state" : "success",
[debug] &amp#27;[35m[WD Proxy]&amp#27;[39m     "os" : {
[debug] &amp#27;[35m[WD Proxy]&amp#27;[39m       "name" : "iOS",
[debug] &amp#27;[35m[WD Proxy]&amp#27;[39m       "version" : "13.2.2",
[debug] &amp#27;[35m[WD Proxy]&amp#27;[39m       "sdkVersion" : "13.0"
[debug] &amp#27;[35m[WD Proxy]&amp#27;[39m     },
[debug] &amp#27;[35m[WD Proxy]&amp#27;[39m     "ios" : {
[debug] &amp#27;[35m[WD Proxy]&amp#27;[39m       "simulatorVersion" : "13.2.2",
[debug] &amp#27;[35m[WD Proxy]&amp#27;[39m       "ip" : "192.168.1.100"
[debug] &amp#27;[35m[WD Proxy]&amp#27;[39m     },
[debug] &amp#27;[35m[WD Proxy]&amp#27;[39m     "ready" : true,
[debug] &amp#27;[35m[WD Proxy]&amp#27;[39m     "build" : {
[debug] &amp#27;[35m[WD Proxy]&amp#27;[39m       "upgradedAt" : "1587378628125",
[debug] &amp#27;[35m[WD Proxy]&amp#27;[39m       "time" : "Apr 20 2020 15:06:06",
[debug] &amp#27;[35m[WD Proxy]&amp#27;[39m       "productBundleIdentifier" : "com.facebook.WebDriverAgentRunner"
[debug] &amp#27;[35m[WD Proxy]&amp#27;[39m     }
[debug] &amp#27;[35m[WD Proxy]&amp#27;[39m   },
[debug] &amp#27;[35m[WD Proxy]&amp#27;[39m   "sessionId" : "16906B10-EF55-4B4B-A915-884EDD57A2C3"
[debug] &amp#27;[35m[WD Proxy]&amp#27;[39m }
[debug] &amp#27;[35m[BaseDriver]&amp#27;[39m Event 'wdaSessionAttempted' logged at 1587387709347 (16:01:49 GMT+0300 (Eastern European Summer Time))
[debug] &amp#27;[35m[XCUITest]&amp#27;[39m Sending createSession command to WDA
[debug] &amp#27;[35m[WD Proxy]&amp#27;[39m Matched '/session' to command name 'createSession'
[debug] &amp#27;[35m[WD Proxy]&amp#27;[39m Proxying [POST /session] to [POST http://127.0.0.1:8100/session] with body: {"capabilities":{"firstMatch":[{"bundleId":"com.awi.waseet-classifieds-ios","arguments":[],"environment":{},"eventloopIdleDelaySec":0,"shouldWaitForQuiescence":true,"shouldUseTestManagerForVisibilityDetection":false,"maxTypingFrequency":60,"shouldUseSingletonTestManager":true}],"alwaysMatch":{}}}
[debug] &amp#27;[35m[WD Proxy]&amp#27;[39m Got response with status 200: {"value":{"sessionId":"FE7740E5-B2C3-4EB5-9194-71C93B7D044E","capabilities":{"device":"iphone","browserName":" ","sdkVersion":"13.2.2","CFBundleIdentifier":"com.apple.springboard"}},"sessionId":"FE7740E5-B2C3-4EB5-9194-71C93B7D044E"}
&amp#27;[35m[WD Proxy]&amp#27;[39m Determined the downstream protocol as 'W3C'
[debug] &amp#27;[35m[BaseDriver]&amp#27;[39m Event 'wdaSessionStarted' logged at 1587387717425 (16:01:57 GMT+0300 (Eastern European Summer Time))
[debug] &amp#27;[35m[WebDriverAgent]&amp#27;[39m Parsed BUILD_DIR configuration value: '/Users/imranmoqbel/Library/Developer/Xcode/DerivedData/WebDriverAgent-ciegwgvxzxdrqthilmrmczmqvrgu/Build/Products'
[debug] &amp#27;[35m[WebDriverAgent]&amp#27;[39m Got derived data root: '/Users/imranmoqbel/Library/Developer/Xcode/DerivedData/WebDriverAgent-ciegwgvxzxdrqthilmrmczmqvrgu'
[debug] &amp#27;[35m[BaseDriver]&amp#27;[39m Event 'wdaStarted' logged at 1587387718735 (16:01:58 GMT+0300 (Eastern European Summer Time))
&amp#27;[35m[XCUITest]&amp#27;[39m Skipping setting of the initial display orientation. Set the "orientation" capability to either "LANDSCAPE" or "PORTRAIT", if this is an undesired behavior.
[debug] &amp#27;[35m[BaseDriver]&amp#27;[39m Event 'orientationSet' logged at 1587387718735 (16:01:58 GMT+0300 (Eastern European Summer Time))
[debug] &amp#27;[35m[BaseDriver]&amp#27;[39m The value of 'elementResponseAttributes' setting did not change. Skipping the update for it
[debug] &amp#27;[35m[BaseDriver]&amp#27;[39m The value of 'shouldUseCompactResponses' setting did not change. Skipping the update for it
[debug] &amp#27;[35m[W3C (26255f9c)]&amp#27;[39m Responding to client with driver.reset() result: null
&amp#27;[35m[HTTP]&amp#27;[39m &amp#27;[37m<-- POST /wd/hub/session/26255f9c-9f7a-4f75-98c9-83c1e78aa016/appium/app/reset &amp#27;[39m&amp#27;[32m200&amp#27;[39m &amp#27;[90m15117 ms - 14&amp#27;[39m
&amp#27;[35m[HTTP]&amp#27;[39m &amp#27;[90m&amp#27;[39m
&amp#27;[35m[HTTP]&amp#27;[39m &amp#27;[37m-->&amp#27;[39m &amp#27;[37mGET&amp#27;[39m &amp#27;[37m/wd/hub/session/26255f9c-9f7a-4f75-98c9-83c1e78aa016/context&amp#27;[39m
&amp#27;[35m[HTTP]&amp#27;[39m &amp#27;[90m{}&amp#27;[39m
[debug] &amp#27;[35m[W3C (26255f9c)]&amp#27;[39m Calling AppiumDriver.getCurrentContext() with args: ["26255f9c-9f7a-4f75-98c9-83c1e78aa016"]
[debug] &amp#27;[35m[XCUITest]&amp#27;[39m Executing command 'getCurrentContext'
[debug] &amp#27;[35m[W3C (26255f9c)]&amp#27;[39m Responding to client with driver.getCurrentContext() result: "NATIVE_APP"
&amp#27;[35m[HTTP]&amp#27;[39m &amp#27;[37m<-- GET /wd/hub/session/26255f9c-9f7a-4f75-98c9-83c1e78aa016/context &amp#27;[39m&amp#27;[32m200&amp#27;[39m &amp#27;[90m1 ms - 22&amp#27;[39m
&amp#27;[35m[HTTP]&amp#27;[39m &amp#27;[90m&amp#27;[39m
&amp#27;[35m[HTTP]&amp#27;[39m &amp#27;[37m-->&amp#27;[39m &amp#27;[37mPOST&amp#27;[39m &amp#27;[37m/wd/hub/session/26255f9c-9f7a-4f75-98c9-83c1e78aa016/element&amp#27;[39m
&amp#27;[35m[HTTP]&amp#27;[39m &amp#27;[90m{"using":"accessibility id","value":"Allow"}&amp#27;[39m
[debug] &amp#27;[35m[W3C (26255f9c)]&amp#27;[39m Calling AppiumDriver.findElement() with args: ["accessibility id","Allow","26255f9c-9f7a-4f75-98c9-83c1e78aa016"]
[debug] &amp#27;[35m[XCUITest]&amp#27;[39m Executing command 'findElement'
[debug] &amp#27;[35m[BaseDriver]&amp#27;[39m Valid locator strategies for this request: xpath, id, name, class name, -ios predicate string, -ios class chain, accessibility id
[debug] &amp#27;[35m[BaseDriver]&amp#27;[39m Waiting up to 20000 ms for condition
[debug] &amp#27;[35m[WD Proxy]&amp#27;[39m Matched '/element' to command name 'findElement'
[debug] &amp#27;[35m[WD Proxy]&amp#27;[39m Proxying [POST /element] to [POST http://127.0.0.1:8100/session/FE7740E5-B2C3-4EB5-9194-71C93B7D044E/element] with body: {"using":"accessibility id","value":"Allow"}
[debug] &amp#27;[35m[WD Proxy]&amp#27;[39m Got response with status 200: {"value":{"ELEMENT":"67010000-0000-0000-6114-000000000000","element-6066-11e4-a52e-4f735466cecf":"67010000-0000-0000-6114-000000000000"},"sessionId":"FE7740E5-B2C3-4EB5-9194-71C93B7D044E"}
[debug] &amp#27;[35m[W3C (26255f9c)]&amp#27;[39m Responding to client with driver.findElement() result: {"element-6066-11e4-a52e-4f735466cecf":"67010000-0000-0000-6114-000000000000","ELEMENT":"67010000-0000-0000-6114-000000000000"}
&amp#27;[35m[HTTP]&amp#27;[39m &amp#27;[37m<-- POST /wd/hub/session/26255f9c-9f7a-4f75-98c9-83c1e78aa016/element &amp#27;[39m&amp#27;[32m200&amp#27;[39m &amp#27;[90m127 ms - 137&amp#27;[39m
&amp#27;[35m[HTTP]&amp#27;[39m &amp#27;[90m&amp#27;[39m
&amp#27;[35m[HTTP]&amp#27;[39m &amp#27;[37m-->&amp#27;[39m &amp#27;[37mPOST&amp#27;[39m &amp#27;[37m/wd/hub/session/26255f9c-9f7a-4f75-98c9-83c1e78aa016/element/67010000-0000-0000-6114-000000000000/click&amp#27;[39m
&amp#27;[35m[HTTP]&amp#27;[39m &amp#27;[90m{"id":"67010000-0000-0000-6114-000000000000"}&amp#27;[39m
&amp#27;[35m[W3C (26255f9c)]&amp#27;[39m Driver proxy active, passing request on via HTTP proxy
[debug] &amp#27;[35m[XCUITest]&amp#27;[39m Executing command 'proxyReqRes'
[debug] &amp#27;[35m[WD Proxy]&amp#27;[39m Matched '/wd/hub/session/26255f9c-9f7a-4f75-98c9-83c1e78aa016/element/67010000-0000-0000-6114-000000000000/click' to command name 'click'
[debug] &amp#27;[35m[WD Proxy]&amp#27;[39m Proxying [POST /wd/hub/session/26255f9c-9f7a-4f75-98c9-83c1e78aa016/element/67010000-0000-0000-6114-000000000000/click] to [POST http://127.0.0.1:8100/session/FE7740E5-B2C3-4EB5-9194-71C93B7D044E/element/67010000-0000-0000-6114-000000000000/click] with body: {"id":"67010000-0000-0000-6114-000000000000"}
[debug] &amp#27;[35m[WD Proxy]&amp#27;[39m Got response with status 200: {"value":null,"sessionId":"FE7740E5-B2C3-4EB5-9194-71C93B7D044E"}
&amp#27;[35m[WD Proxy]&amp#27;[39m Replacing sessionId FE7740E5-B2C3-4EB5-9194-71C93B7D044E with 26255f9c-9f7a-4f75-98c9-83c1e78aa016
&amp#27;[35m[HTTP]&amp#27;[39m &amp#27;[37m<-- POST /wd/hub/session/26255f9c-9f7a-4f75-98c9-83c1e78aa016/element/67010000-0000-0000-6114-000000000000/click &amp#27;[39m&amp#27;[32m200&amp#27;[39m &amp#27;[90m344 ms - 65&amp#27;[39m
&amp#27;[35m[HTTP]&amp#27;[39m &amp#27;[90m&amp#27;[39m
&amp#27;[35m[HTTP]&amp#27;[39m &amp#27;[37m-->&amp#27;[39m &amp#27;[37mGET&amp#27;[39m &amp#27;[37m/wd/hub/session/26255f9c-9f7a-4f75-98c9-83c1e78aa016/context&amp#27;[39m
&amp#27;[35m[HTTP]&amp#27;[39m &amp#27;[90m{}&amp#27;[39m
[debug] &amp#27;[35m[W3C (26255f9c)]&amp#27;[39m Calling AppiumDriver.getCurrentContext() with args: ["26255f9c-9f7a-4f75-98c9-83c1e78aa016"]
[debug] &amp#27;[35m[XCUITest]&amp#27;[39m Executing command 'getCurrentContext'
[debug] &amp#27;[35m[W3C (26255f9c)]&amp#27;[39m Responding to client with driver.getCurrentContext() result: "NATIVE_APP"
&amp#27;[35m[HTTP]&amp#27;[39m &amp#27;[37m<-- GET /wd/hub/session/26255f9c-9f7a-4f75-98c9-83c1e78aa016/context &amp#27;[39m&amp#27;[32m200&amp#27;[39m &amp#27;[90m2 ms - 22&amp#27;[39m
&amp#27;[35m[HTTP]&amp#27;[39m &amp#27;[90m&amp#27;[39m
&amp#27;[35m[HTTP]&amp#27;[39m &amp#27;[37m-->&amp#27;[39m &amp#27;[37mPOST&amp#27;[39m &amp#27;[37m/wd/hub/session/26255f9c-9f7a-4f75-98c9-83c1e78aa016/element&amp#27;[39m
&amp#27;[35m[HTTP]&amp#27;[39m &amp#27;[90m{"using":"accessibility id","value":"�������� ����������"}&amp#27;[39m
[debug] &amp#27;[35m[W3C (26255f9c)]&amp#27;[39m Calling AppiumDriver.findElement() with args: ["accessibility id","�������� ����������","26255f9c-9f7a-4f75-98c9-83c1e78aa016"]
[debug] &amp#27;[35m[XCUITest]&amp#27;[39m Executing command 'findElement'
[debug] &amp#27;[35m[BaseDriver]&amp#27;[39m Valid locator strategies for this request: xpath, id, name, class name, -ios predicate string, -ios class chain, accessibility id
[debug] &amp#27;[35m[BaseDriver]&amp#27;[39m Waiting up to 20000 ms for condition
[debug] &amp#27;[35m[WD Proxy]&amp#27;[39m Matched '/element' to command name 'findElement'
[debug] &amp#27;[35m[WD Proxy]&amp#27;[39m Proxying [POST /element] to [POST http://127.0.0.1:8100/session/FE7740E5-B2C3-4EB5-9194-71C93B7D044E/element] with body: {"using":"accessibility id","value":"�������� ����������"}
&amp#27;[35m[WD Proxy]&amp#27;[39m Got response with status 404: {"value":{"error":"no such element","message":"unable to find an element using 'accessibility id', value '�������� ����������'","traceback":"(\n\t0   WebDriverAgentLib                   0x0000000108e5a04d FBNoSuchElementErrorResponseForRequest + 301\n\t1   WebDriverAgentLib                   0x0000000108e59df9 +[FBFindElementCommands handleFindElement:] + 425\n\t2   WebDriverAgentLib                   0x0000000108e377d6 -[FBRoute_TargetAction mountRequest:intoResponse:] + 182\n\t3   WebDriverAgentLib                   0x0000000108e1f5cb __37-[FBWebServer registerRouteHandlers:]_block_invoke + 555\n\t4   RoutingHTTPServer                   0x0000000108f29c53 -[RoutingHTTPServer handleRoute:withRequest:response:] + 136\n\t5   RoutingHTTPServer                   0x0000000108f2a566 __72-[RoutingHTTPServer routeMethod:withPath:parameters:request:connection:]_block_invoke + 47\n\t6   libdispatch.dylib                   0x00007fff519de7b9 _dispatch_client_callout + 8\n\t7   libdispatch.dylib                   0x00007fff51...
[debug] &amp#27;[35m[W3C]&amp#27;[39m Matched W3C error code 'no such element' to NoSuchElementError
[debug] &amp#27;[35m[BaseDriver]&amp#27;[39m Waited for 69 ms so far
[debug] &amp#27;[35m[WD Proxy]&amp#27;[39m Matched '/element' to command name 'findElement'
[debug] &amp#27;[35m[WD Proxy]&amp#27;[39m Proxying [POST /element] to [POST http://127.0.0.1:8100/session/FE7740E5-B2C3-4EB5-9194-71C93B7D044E/element] with body: {"using":"accessibility id","value":"�������� ����������"}
[debug] &amp#27;[35m[WD Proxy]&amp#27;[39m Got response with status 200: {"value":{"ELEMENT":"1A000000-0000-0000-3F16-000000000000","element-6066-11e4-a52e-4f735466cecf":"1A000000-0000-0000-3F16-000000000000"},"sessionId":"FE7740E5-B2C3-4EB5-9194-71C93B7D044E"}
[debug] &amp#27;[35m[W3C (26255f9c)]&amp#27;[39m Responding to client with driver.findElement() result: {"element-6066-11e4-a52e-4f735466cecf":"1A000000-0000-0000-3F16-000000000000","ELEMENT":"1A000000-0000-0000-3F16-000000000000"}
&amp#27;[35m[HTTP]&amp#27;[39m &amp#27;[37m<-- POST /wd/hub/session/26255f9c-9f7a-4f75-98c9-83c1e78aa016/element &amp#27;[39m&amp#27;[32m200&amp#27;[39m &amp#27;[90m671 ms - 137&amp#27;[39m
&amp#27;[35m[HTTP]&amp#27;[39m &amp#27;[90m&amp#27;[39m
&amp#27;[35m[HTTP]&amp#27;[39m &amp#27;[37m-->&amp#27;[39m &amp#27;[37mPOST&amp#27;[39m &amp#27;[37m/wd/hub/session/26255f9c-9f7a-4f75-98c9-83c1e78aa016/element/1A000000-0000-0000-3F16-000000000000/click&amp#27;[39m
&amp#27;[35m[HTTP]&amp#27;[39m &amp#27;[90m{"id":"1A000000-0000-0000-3F16-000000000000"}&amp#27;[39m
&amp#27;[35m[W3C (26255f9c)]&amp#27;[39m Driver proxy active, passing request on via HTTP proxy
[debug] &amp#27;[35m[XCUITest]&amp#27;[39m Executing command 'proxyReqRes'
[debug] &amp#27;[35m[WD Proxy]&amp#27;[39m Matched '/wd/hub/session/26255f9c-9f7a-4f75-98c9-83c1e78aa016/element/1A000000-0000-0000-3F16-000000000000/click' to command name 'click'
[debug] &amp#27;[35m[WD Proxy]&amp#27;[39m Proxying [POST /wd/hub/session/26255f9c-9f7a-4f75-98c9-83c1e78aa016/element/1A000000-0000-0000-3F16-000000000000/click] to [POST http://127.0.0.1:8100/session/FE7740E5-B2C3-4EB5-9194-71C93B7D044E/element/1A000000-0000-0000-3F16-000000000000/click] with body: {"id":"1A000000-0000-0000-3F16-000000000000"}
[debug] &amp#27;[35m[WD Proxy]&amp#27;[39m Got response with status 200: {"value":null,"sessionId":"FE7740E5-B2C3-4EB5-9194-71C93B7D044E"}
&amp#27;[35m[WD Proxy]&amp#27;[39m Replacing sessionId FE7740E5-B2C3-4EB5-9194-71C93B7D044E with 26255f9c-9f7a-4f75-98c9-83c1e78aa016
&amp#27;[35m[HTTP]&amp#27;[39m &amp#27;[37m<-- POST /wd/hub/session/26255f9c-9f7a-4f75-98c9-83c1e78aa016/element/1A000000-0000-0000-3F16-000000000000/click &amp#27;[39m&amp#27;[32m200&amp#27;[39m &amp#27;[90m277 ms - 65&amp#27;[39m
&amp#27;[35m[HTTP]&amp#27;[39m &amp#27;[90m&amp#27;[39m
&amp#27;[35m[HTTP]&amp#27;[39m &amp#27;[37m-->&amp#27;[39m &amp#27;[37mGET&amp#27;[39m &amp#27;[37m/wd/hub/session/26255f9c-9f7a-4f75-98c9-83c1e78aa016/context&amp#27;[39m
&amp#27;[35m[HTTP]&amp#27;[39m &amp#27;[90m{}&amp#27;[39m
[debug] &amp#27;[35m[W3C (26255f9c)]&amp#27;[39m Calling AppiumDriver.getCurrentContext() with args: ["26255f9c-9f7a-4f75-98c9-83c1e78aa016"]
[debug] &amp#27;[35m[XCUITest]&amp#27;[39m Executing command 'getCurrentContext'
[debug] &amp#27;[35m[W3C (26255f9c)]&amp#27;[39m Responding to client with driver.getCurrentContext() result: "NATIVE_APP"
&amp#27;[35m[HTTP]&amp#27;[39m &amp#27;[37m<-- GET /wd/hub/session/26255f9c-9f7a-4f75-98c9-83c1e78aa016/context &amp#27;[39m&amp#27;[32m200&amp#27;[39m &amp#27;[90m1 ms - 22&amp#27;[39m
&amp#27;[35m[HTTP]&amp#27;[39m &amp#27;[90m&amp#27;[39m
&amp#27;[35m[HTTP]&amp#27;[39m &amp#27;[37m-->&amp#27;[39m &amp#27;[37mPOST&amp#27;[39m &amp#27;[37m/wd/hub/session/26255f9c-9f7a-4f75-98c9-83c1e78aa016/element&amp#27;[39m
&amp#27;[35m[HTTP]&amp#27;[39m &amp#27;[90m{"using":"accessibility id","value":"������������"}&amp#27;[39m
[debug] &amp#27;[35m[W3C (26255f9c)]&amp#27;[39m Calling AppiumDriver.findElement() with args: ["accessibility id","������������","26255f9c-9f7a-4f75-98c9-83c1e78aa016"]
[debug] &amp#27;[35m[XCUITest]&amp#27;[39m Executing command 'findElement'
[debug] &amp#27;[35m[BaseDriver]&amp#27;[39m Valid locator strategies for this request: xpath, id, name, class name, -ios predicate string, -ios class chain, accessibility id
[debug] &amp#27;[35m[BaseDriver]&amp#27;[39m Waiting up to 20000 ms for condition
[debug] &amp#27;[35m[WD Proxy]&amp#27;[39m Matched '/element' to command name 'findElement'
[debug] &amp#27;[35m[WD Proxy]&amp#27;[39m Proxying [POST /element] to [POST http://127.0.0.1:8100/session/FE7740E5-B2C3-4EB5-9194-71C93B7D044E/element] with body: {"using":"accessibility id","value":"������������"}
&amp#27;[35m[WD Proxy]&amp#27;[39m Got response with status 404: {"value":{"error":"no such element","message":"unable to find an element using 'accessibility id', value '������������'","traceback":"(\n\t0   WebDriverAgentLib                   0x0000000108e5a04d FBNoSuchElementErrorResponseForRequest + 301\n\t1   WebDriverAgentLib                   0x0000000108e59df9 +[FBFindElementCommands handleFindElement:] + 425\n\t2   WebDriverAgentLib                   0x0000000108e377d6 -[FBRoute_TargetAction mountRequest:intoResponse:] + 182\n\t3   WebDriverAgentLib                   0x0000000108e1f5cb __37-[FBWebServer registerRouteHandlers:]_block_invoke + 555\n\t4   RoutingHTTPServer                   0x0000000108f29c53 -[RoutingHTTPServer handleRoute:withRequest:response:] + 136\n\t5   RoutingHTTPServer                   0x0000000108f2a566 __72-[RoutingHTTPServer routeMethod:withPath:parameters:request:connection:]_block_invoke + 47\n\t6   libdispatch.dylib                   0x00007fff519de7b9 _dispatch_client_callout + 8\n\t7   libdispatch.dylib                   0x00007fff519eb8...
[debug] &amp#27;[35m[W3C]&amp#27;[39m Matched W3C error code 'no such element' to NoSuchElementError
[debug] &amp#27;[35m[BaseDriver]&amp#27;[39m Waited for 52 ms so far
[debug] &amp#27;[35m[WD Proxy]&amp#27;[39m Matched '/element' to command name 'findElement'
[debug] &amp#27;[35m[WD Proxy]&amp#27;[39m Proxying [POST /element] to [POST http://127.0.0.1:8100/session/FE7740E5-B2C3-4EB5-9194-71C93B7D044E/element] with body: {"using":"accessibility id","value":"������������"}
[debug] &amp#27;[35m[WD Proxy]&amp#27;[39m Got response with status 200: {"value":{"ELEMENT":"31000000-0000-0000-3F16-000000000000","element-6066-11e4-a52e-4f735466cecf":"31000000-0000-0000-3F16-000000000000"},"sessionId":"FE7740E5-B2C3-4EB5-9194-71C93B7D044E"}
[debug] &amp#27;[35m[W3C (26255f9c)]&amp#27;[39m Responding to client with driver.findElement() result: {"element-6066-11e4-a52e-4f735466cecf":"31000000-0000-0000-3F16-000000000000","ELEMENT":"31000000-0000-0000-3F16-000000000000"}
&amp#27;[35m[HTTP]&amp#27;[39m &amp#27;[37m<-- POST /wd/hub/session/26255f9c-9f7a-4f75-98c9-83c1e78aa016/element &amp#27;[39m&amp#27;[32m200&amp#27;[39m &amp#27;[90m4225 ms - 137&amp#27;[39m
&amp#27;[35m[HTTP]&amp#27;[39m &amp#27;[90m&amp#27;[39m
&amp#27;[35m[HTTP]&amp#27;[39m &amp#27;[37m-->&amp#27;[39m &amp#27;[37mPOST&amp#27;[39m &amp#27;[37m/wd/hub/session/26255f9c-9f7a-4f75-98c9-83c1e78aa016/element/31000000-0000-0000-3F16-000000000000/click&amp#27;[39m
&amp#27;[35m[HTTP]&amp#27;[39m &amp#27;[90m{"id":"31000000-0000-0000-3F16-000000000000"}&amp#27;[39m
&amp#27;[35m[W3C (26255f9c)]&amp#27;[39m Driver proxy active, passing request on via HTTP proxy
[debug] &amp#27;[35m[XCUITest]&amp#27;[39m Executing command 'proxyReqRes'
[debug] &amp#27;[35m[WD Proxy]&amp#27;[39m Matched '/wd/hub/session/26255f9c-9f7a-4f75-98c9-83c1e78aa016/element/31000000-0000-0000-3F16-000000000000/click' to command name 'click'
[debug] &amp#27;[35m[WD Proxy]&amp#27;[39m Proxying [POST /wd/hub/session/26255f9c-9f7a-4f75-98c9-83c1e78aa016/element/31000000-0000-0000-3F16-000000000000/click] to [POST http://127.0.0.1:8100/session/FE7740E5-B2C3-4EB5-9194-71C93B7D044E/element/31000000-0000-0000-3F16-000000000000/click] with body: {"id":"31000000-0000-0000-3F16-000000000000"}
[debug] &amp#27;[35m[WD Proxy]&amp#27;[39m Got response with status 200: {"value":null,"sessionId":"FE7740E5-B2C3-4EB5-9194-71C93B7D044E"}
&amp#27;[35m[WD Proxy]&amp#27;[39m Replacing sessionId FE7740E5-B2C3-4EB5-9194-71C93B7D044E with 26255f9c-9f7a-4f75-98c9-83c1e78aa016
&amp#27;[35m[HTTP]&amp#27;[39m &amp#27;[37m<-- POST /wd/hub/session/26255f9c-9f7a-4f75-98c9-83c1e78aa016/element/31000000-0000-0000-3F16-000000000000/click &amp#27;[39m&amp#27;[32m200&amp#27;[39m &amp#27;[90m385 ms - 65&amp#27;[39m
&amp#27;[35m[HTTP]&amp#27;[39m &amp#27;[90m&amp#27;[39m
&amp#27;[35m[HTTP]&amp#27;[39m &amp#27;[37m-->&amp#27;[39m &amp#27;[37mGET&amp#27;[39m &amp#27;[37m/wd/hub/session/26255f9c-9f7a-4f75-98c9-83c1e78aa016/context&amp#27;[39m
&amp#27;[35m[HTTP]&amp#27;[39m &amp#27;[90m{}&amp#27;[39m
[debug] &amp#27;[35m[W3C (26255f9c)]&amp#27;[39m Calling AppiumDriver.getCurrentContext() with args: ["26255f9c-9f7a-4f75-98c9-83c1e78aa016"]
[debug] &amp#27;[35m[XCUITest]&amp#27;[39m Executing command 'getCurrentContext'
[debug] &amp#27;[35m[W3C (26255f9c)]&amp#27;[39m Responding to client with driver.getCurrentContext() result: "NATIVE_APP"
&amp#27;[35m[HTTP]&amp#27;[39m &amp#27;[37m<-- GET /wd/hub/session/26255f9c-9f7a-4f75-98c9-83c1e78aa016/context &amp#27;[39m&amp#27;[32m200&amp#27;[39m &amp#27;[90m1 ms - 22&amp#27;[39m
&amp#27;[35m[HTTP]&amp#27;[39m &amp#27;[90m&amp#27;[39m
&amp#27;[35m[HTTP]&amp#27;[39m &amp#27;[37m-->&amp#27;[39m &amp#27;[37mPOST&amp#27;[39m &amp#27;[37m/wd/hub/session/26255f9c-9f7a-4f75-98c9-83c1e78aa016/element&amp#27;[39m
&amp#27;[35m[HTTP]&amp#27;[39m &amp#27;[90m{"using":"accessibility id","value":"���������� ������������"}&amp#27;[39m
[debug] &amp#27;[35m[W3C (26255f9c)]&amp#27;[39m Calling AppiumDriver.findElement() with args: ["accessibility id","���������� ������������","26255f9c-9f7a-4f75-98c9-83c1e78aa016"]
[debug] &amp#27;[35m[XCUITest]&amp#27;[39m Executing command 'findElement'
[debug] &amp#27;[35m[BaseDriver]&amp#27;[39m Valid locator strategies for this request: xpath, id, name, class name, -ios predicate string, -ios class chain, accessibility id
[debug] &amp#27;[35m[BaseDriver]&amp#27;[39m Waiting up to 20000 ms for condition
[debug] &amp#27;[35m[WD Proxy]&amp#27;[39m Matched '/element' to command name 'findElement'
[debug] &amp#27;[35m[WD Proxy]&amp#27;[39m Proxying [POST /element] to [POST http://127.0.0.1:8100/session/FE7740E5-B2C3-4EB5-9194-71C93B7D044E/element] with body: {"using":"accessibility id","value":"���������� ������������"}
&amp#27;[35m[WD Proxy]&amp#27;[39m Got response with status 404: {"value":{"error":"no such element","message":"unable to find an element using 'accessibility id', value '���������� ������������'","traceback":"(\n\t0   WebDriverAgentLib                   0x0000000108e5a04d FBNoSuchElementErrorResponseForRequest + 301\n\t1   WebDriverAgentLib                   0x0000000108e59df9 +[FBFindElementCommands handleFindElement:] + 425\n\t2   WebDriverAgentLib                   0x0000000108e377d6 -[FBRoute_TargetAction mountRequest:intoResponse:] + 182\n\t3   WebDriverAgentLib                   0x0000000108e1f5cb __37-[FBWebServer registerRouteHandlers:]_block_invoke + 555\n\t4   RoutingHTTPServer                   0x0000000108f29c53 -[RoutingHTTPServer handleRoute:withRequest:response:] + 136\n\t5   RoutingHTTPServer                   0x0000000108f2a566 __72-[RoutingHTTPServer routeMethod:withPath:parameters:request:connection:]_block_invoke + 47\n\t6   libdispatch.dylib                   0x00007fff519de7b9 _dispatch_client_callout + 8\n\t7   libdispatch.dylib                   0x00007fff...
[debug] &amp#27;[35m[W3C]&amp#27;[39m Matched W3C error code 'no such element' to NoSuchElementError
[debug] &amp#27;[35m[BaseDriver]&amp#27;[39m Waited for 86 ms so far
[debug] &amp#27;[35m[WD Proxy]&amp#27;[39m Matched '/element' to command name 'findElement'
[debug] &amp#27;[35m[WD Proxy]&amp#27;[39m Proxying [POST /element] to [POST http://127.0.0.1:8100/session/FE7740E5-B2C3-4EB5-9194-71C93B7D044E/element] with body: {"using":"accessibility id","value":"���������� ������������"}
&amp#27;[35m[WD Proxy]&amp#27;[39m Got response with status 404: {"value":{"error":"no such element","message":"unable to find an element using 'accessibility id', value '���������� ������������'","traceback":"(\n\t0   WebDriverAgentLib                   0x0000000108e5a04d FBNoSuchElementErrorResponseForRequest + 301\n\t1   WebDriverAgentLib                   0x0000000108e59df9 +[FBFindElementCommands handleFindElement:] + 425\n\t2   WebDriverAgentLib                   0x0000000108e377d6 -[FBRoute_TargetAction mountRequest:intoResponse:] + 182\n\t3   WebDriverAgentLib                   0x0000000108e1f5cb __37-[FBWebServer registerRouteHandlers:]_block_invoke + 555\n\t4   RoutingHTTPServer                   0x0000000108f29c53 -[RoutingHTTPServer handleRoute:withRequest:response:] + 136\n\t5   RoutingHTTPServer                   0x0000000108f2a566 __72-[RoutingHTTPServer routeMethod:withPath:parameters:request:connection:]_block_invoke + 47\n\t6   libdispatch.dylib                   0x00007fff519de7b9 _dispatch_client_callout + 8\n\t7   libdispatch.dylib                   0x00007fff...
[debug] &amp#27;[35m[W3C]&amp#27;[39m Matched W3C error code 'no such element' to NoSuchElementError
[debug] &amp#27;[35m[BaseDriver]&amp#27;[39m Waited for 669 ms so far
[debug] &amp#27;[35m[WD Proxy]&amp#27;[39m Matched '/element' to command name 'findElement'
[debug] &amp#27;[35m[WD Proxy]&amp#27;[39m Proxying [POST /element] to [POST http://127.0.0.1:8100/session/FE7740E5-B2C3-4EB5-9194-71C93B7D044E/element] with body: {"using":"accessibility id","value":"���������� ������������"}
&amp#27;[35m[WD Proxy]&amp#27;[39m Got response with status 404: {"value":{"error":"no such element","message":"unable to find an element using 'accessibility id', value '���������� ������������'","traceback":"(\n\t0   WebDriverAgentLib                   0x0000000108e5a04d FBNoSuchElementErrorResponseForRequest + 301\n\t1   WebDriverAgentLib                   0x0000000108e59df9 +[FBFindElementCommands handleFindElement:] + 425\n\t2   WebDriverAgentLib                   0x0000000108e377d6 -[FBRoute_TargetAction mountRequest:intoResponse:] + 182\n\t3   WebDriverAgentLib                   0x0000000108e1f5cb __37-[FBWebServer registerRouteHandlers:]_block_invoke + 555\n\t4   RoutingHTTPServer                   0x0000000108f29c53 -[RoutingHTTPServer handleRoute:withRequest:response:] + 136\n\t5   RoutingHTTPServer                   0x0000000108f2a566 __72-[RoutingHTTPServer routeMethod:withPath:parameters:request:connection:]_block_invoke + 47\n\t6   libdispatch.dylib                   0x00007fff519de7b9 _dispatch_client_callout + 8\n\t7   libdispatch.dylib                   0x00007fff...
[debug] &amp#27;[35m[W3C]&amp#27;[39m Matched W3C error code 'no such element' to NoSuchElementError
[debug] &amp#27;[35m[BaseDriver]&amp#27;[39m Waited for 1246 ms so far
[debug] &amp#27;[35m[WD Proxy]&amp#27;[39m Matched '/element' to command name 'findElement'
[debug] &amp#27;[35m[WD Proxy]&amp#27;[39m Proxying [POST /element] to [POST http://127.0.0.1:8100/session/FE7740E5-B2C3-4EB5-9194-71C93B7D044E/element] with body: {"using":"accessibility id","value":"���������� ������������"}
&amp#27;[35m[WD Proxy]&amp#27;[39m Got response with status 404: {"value":{"error":"no such element","message":"unable to find an element using 'accessibility id', value '���������� ������������'","traceback":"(\n\t0   WebDriverAgentLib                   0x0000000108e5a04d FBNoSuchElementErrorResponseForRequest + 301\n\t1   WebDriverAgentLib                   0x0000000108e59df9 +[FBFindElementCommands handleFindElement:] + 425\n\t2   WebDriverAgentLib                   0x0000000108e377d6 -[FBRoute_TargetAction mountRequest:intoResponse:] + 182\n\t3   WebDriverAgentLib                   0x0000000108e1f5cb __37-[FBWebServer registerRouteHandlers:]_block_invoke + 555\n\t4   RoutingHTTPServer                   0x0000000108f29c53 -[RoutingHTTPServer handleRoute:withRequest:response:] + 136\n\t5   RoutingHTTPServer                   0x0000000108f2a566 __72-[RoutingHTTPServer routeMethod:withPath:parameters:request:connection:]_block_invoke + 47\n\t6   libdispatch.dylib                   0x00007fff519de7b9 _dispatch_client_callout + 8\n\t7   libdispatch.dylib                   0x00007fff...
[debug] &amp#27;[35m[W3C]&amp#27;[39m Matched W3C error code 'no such element' to NoSuchElementError
[debug] &amp#27;[35m[BaseDriver]&amp#27;[39m Waited for 1821 ms so far
[debug] &amp#27;[35m[WD Proxy]&amp#27;[39m Matched '/element' to command name 'findElement'
[debug] &amp#27;[35m[WD Proxy]&amp#27;[39m Proxying [POST /element] to [POST http://127.0.0.1:8100/session/FE7740E5-B2C3-4EB5-9194-71C93B7D044E/element] with body: {"using":"accessibility id","value":"���������� ������������"}
&amp#27;[35m[WD Proxy]&amp#27;[39m Got response with status 404: {"value":{"error":"no such element","message":"unable to find an element using 'accessibility id', value '���������� ������������'","traceback":"(\n\t0   WebDriverAgentLib                   0x0000000108e5a04d FBNoSuchElementErrorResponseForRequest + 301\n\t1   WebDriverAgentLib                   0x0000000108e59df9 +[FBFindElementCommands handleFindElement:] + 425\n\t2   WebDriverAgentLib                   0x0000000108e377d6 -[FBRoute_TargetAction mountRequest:intoResponse:] + 182\n\t3   WebDriverAgentLib                   0x0000000108e1f5cb __37-[FBWebServer registerRouteHandlers:]_block_invoke + 555\n\t4   RoutingHTTPServer                   0x0000000108f29c53 -[RoutingHTTPServer handleRoute:withRequest:response:] + 136\n\t5   RoutingHTTPServer                   0x0000000108f2a566 __72-[RoutingHTTPServer routeMethod:withPath:parameters:request:connection:]_block_invoke + 47\n\t6   libdispatch.dylib                   0x00007fff519de7b9 _dispatch_client_callout + 8\n\t7   libdispatch.dylib                   0x00007fff...
[debug] &amp#27;[35m[W3C]&amp#27;[39m Matched W3C error code 'no such element' to NoSuchElementError
[debug] &amp#27;[35m[BaseDriver]&amp#27;[39m Waited for 2397 ms so far
[debug] &amp#27;[35m[WD Proxy]&amp#27;[39m Matched '/element' to command name 'findElement'
[debug] &amp#27;[35m[WD Proxy]&amp#27;[39m Proxying [POST /element] to [POST http://127.0.0.1:8100/session/FE7740E5-B2C3-4EB5-9194-71C93B7D044E/element] with body: {"using":"accessibility id","value":"���������� ������������"}
&amp#27;[35m[WD Proxy]&amp#27;[39m Got response with status 404: {"value":{"error":"no such element","message":"unable to find an element using 'accessibility id', value '���������� ������������'","traceback":"(\n\t0   WebDriverAgentLib                   0x0000000108e5a04d FBNoSuchElementErrorResponseForRequest + 301\n\t1   WebDriverAgentLib                   0x0000000108e59df9 +[FBFindElementCommands handleFindElement:] + 425\n\t2   WebDriverAgentLib                   0x0000000108e377d6 -[FBRoute_TargetAction mountRequest:intoResponse:] + 182\n\t3   WebDriverAgentLib                   0x0000000108e1f5cb __37-[FBWebServer registerRouteHandlers:]_block_invoke + 555\n\t4   RoutingHTTPServer                   0x0000000108f29c53 -[RoutingHTTPServer handleRoute:withRequest:response:] + 136\n\t5   RoutingHTTPServer                   0x0000000108f2a566 __72-[RoutingHTTPServer routeMethod:withPath:parameters:request:connection:]_block_invoke + 47\n\t6   libdispatch.dylib                   0x00007fff519de7b9 _dispatch_client_callout + 8\n\t7   libdispatch.dylib                   0x00007fff...
[debug] &amp#27;[35m[W3C]&amp#27;[39m Matched W3C error code 'no such element' to NoSuchElementError
[debug] &amp#27;[35m[BaseDriver]&amp#27;[39m Waited for 2988 ms so far
[debug] &amp#27;[35m[WD Proxy]&amp#27;[39m Matched '/element' to command name 'findElement'
[debug] &amp#27;[35m[WD Proxy]&amp#27;[39m Proxying [POST /element] to [POST http://127.0.0.1:8100/session/FE7740E5-B2C3-4EB5-9194-71C93B7D044E/element] with body: {"using":"accessibility id","value":"���������� ������������"}
&amp#27;[35m[WD Proxy]&amp#27;[39m Got response with status 404: {"value":{"error":"no such element","message":"unable to find an element using 'accessibility id', value '���������� ������������'","traceback":"(\n\t0   WebDriverAgentLib                   0x0000000108e5a04d FBNoSuchElementErrorResponseForRequest + 301\n\t1   WebDriverAgentLib                   0x0000000108e59df9 +[FBFindElementCommands handleFindElement:] + 425\n\t2   WebDriverAgentLib                   0x0000000108e377d6 -[FBRoute_TargetAction mountRequest:intoResponse:] + 182\n\t3   WebDriverAgentLib                   0x0000000108e1f5cb __37-[FBWebServer registerRouteHandlers:]_block_invoke + 555\n\t4   RoutingHTTPServer                   0x0000000108f29c53 -[RoutingHTTPServer handleRoute:withRequest:response:] + 136\n\t5   RoutingHTTPServer                   0x0000000108f2a566 __72-[RoutingHTTPServer routeMethod:withPath:parameters:request:connection:]_block_invoke + 47\n\t6   libdispatch.dylib                   0x00007fff519de7b9 _dispatch_client_callout + 8\n\t7   libdispatch.dylib                   0x00007fff...
[debug] &amp#27;[35m[W3C]&amp#27;[39m Matched W3C error code 'no such element' to NoSuchElementError
[debug] &amp#27;[35m[BaseDriver]&amp#27;[39m Waited for 3565 ms so far
[debug] &amp#27;[35m[WD Proxy]&amp#27;[39m Matched '/element' to command name 'findElement'
[debug] &amp#27;[35m[WD Proxy]&amp#27;[39m Proxying [POST /element] to [POST http://127.0.0.1:8100/session/FE7740E5-B2C3-4EB5-9194-71C93B7D044E/element] with body: {"using":"accessibility id","value":"���������� ������������"}
&amp#27;[35m[WD Proxy]&amp#27;[39m Got response with status 404: {"value":{"error":"no such element","message":"unable to find an element using 'accessibility id', value '���������� ������������'","traceback":"(\n\t0   WebDriverAgentLib                   0x0000000108e5a04d FBNoSuchElementErrorResponseForRequest + 301\n\t1   WebDriverAgentLib                   0x0000000108e59df9 +[FBFindElementCommands handleFindElement:] + 425\n\t2   WebDriverAgentLib                   0x0000000108e377d6 -[FBRoute_TargetAction mountRequest:intoResponse:] + 182\n\t3   WebDriverAgentLib                   0x0000000108e1f5cb __37-[FBWebServer registerRouteHandlers:]_block_invoke + 555\n\t4   RoutingHTTPServer                   0x0000000108f29c53 -[RoutingHTTPServer handleRoute:withRequest:response:] + 136\n\t5   RoutingHTTPServer                   0x0000000108f2a566 __72-[RoutingHTTPServer routeMethod:withPath:parameters:request:connection:]_block_invoke + 47\n\t6   libdispatch.dylib                   0x00007fff519de7b9 _dispatch_client_callout + 8\n\t7   libdispatch.dylib                   0x00007fff...
[debug] &amp#27;[35m[W3C]&amp#27;[39m Matched W3C error code 'no such element' to NoSuchElementError
[debug] &amp#27;[35m[BaseDriver]&amp#27;[39m Waited for 4145 ms so far
[debug] &amp#27;[35m[WD Proxy]&amp#27;[39m Matched '/element' to command name 'findElement'
[debug] &amp#27;[35m[WD Proxy]&amp#27;[39m Proxying [POST /element] to [POST http://127.0.0.1:8100/session/FE7740E5-B2C3-4EB5-9194-71C93B7D044E/element] with body: {"using":"accessibility id","value":"���������� ������������"}
&amp#27;[35m[WD Proxy]&amp#27;[39m Got response with status 404: {"value":{"error":"no such element","message":"unable to find an element using 'accessibility id', value '���������� ������������'","traceback":"(\n\t0   WebDriverAgentLib                   0x0000000108e5a04d FBNoSuchElementErrorResponseForRequest + 301\n\t1   WebDriverAgentLib                   0x0000000108e59df9 +[FBFindElementCommands handleFindElement:] + 425\n\t2   WebDriverAgentLib                   0x0000000108e377d6 -[FBRoute_TargetAction mountRequest:intoResponse:] + 182\n\t3   WebDriverAgentLib                   0x0000000108e1f5cb __37-[FBWebServer registerRouteHandlers:]_block_invoke + 555\n\t4   RoutingHTTPServer                   0x0000000108f29c53 -[RoutingHTTPServer handleRoute:withRequest:response:] + 136\n\t5   RoutingHTTPServer                   0x0000000108f2a566 __72-[RoutingHTTPServer routeMethod:withPath:parameters:request:connection:]_block_invoke + 47\n\t6   libdispatch.dylib                   0x00007fff519de7b9 _dispatch_client_callout + 8\n\t7   libdispatch.dylib                   0x00007fff...
[debug] &amp#27;[35m[W3C]&amp#27;[39m Matched W3C error code 'no such element' to NoSuchElementError
[debug] &amp#27;[35m[BaseDriver]&amp#27;[39m Waited for 4724 ms so far
[debug] &amp#27;[35m[WD Proxy]&amp#27;[39m Matched '/element' to command name 'findElement'
[debug] &amp#27;[35m[WD Proxy]&amp#27;[39m Proxying [POST /element] to [POST http://127.0.0.1:8100/session/FE7740E5-B2C3-4EB5-9194-71C93B7D044E/element] with body: {"using":"accessibility id","value":"���������� ������������"}
&amp#27;[35m[WD Proxy]&amp#27;[39m Got response with status 404: {"value":{"error":"no such element","message":"unable to find an element using 'accessibility id', value '���������� ������������'","traceback":"(\n\t0   WebDriverAgentLib                   0x0000000108e5a04d FBNoSuchElementErrorResponseForRequest + 301\n\t1   WebDriverAgentLib                   0x0000000108e59df9 +[FBFindElementCommands handleFindElement:] + 425\n\t2   WebDriverAgentLib                   0x0000000108e377d6 -[FBRoute_TargetAction mountRequest:intoResponse:] + 182\n\t3   WebDriverAgentLib                   0x0000000108e1f5cb __37-[FBWebServer registerRouteHandlers:]_block_invoke + 555\n\t4   RoutingHTTPServer                   0x0000000108f29c53 -[RoutingHTTPServer handleRoute:withRequest:response:] + 136\n\t5   RoutingHTTPServer                   0x0000000108f2a566 __72-[RoutingHTTPServer routeMethod:withPath:parameters:request:connection:]_block_invoke + 47\n\t6   libdispatch.dylib                   0x00007fff519de7b9 _dispatch_client_callout + 8\n\t7   libdispatch.dylib                   0x00007fff...
[debug] &amp#27;[35m[W3C]&amp#27;[39m Matched W3C error code 'no such element' to NoSuchElementError
[debug] &amp#27;[35m[BaseDriver]&amp#27;[39m Waited for 5306 ms so far
[debug] &amp#27;[35m[WD Proxy]&amp#27;[39m Matched '/element' to command name 'findElement'
[debug] &amp#27;[35m[WD Proxy]&amp#27;[39m Proxying [POST /element] to [POST http://127.0.0.1:8100/session/FE7740E5-B2C3-4EB5-9194-71C93B7D044E/element] with body: {"using":"accessibility id","value":"���������� ������������"}
&amp#27;[35m[WD Proxy]&amp#27;[39m Got response with status 404: {"value":{"error":"no such element","message":"unable to find an element using 'accessibility id', value '���������� ������������'","traceback":"(\n\t0   WebDriverAgentLib                   0x0000000108e5a04d FBNoSuchElementErrorResponseForRequest + 301\n\t1   WebDriverAgentLib                   0x0000000108e59df9 +[FBFindElementCommands handleFindElement:] + 425\n\t2   WebDriverAgentLib                   0x0000000108e377d6 -[FBRoute_TargetAction mountRequest:intoResponse:] + 182\n\t3   WebDriverAgentLib                   0x0000000108e1f5cb __37-[FBWebServer registerRouteHandlers:]_block_invoke + 555\n\t4   RoutingHTTPServer                   0x0000000108f29c53 -[RoutingHTTPServer handleRoute:withRequest:response:] + 136\n\t5   RoutingHTTPServer                   0x0000000108f2a566 __72-[RoutingHTTPServer routeMethod:withPath:parameters:request:connection:]_block_invoke + 47\n\t6   libdispatch.dylib                   0x00007fff519de7b9 _dispatch_client_callout + 8\n\t7   libdispatch.dylib                   0x00007fff...
[debug] &amp#27;[35m[W3C]&amp#27;[39m Matched W3C error code 'no such element' to NoSuchElementError
[debug] &amp#27;[35m[BaseDriver]&amp#27;[39m Waited for 5883 ms so far
[debug] &amp#27;[35m[WD Proxy]&amp#27;[39m Matched '/element' to command name 'findElement'
[debug] &amp#27;[35m[WD Proxy]&amp#27;[39m Proxying [POST /element] to [POST http://127.0.0.1:8100/session/FE7740E5-B2C3-4EB5-9194-71C93B7D044E/element] with body: {"using":"accessibility id","value":"���������� ������������"}
&amp#27;[35m[WD Proxy]&amp#27;[39m Got response with status 404: {"value":{"error":"no such element","message":"unable to find an element using 'accessibility id', value '���������� ������������'","traceback":"(\n\t0   WebDriverAgentLib                   0x0000000108e5a04d FBNoSuchElementErrorResponseForRequest + 301\n\t1   WebDriverAgentLib                   0x0000000108e59df9 +[FBFindElementCommands handleFindElement:] + 425\n\t2   WebDriverAgentLib                   0x0000000108e377d6 -[FBRoute_TargetAction mountRequest:intoResponse:] + 182\n\t3   WebDriverAgentLib                   0x0000000108e1f5cb __37-[FBWebServer registerRouteHandlers:]_block_invoke + 555\n\t4   RoutingHTTPServer                   0x0000000108f29c53 -[RoutingHTTPServer handleRoute:withRequest:response:] + 136\n\t5   RoutingHTTPServer                   0x0000000108f2a566 __72-[RoutingHTTPServer routeMethod:withPath:parameters:request:connection:]_block_invoke + 47\n\t6   libdispatch.dylib                   0x00007fff519de7b9 _dispatch_client_callout + 8\n\t7   libdispatch.dylib                   0x00007fff...
[debug] &amp#27;[35m[W3C]&amp#27;[39m Matched W3C error code 'no such element' to NoSuchElementError
[debug] &amp#27;[35m[BaseDriver]&amp#27;[39m Waited for 6463 ms so far
[debug] &amp#27;[35m[WD Proxy]&amp#27;[39m Matched '/element' to command name 'findElement'
[debug] &amp#27;[35m[WD Proxy]&amp#27;[39m Proxying [POST /element] to [POST http://127.0.0.1:8100/session/FE7740E5-B2C3-4EB5-9194-71C93B7D044E/element] with body: {"using":"accessibility id","value":"���������� ������������"}
&amp#27;[35m[WD Proxy]&amp#27;[39m Got response with status 404: {"value":{"error":"no such element","message":"unable to find an element using 'accessibility id', value '���������� ������������'","traceback":"(\n\t0   WebDriverAgentLib                   0x0000000108e5a04d FBNoSuchElementErrorResponseForRequest + 301\n\t1   WebDriverAgentLib                   0x0000000108e59df9 +[FBFindElementCommands handleFindElement:] + 425\n\t2   WebDriverAgentLib                   0x0000000108e377d6 -[FBRoute_TargetAction mountRequest:intoResponse:] + 182\n\t3   WebDriverAgentLib                   0x0000000108e1f5cb __37-[FBWebServer registerRouteHandlers:]_block_invoke + 555\n\t4   RoutingHTTPServer                   0x0000000108f29c53 -[RoutingHTTPServer handleRoute:withRequest:response:] + 136\n\t5   RoutingHTTPServer                   0x0000000108f2a566 __72-[RoutingHTTPServer routeMethod:withPath:parameters:request:connection:]_block_invoke + 47\n\t6   libdispatch.dylib                   0x00007fff519de7b9 _dispatch_client_callout + 8\n\t7   libdispatch.dylib                   0x00007fff...
[debug] &amp#27;[35m[W3C]&amp#27;[39m Matched W3C error code 'no such element' to NoSuchElementError
[debug] &amp#27;[35m[BaseDriver]&amp#27;[39m Waited for 7045 ms so far
[debug] &amp#27;[35m[WD Proxy]&amp#27;[39m Matched '/element' to command name 'findElement'
[debug] &amp#27;[35m[WD Proxy]&amp#27;[39m Proxying [POST /element] to [POST http://127.0.0.1:8100/session/FE7740E5-B2C3-4EB5-9194-71C93B7D044E/element] with body: {"using":"accessibility id","value":"���������� ������������"}
&amp#27;[35m[WD Proxy]&amp#27;[39m Got response with status 404: {"value":{"error":"no such element","message":"unable to find an element using 'accessibility id', value '���������� ������������'","traceback":"(\n\t0   WebDriverAgentLib                   0x0000000108e5a04d FBNoSuchElementErrorResponseForRequest + 301\n\t1   WebDriverAgentLib                   0x0000000108e59df9 +[FBFindElementCommands handleFindElement:] + 425\n\t2   WebDriverAgentLib                   0x0000000108e377d6 -[FBRoute_TargetAction mountRequest:intoResponse:] + 182\n\t3   WebDriverAgentLib                   0x0000000108e1f5cb __37-[FBWebServer registerRouteHandlers:]_block_invoke + 555\n\t4   RoutingHTTPServer                   0x0000000108f29c53 -[RoutingHTTPServer handleRoute:withRequest:response:] + 136\n\t5   RoutingHTTPServer                   0x0000000108f2a566 __72-[RoutingHTTPServer routeMethod:withPath:parameters:request:connection:]_block_invoke + 47\n\t6   libdispatch.dylib                   0x00007fff519de7b9 _dispatch_client_callout + 8\n\t7   libdispatch.dylib                   0x00007fff...
[debug] &amp#27;[35m[W3C]&amp#27;[39m Matched W3C error code 'no such element' to NoSuchElementError
[debug] &amp#27;[35m[BaseDriver]&amp#27;[39m Waited for 7621 ms so far
[debug] &amp#27;[35m[WD Proxy]&amp#27;[39m Matched '/element' to command name 'findElement'
[debug] &amp#27;[35m[WD Proxy]&amp#27;[39m Proxying [POST /element] to [POST http://127.0.0.1:8100/session/FE7740E5-B2C3-4EB5-9194-71C93B7D044E/element] with body: {"using":"accessibility id","value":"���������� ������������"}
&amp#27;[35m[WD Proxy]&amp#27;[39m Got response with status 404: {"value":{"error":"no such element","message":"unable to find an element using 'accessibility id', value '���������� ������������'","traceback":"(\n\t0   WebDriverAgentLib                   0x0000000108e5a04d FBNoSuchElementErrorResponseForRequest + 301\n\t1   WebDriverAgentLib                   0x0000000108e59df9 +[FBFindElementCommands handleFindElement:] + 425\n\t2   WebDriverAgentLib                   0x0000000108e377d6 -[FBRoute_TargetAction mountRequest:intoResponse:] + 182\n\t3   WebDriverAgentLib                   0x0000000108e1f5cb __37-[FBWebServer registerRouteHandlers:]_block_invoke + 555\n\t4   RoutingHTTPServer                   0x0000000108f29c53 -[RoutingHTTPServer handleRoute:withRequest:response:] + 136\n\t5   RoutingHTTPServer                   0x0000000108f2a566 __72-[RoutingHTTPServer routeMethod:withPath:parameters:request:connection:]_block_invoke + 47\n\t6   libdispatch.dylib                   0x00007fff519de7b9 _dispatch_client_callout + 8\n\t7   libdispatch.dylib                   0x00007fff...
[debug] &amp#27;[35m[W3C]&amp#27;[39m Matched W3C error code 'no such element' to NoSuchElementError
[debug] &amp#27;[35m[BaseDriver]&amp#27;[39m Waited for 8199 ms so far
[debug] &amp#27;[35m[WD Proxy]&amp#27;[39m Matched '/element' to command name 'findElement'
[debug] &amp#27;[35m[WD Proxy]&amp#27;[39m Proxying [POST /element] to [POST http://127.0.0.1:8100/session/FE7740E5-B2C3-4EB5-9194-71C93B7D044E/element] with body: {"using":"accessibility id","value":"���������� ������������"}
&amp#27;[35m[WD Proxy]&amp#27;[39m Got response with status 404: {"value":{"error":"no such element","message":"unable to find an element using 'accessibility id', value '���������� ������������'","traceback":"(\n\t0   WebDriverAgentLib                   0x0000000108e5a04d FBNoSuchElementErrorResponseForRequest + 301\n\t1   WebDriverAgentLib                   0x0000000108e59df9 +[FBFindElementCommands handleFindElement:] + 425\n\t2   WebDriverAgentLib                   0x0000000108e377d6 -[FBRoute_TargetAction mountRequest:intoResponse:] + 182\n\t3   WebDriverAgentLib                   0x0000000108e1f5cb __37-[FBWebServer registerRouteHandlers:]_block_invoke + 555\n\t4   RoutingHTTPServer                   0x0000000108f29c53 -[RoutingHTTPServer handleRoute:withRequest:response:] + 136\n\t5   RoutingHTTPServer                   0x0000000108f2a566 __72-[RoutingHTTPServer routeMethod:withPath:parameters:request:connection:]_block_invoke + 47\n\t6   libdispatch.dylib                   0x00007fff519de7b9 _dispatch_client_callout + 8\n\t7   libdispatch.dylib                   0x00007fff...
[debug] &amp#27;[35m[W3C]&amp#27;[39m Matched W3C error code 'no such element' to NoSuchElementError
[debug] &amp#27;[35m[BaseDriver]&amp#27;[39m Waited for 8779 ms so far
[debug] &amp#27;[35m[WD Proxy]&amp#27;[39m Matched '/element' to command name 'findElement'
[debug] &amp#27;[35m[WD Proxy]&amp#27;[39m Proxying [POST /element] to [POST http://127.0.0.1:8100/session/FE7740E5-B2C3-4EB5-9194-71C93B7D044E/element] with body: {"using":"accessibility id","value":"���������� ������������"}
&amp#27;[35m[WD Proxy]&amp#27;[39m Got response with status 404: {"value":{"error":"no such element","message":"unable to find an element using 'accessibility id', value '���������� ������������'","traceback":"(\n\t0   WebDriverAgentLib                   0x0000000108e5a04d FBNoSuchElementErrorResponseForRequest + 301\n\t1   WebDriverAgentLib                   0x0000000108e59df9 +[FBFindElementCommands handleFindElement:] + 425\n\t2   WebDriverAgentLib                   0x0000000108e377d6 -[FBRoute_TargetAction mountRequest:intoResponse:] + 182\n\t3   WebDriverAgentLib                   0x0000000108e1f5cb __37-[FBWebServer registerRouteHandlers:]_block_invoke + 555\n\t4   RoutingHTTPServer                   0x0000000108f29c53 -[RoutingHTTPServer handleRoute:withRequest:response:] + 136\n\t5   RoutingHTTPServer                   0x0000000108f2a566 __72-[RoutingHTTPServer routeMethod:withPath:parameters:request:connection:]_block_invoke + 47\n\t6   libdispatch.dylib                   0x00007fff519de7b9 _dispatch_client_callout + 8\n\t7   libdispatch.dylib                   0x00007fff...
[debug] &amp#27;[35m[W3C]&amp#27;[39m Matched W3C error code 'no such element' to NoSuchElementError
[debug] &amp#27;[35m[BaseDriver]&amp#27;[39m Waited for 9356 ms so far
[debug] &amp#27;[35m[WD Proxy]&amp#27;[39m Matched '/element' to command name 'findElement'
[debug] &amp#27;[35m[WD Proxy]&amp#27;[39m Proxying [POST /element] to [POST http://127.0.0.1:8100/session/FE7740E5-B2C3-4EB5-9194-71C93B7D044E/element] with body: {"using":"accessibility id","value":"���������� ������������"}
&amp#27;[35m[WD Proxy]&amp#27;[39m Got response with status 404: {"value":{"error":"no such element","message":"unable to find an element using 'accessibility id', value '���������� ������������'","traceback":"(\n\t0   WebDriverAgentLib                   0x0000000108e5a04d FBNoSuchElementErrorResponseForRequest + 301\n\t1   WebDriverAgentLib                   0x0000000108e59df9 +[FBFindElementCommands handleFindElement:] + 425\n\t2   WebDriverAgentLib                   0x0000000108e377d6 -[FBRoute_TargetAction mountRequest:intoResponse:] + 182\n\t3   WebDriverAgentLib                   0x0000000108e1f5cb __37-[FBWebServer registerRouteHandlers:]_block_invoke + 555\n\t4   RoutingHTTPServer                   0x0000000108f29c53 -[RoutingHTTPServer handleRoute:withRequest:response:] + 136\n\t5   RoutingHTTPServer                   0x0000000108f2a566 __72-[RoutingHTTPServer routeMethod:withPath:parameters:request:connection:]_block_invoke + 47\n\t6   libdispatch.dylib                   0x00007fff519de7b9 _dispatch_client_callout + 8\n\t7   libdispatch.dylib                   0x00007fff...
[debug] &amp#27;[35m[W3C]&amp#27;[39m Matched W3C error code 'no such element' to NoSuchElementError
[debug] &amp#27;[35m[BaseDriver]&amp#27;[39m Waited for 9933 ms so far
[debug] &amp#27;[35m[WD Proxy]&amp#27;[39m Matched '/element' to command name 'findElement'
[debug] &amp#27;[35m[WD Proxy]&amp#27;[39m Proxying [POST /element] to [POST http://127.0.0.1:8100/session/FE7740E5-B2C3-4EB5-9194-71C93B7D044E/element] with body: {"using":"accessibility id","value":"���������� ������������"}
&amp#27;[35m[WD Proxy]&amp#27;[39m Got response with status 404: {"value":{"error":"no such element","message":"unable to find an element using 'accessibility id', value '���������� ������������'","traceback":"(\n\t0   WebDriverAgentLib                   0x0000000108e5a04d FBNoSuchElementErrorResponseForRequest + 301\n\t1   WebDriverAgentLib                   0x0000000108e59df9 +[FBFindElementCommands handleFindElement:] + 425\n\t2   WebDriverAgentLib                   0x0000000108e377d6 -[FBRoute_TargetAction mountRequest:intoResponse:] + 182\n\t3   WebDriverAgentLib                   0x0000000108e1f5cb __37-[FBWebServer registerRouteHandlers:]_block_invoke + 555\n\t4   RoutingHTTPServer                   0x0000000108f29c53 -[RoutingHTTPServer handleRoute:withRequest:response:] + 136\n\t5   RoutingHTTPServer                   0x0000000108f2a566 __72-[RoutingHTTPServer routeMethod:withPath:parameters:request:connection:]_block_invoke + 47\n\t6   libdispatch.dylib                   0x00007fff519de7b9 _dispatch_client_callout + 8\n\t7   libdispatch.dylib                   0x00007fff...
[debug] &amp#27;[35m[W3C]&amp#27;[39m Matched W3C error code 'no such element' to NoSuchElementError
[debug] &amp#27;[35m[BaseDriver]&amp#27;[39m Waited for 10514 ms so far
[debug] &amp#27;[35m[WD Proxy]&amp#27;[39m Matched '/element' to command name 'findElement'
[debug] &amp#27;[35m[WD Proxy]&amp#27;[39m Proxying [POST /element] to [POST http://127.0.0.1:8100/session/FE7740E5-B2C3-4EB5-9194-71C93B7D044E/element] with body: {"using":"accessibility id","value":"���������� ������������"}
&amp#27;[35m[WD Proxy]&amp#27;[39m Got response with status 404: {"value":{"error":"no such element","message":"unable to find an element using 'accessibility id', value '���������� ������������'","traceback":"(\n\t0   WebDriverAgentLib                   0x0000000108e5a04d FBNoSuchElementErrorResponseForRequest + 301\n\t1   WebDriverAgentLib                   0x0000000108e59df9 +[FBFindElementCommands handleFindElement:] + 425\n\t2   WebDriverAgentLib                   0x0000000108e377d6 -[FBRoute_TargetAction mountRequest:intoResponse:] + 182\n\t3   WebDriverAgentLib                   0x0000000108e1f5cb __37-[FBWebServer registerRouteHandlers:]_block_invoke + 555\n\t4   RoutingHTTPServer                   0x0000000108f29c53 -[RoutingHTTPServer handleRoute:withRequest:response:] + 136\n\t5   RoutingHTTPServer                   0x0000000108f2a566 __72-[RoutingHTTPServer routeMethod:withPath:parameters:request:connection:]_block_invoke + 47\n\t6   libdispatch.dylib                   0x00007fff519de7b9 _dispatch_client_callout + 8\n\t7   libdispatch.dylib                   0x00007fff...
[debug] &amp#27;[35m[W3C]&amp#27;[39m Matched W3C error code 'no such element' to NoSuchElementError
[debug] &amp#27;[35m[BaseDriver]&amp#27;[39m Waited for 11094 ms so far
[debug] &amp#27;[35m[WD Proxy]&amp#27;[39m Matched '/element' to command name 'findElement'
[debug] &amp#27;[35m[WD Proxy]&amp#27;[39m Proxying [POST /element] to [POST http://127.0.0.1:8100/session/FE7740E5-B2C3-4EB5-9194-71C93B7D044E/element] with body: {"using":"accessibility id","value":"���������� ������������"}
&amp#27;[35m[WD Proxy]&amp#27;[39m Got response with status 404: {"value":{"error":"no such element","message":"unable to find an element using 'accessibility id', value '���������� ������������'","traceback":"(\n\t0   WebDriverAgentLib                   0x0000000108e5a04d FBNoSuchElementErrorResponseForRequest + 301\n\t1   WebDriverAgentLib                   0x0000000108e59df9 +[FBFindElementCommands handleFindElement:] + 425\n\t2   WebDriverAgentLib                   0x0000000108e377d6 -[FBRoute_TargetAction mountRequest:intoResponse:] + 182\n\t3   WebDriverAgentLib                   0x0000000108e1f5cb __37-[FBWebServer registerRouteHandlers:]_block_invoke + 555\n\t4   RoutingHTTPServer                   0x0000000108f29c53 -[RoutingHTTPServer handleRoute:withRequest:response:] + 136\n\t5   RoutingHTTPServer                   0x0000000108f2a566 __72-[RoutingHTTPServer routeMethod:withPath:parameters:request:connection:]_block_invoke + 47\n\t6   libdispatch.dylib                   0x00007fff519de7b9 _dispatch_client_callout + 8\n\t7   libdispatch.dylib                   0x00007fff...
[debug] &amp#27;[35m[W3C]&amp#27;[39m Matched W3C error code 'no such element' to NoSuchElementError
[debug] &amp#27;[35m[BaseDriver]&amp#27;[39m Waited for 11674 ms so far
[debug] &amp#27;[35m[WD Proxy]&amp#27;[39m Matched '/element' to command name 'findElement'
[debug] &amp#27;[35m[WD Proxy]&amp#27;[39m Proxying [POST /element] to [POST http://127.0.0.1:8100/session/FE7740E5-B2C3-4EB5-9194-71C93B7D044E/element] with body: {"using":"accessibility id","value":"���������� ������������"}
&amp#27;[35m[WD Proxy]&amp#27;[39m Got response with status 404: {"value":{"error":"no such element","message":"unable to find an element using 'accessibility id', value '���������� ������������'","traceback":"(\n\t0   WebDriverAgentLib                   0x0000000108e5a04d FBNoSuchElementErrorResponseForRequest + 301\n\t1   WebDriverAgentLib                   0x0000000108e59df9 +[FBFindElementCommands handleFindElement:] + 425\n\t2   WebDriverAgentLib                   0x0000000108e377d6 -[FBRoute_TargetAction mountRequest:intoResponse:] + 182\n\t3   WebDriverAgentLib                   0x0000000108e1f5cb __37-[FBWebServer registerRouteHandlers:]_block_invoke + 555\n\t4   RoutingHTTPServer                   0x0000000108f29c53 -[RoutingHTTPServer handleRoute:withRequest:response:] + 136\n\t5   RoutingHTTPServer                   0x0000000108f2a566 __72-[RoutingHTTPServer routeMethod:withPath:parameters:request:connection:]_block_invoke + 47\n\t6   libdispatch.dylib                   0x00007fff519de7b9 _dispatch_client_callout + 8\n\t7   libdispatch.dylib                   0x00007fff...
[debug] &amp#27;[35m[W3C]&amp#27;[39m Matched W3C error code 'no such element' to NoSuchElementError
[debug] &amp#27;[35m[BaseDriver]&amp#27;[39m Waited for 12253 ms so far
[debug] &amp#27;[35m[WD Proxy]&amp#27;[39m Matched '/element' to command name 'findElement'
[debug] &amp#27;[35m[WD Proxy]&amp#27;[39m Proxying [POST /element] to [POST http://127.0.0.1:8100/session/FE7740E5-B2C3-4EB5-9194-71C93B7D044E/element] with body: {"using":"accessibility id","value":"���������� ������������"}
&amp#27;[35m[WD Proxy]&amp#27;[39m Got response with status 404: {"value":{"error":"no such element","message":"unable to find an element using 'accessibility id', value '���������� ������������'","traceback":"(\n\t0   WebDriverAgentLib                   0x0000000108e5a04d FBNoSuchElementErrorResponseForRequest + 301\n\t1   WebDriverAgentLib                   0x0000000108e59df9 +[FBFindElementCommands handleFindElement:] + 425\n\t2   WebDriverAgentLib                   0x0000000108e377d6 -[FBRoute_TargetAction mountRequest:intoResponse:] + 182\n\t3   WebDriverAgentLib                   0x0000000108e1f5cb __37-[FBWebServer registerRouteHandlers:]_block_invoke + 555\n\t4   RoutingHTTPServer                   0x0000000108f29c53 -[RoutingHTTPServer handleRoute:withRequest:response:] + 136\n\t5   RoutingHTTPServer                   0x0000000108f2a566 __72-[RoutingHTTPServer routeMethod:withPath:parameters:request:connection:]_block_invoke + 47\n\t6   libdispatch.dylib                   0x00007fff519de7b9 _dispatch_client_callout + 8\n\t7   libdispatch.dylib                   0x00007fff...
[debug] &amp#27;[35m[W3C]&amp#27;[39m Matched W3C error code 'no such element' to NoSuchElementError
[debug] &amp#27;[35m[BaseDriver]&amp#27;[39m Waited for 12831 ms so far
[debug] &amp#27;[35m[WD Proxy]&amp#27;[39m Matched '/element' to command name 'findElement'
[debug] &amp#27;[35m[WD Proxy]&amp#27;[39m Proxying [POST /element] to [POST http://127.0.0.1:8100/session/FE7740E5-B2C3-4EB5-9194-71C93B7D044E/element] with body: {"using":"accessibility id","value":"���������� ������������"}
&amp#27;[35m[WD Proxy]&amp#27;[39m Got response with status 404: {"value":{"error":"no such element","message":"unable to find an element using 'accessibility id', value '���������� ������������'","traceback":"(\n\t0   WebDriverAgentLib                   0x0000000108e5a04d FBNoSuchElementErrorResponseForRequest + 301\n\t1   WebDriverAgentLib                   0x0000000108e59df9 +[FBFindElementCommands handleFindElement:] + 425\n\t2   WebDriverAgentLib                   0x0000000108e377d6 -[FBRoute_TargetAction mountRequest:intoResponse:] + 182\n\t3   WebDriverAgentLib                   0x0000000108e1f5cb __37-[FBWebServer registerRouteHandlers:]_block_invoke + 555\n\t4   RoutingHTTPServer                   0x0000000108f29c53 -[RoutingHTTPServer handleRoute:withRequest:response:] + 136\n\t5   RoutingHTTPServer                   0x0000000108f2a566 __72-[RoutingHTTPServer routeMethod:withPath:parameters:request:connection:]_block_invoke + 47\n\t6   libdispatch.dylib                   0x00007fff519de7b9 _dispatch_client_callout + 8\n\t7   libdispatch.dylib                   0x00007fff...
[debug] &amp#27;[35m[W3C]&amp#27;[39m Matched W3C error code 'no such element' to NoSuchElementError
[debug] &amp#27;[35m[BaseDriver]&amp#27;[39m Waited for 13413 ms so far
[debug] &amp#27;[35m[WD Proxy]&amp#27;[39m Matched '/element' to command name 'findElement'
[debug] &amp#27;[35m[WD Proxy]&amp#27;[39m Proxying [POST /element] to [POST http://127.0.0.1:8100/session/FE7740E5-B2C3-4EB5-9194-71C93B7D044E/element] with body: {"using":"accessibility id","value":"���������� ������������"}
&amp#27;[35m[WD Proxy]&amp#27;[39m Got response with status 404: {"value":{"error":"no such element","message":"unable to find an element using 'accessibility id', value '���������� ������������'","traceback":"(\n\t0   WebDriverAgentLib                   0x0000000108e5a04d FBNoSuchElementErrorResponseForRequest + 301\n\t1   WebDriverAgentLib                   0x0000000108e59df9 +[FBFindElementCommands handleFindElement:] + 425\n\t2   WebDriverAgentLib                   0x0000000108e377d6 -[FBRoute_TargetAction mountRequest:intoResponse:] + 182\n\t3   WebDriverAgentLib                   0x0000000108e1f5cb __37-[FBWebServer registerRouteHandlers:]_block_invoke + 555\n\t4   RoutingHTTPServer                   0x0000000108f29c53 -[RoutingHTTPServer handleRoute:withRequest:response:] + 136\n\t5   RoutingHTTPServer                   0x0000000108f2a566 __72-[RoutingHTTPServer routeMethod:withPath:parameters:request:connection:]_block_invoke + 47\n\t6   libdispatch.dylib                   0x00007fff519de7b9 _dispatch_client_callout + 8\n\t7   libdispatch.dylib                   0x00007fff...
[debug] &amp#27;[35m[W3C]&amp#27;[39m Matched W3C error code 'no such element' to NoSuchElementError
[debug] &amp#27;[35m[BaseDriver]&amp#27;[39m Waited for 13994 ms so far
[debug] &amp#27;[35m[WD Proxy]&amp#27;[39m Matched '/element' to command name 'findElement'
[debug] &amp#27;[35m[WD Proxy]&amp#27;[39m Proxying [POST /element] to [POST http://127.0.0.1:8100/session/FE7740E5-B2C3-4EB5-9194-71C93B7D044E/element] with body: {"using":"accessibility id","value":"���������� ������������"}
&amp#27;[35m[WD Proxy]&amp#27;[39m Got response with status 404: {"value":{"error":"no such element","message":"unable to find an element using 'accessibility id', value '���������� ������������'","traceback":"(\n\t0   WebDriverAgentLib                   0x0000000108e5a04d FBNoSuchElementErrorResponseForRequest + 301\n\t1   WebDriverAgentLib                   0x0000000108e59df9 +[FBFindElementCommands handleFindElement:] + 425\n\t2   WebDriverAgentLib                   0x0000000108e377d6 -[FBRoute_TargetAction mountRequest:intoResponse:] + 182\n\t3   WebDriverAgentLib                   0x0000000108e1f5cb __37-[FBWebServer registerRouteHandlers:]_block_invoke + 555\n\t4   RoutingHTTPServer                   0x0000000108f29c53 -[RoutingHTTPServer handleRoute:withRequest:response:] + 136\n\t5   RoutingHTTPServer                   0x0000000108f2a566 __72-[RoutingHTTPServer routeMethod:withPath:parameters:request:connection:]_block_invoke + 47\n\t6   libdispatch.dylib                   0x00007fff519de7b9 _dispatch_client_callout + 8\n\t7   libdispatch.dylib                   0x00007fff...
[debug] &amp#27;[35m[W3C]&amp#27;[39m Matched W3C error code 'no such element' to NoSuchElementError
[debug] &amp#27;[35m[BaseDriver]&amp#27;[39m Waited for 14574 ms so far
[debug] &amp#27;[35m[WD Proxy]&amp#27;[39m Matched '/element' to command name 'findElement'
[debug] &amp#27;[35m[WD Proxy]&amp#27;[39m Proxying [POST /element] to [POST http://127.0.0.1:8100/session/FE7740E5-B2C3-4EB5-9194-71C93B7D044E/element] with body: {"using":"accessibility id","value":"���������� ������������"}
&amp#27;[35m[WD Proxy]&amp#27;[39m Got response with status 404: {"value":{"error":"no such element","message":"unable to find an element using 'accessibility id', value '���������� ������������'","traceback":"(\n\t0   WebDriverAgentLib                   0x0000000108e5a04d FBNoSuchElementErrorResponseForRequest + 301\n\t1   WebDriverAgentLib                   0x0000000108e59df9 +[FBFindElementCommands handleFindElement:] + 425\n\t2   WebDriverAgentLib                   0x0000000108e377d6 -[FBRoute_TargetAction mountRequest:intoResponse:] + 182\n\t3   WebDriverAgentLib                   0x0000000108e1f5cb __37-[FBWebServer registerRouteHandlers:]_block_invoke + 555\n\t4   RoutingHTTPServer                   0x0000000108f29c53 -[RoutingHTTPServer handleRoute:withRequest:response:] + 136\n\t5   RoutingHTTPServer                   0x0000000108f2a566 __72-[RoutingHTTPServer routeMethod:withPath:parameters:request:connection:]_block_invoke + 47\n\t6   libdispatch.dylib                   0x00007fff519de7b9 _dispatch_client_callout + 8\n\t7   libdispatch.dylib                   0x00007fff...
[debug] &amp#27;[35m[W3C]&amp#27;[39m Matched W3C error code 'no such element' to NoSuchElementError
[debug] &amp#27;[35m[BaseDriver]&amp#27;[39m Waited for 15156 ms so far
[debug] &amp#27;[35m[WD Proxy]&amp#27;[39m Matched '/element' to command name 'findElement'
[debug] &amp#27;[35m[WD Proxy]&amp#27;[39m Proxying [POST /element] to [POST http://127.0.0.1:8100/session/FE7740E5-B2C3-4EB5-9194-71C93B7D044E/element] with body: {"using":"accessibility id","value":"���������� ������������"}
&amp#27;[35m[WD Proxy]&amp#27;[39m Got response with status 404: {"value":{"error":"no such element","message":"unable to find an element using 'accessibility id', value '���������� ������������'","traceback":"(\n\t0   WebDriverAgentLib                   0x0000000108e5a04d FBNoSuchElementErrorResponseForRequest + 301\n\t1   WebDriverAgentLib                   0x0000000108e59df9 +[FBFindElementCommands handleFindElement:] + 425\n\t2   WebDriverAgentLib                   0x0000000108e377d6 -[FBRoute_TargetAction mountRequest:intoResponse:] + 182\n\t3   WebDriverAgentLib                   0x0000000108e1f5cb __37-[FBWebServer registerRouteHandlers:]_block_invoke + 555\n\t4   RoutingHTTPServer                   0x0000000108f29c53 -[RoutingHTTPServer handleRoute:withRequest:response:] + 136\n\t5   RoutingHTTPServer                   0x0000000108f2a566 __72-[RoutingHTTPServer routeMethod:withPath:parameters:request:connection:]_block_invoke + 47\n\t6   libdispatch.dylib                   0x00007fff519de7b9 _dispatch_client_callout + 8\n\t7   libdispatch.dylib                   0x00007fff...
[debug] &amp#27;[35m[W3C]&amp#27;[39m Matched W3C error code 'no such element' to NoSuchElementError
[debug] &amp#27;[35m[BaseDriver]&amp#27;[39m Waited for 15732 ms so far
[debug] &amp#27;[35m[WD Proxy]&amp#27;[39m Matched '/element' to command name 'findElement'
[debug] &amp#27;[35m[WD Proxy]&amp#27;[39m Proxying [POST /element] to [POST http://127.0.0.1:8100/session/FE7740E5-B2C3-4EB5-9194-71C93B7D044E/element] with body: {"using":"accessibility id","value":"���������� ������������"}
&amp#27;[35m[WD Proxy]&amp#27;[39m Got response with status 404: {"value":{"error":"no such element","message":"unable to find an element using 'accessibility id', value '���������� ������������'","traceback":"(\n\t0   WebDriverAgentLib                   0x0000000108e5a04d FBNoSuchElementErrorResponseForRequest + 301\n\t1   WebDriverAgentLib                   0x0000000108e59df9 +[FBFindElementCommands handleFindElement:] + 425\n\t2   WebDriverAgentLib                   0x0000000108e377d6 -[FBRoute_TargetAction mountRequest:intoResponse:] + 182\n\t3   WebDriverAgentLib                   0x0000000108e1f5cb __37-[FBWebServer registerRouteHandlers:]_block_invoke + 555\n\t4   RoutingHTTPServer                   0x0000000108f29c53 -[RoutingHTTPServer handleRoute:withRequest:response:] + 136\n\t5   RoutingHTTPServer                   0x0000000108f2a566 __72-[RoutingHTTPServer routeMethod:withPath:parameters:request:connection:]_block_invoke + 47\n\t6   libdispatch.dylib                   0x00007fff519de7b9 _dispatch_client_callout + 8\n\t7   libdispatch.dylib                   0x00007fff...
[debug] &amp#27;[35m[W3C]&amp#27;[39m Matched W3C error code 'no such element' to NoSuchElementError
[debug] &amp#27;[35m[BaseDriver]&amp#27;[39m Waited for 16312 ms so far
[debug] &amp#27;[35m[WD Proxy]&amp#27;[39m Matched '/element' to command name 'findElement'
[debug] &amp#27;[35m[WD Proxy]&amp#27;[39m Proxying [POST /element] to [POST http://127.0.0.1:8100/session/FE7740E5-B2C3-4EB5-9194-71C93B7D044E/element] with body: {"using":"accessibility id","value":"���������� ������������"}
&amp#27;[35m[WD Proxy]&amp#27;[39m Got response with status 404: {"value":{"error":"no such element","message":"unable to find an element using 'accessibility id', value '���������� ������������'","traceback":"(\n\t0   WebDriverAgentLib                   0x0000000108e5a04d FBNoSuchElementErrorResponseForRequest + 301\n\t1   WebDriverAgentLib                   0x0000000108e59df9 +[FBFindElementCommands handleFindElement:] + 425\n\t2   WebDriverAgentLib                   0x0000000108e377d6 -[FBRoute_TargetAction mountRequest:intoResponse:] + 182\n\t3   WebDriverAgentLib                   0x0000000108e1f5cb __37-[FBWebServer registerRouteHandlers:]_block_invoke + 555\n\t4   RoutingHTTPServer                   0x0000000108f29c53 -[RoutingHTTPServer handleRoute:withRequest:response:] + 136\n\t5   RoutingHTTPServer                   0x0000000108f2a566 __72-[RoutingHTTPServer routeMethod:withPath:parameters:request:connection:]_block_invoke + 47\n\t6   libdispatch.dylib                   0x00007fff519de7b9 _dispatch_client_callout + 8\n\t7   libdispatch.dylib                   0x00007fff...
[debug] &amp#27;[35m[W3C]&amp#27;[39m Matched W3C error code 'no such element' to NoSuchElementError
[debug] &amp#27;[35m[BaseDriver]&amp#27;[39m Waited for 16890 ms so far
[debug] &amp#27;[35m[WD Proxy]&amp#27;[39m Matched '/element' to command name 'findElement'
[debug] &amp#27;[35m[WD Proxy]&amp#27;[39m Proxying [POST /element] to [POST http://127.0.0.1:8100/session/FE7740E5-B2C3-4EB5-9194-71C93B7D044E/element] with body: {"using":"accessibility id","value":"���������� ������������"}
&amp#27;[35m[WD Proxy]&amp#27;[39m Got response with status 404: {"value":{"error":"no such element","message":"unable to find an element using 'accessibility id', value '���������� ������������'","traceback":"(\n\t0   WebDriverAgentLib                   0x0000000108e5a04d FBNoSuchElementErrorResponseForRequest + 301\n\t1   WebDriverAgentLib                   0x0000000108e59df9 +[FBFindElementCommands handleFindElement:] + 425\n\t2   WebDriverAgentLib                   0x0000000108e377d6 -[FBRoute_TargetAction mountRequest:intoResponse:] + 182\n\t3   WebDriverAgentLib                   0x0000000108e1f5cb __37-[FBWebServer registerRouteHandlers:]_block_invoke + 555\n\t4   RoutingHTTPServer                   0x0000000108f29c53 -[RoutingHTTPServer handleRoute:withRequest:response:] + 136\n\t5   RoutingHTTPServer                   0x0000000108f2a566 __72-[RoutingHTTPServer routeMethod:withPath:parameters:request:connection:]_block_invoke + 47\n\t6   libdispatch.dylib                   0x00007fff519de7b9 _dispatch_client_callout + 8\n\t7   libdispatch.dylib                   0x00007fff...
[debug] &amp#27;[35m[W3C]&amp#27;[39m Matched W3C error code 'no such element' to NoSuchElementError
[debug] &amp#27;[35m[BaseDriver]&amp#27;[39m Waited for 17464 ms so far
[debug] &amp#27;[35m[WD Proxy]&amp#27;[39m Matched '/element' to command name 'findElement'
[debug] &amp#27;[35m[WD Proxy]&amp#27;[39m Proxying [POST /element] to [POST http://127.0.0.1:8100/session/FE7740E5-B2C3-4EB5-9194-71C93B7D044E/element] with body: {"using":"accessibility id","value":"���������� ������������"}
&amp#27;[35m[WD Proxy]&amp#27;[39m Got response with status 404: {"value":{"error":"no such element","message":"unable to find an element using 'accessibility id', value '���������� ������������'","traceback":"(\n\t0   WebDriverAgentLib                   0x0000000108e5a04d FBNoSuchElementErrorResponseForRequest + 301\n\t1   WebDriverAgentLib                   0x0000000108e59df9 +[FBFindElementCommands handleFindElement:] + 425\n\t2   WebDriverAgentLib                   0x0000000108e377d6 -[FBRoute_TargetAction mountRequest:intoResponse:] + 182\n\t3   WebDriverAgentLib                   0x0000000108e1f5cb __37-[FBWebServer registerRouteHandlers:]_block_invoke + 555\n\t4   RoutingHTTPServer                   0x0000000108f29c53 -[RoutingHTTPServer handleRoute:withRequest:response:] + 136\n\t5   RoutingHTTPServer                   0x0000000108f2a566 __72-[RoutingHTTPServer routeMethod:withPath:parameters:request:connection:]_block_invoke + 47\n\t6   libdispatch.dylib                   0x00007fff519de7b9 _dispatch_client_callout + 8\n\t7   libdispatch.dylib                   0x00007fff...
[debug] &amp#27;[35m[W3C]&amp#27;[39m Matched W3C error code 'no such element' to NoSuchElementError
[debug] &amp#27;[35m[BaseDriver]&amp#27;[39m Waited for 18062 ms so far
[debug] &amp#27;[35m[WD Proxy]&amp#27;[39m Matched '/element' to command name 'findElement'
[debug] &amp#27;[35m[WD Proxy]&amp#27;[39m Proxying [POST /element] to [POST http://127.0.0.1:8100/session/FE7740E5-B2C3-4EB5-9194-71C93B7D044E/element] with body: {"using":"accessibility id","value":"���������� ������������"}
&amp#27;[35m[WD Proxy]&amp#27;[39m Got response with status 404: {"value":{"error":"no such element","message":"unable to find an element using 'accessibility id', value '���������� ������������'","traceback":"(\n\t0   WebDriverAgentLib                   0x0000000108e5a04d FBNoSuchElementErrorResponseForRequest + 301\n\t1   WebDriverAgentLib                   0x0000000108e59df9 +[FBFindElementCommands handleFindElement:] + 425\n\t2   WebDriverAgentLib                   0x0000000108e377d6 -[FBRoute_TargetAction mountRequest:intoResponse:] + 182\n\t3   WebDriverAgentLib                   0x0000000108e1f5cb __37-[FBWebServer registerRouteHandlers:]_block_invoke + 555\n\t4   RoutingHTTPServer                   0x0000000108f29c53 -[RoutingHTTPServer handleRoute:withRequest:response:] + 136\n\t5   RoutingHTTPServer                   0x0000000108f2a566 __72-[RoutingHTTPServer routeMethod:withPath:parameters:request:connection:]_block_invoke + 47\n\t6   libdispatch.dylib                   0x00007fff519de7b9 _dispatch_client_callout + 8\n\t7   libdispatch.dylib                   0x00007fff...
[debug] &amp#27;[35m[W3C]&amp#27;[39m Matched W3C error code 'no such element' to NoSuchElementError
[debug] &amp#27;[35m[BaseDriver]&amp#27;[39m Waited for 18643 ms so far
[debug] &amp#27;[35m[WD Proxy]&amp#27;[39m Matched '/element' to command name 'findElement'
[debug] &amp#27;[35m[WD Proxy]&amp#27;[39m Proxying [POST /element] to [POST http://127.0.0.1:8100/session/FE7740E5-B2C3-4EB5-9194-71C93B7D044E/element] with body: {"using":"accessibility id","value":"���������� ������������"}
&amp#27;[35m[WD Proxy]&amp#27;[39m Got response with status 404: {"value":{"error":"no such element","message":"unable to find an element using 'accessibility id', value '���������� ������������'","traceback":"(\n\t0   WebDriverAgentLib                   0x0000000108e5a04d FBNoSuchElementErrorResponseForRequest + 301\n\t1   WebDriverAgentLib                   0x0000000108e59df9 +[FBFindElementCommands handleFindElement:] + 425\n\t2   WebDriverAgentLib                   0x0000000108e377d6 -[FBRoute_TargetAction mountRequest:intoResponse:] + 182\n\t3   WebDriverAgentLib                   0x0000000108e1f5cb __37-[FBWebServer registerRouteHandlers:]_block_invoke + 555\n\t4   RoutingHTTPServer                   0x0000000108f29c53 -[RoutingHTTPServer handleRoute:withRequest:response:] + 136\n\t5   RoutingHTTPServer                   0x0000000108f2a566 __72-[RoutingHTTPServer routeMethod:withPath:parameters:request:connection:]_block_invoke + 47\n\t6   libdispatch.dylib                   0x00007fff519de7b9 _dispatch_client_callout + 8\n\t7   libdispatch.dylib                   0x00007fff...
[debug] &amp#27;[35m[W3C]&amp#27;[39m Matched W3C error code 'no such element' to NoSuchElementError
[debug] &amp#27;[35m[BaseDriver]&amp#27;[39m Waited for 19226 ms so far
[debug] &amp#27;[35m[WD Proxy]&amp#27;[39m Matched '/element' to command name 'findElement'
[debug] &amp#27;[35m[WD Proxy]&amp#27;[39m Proxying [POST /element] to [POST http://127.0.0.1:8100/session/FE7740E5-B2C3-4EB5-9194-71C93B7D044E/element] with body: {"using":"accessibility id","value":"���������� ������������"}
&amp#27;[35m[WD Proxy]&amp#27;[39m Got response with status 404: {"value":{"error":"no such element","message":"unable to find an element using 'accessibility id', value '���������� ������������'","traceback":"(\n\t0   WebDriverAgentLib                   0x0000000108e5a04d FBNoSuchElementErrorResponseForRequest + 301\n\t1   WebDriverAgentLib                   0x0000000108e59df9 +[FBFindElementCommands handleFindElement:] + 425\n\t2   WebDriverAgentLib                   0x0000000108e377d6 -[FBRoute_TargetAction mountRequest:intoResponse:] + 182\n\t3   WebDriverAgentLib                   0x0000000108e1f5cb __37-[FBWebServer registerRouteHandlers:]_block_invoke + 555\n\t4   RoutingHTTPServer                   0x0000000108f29c53 -[RoutingHTTPServer handleRoute:withRequest:response:] + 136\n\t5   RoutingHTTPServer                   0x0000000108f2a566 __72-[RoutingHTTPServer routeMethod:withPath:parameters:request:connection:]_block_invoke + 47\n\t6   libdispatch.dylib                   0x00007fff519de7b9 _dispatch_client_callout + 8\n\t7   libdispatch.dylib                   0x00007fff...
[debug] &amp#27;[35m[W3C]&amp#27;[39m Matched W3C error code 'no such element' to NoSuchElementError
[debug] &amp#27;[35m[BaseDriver]&amp#27;[39m Waited for 19800 ms so far
[debug] &amp#27;[35m[WD Proxy]&amp#27;[39m Matched '/element' to command name 'findElement'
[debug] &amp#27;[35m[WD Proxy]&amp#27;[39m Proxying [POST /element] to [POST http://127.0.0.1:8100/session/FE7740E5-B2C3-4EB5-9194-71C93B7D044E/element] with body: {"using":"accessibility id","value":"���������� ������������"}
&amp#27;[35m[WD Proxy]&amp#27;[39m Got response with status 404: {"value":{"error":"no such element","message":"unable to find an element using 'accessibility id', value '���������� ������������'","traceback":"(\n\t0   WebDriverAgentLib                   0x0000000108e5a04d FBNoSuchElementErrorResponseForRequest + 301\n\t1   WebDriverAgentLib                   0x0000000108e59df9 +[FBFindElementCommands handleFindElement:] + 425\n\t2   WebDriverAgentLib                   0x0000000108e377d6 -[FBRoute_TargetAction mountRequest:intoResponse:] + 182\n\t3   WebDriverAgentLib                   0x0000000108e1f5cb __37-[FBWebServer registerRouteHandlers:]_block_invoke + 555\n\t4   RoutingHTTPServer                   0x0000000108f29c53 -[RoutingHTTPServer handleRoute:withRequest:response:] + 136\n\t5   RoutingHTTPServer                   0x0000000108f2a566 __72-[RoutingHTTPServer routeMethod:withPath:parameters:request:connec]]></system-out>
  </testcase>
  <testcase name="LogoutFromApp" classname="smokeTest.SmokeTest" time="26.506">
    <failure message="Can&apos;t locate an element by this strategy: By.chained({By.AccessibilityId: تسجيل الدخول})" type="org.openqa.selenium.NoSuchElementException"><![CDATA[org.openqa.selenium.NoSuchElementException: Can't locate an element by this strategy: By.chained({By.AccessibilityId: تسجيل الدخول})
	at smokeTest.SmokeTest.LogoutFromApp(SmokeTest.java:413)
Caused by: org.openqa.selenium.TimeoutException: Expected condition failed: waiting for io.appium.java_client.pagefactory.AppiumElementLocator$WaitingFunction@4baf352a (tried for 1 second(s) with 500 milliseconds interval)
	at smokeTest.SmokeTest.LogoutFromApp(SmokeTest.java:413)
Caused by: org.openqa.selenium.NoSuchElementException: 
Cannot locate an element using By.chained({By.AccessibilityId: تسجيل الدخول})
For documentation on this error, please visit: https://www.seleniumhq.org/exceptions/no_such_element.html
Build info: version: '3.141.59', revision: 'e82be7d358', time: '2018-11-14T08:17:03'
System info: host: 'imrans-MBP', ip: 'fe80:0:0:0:aa:a39f:3722:94b6%en0', os.name: 'Mac OS X', os.arch: 'x86_64', os.version: '10.14.5', java.version: '1.8.0_231'
Driver info: driver.version: IOSDriver
	at smokeTest.SmokeTest.LogoutFromApp(SmokeTest.java:413)
]]></failure>
    <system-out><![CDATA[tion:]_block_invoke + 47\n\t6   libdispatch.dylib                   0x00007fff519de7b9 _dispatch_client_callout + 8\n\t7   libdispatch.dylib                   0x00007fff...
[debug] &amp#27;[35m[W3C]&amp#27;[39m Matched W3C error code 'no such element' to NoSuchElementError
[debug] &amp#27;[35m[W3C (26255f9c)]&amp#27;[39m Encountered internal error running command: NoSuchElementError: An element could not be located on the page using the given search parameters.
[debug] &amp#27;[35m[W3C (26255f9c)]&amp#27;[39m     at XCUITestDriver.doNativeFind (/usr/local/lib/node_modules/appium/node_modules/appium-xcuitest-driver/lib/commands/find.js:126:11)
&amp#27;[35m[HTTP]&amp#27;[39m &amp#27;[37m<-- POST /wd/hub/session/26255f9c-9f7a-4f75-98c9-83c1e78aa016/element &amp#27;[39m&amp#27;[33m404&amp#27;[39m &amp#27;[90m20378 ms - 379&amp#27;[39m
&amp#27;[35m[HTTP]&amp#27;[39m &amp#27;[90m&amp#27;[39m
&amp#27;[35m[HTTP]&amp#27;[39m &amp#27;[37m-->&amp#27;[39m &amp#27;[37mGET&amp#27;[39m &amp#27;[37m/wd/hub/session/26255f9c-9f7a-4f75-98c9-83c1e78aa016/screenshot&amp#27;[39m
&amp#27;[35m[HTTP]&amp#27;[39m &amp#27;[90m{}&amp#27;[39m
[debug] &amp#27;[35m[W3C (26255f9c)]&amp#27;[39m Calling AppiumDriver.getScreenshot() with args: ["26255f9c-9f7a-4f75-98c9-83c1e78aa016"]
[debug] &amp#27;[35m[XCUITest]&amp#27;[39m Executing command 'getScreenshot'
[debug] &amp#27;[35m[XCUITest]&amp#27;[39m Taking screenshot with WDA
[debug] &amp#27;[35m[WD Proxy]&amp#27;[39m Matched '/screenshot' to command name 'getScreenshot'
[debug] &amp#27;[35m[WD Proxy]&amp#27;[39m Proxying [GET /screenshot] to [GET http://127.0.0.1:8100/session/FE7740E5-B2C3-4EB5-9194-71C93B7D044E/screenshot] with no body
[debug] &amp#27;[35m[WD Proxy]&amp#27;[39m Got response with status 200: {
[debug] &amp#27;[35m[WD Proxy]&amp#27;[39m   "value" : "iVBORw0KGgoAAAANSUhEUgAAAu4AAAU2CAIAAABFtaRRAAAAAXNSR0IArs4c6QAA\r\nAERlWElmTU0AKgAAAAgAAYdpAAQAAAABAAAAGgAAAAAAA6ABAAMAAAABAAEAAKAC\r\nAAQAAAABAAAC7qADAAQAAAABAAAFNgAAAACw0axrAAAAHGlET1QAAAACAAAAAAAA\r\nApsAAAAoAAACmwAAApsAB\/plV2GrqAAAQABJREFUeAHsvQecHWd1\/z2rrtXuaotW\r\nq93by8y9M7f3u1WSZQw2EJJQQsehg+kQWugYjHHvlo27jZtc1Hvf3rsk25Dkn5e8\r\nSSjG2Ljb9\/89M7uLcMPiffP5xNb48\/hqduaZmWfOzDnP79RHGfPFT6hNe0NTXn3E\r\nHxnxxyc8ySl3esLLFaKDQX1ADY0E1HF\/aMJHn8iUJzrlObGLMxKuZl5QThz2zzTu\r\nRRv3SpMOniRt3CuNP9lJz8FAvF+NDwRlw+rPFeY2rBP\/ivGMe7K0EV\/aamPetNyU\r\nB\/fISLisjDMQnWtHXelpt\/QZ9icZT48mjQ1GRc8pT3LabRLNwwWzw76sNcKX++UU\r\nu9kUeAUKDAfgxAgMKDwYkO+\/V4sOBKPsnDB5cNptfnWu7FFn9pgj1x9MSlPli4VJ\r\npz2cbp3IF5uGnflEhZuCETh6OBiic6+a7NHkLD74o+74tCc64eX6cgW+W8ZGf3ND\r\n+HEgkOY6bPCdc2sanRkbnQeD8ss2vHPMFX\/AGX\/IEUdWTHv0Y64IVx7xyRjGvMJx\r\ng+Z1xnxJmsXUDOyYMzmGePFGjrrYzk64c3TmYQdUIcK4LzoOe1rcypAC+lhA\/UVj\r\n8wOOnIzZp0\/5VGQXcmnCI4OUW0C9gM4YOMqDMIBXILV9yKbA654CTFuDAThO5i\/4\r\nFP61ZIslK6a8IQDAMbf89obUw4YKy8DsJj9KfyZ...
[debug] &amp#27;[35m[W3C (26255f9c)]&amp#27;[39m Responding to client with driver.getScreenshot() result: "iVBORw0KGgoAAAANSUhEUgAAAu4AAAU2CAIAAABFtaRRAAAAAXNSR0IArs4c6QAA\r\nAERlWElmTU0AKgAAAAgAAYdpAAQAAAABAAAAGgAAAAAAA6ABAAMAAAABAAEAAKAC\r\nAAQAAAABAAAC7qADAAQAAAABAAAFNgAAAACw0axrAAAAHGlET1QAAAACAAAAAAAA\r\nApsAAAAoAAACmwAAApsAB/plV2GrqAAAQABJREFUeAHsvQecHWd1/z2rrtXuaotW\r\nq93by8y9M7f3u1WSZQw2EJJQQsehg+kQWugYjHHvlo27jZtc1Hvf3rsk25Dkn5e8\r\nSSjG2Ljb9/89M7uLcMPiffP5xNb48/hqduaZmWfOzDnP79RHGfPFT6hNe0NTXn3E\r\nHxnxxyc8ySl3esLLFaKDQX1ADY0E1HF/aMJHn8iUJzrlObGLMxKuZl5QThz2zzTu\r\nRRv3SpMOniRt3CuNP9lJz8FAvF+NDwRlw+rPFeY2rBP/ivGMe7K0EV/aamPetNyU\r\nB/fISLisjDMQnWtHXelpt/QZ9icZT48mjQ1GRc8pT3LabRLNwwWzw76sNcKX++UU\r\nu9kUeAUKDAfgxAgMKDwYkO+/V4sOBKPsnDB5cNptfnWu7FFn9pgj1x9MSlPli4VJ\r\npz2cbp3IF5uGnflEhZuCETh6OBiic6+a7NHkLD74o+74tCc64eX6cgW+W8ZGf3ND\r\n+HEgkOY6bPCdc2sanRkbnQeD8ss2vHPMFX/AGX/IEUdWTHv0Y64IVx7xyRjGvMJx\r\ng+Z1xnxJmsXUDOyYMzmGePFGjrrYzk64c3TmYQdUIcK4LzoOe1rcypAC+lhA/UVj\r\n8wOOnIzZp0/5VGQXcmnCI4OUW0C9gM4YOMqDMIBXILV9yKbA654CTFuDAThO5i/4\r\nFP61ZIslK6a8IQDAMbf89obUw4YKy8DsJj9KfyZEpBACgSkSCQCjCS/7melyY57C\r\n...
&amp#27;[35m[HTTP]&amp#27;[39m &amp#27;[37m<-- GET /wd/hub/session/26255f9c-9f7a-4f75-98c9-83c1e78aa016/screenshot &amp#27;[39m&amp#27;[32m200&amp#27;[39m &amp#27;[90m96 ms - 1045320&amp#27;[39m
&amp#27;[35m[HTTP]&amp#27;[39m &amp#27;[90m&amp#27;[39m
&amp#27;[35m[HTTP]&amp#27;[39m &amp#27;[37m-->&amp#27;[39m &amp#27;[37mPOST&amp#27;[39m &amp#27;[37m/wd/hub/session/26255f9c-9f7a-4f75-98c9-83c1e78aa016/appium/app/reset&amp#27;[39m
&amp#27;[35m[HTTP]&amp#27;[39m &amp#27;[90m{}&amp#27;[39m
[debug] &amp#27;[35m[W3C (26255f9c)]&amp#27;[39m Calling AppiumDriver.reset() with args: ["26255f9c-9f7a-4f75-98c9-83c1e78aa016"]
[debug] &amp#27;[35m[XCUITest]&amp#27;[39m Executing command 'reset'
[debug] &amp#27;[35m[BaseDriver]&amp#27;[39m Resetting app mid-session
[debug] &amp#27;[35m[BaseDriver]&amp#27;[39m Running generic full reset
[debug] &amp#27;[35m[WD Proxy]&amp#27;[39m Matched '/session/26255f9c-9f7a-4f75-98c9-83c1e78aa016' to command name 'deleteSession'
[debug] &amp#27;[35m[WD Proxy]&amp#27;[39m Proxying [DELETE /session/26255f9c-9f7a-4f75-98c9-83c1e78aa016] to [DELETE http://127.0.0.1:8100/session/FE7740E5-B2C3-4EB5-9194-71C93B7D044E] with no body
[debug] &amp#27;[35m[WD Proxy]&amp#27;[39m Got response with status 200: {
[debug] &amp#27;[35m[WD Proxy]&amp#27;[39m   "value" : null,
[debug] &amp#27;[35m[WD Proxy]&amp#27;[39m   "sessionId" : "A0D6C741-1973-45A3-98E2-65FB1515D0B8"
[debug] &amp#27;[35m[WD Proxy]&amp#27;[39m }
&amp#27;[35m[DevCon Factory]&amp#27;[39m Releasing connections for 24A5DE6C-3031-4FCA-9C40-D8B2E52520E8 device on any port number
&amp#27;[35m[DevCon Factory]&amp#27;[39m Found cached connections to release: ["24A5DE6C-3031-4FCA-9C40-D8B2E52520E8:8100"]
[debug] &amp#27;[35m[DevCon Factory]&amp#27;[39m Cached connections count: 0
[debug] &amp#27;[35m[XCUITest]&amp#27;[39m Did not find the temporary XCTest logs root at '/var/folders/b3/y32ql80n7w1cgryz_wrszd900000gn/T/com.apple.dt.XCTest*/'
&amp#27;[35m[XCUITest]&amp#27;[39m Cleaning test logs in '/Users/imranmoqbel/Library/Developer/Xcode/DerivedData/WebDriverAgent-ciegwgvxzxdrqthilmrmczmqvrgu/Logs' folder
[debug] &amp#27;[35m[iOS]&amp#27;[39m Clearing log files
[debug] &amp#27;[35m[iOS]&amp#27;[39m Deleting '/Users/imranmoqbel/Library/Developer/Xcode/DerivedData/WebDriverAgent-ciegwgvxzxdrqthilmrmczmqvrgu/Logs'. Freeing 12K.
[debug] &amp#27;[35m[iOS]&amp#27;[39m Finished clearing log files
[debug] &amp#27;[35m[IOSSimulatorLog]&amp#27;[39m Stopping iOS log capture
[debug] &amp#27;[35m[BaseDriver]&amp#27;[39m Restarting app
[debug] &amp#27;[35m[BaseDriver]&amp#27;[39m Creating session with W3C capabilities: {
[debug] &amp#27;[35m[BaseDriver]&amp#27;[39m   "alwaysMatch": {
[debug] &amp#27;[35m[BaseDriver]&amp#27;[39m     "platformName": "ios",
[debug] &amp#27;[35m[BaseDriver]&amp#27;[39m     "app": "/Users/imranmoqbel/Documents/WaseetiOSAutomation/WaseetiOSAutomation-Intellij/src/WaseetApr20.app",
[debug] &amp#27;[35m[BaseDriver]&amp#27;[39m     "automationName": "XCUITest",
[debug] &amp#27;[35m[BaseDriver]&amp#27;[39m     "clearSystemFiles": true,
[debug] &amp#27;[35m[BaseDriver]&amp#27;[39m     "deviceName": "iPhone8",
[debug] &amp#27;[35m[BaseDriver]&amp#27;[39m     "newCommandTimeout": 100000,
[debug] &amp#27;[35m[BaseDriver]&amp#27;[39m     "platformVersion": "13.2"
[debug] &amp#27;[35m[BaseDriver]&amp#27;[39m   },
[debug] &amp#27;[35m[BaseDriver]&amp#27;[39m   "firstMatch": [
[debug] &amp#27;[35m[BaseDriver]&amp#27;[39m     {}
[debug] &amp#27;[35m[BaseDriver]&amp#27;[39m   ]
[debug] &amp#27;[35m[BaseDriver]&amp#27;[39m }
&amp#27;[35m[BaseDriver]&amp#27;[39m The following capabilities are not standard capabilities and should have an extension prefix:
&amp#27;[35m[BaseDriver]&amp#27;[39m   app
&amp#27;[35m[BaseDriver]&amp#27;[39m   automationName
&amp#27;[35m[BaseDriver]&amp#27;[39m   clearSystemFiles
&amp#27;[35m[BaseDriver]&amp#27;[39m   deviceName
&amp#27;[35m[BaseDriver]&amp#27;[39m   newCommandTimeout
&amp#27;[35m[BaseDriver]&amp#27;[39m   platformVersion
&amp#27;[35m[BaseDriver]&amp#27;[39m Session created with session id: 2d0ec7a7-7066-4c1e-ab2e-f710c68aa788
[debug] &amp#27;[35m[XCUITest]&amp#27;[39m Current user: 'imranmoqbel'
&amp#27;[35m[XCUITest]&amp#27;[39m iOS SDK Version set to '13.2'
&amp#27;[35m[iOSSim]&amp#27;[39m Constructing iOS simulator for Xcode version 11.2.1 with udid '24A5DE6C-3031-4FCA-9C40-D8B2E52520E8'
&amp#27;[35m[XCUITest]&amp#27;[39m Determining device to run tests on: udid: '24A5DE6C-3031-4FCA-9C40-D8B2E52520E8', real device: false
[debug] &amp#27;[35m[BaseDriver]&amp#27;[39m Event 'xcodeDetailsRetrieved' logged at 1587387746789 (16:02:26 GMT+0300 (Eastern European Summer Time))
&amp#27;[35m[BaseDriver]&amp#27;[39m Using local app '/Users/imranmoqbel/Documents/WaseetiOSAutomation/WaseetiOSAutomation-Intellij/src/WaseetApr20.app'
[debug] &amp#27;[35m[BaseDriver]&amp#27;[39m Event 'appConfigured' logged at 1587387746790 (16:02:26 GMT+0300 (Eastern European Summer Time))
[debug] &amp#27;[35m[XCUITest]&amp#27;[39m Checking whether app '/Users/imranmoqbel/Documents/WaseetiOSAutomation/WaseetiOSAutomation-Intellij/src/WaseetApr20.app' is actually present on file system
[debug] &amp#27;[35m[XCUITest]&amp#27;[39m App is present
[debug] &amp#27;[35m[iOS]&amp#27;[39m Getting bundle ID from app '/Users/imranmoqbel/Documents/WaseetiOSAutomation/WaseetiOSAutomation-Intellij/src/WaseetApr20.app': 'com.awi.waseet-classifieds-ios'
[debug] &amp#27;[35m[BaseDriver]&amp#27;[39m Event 'resetStarted' logged at 1587387746790 (16:02:26 GMT+0300 (Eastern European Summer Time))
&amp#27;[35m[XCUITest]&amp#27;[39m Not scrubbing third party app in anticipation of uninstall
[debug] &amp#27;[35m[BaseDriver]&amp#27;[39m Event 'resetComplete' logged at 1587387747195 (16:02:27 GMT+0300 (Eastern European Summer Time))
[debug] &amp#27;[35m[IOSSimulatorLog]&amp#27;[39m Starting log capture for iOS Simulator with udid '24A5DE6C-3031-4FCA-9C40-D8B2E52520E8' using simctl
[debug] &amp#27;[35m[BaseDriver]&amp#27;[39m Event 'logCaptureStarted' logged at 1587387747690 (16:02:27 GMT+0300 (Eastern European Summer Time))
&amp#27;[35m[XCUITest]&amp#27;[39m Setting up simulator
[debug] &amp#27;[35m[iOS]&amp#27;[39m No reason to set locale
[debug] &amp#27;[35m[iOS]&amp#27;[39m No iOS / app preferences to set
[debug] &amp#27;[35m[iOS]&amp#27;[39m Setting did not need to be updated
[debug] &amp#27;[35m[iOSSim]&amp#27;[39m Setting preferences of 24A5DE6C-3031-4FCA-9C40-D8B2E52520E8 Simulator to {"ConnectHardwareKeyboard":false}
[debug] &amp#27;[35m[iOSSim]&amp#27;[39m Setting common Simulator preferences to {"RotateWindowWhenSignaledByGuest":true,"ConnectHardwareKeyboard":false}
[debug] &amp#27;[35m[iOSSim]&amp#27;[39m Updated 24A5DE6C-3031-4FCA-9C40-D8B2E52520E8 Simulator preferences at '/Users/imranmoqbel/Library/Preferences/com.apple.iphonesimulator.plist' with {"DevicePreferences":{"24A5DE6C-3031-4FCA-9C40-D8B2E52520E8":{"ConnectHardwareKeyboard":false}},"RotateWindowWhenSignaledByGuest":true,"ConnectHardwareKeyboard":false}
[debug] &amp#27;[35m[iOSSim]&amp#27;[39m Got Simulator UI client PID: 5138
&amp#27;[35m[iOSSim]&amp#27;[39m Both Simulator with UDID '24A5DE6C-3031-4FCA-9C40-D8B2E52520E8' and the UI client are currently running
[debug] &amp#27;[35m[BaseDriver]&amp#27;[39m Event 'simStarted' logged at 1587387747928 (16:02:27 GMT+0300 (Eastern European Summer Time))
[debug] &amp#27;[35m[XCUITest]&amp#27;[39m Verifying application platform
[debug] &amp#27;[35m[XCUITest]&amp#27;[39m CFBundleSupportedPlatforms: ["iPhoneSimulator"]
[debug] &amp#27;[35m[XCUITest]&amp#27;[39m Reset requested. Removing app with id 'com.awi.waseet-classifieds-ios' from the device
[debug] &amp#27;[35m[XCUITest]&amp#27;[39m Installing '/Users/imranmoqbel/Documents/WaseetiOSAutomation/WaseetiOSAutomation-Intellij/src/WaseetApr20.app' on Simulator with UUID '24A5DE6C-3031-4FCA-9C40-D8B2E52520E8'...
[debug] &amp#27;[35m[XCUITest]&amp#27;[39m The app has been installed successfully.
[debug] &amp#27;[35m[BaseDriver]&amp#27;[39m Event 'appInstalled' logged at 1587387751280 (16:02:31 GMT+0300 (Eastern European Summer Time))
&amp#27;[35m[WebDriverAgent]&amp#27;[39m Using WDA path: '/usr/local/lib/node_modules/appium/node_modules/appium-webdriveragent'
&amp#27;[35m[WebDriverAgent]&amp#27;[39m Using WDA agent: '/usr/local/lib/node_modules/appium/node_modules/appium-webdriveragent/WebDriverAgent.xcodeproj'
[debug] &amp#27;[35m[WebDriverAgent]&amp#27;[39m No obsolete cached processes from previous WDA sessions listening on port 8100 have been found
&amp#27;[35m[DevCon Factory]&amp#27;[39m Requesting connection for device 24A5DE6C-3031-4FCA-9C40-D8B2E52520E8 on local port 8100, device port 8100
[debug] &amp#27;[35m[DevCon Factory]&amp#27;[39m Cached connections count: 0
&amp#27;[35m[DevCon Factory]&amp#27;[39m Successfully requested the connection for 24A5DE6C-3031-4FCA-9C40-D8B2E52520E8:8100
[debug] &amp#27;[35m[XCUITest]&amp#27;[39m Starting WebDriverAgent initialization with the synchronization key 'XCUITestDriver'
[debug] &amp#27;[35m[WD Proxy]&amp#27;[39m Matched '/status' to command name 'getStatus'
[debug] &amp#27;[35m[WD Proxy]&amp#27;[39m Proxying [GET /status] to [GET http://127.0.0.1:8100/status] with no body
[debug] &amp#27;[35m[WD Proxy]&amp#27;[39m Got response with status 200: {
[debug] &amp#27;[35m[WD Proxy]&amp#27;[39m   "value" : {
[debug] &amp#27;[35m[WD Proxy]&amp#27;[39m     "message" : "WebDriverAgent is ready to accept commands",
[debug] &amp#27;[35m[WD Proxy]&amp#27;[39m     "state" : "success",
[debug] &amp#27;[35m[WD Proxy]&amp#27;[39m     "os" : {
[debug] &amp#27;[35m[WD Proxy]&amp#27;[39m       "name" : "iOS",
[debug] &amp#27;[35m[WD Proxy]&amp#27;[39m       "version" : "13.2.2",
[debug] &amp#27;[35m[WD Proxy]&amp#27;[39m       "sdkVersion" : "13.0"
[debug] &amp#27;[35m[WD Proxy]&amp#27;[39m     },
[debug] &amp#27;[35m[WD Proxy]&amp#27;[39m     "ios" : {
[debug] &amp#27;[35m[WD Proxy]&amp#27;[39m       "simulatorVersion" : "13.2.2",
[debug] &amp#27;[35m[WD Proxy]&amp#27;[39m       "ip" : "192.168.1.100"
[debug] &amp#27;[35m[WD Proxy]&amp#27;[39m     },
[debug] &amp#27;[35m[WD Proxy]&amp#27;[39m     "ready" : true,
[debug] &amp#27;[35m[WD Proxy]&amp#27;[39m     "build" : {
[debug] &amp#27;[35m[WD Proxy]&amp#27;[39m       "upgradedAt" : "1587378628125",
[debug] &amp#27;[35m[WD Proxy]&amp#27;[39m       "time" : "Apr 20 2020 15:06:06",
[debug] &amp#27;[35m[WD Proxy]&amp#27;[39m       "productBundleIdentifier" : "com.facebook.WebDriverAgentRunner"
[debug] &amp#27;[35m[WD Proxy]&amp#27;[39m     }
[debug] &amp#27;[35m[WD Proxy]&amp#27;[39m   },
[debug] &amp#27;[35m[WD Proxy]&amp#27;[39m   "sessionId" : "A0D6C741-1973-45A3-98E2-65FB1515D0B8"
[debug] &amp#27;[35m[WD Proxy]&amp#27;[39m }
[debug] &amp#27;[35m[WebDriverAgent]&amp#27;[39m Upgrade timestamp of the currently bundled WDA: 1587378628125
[debug] &amp#27;[35m[WebDriverAgent]&amp#27;[39m Upgrade timestamp of the WDA on the device: 1587378628125
&amp#27;[35m[WebDriverAgent]&amp#27;[39m Will reuse previously cached WDA instance at 'http://127.0.0.1:8100/' with 'com.facebook.WebDriverAgentRunner'. Set the wdaLocalPort capability to a value different from 8100 if this is an undesired behavior.
[debug] &amp#27;[35m[XCUITest]&amp#27;[39m Trying to start WebDriverAgent 2 times with 10000ms interval
[debug] &amp#27;[35m[XCUITest]&amp#27;[39m These values can be customized by changing wdaStartupRetries/wdaStartupRetryInterval capabilities
[debug] &amp#27;[35m[BaseDriver]&amp#27;[39m Event 'wdaStartAttempted' logged at 1587387751349 (16:02:31 GMT+0300 (Eastern European Summer Time))
&amp#27;[35m[WebDriverAgent]&amp#27;[39m Using provided WebdriverAgent at 'http://127.0.0.1:8100/'
[debug] &amp#27;[35m[WD Proxy]&amp#27;[39m Matched '/status' to command name 'getStatus'
[debug] &amp#27;[35m[WD Proxy]&amp#27;[39m Proxying [GET /status] to [GET http://127.0.0.1:8100/status] with no body
[debug] &amp#27;[35m[WD Proxy]&amp#27;[39m Got response with status 200: {
[debug] &amp#27;[35m[WD Proxy]&amp#27;[39m   "value" : {
[debug] &amp#27;[35m[WD Proxy]&amp#27;[39m     "message" : "WebDriverAgent is ready to accept commands",
[debug] &amp#27;[35m[WD Proxy]&amp#27;[39m     "state" : "success",
[debug] &amp#27;[35m[WD Proxy]&amp#27;[39m     "os" : {
[debug] &amp#27;[35m[WD Proxy]&amp#27;[39m       "name" : "iOS",
[debug] &amp#27;[35m[WD Proxy]&amp#27;[39m       "version" : "13.2.2",
[debug] &amp#27;[35m[WD Proxy]&amp#27;[39m       "sdkVersion" : "13.0"
[debug] &amp#27;[35m[WD Proxy]&amp#27;[39m     },
[debug] &amp#27;[35m[WD Proxy]&amp#27;[39m     "ios" : {
[debug] &amp#27;[35m[WD Proxy]&amp#27;[39m       "simulatorVersion" : "13.2.2",
[debug] &amp#27;[35m[WD Proxy]&amp#27;[39m       "ip" : "192.168.1.100"
[debug] &amp#27;[35m[WD Proxy]&amp#27;[39m     },
[debug] &amp#27;[35m[WD Proxy]&amp#27;[39m     "ready" : true,
[debug] &amp#27;[35m[WD Proxy]&amp#27;[39m     "build" : {
[debug] &amp#27;[35m[WD Proxy]&amp#27;[39m       "upgradedAt" : "1587378628125",
[debug] &amp#27;[35m[WD Proxy]&amp#27;[39m       "time" : "Apr 20 2020 15:06:06",
[debug] &amp#27;[35m[WD Proxy]&amp#27;[39m       "productBundleIdentifier" : "com.facebook.WebDriverAgentRunner"
[debug] &amp#27;[35m[WD Proxy]&amp#27;[39m     }
[debug] &amp#27;[35m[WD Proxy]&amp#27;[39m   },
[debug] &amp#27;[35m[WD Proxy]&amp#27;[39m   "sessionId" : "A0D6C741-1973-45A3-98E2-65FB1515D0B8"
[debug] &amp#27;[35m[WD Proxy]&amp#27;[39m }
[debug] &amp#27;[35m[BaseDriver]&amp#27;[39m Event 'wdaSessionAttempted' logged at 1587387751354 (16:02:31 GMT+0300 (Eastern European Summer Time))
[debug] &amp#27;[35m[XCUITest]&amp#27;[39m Sending createSession command to WDA
[debug] &amp#27;[35m[WD Proxy]&amp#27;[39m Matched '/session' to command name 'createSession'
[debug] &amp#27;[35m[WD Proxy]&amp#27;[39m Proxying [POST /session] to [POST http://127.0.0.1:8100/session] with body: {"capabilities":{"firstMatch":[{"bundleId":"com.awi.waseet-classifieds-ios","arguments":[],"environment":{},"eventloopIdleDelaySec":0,"shouldWaitForQuiescence":true,"shouldUseTestManagerForVisibilityDetection":false,"maxTypingFrequency":60,"shouldUseSingletonTestManager":true}],"alwaysMatch":{}}}
[debug] &amp#27;[35m[WD Proxy]&amp#27;[39m Got response with status 200: {"value":{"sessionId":"A1D9F109-AD22-4078-9CB0-867FB4F28026","capabilities":{"device":"iphone","browserName":" ","sdkVersion":"13.2.2","CFBundleIdentifier":"com.apple.springboard"}},"sessionId":"A1D9F109-AD22-4078-9CB0-867FB4F28026"}
&amp#27;[35m[WD Proxy]&amp#27;[39m Determined the downstream protocol as 'W3C'
[debug] &amp#27;[35m[BaseDriver]&amp#27;[39m Event 'wdaSessionStarted' logged at 1587387759457 (16:02:39 GMT+0300 (Eastern European Summer Time))
[debug] &amp#27;[35m[WebDriverAgent]&amp#27;[39m Parsed BUILD_DIR configuration value: '/Users/imranmoqbel/Library/Developer/Xcode/DerivedData/WebDriverAgent-ciegwgvxzxdrqthilmrmczmqvrgu/Build/Products'
[debug] &amp#27;[35m[WebDriverAgent]&amp#27;[39m Got derived data root: '/Users/imranmoqbel/Library/Developer/Xcode/DerivedData/WebDriverAgent-ciegwgvxzxdrqthilmrmczmqvrgu'
[debug] &amp#27;[35m[BaseDriver]&amp#27;[39m Event 'wdaStarted' logged at 1587387760914 (16:02:40 GMT+0300 (Eastern European Summer Time))
&amp#27;[35m[XCUITest]&amp#27;[39m Skipping setting of the initial display orientation. Set the "orientation" capability to either "LANDSCAPE" or "PORTRAIT", if this is an undesired behavior.
[debug] &amp#27;[35m[BaseDriver]&amp#27;[39m Event 'orientationSet' logged at 1587387760915 (16:02:40 GMT+0300 (Eastern European Summer Time))
[debug] &amp#27;[35m[BaseDriver]&amp#27;[39m The value of 'elementResponseAttributes' setting did not change. Skipping the update for it
[debug] &amp#27;[35m[BaseDriver]&amp#27;[39m The value of 'shouldUseCompactResponses' setting did not change. Skipping the update for it
[debug] &amp#27;[35m[W3C (26255f9c)]&amp#27;[39m Responding to client with driver.reset() result: null
&amp#27;[35m[HTTP]&amp#27;[39m &amp#27;[37m<-- POST /wd/hub/session/26255f9c-9f7a-4f75-98c9-83c1e78aa016/appium/app/reset &amp#27;[39m&amp#27;[32m200&amp#27;[39m &amp#27;[90m15577 ms - 14&amp#27;[39m
&amp#27;[35m[HTTP]&amp#27;[39m &amp#27;[90m&amp#27;[39m
&amp#27;[35m[HTTP]&amp#27;[39m &amp#27;[37m-->&amp#27;[39m &amp#27;[37mGET&amp#27;[39m &amp#27;[37m/wd/hub/session/26255f9c-9f7a-4f75-98c9-83c1e78aa016/context&amp#27;[39m
&amp#27;[35m[HTTP]&amp#27;[39m &amp#27;[90m{}&amp#27;[39m
[debug] &amp#27;[35m[W3C (26255f9c)]&amp#27;[39m Calling AppiumDriver.getCurrentContext() with args: ["26255f9c-9f7a-4f75-98c9-83c1e78aa016"]
[debug] &amp#27;[35m[XCUITest]&amp#27;[39m Executing command 'getCurrentContext'
[debug] &amp#27;[35m[W3C (26255f9c)]&amp#27;[39m Responding to client with driver.getCurrentContext() result: "NATIVE_APP"
&amp#27;[35m[HTTP]&amp#27;[39m &amp#27;[37m<-- GET /wd/hub/session/26255f9c-9f7a-4f75-98c9-83c1e78aa016/context &amp#27;[39m&amp#27;[32m200&amp#27;[39m &amp#27;[90m1 ms - 22&amp#27;[39m
&amp#27;[35m[HTTP]&amp#27;[39m &amp#27;[90m&amp#27;[39m
&amp#27;[35m[HTTP]&amp#27;[39m &amp#27;[37m-->&amp#27;[39m &amp#27;[37mPOST&amp#27;[39m &amp#27;[37m/wd/hub/session/26255f9c-9f7a-4f75-98c9-83c1e78aa016/element&amp#27;[39m
&amp#27;[35m[HTTP]&amp#27;[39m &amp#27;[90m{"using":"accessibility id","value":"Allow"}&amp#27;[39m
[debug] &amp#27;[35m[W3C (26255f9c)]&amp#27;[39m Calling AppiumDriver.findElement() with args: ["accessibility id","Allow","26255f9c-9f7a-4f75-98c9-83c1e78aa016"]
[debug] &amp#27;[35m[XCUITest]&amp#27;[39m Executing command 'findElement'
[debug] &amp#27;[35m[BaseDriver]&amp#27;[39m Valid locator strategies for this request: xpath, id, name, class name, -ios predicate string, -ios class chain, accessibility id
[debug] &amp#27;[35m[BaseDriver]&amp#27;[39m Waiting up to 20000 ms for condition
[debug] &amp#27;[35m[WD Proxy]&amp#27;[39m Matched '/element' to command name 'findElement'
[debug] &amp#27;[35m[WD Proxy]&amp#27;[39m Proxying [POST /element] to [POST http://127.0.0.1:8100/session/A1D9F109-AD22-4078-9CB0-867FB4F28026/element] with body: {"using":"accessibility id","value":"Allow"}
[debug] &amp#27;[35m[WD Proxy]&amp#27;[39m Got response with status 200: {"value":{"ELEMENT":"94010000-0000-0000-6114-000000000000","element-6066-11e4-a52e-4f735466cecf":"94010000-0000-0000-6114-000000000000"},"sessionId":"A1D9F109-AD22-4078-9CB0-867FB4F28026"}
[debug] &amp#27;[35m[W3C (26255f9c)]&amp#27;[39m Responding to client with driver.findElement() result: {"element-6066-11e4-a52e-4f735466cecf":"94010000-0000-0000-6114-000000000000","ELEMENT":"94010000-0000-0000-6114-000000000000"}
&amp#27;[35m[HTTP]&amp#27;[39m &amp#27;[37m<-- POST /wd/hub/session/26255f9c-9f7a-4f75-98c9-83c1e78aa016/element &amp#27;[39m&amp#27;[32m200&amp#27;[39m &amp#27;[90m133 ms - 137&amp#27;[39m
&amp#27;[35m[HTTP]&amp#27;[39m &amp#27;[90m&amp#27;[39m
&amp#27;[35m[HTTP]&amp#27;[39m &amp#27;[37m-->&amp#27;[39m &amp#27;[37mPOST&amp#27;[39m &amp#27;[37m/wd/hub/session/26255f9c-9f7a-4f75-98c9-83c1e78aa016/element/94010000-0000-0000-6114-000000000000/click&amp#27;[39m
&amp#27;[35m[HTTP]&amp#27;[39m &amp#27;[90m{"id":"94010000-0000-0000-6114-000000000000"}&amp#27;[39m
&amp#27;[35m[W3C (26255f9c)]&amp#27;[39m Driver proxy active, passing request on via HTTP proxy
[debug] &amp#27;[35m[XCUITest]&amp#27;[39m Executing command 'proxyReqRes'
[debug] &amp#27;[35m[WD Proxy]&amp#27;[39m Matched '/wd/hub/session/26255f9c-9f7a-4f75-98c9-83c1e78aa016/element/94010000-0000-0000-6114-000000000000/click' to command name 'click'
[debug] &amp#27;[35m[WD Proxy]&amp#27;[39m Proxying [POST /wd/hub/session/26255f9c-9f7a-4f75-98c9-83c1e78aa016/element/94010000-0000-0000-6114-000000000000/click] to [POST http://127.0.0.1:8100/session/A1D9F109-AD22-4078-9CB0-867FB4F28026/element/94010000-0000-0000-6114-000000000000/click] with body: {"id":"94010000-0000-0000-6114-000000000000"}
[debug] &amp#27;[35m[WD Proxy]&amp#27;[39m Got response with status 200: {"value":null,"sessionId":"A1D9F109-AD22-4078-9CB0-867FB4F28026"}
&amp#27;[35m[WD Proxy]&amp#27;[39m Replacing sessionId A1D9F109-AD22-4078-9CB0-867FB4F28026 with 26255f9c-9f7a-4f75-98c9-83c1e78aa016
&amp#27;[35m[HTTP]&amp#27;[39m &amp#27;[37m<-- POST /wd/hub/session/26255f9c-9f7a-4f75-98c9-83c1e78aa016/element/94010000-0000-0000-6114-000000000000/click &amp#27;[39m&amp#27;[32m200&amp#27;[39m &amp#27;[90m341 ms - 65&amp#27;[39m
&amp#27;[35m[HTTP]&amp#27;[39m &amp#27;[90m&amp#27;[39m
&amp#27;[35m[HTTP]&amp#27;[39m &amp#27;[37m-->&amp#27;[39m &amp#27;[37mGET&amp#27;[39m &amp#27;[37m/wd/hub/session/26255f9c-9f7a-4f75-98c9-83c1e78aa016/context&amp#27;[39m
&amp#27;[35m[HTTP]&amp#27;[39m &amp#27;[90m{}&amp#27;[39m
[debug] &amp#27;[35m[W3C (26255f9c)]&amp#27;[39m Calling AppiumDriver.getCurrentContext() with args: ["26255f9c-9f7a-4f75-98c9-83c1e78aa016"]
[debug] &amp#27;[35m[XCUITest]&amp#27;[39m Executing command 'getCurrentContext'
[debug] &amp#27;[35m[W3C (26255f9c)]&amp#27;[39m Responding to client with driver.getCurrentContext() result: "NATIVE_APP"
&amp#27;[35m[HTTP]&amp#27;[39m &amp#27;[37m<-- GET /wd/hub/session/26255f9c-9f7a-4f75-98c9-83c1e78aa016/context &amp#27;[39m&amp#27;[32m200&amp#27;[39m &amp#27;[90m2 ms - 22&amp#27;[39m
&amp#27;[35m[HTTP]&amp#27;[39m &amp#27;[90m&amp#27;[39m
&amp#27;[35m[HTTP]&amp#27;[39m &amp#27;[37m-->&amp#27;[39m &amp#27;[37mPOST&amp#27;[39m &amp#27;[37m/wd/hub/session/26255f9c-9f7a-4f75-98c9-83c1e78aa016/element&amp#27;[39m
&amp#27;[35m[HTTP]&amp#27;[39m &amp#27;[90m{"using":"accessibility id","value":"�������� ����������"}&amp#27;[39m
[debug] &amp#27;[35m[W3C (26255f9c)]&amp#27;[39m Calling AppiumDriver.findElement() with args: ["accessibility id","�������� ����������","26255f9c-9f7a-4f75-98c9-83c1e78aa016"]
[debug] &amp#27;[35m[XCUITest]&amp#27;[39m Executing command 'findElement'
[debug] &amp#27;[35m[BaseDriver]&amp#27;[39m Valid locator strategies for this request: xpath, id, name, class name, -ios predicate string, -ios class chain, accessibility id
[debug] &amp#27;[35m[BaseDriver]&amp#27;[39m Waiting up to 20000 ms for condition
[debug] &amp#27;[35m[WD Proxy]&amp#27;[39m Matched '/element' to command name 'findElement'
[debug] &amp#27;[35m[WD Proxy]&amp#27;[39m Proxying [POST /element] to [POST http://127.0.0.1:8100/session/A1D9F109-AD22-4078-9CB0-867FB4F28026/element] with body: {"using":"accessibility id","value":"�������� ����������"}
&amp#27;[35m[WD Proxy]&amp#27;[39m Got response with status 404: {"value":{"error":"no such element","message":"unable to find an element using 'accessibility id', value '�������� ����������'","traceback":"(\n\t0   WebDriverAgentLib                   0x0000000108e5a04d FBNoSuchElementErrorResponseForRequest + 301\n\t1   WebDriverAgentLib                   0x0000000108e59df9 +[FBFindElementCommands handleFindElement:] + 425\n\t2   WebDriverAgentLib                   0x0000000108e377d6 -[FBRoute_TargetAction mountRequest:intoResponse:] + 182\n\t3   WebDriverAgentLib                   0x0000000108e1f5cb __37-[FBWebServer registerRouteHandlers:]_block_invoke + 555\n\t4   RoutingHTTPServer                   0x0000000108f29c53 -[RoutingHTTPServer handleRoute:withRequest:response:] + 136\n\t5   RoutingHTTPServer                   0x0000000108f2a566 __72-[RoutingHTTPServer routeMethod:withPath:parameters:request:connection:]_block_invoke + 47\n\t6   libdispatch.dylib                   0x00007fff519de7b9 _dispatch_client_callout + 8\n\t7   libdispatch.dylib                   0x00007fff51...
[debug] &amp#27;[35m[W3C]&amp#27;[39m Matched W3C error code 'no such element' to NoSuchElementError
[debug] &amp#27;[35m[BaseDriver]&amp#27;[39m Waited for 72 ms so far
[debug] &amp#27;[35m[WD Proxy]&amp#27;[39m Matched '/element' to command name 'findElement'
[debug] &amp#27;[35m[WD Proxy]&amp#27;[39m Proxying [POST /element] to [POST http://127.0.0.1:8100/session/A1D9F109-AD22-4078-9CB0-867FB4F28026/element] with body: {"using":"accessibility id","value":"�������� ����������"}
[debug] &amp#27;[35m[WD Proxy]&amp#27;[39m Got response with status 200: {"value":{"ELEMENT":"20000000-0000-0000-8316-000000000000","element-6066-11e4-a52e-4f735466cecf":"20000000-0000-0000-8316-000000000000"},"sessionId":"A1D9F109-AD22-4078-9CB0-867FB4F28026"}
[debug] &amp#27;[35m[W3C (26255f9c)]&amp#27;[39m Responding to client with driver.findElement() result: {"element-6066-11e4-a52e-4f735466cecf":"20000000-0000-0000-8316-000000000000","ELEMENT":"20000000-0000-0000-8316-000000000000"}
&amp#27;[35m[HTTP]&amp#27;[39m &amp#27;[37m<-- POST /wd/hub/session/26255f9c-9f7a-4f75-98c9-83c1e78aa016/element &amp#27;[39m&amp#27;[32m200&amp#27;[39m &amp#27;[90m691 ms - 137&amp#27;[39m
&amp#27;[35m[HTTP]&amp#27;[39m &amp#27;[90m&amp#27;[39m
&amp#27;[35m[HTTP]&amp#27;[39m &amp#27;[37m-->&amp#27;[39m &amp#27;[37mPOST&amp#27;[39m &amp#27;[37m/wd/hub/session/26255f9c-9f7a-4f75-98c9-83c1e78aa016/element/20000000-0000-0000-8316-000000000000/click&amp#27;[39m
&amp#27;[35m[HTTP]&amp#27;[39m &amp#27;[90m{"id":"20000000-0000-0000-8316-000000000000"}&amp#27;[39m
&amp#27;[35m[W3C (26255f9c)]&amp#27;[39m Driver proxy active, passing request on via HTTP proxy
[debug] &amp#27;[35m[XCUITest]&amp#27;[39m Executing command 'proxyReqRes'
[debug] &amp#27;[35m[WD Proxy]&amp#27;[39m Matched '/wd/hub/session/26255f9c-9f7a-4f75-98c9-83c1e78aa016/element/20000000-0000-0000-8316-000000000000/click' to command name 'click'
[debug] &amp#27;[35m[WD Proxy]&amp#27;[39m Proxying [POST /wd/hub/session/26255f9c-9f7a-4f75-98c9-83c1e78aa016/element/20000000-0000-0000-8316-000000000000/click] to [POST http://127.0.0.1:8100/session/A1D9F109-AD22-4078-9CB0-867FB4F28026/element/20000000-0000-0000-8316-000000000000/click] with body: {"id":"20000000-0000-0000-8316-000000000000"}
[debug] &amp#27;[35m[WD Proxy]&amp#27;[39m Got response with status 200: {"value":null,"sessionId":"A1D9F109-AD22-4078-9CB0-867FB4F28026"}
&amp#27;[35m[WD Proxy]&amp#27;[39m Replacing sessionId A1D9F109-AD22-4078-9CB0-867FB4F28026 with 26255f9c-9f7a-4f75-98c9-83c1e78aa016
&amp#27;[35m[HTTP]&amp#27;[39m &amp#27;[37m<-- POST /wd/hub/session/26255f9c-9f7a-4f75-98c9-83c1e78aa016/element/20000000-0000-0000-8316-000000000000/click &amp#27;[39m&amp#27;[32m200&amp#27;[39m &amp#27;[90m304 ms - 65&amp#27;[39m
&amp#27;[35m[HTTP]&amp#27;[39m &amp#27;[90m&amp#27;[39m
&amp#27;[35m[HTTP]&amp#27;[39m &amp#27;[37m-->&amp#27;[39m &amp#27;[37mGET&amp#27;[39m &amp#27;[37m/wd/hub/session/26255f9c-9f7a-4f75-98c9-83c1e78aa016/context&amp#27;[39m
&amp#27;[35m[HTTP]&amp#27;[39m &amp#27;[90m{}&amp#27;[39m
[debug] &amp#27;[35m[W3C (26255f9c)]&amp#27;[39m Calling AppiumDriver.getCurrentContext() with args: ["26255f9c-9f7a-4f75-98c9-83c1e78aa016"]
[debug] &amp#27;[35m[XCUITest]&amp#27;[39m Executing command 'getCurrentContext'
[debug] &amp#27;[35m[W3C (26255f9c)]&amp#27;[39m Responding to client with driver.getCurrentContext() result: "NATIVE_APP"
&amp#27;[35m[HTTP]&amp#27;[39m &amp#27;[37m<-- GET /wd/hub/session/26255f9c-9f7a-4f75-98c9-83c1e78aa016/context &amp#27;[39m&amp#27;[32m200&amp#27;[39m &amp#27;[90m1 ms - 22&amp#27;[39m
&amp#27;[35m[HTTP]&amp#27;[39m &amp#27;[90m&amp#27;[39m
&amp#27;[35m[HTTP]&amp#27;[39m &amp#27;[37m-->&amp#27;[39m &amp#27;[37mPOST&amp#27;[39m &amp#27;[37m/wd/hub/session/26255f9c-9f7a-4f75-98c9-83c1e78aa016/element&amp#27;[39m
&amp#27;[35m[HTTP]&amp#27;[39m &amp#27;[90m{"using":"accessibility id","value":"������������"}&amp#27;[39m
[debug] &amp#27;[35m[W3C (26255f9c)]&amp#27;[39m Calling AppiumDriver.findElement() with args: ["accessibility id","������������","26255f9c-9f7a-4f75-98c9-83c1e78aa016"]
[debug] &amp#27;[35m[XCUITest]&amp#27;[39m Executing command 'findElement'
[debug] &amp#27;[35m[BaseDriver]&amp#27;[39m Valid locator strategies for this request: xpath, id, name, class name, -ios predicate string, -ios class chain, accessibility id
[debug] &amp#27;[35m[BaseDriver]&amp#27;[39m Waiting up to 20000 ms for condition
[debug] &amp#27;[35m[WD Proxy]&amp#27;[39m Matched '/element' to command name 'findElement'
[debug] &amp#27;[35m[WD Proxy]&amp#27;[39m Proxying [POST /element] to [POST http://127.0.0.1:8100/session/A1D9F109-AD22-4078-9CB0-867FB4F28026/element] with body: {"using":"accessibility id","value":"������������"}
&amp#27;[35m[WD Proxy]&amp#27;[39m Got response with status 404: {"value":{"error":"no such element","message":"unable to find an element using 'accessibility id', value '������������'","traceback":"(\n\t0   WebDriverAgentLib                   0x0000000108e5a04d FBNoSuchElementErrorResponseForRequest + 301\n\t1   WebDriverAgentLib                   0x0000000108e59df9 +[FBFindElementCommands handleFindElement:] + 425\n\t2   WebDriverAgentLib                   0x0000000108e377d6 -[FBRoute_TargetAction mountRequest:intoResponse:] + 182\n\t3   WebDriverAgentLib                   0x0000000108e1f5cb __37-[FBWebServer registerRouteHandlers:]_block_invoke + 555\n\t4   RoutingHTTPServer                   0x0000000108f29c53 -[RoutingHTTPServer handleRoute:withRequest:response:] + 136\n\t5   RoutingHTTPServer                   0x0000000108f2a566 __72-[RoutingHTTPServer routeMethod:withPath:parameters:request:connection:]_block_invoke + 47\n\t6   libdispatch.dylib                   0x00007fff519de7b9 _dispatch_client_callout + 8\n\t7   libdispatch.dylib                   0x00007fff519eb8...
[debug] &amp#27;[35m[W3C]&amp#27;[39m Matched W3C error code 'no such element' to NoSuchElementError
[debug] &amp#27;[35m[BaseDriver]&amp#27;[39m Waited for 60 ms so far
[debug] &amp#27;[35m[WD Proxy]&amp#27;[39m Matched '/element' to command name 'findElement'
[debug] &amp#27;[35m[WD Proxy]&amp#27;[39m Proxying [POST /element] to [POST http://127.0.0.1:8100/session/A1D9F109-AD22-4078-9CB0-867FB4F28026/element] with body: {"using":"accessibility id","value":"������������"}
[debug] &amp#27;[35m[WD Proxy]&amp#27;[39m Got response with status 200: {"value":{"ELEMENT":"3A000000-0000-0000-8316-000000000000","element-6066-11e4-a52e-4f735466cecf":"3A000000-0000-0000-8316-000000000000"},"sessionId":"A1D9F109-AD22-4078-9CB0-867FB4F28026"}
[debug] &amp#27;[35m[W3C (26255f9c)]&amp#27;[39m Responding to client with driver.findElement() result: {"element-6066-11e4-a52e-4f735466cecf":"3A000000-0000-0000-8316-000000000000","ELEMENT":"3A000000-0000-0000-8316-000000000000"}
&amp#27;[35m[HTTP]&amp#27;[39m &amp#27;[37m<-- POST /wd/hub/session/26255f9c-9f7a-4f75-98c9-83c1e78aa016/element &amp#27;[39m&amp#27;[32m200&amp#27;[39m &amp#27;[90m4226 ms - 137&amp#27;[39m
&amp#27;[35m[HTTP]&amp#27;[39m &amp#27;[90m&amp#27;[39m
&amp#27;[35m[HTTP]&amp#27;[39m &amp#27;[37m-->&amp#27;[39m &amp#27;[37mPOST&amp#27;[39m &amp#27;[37m/wd/hub/session/26255f9c-9f7a-4f75-98c9-83c1e78aa016/element/3A000000-0000-0000-8316-000000000000/click&amp#27;[39m
&amp#27;[35m[HTTP]&amp#27;[39m &amp#27;[90m{"id":"3A000000-0000-0000-8316-000000000000"}&amp#27;[39m
&amp#27;[35m[W3C (26255f9c)]&amp#27;[39m Driver proxy active, passing request on via HTTP proxy
[debug] &amp#27;[35m[XCUITest]&amp#27;[39m Executing command 'proxyReqRes'
[debug] &amp#27;[35m[WD Proxy]&amp#27;[39m Matched '/wd/hub/session/26255f9c-9f7a-4f75-98c9-83c1e78aa016/element/3A000000-0000-0000-8316-000000000000/click' to command name 'click'
[debug] &amp#27;[35m[WD Proxy]&amp#27;[39m Proxying [POST /wd/hub/session/26255f9c-9f7a-4f75-98c9-83c1e78aa016/element/3A000000-0000-0000-8316-000000000000/click] to [POST http://127.0.0.1:8100/session/A1D9F109-AD22-4078-9CB0-867FB4F28026/element/3A000000-0000-0000-8316-000000000000/click] with body: {"id":"3A000000-0000-0000-8316-000000000000"}
[debug] &amp#27;[35m[WD Proxy]&amp#27;[39m Got response with status 200: {"value":null,"sessionId":"A1D9F109-AD22-4078-9CB0-867FB4F28026"}
&amp#27;[35m[WD Proxy]&amp#27;[39m Replacing sessionId A1D9F109-AD22-4078-9CB0-867FB4F28026 with 26255f9c-9f7a-4f75-98c9-83c1e78aa016
&amp#27;[35m[HTTP]&amp#27;[39m &amp#27;[37m<-- POST /wd/hub/session/26255f9c-9f7a-4f75-98c9-83c1e78aa016/element/3A000000-0000-0000-8316-000000000000/click &amp#27;[39m&amp#27;[32m200&amp#27;[39m &amp#27;[90m387 ms - 65&amp#27;[39m
&amp#27;[35m[HTTP]&amp#27;[39m &amp#27;[90m&amp#27;[39m
&amp#27;[35m[HTTP]&amp#27;[39m &amp#27;[37m-->&amp#27;[39m &amp#27;[37mGET&amp#27;[39m &amp#27;[37m/wd/hub/session/26255f9c-9f7a-4f75-98c9-83c1e78aa016/context&amp#27;[39m
&amp#27;[35m[HTTP]&amp#27;[39m &amp#27;[90m{}&amp#27;[39m
[debug] &amp#27;[35m[W3C (26255f9c)]&amp#27;[39m Calling AppiumDriver.getCurrentContext() with args: ["26255f9c-9f7a-4f75-98c9-83c1e78aa016"]
[debug] &amp#27;[35m[XCUITest]&amp#27;[39m Executing command 'getCurrentContext'
[debug] &amp#27;[35m[W3C (26255f9c)]&amp#27;[39m Responding to client with driver.getCurrentContext() result: "NATIVE_APP"
&amp#27;[35m[HTTP]&amp#27;[39m &amp#27;[37m<-- GET /wd/hub/session/26255f9c-9f7a-4f75-98c9-83c1e78aa016/context &amp#27;[39m&amp#27;[32m200&amp#27;[39m &amp#27;[90m1 ms - 22&amp#27;[39m
&amp#27;[35m[HTTP]&amp#27;[39m &amp#27;[90m&amp#27;[39m
&amp#27;[35m[HTTP]&amp#27;[39m &amp#27;[37m-->&amp#27;[39m &amp#27;[37mPOST&amp#27;[39m &amp#27;[37m/wd/hub/session/26255f9c-9f7a-4f75-98c9-83c1e78aa016/element&amp#27;[39m
&amp#27;[35m[HTTP]&amp#27;[39m &amp#27;[90m{"using":"accessibility id","value":"���������� ������������"}&amp#27;[39m
[debug] &amp#27;[35m[W3C (26255f9c)]&amp#27;[39m Calling AppiumDriver.findElement() with args: ["accessibility id","���������� ������������","26255f9c-9f7a-4f75-98c9-83c1e78aa016"]
[debug] &amp#27;[35m[XCUITest]&amp#27;[39m Executing command 'findElement'
[debug] &amp#27;[35m[BaseDriver]&amp#27;[39m Valid locator strategies for this request: xpath, id, name, class name, -ios predicate string, -ios class chain, accessibility id
[debug] &amp#27;[35m[BaseDriver]&amp#27;[39m Waiting up to 20000 ms for condition
[debug] &amp#27;[35m[WD Proxy]&amp#27;[39m Matched '/element' to command name 'findElement'
[debug] &amp#27;[35m[WD Proxy]&amp#27;[39m Proxying [POST /element] to [POST http://127.0.0.1:8100/session/A1D9F109-AD22-4078-9CB0-867FB4F28026/element] with body: {"using":"accessibility id","value":"���������� ������������"}
&amp#27;[35m[WD Proxy]&amp#27;[39m Got response with status 404: {"value":{"error":"no such element","message":"unable to find an element using 'accessibility id', value '���������� ������������'","traceback":"(\n\t0   WebDriverAgentLib                   0x0000000108e5a04d FBNoSuchElementErrorResponseForRequest + 301\n\t1   WebDriverAgentLib                   0x0000000108e59df9 +[FBFindElementCommands handleFindElement:] + 425\n\t2   WebDriverAgentLib                   0x0000000108e377d6 -[FBRoute_TargetAction mountRequest:intoResponse:] + 182\n\t3   WebDriverAgentLib                   0x0000000108e1f5cb __37-[FBWebServer registerRouteHandlers:]_block_invoke + 555\n\t4   RoutingHTTPServer                   0x0000000108f29c53 -[RoutingHTTPServer handleRoute:withRequest:response:] + 136\n\t5   RoutingHTTPServer                   0x0000000108f2a566 __72-[RoutingHTTPServer routeMethod:withPath:parameters:request:connection:]_block_invoke + 47\n\t6   libdispatch.dylib                   0x00007fff519de7b9 _dispatch_client_callout + 8\n\t7   libdispatch.dylib                   0x00007fff...
[debug] &amp#27;[35m[W3C]&amp#27;[39m Matched W3C error code 'no such element' to NoSuchElementError
[debug] &amp#27;[35m[BaseDriver]&amp#27;[39m Waited for 75 ms so far
[debug] &amp#27;[35m[WD Proxy]&amp#27;[39m Matched '/element' to command name 'findElement'
[debug] &amp#27;[35m[WD Proxy]&amp#27;[39m Proxying [POST /element] to [POST http://127.0.0.1:8100/session/A1D9F109-AD22-4078-9CB0-867FB4F28026/element] with body: {"using":"accessibility id","value":"���������� ������������"}
&amp#27;[35m[WD Proxy]&amp#27;[39m Got response with status 404: {"value":{"error":"no such element","message":"unable to find an element using 'accessibility id', value '���������� ������������'","traceback":"(\n\t0   WebDriverAgentLib                   0x0000000108e5a04d FBNoSuchElementErrorResponseForRequest + 301\n\t1   WebDriverAgentLib                   0x0000000108e59df9 +[FBFindElementCommands handleFindElement:] + 425\n\t2   WebDriverAgentLib                   0x0000000108e377d6 -[FBRoute_TargetAction mountRequest:intoResponse:] + 182\n\t3   WebDriverAgentLib                   0x0000000108e1f5cb __37-[FBWebServer registerRouteHandlers:]_block_invoke + 555\n\t4   RoutingHTTPServer                   0x0000000108f29c53 -[RoutingHTTPServer handleRoute:withRequest:response:] + 136\n\t5   RoutingHTTPServer                   0x0000000108f2a566 __72-[RoutingHTTPServer routeMethod:withPath:parameters:request:connection:]_block_invoke + 47\n\t6   libdispatch.dylib                   0x00007fff519de7b9 _dispatch_client_callout + 8\n\t7   libdispatch.dylib                   0x00007fff...
[debug] &amp#27;[35m[W3C]&amp#27;[39m Matched W3C error code 'no such element' to NoSuchElementError
[debug] &amp#27;[35m[BaseDriver]&amp#27;[39m Waited for 655 ms so far
[debug] &amp#27;[35m[WD Proxy]&amp#27;[39m Matched '/element' to command name 'findElement'
[debug] &amp#27;[35m[WD Proxy]&amp#27;[39m Proxying [POST /element] to [POST http://127.0.0.1:8100/session/A1D9F109-AD22-4078-9CB0-867FB4F28026/element] with body: {"using":"accessibility id","value":"���������� ������������"}
&amp#27;[35m[WD Proxy]&amp#27;[39m Got response with status 404: {"value":{"error":"no such element","message":"unable to find an element using 'accessibility id', value '���������� ������������'","traceback":"(\n\t0   WebDriverAgentLib                   0x0000000108e5a04d FBNoSuchElementErrorResponseForRequest + 301\n\t1   WebDriverAgentLib                   0x0000000108e59df9 +[FBFindElementCommands handleFindElement:] + 425\n\t2   WebDriverAgentLib                   0x0000000108e377d6 -[FBRoute_TargetAction mountRequest:intoResponse:] + 182\n\t3   WebDriverAgentLib                   0x0000000108e1f5cb __37-[FBWebServer registerRouteHandlers:]_block_invoke + 555\n\t4   RoutingHTTPServer                   0x0000000108f29c53 -[RoutingHTTPServer handleRoute:withRequest:response:] + 136\n\t5   RoutingHTTPServer                   0x0000000108f2a566 __72-[RoutingHTTPServer routeMethod:withPath:parameters:request:connection:]_block_invoke + 47\n\t6   libdispatch.dylib                   0x00007fff519de7b9 _dispatch_client_callout + 8\n\t7   libdispatch.dylib                   0x00007fff...
[debug] &amp#27;[35m[W3C]&amp#27;[39m Matched W3C error code 'no such element' to NoSuchElementError
[debug] &amp#27;[35m[BaseDriver]&amp#27;[39m Waited for 1234 ms so far
[debug] &amp#27;[35m[WD Proxy]&amp#27;[39m Matched '/element' to command name 'findElement'
[debug] &amp#27;[35m[WD Proxy]&amp#27;[39m Proxying [POST /element] to [POST http://127.0.0.1:8100/session/A1D9F109-AD22-4078-9CB0-867FB4F28026/element] with body: {"using":"accessibility id","value":"���������� ������������"}
&amp#27;[35m[WD Proxy]&amp#27;[39m Got response with status 404: {"value":{"error":"no such element","message":"unable to find an element using 'accessibility id', value '���������� ������������'","traceback":"(\n\t0   WebDriverAgentLib                   0x0000000108e5a04d FBNoSuchElementErrorResponseForRequest + 301\n\t1   WebDriverAgentLib                   0x0000000108e59df9 +[FBFindElementCommands handleFindElement:] + 425\n\t2   WebDriverAgentLib                   0x0000000108e377d6 -[FBRoute_TargetAction mountRequest:intoResponse:] + 182\n\t3   WebDriverAgentLib                   0x0000000108e1f5cb __37-[FBWebServer registerRouteHandlers:]_block_invoke + 555\n\t4   RoutingHTTPServer                   0x0000000108f29c53 -[RoutingHTTPServer handleRoute:withRequest:response:] + 136\n\t5   RoutingHTTPServer                   0x0000000108f2a566 __72-[RoutingHTTPServer routeMethod:withPath:parameters:request:connection:]_block_invoke + 47\n\t6   libdispatch.dylib                   0x00007fff519de7b9 _dispatch_client_callout + 8\n\t7   libdispatch.dylib                   0x00007fff...
[debug] &amp#27;[35m[W3C]&amp#27;[39m Matched W3C error code 'no such element' to NoSuchElementError
[debug] &amp#27;[35m[BaseDriver]&amp#27;[39m Waited for 1814 ms so far
[debug] &amp#27;[35m[WD Proxy]&amp#27;[39m Matched '/element' to command name 'findElement'
[debug] &amp#27;[35m[WD Proxy]&amp#27;[39m Proxying [POST /element] to [POST http://127.0.0.1:8100/session/A1D9F109-AD22-4078-9CB0-867FB4F28026/element] with body: {"using":"accessibility id","value":"���������� ������������"}
&amp#27;[35m[WD Proxy]&amp#27;[39m Got response with status 404: {"value":{"error":"no such element","message":"unable to find an element using 'accessibility id', value '���������� ������������'","traceback":"(\n\t0   WebDriverAgentLib                   0x0000000108e5a04d FBNoSuchElementErrorResponseForRequest + 301\n\t1   WebDriverAgentLib                   0x0000000108e59df9 +[FBFindElementCommands handleFindElement:] + 425\n\t2   WebDriverAgentLib                   0x0000000108e377d6 -[FBRoute_TargetAction mountRequest:intoResponse:] + 182\n\t3   WebDriverAgentLib                   0x0000000108e1f5cb __37-[FBWebServer registerRouteHandlers:]_block_invoke + 555\n\t4   RoutingHTTPServer                   0x0000000108f29c53 -[RoutingHTTPServer handleRoute:withRequest:response:] + 136\n\t5   RoutingHTTPServer                   0x0000000108f2a566 __72-[RoutingHTTPServer routeMethod:withPath:parameters:request:connection:]_block_invoke + 47\n\t6   libdispatch.dylib                   0x00007fff519de7b9 _dispatch_client_callout + 8\n\t7   libdispatch.dylib                   0x00007fff...
[debug] &amp#27;[35m[W3C]&amp#27;[39m Matched W3C error code 'no such element' to NoSuchElementError
[debug] &amp#27;[35m[BaseDriver]&amp#27;[39m Waited for 2396 ms so far
[debug] &amp#27;[35m[WD Proxy]&amp#27;[39m Matched '/element' to command name 'findElement'
[debug] &amp#27;[35m[WD Proxy]&amp#27;[39m Proxying [POST /element] to [POST http://127.0.0.1:8100/session/A1D9F109-AD22-4078-9CB0-867FB4F28026/element] with body: {"using":"accessibility id","value":"���������� ������������"}
&amp#27;[35m[WD Proxy]&amp#27;[39m Got response with status 404: {"value":{"error":"no such element","message":"unable to find an element using 'accessibility id', value '���������� ������������'","traceback":"(\n\t0   WebDriverAgentLib                   0x0000000108e5a04d FBNoSuchElementErrorResponseForRequest + 301\n\t1   WebDriverAgentLib                   0x0000000108e59df9 +[FBFindElementCommands handleFindElement:] + 425\n\t2   WebDriverAgentLib                   0x0000000108e377d6 -[FBRoute_TargetAction mountRequest:intoResponse:] + 182\n\t3   WebDriverAgentLib                   0x0000000108e1f5cb __37-[FBWebServer registerRouteHandlers:]_block_invoke + 555\n\t4   RoutingHTTPServer                   0x0000000108f29c53 -[RoutingHTTPServer handleRoute:withRequest:response:] + 136\n\t5   RoutingHTTPServer                   0x0000000108f2a566 __72-[RoutingHTTPServer routeMethod:withPath:parameters:request:connection:]_block_invoke + 47\n\t6   libdispatch.dylib                   0x00007fff519de7b9 _dispatch_client_callout + 8\n\t7   libdispatch.dylib                   0x00007fff...
[debug] &amp#27;[35m[W3C]&amp#27;[39m Matched W3C error code 'no such element' to NoSuchElementError
[debug] &amp#27;[35m[BaseDriver]&amp#27;[39m Waited for 2982 ms so far
[debug] &amp#27;[35m[WD Proxy]&amp#27;[39m Matched '/element' to command name 'findElement'
[debug] &amp#27;[35m[WD Proxy]&amp#27;[39m Proxying [POST /element] to [POST http://127.0.0.1:8100/session/A1D9F109-AD22-4078-9CB0-867FB4F28026/element] with body: {"using":"accessibility id","value":"���������� ������������"}
&amp#27;[35m[WD Proxy]&amp#27;[39m Got response with status 404: {"value":{"error":"no such element","message":"unable to find an element using 'accessibility id', value '���������� ������������'","traceback":"(\n\t0   WebDriverAgentLib                   0x0000000108e5a04d FBNoSuchElementErrorResponseForRequest + 301\n\t1   WebDriverAgentLib                   0x0000000108e59df9 +[FBFindElementCommands handleFindElement:] + 425\n\t2   WebDriverAgentLib                   0x0000000108e377d6 -[FBRoute_TargetAction mountRequest:intoResponse:] + 182\n\t3   WebDriverAgentLib                   0x0000000108e1f5cb __37-[FBWebServer registerRouteHandlers:]_block_invoke + 555\n\t4   RoutingHTTPServer                   0x0000000108f29c53 -[RoutingHTTPServer handleRoute:withRequest:response:] + 136\n\t5   RoutingHTTPServer                   0x0000000108f2a566 __72-[RoutingHTTPServer routeMethod:withPath:parameters:request:connection:]_block_invoke + 47\n\t6   libdispatch.dylib                   0x00007fff519de7b9 _dispatch_client_callout + 8\n\t7   libdispatch.dylib                   0x00007fff...
[debug] &amp#27;[35m[W3C]&amp#27;[39m Matched W3C error code 'no such element' to NoSuchElementError
[debug] &amp#27;[35m[BaseDriver]&amp#27;[39m Waited for 3564 ms so far
[debug] &amp#27;[35m[WD Proxy]&amp#27;[39m Matched '/element' to command name 'findElement'
[debug] &amp#27;[35m[WD Proxy]&amp#27;[39m Proxying [POST /element] to [POST http://127.0.0.1:8100/session/A1D9F109-AD22-4078-9CB0-867FB4F28026/element] with body: {"using":"accessibility id","value":"���������� ������������"}
&amp#27;[35m[WD Proxy]&amp#27;[39m Got response with status 404: {"value":{"error":"no such element","message":"unable to find an element using 'accessibility id', value '���������� ������������'","traceback":"(\n\t0   WebDriverAgentLib                   0x0000000108e5a04d FBNoSuchElementErrorResponseForRequest + 301\n\t1   WebDriverAgentLib                   0x0000000108e59df9 +[FBFindElementCommands handleFindElement:] + 425\n\t2   WebDriverAgentLib                   0x0000000108e377d6 -[FBRoute_TargetAction mountRequest:intoResponse:] + 182\n\t3   WebDriverAgentLib                   0x0000000108e1f5cb __37-[FBWebServer registerRouteHandlers:]_block_invoke + 555\n\t4   RoutingHTTPServer                   0x0000000108f29c53 -[RoutingHTTPServer handleRoute:withRequest:response:] + 136\n\t5   RoutingHTTPServer                   0x0000000108f2a566 __72-[RoutingHTTPServer routeMethod:withPath:parameters:request:connection:]_block_invoke + 47\n\t6   libdispatch.dylib                   0x00007fff519de7b9 _dispatch_client_callout + 8\n\t7   libdispatch.dylib                   0x00007fff...
[debug] &amp#27;[35m[W3C]&amp#27;[39m Matched W3C error code 'no such element' to NoSuchElementError
[debug] &amp#27;[35m[BaseDriver]&amp#27;[39m Waited for 4139 ms so far
[debug] &amp#27;[35m[WD Proxy]&amp#27;[39m Matched '/element' to command name 'findElement'
[debug] &amp#27;[35m[WD Proxy]&amp#27;[39m Proxying [POST /element] to [POST http://127.0.0.1:8100/session/A1D9F109-AD22-4078-9CB0-867FB4F28026/element] with body: {"using":"accessibility id","value":"���������� ������������"}
&amp#27;[35m[WD Proxy]&amp#27;[39m Got response with status 404: {"value":{"error":"no such element","message":"unable to find an element using 'accessibility id', value '���������� ������������'","traceback":"(\n\t0   WebDriverAgentLib                   0x0000000108e5a04d FBNoSuchElementErrorResponseForRequest + 301\n\t1   WebDriverAgentLib                   0x0000000108e59df9 +[FBFindElementCommands handleFindElement:] + 425\n\t2   WebDriverAgentLib                   0x0000000108e377d6 -[FBRoute_TargetAction mountRequest:intoResponse:] + 182\n\t3   WebDriverAgentLib                   0x0000000108e1f5cb __37-[FBWebServer registerRouteHandlers:]_block_invoke + 555\n\t4   RoutingHTTPServer                   0x0000000108f29c53 -[RoutingHTTPServer handleRoute:withRequest:response:] + 136\n\t5   RoutingHTTPServer                   0x0000000108f2a566 __72-[RoutingHTTPServer routeMethod:withPath:parameters:request:connection:]_block_invoke + 47\n\t6   libdispatch.dylib                   0x00007fff519de7b9 _dispatch_client_callout + 8\n\t7   libdispatch.dylib                   0x00007fff...
[debug] &amp#27;[35m[W3C]&amp#27;[39m Matched W3C error code 'no such element' to NoSuchElementError
[debug] &amp#27;[35m[BaseDriver]&amp#27;[39m Waited for 4719 ms so far
[debug] &amp#27;[35m[WD Proxy]&amp#27;[39m Matched '/element' to command name 'findElement'
[debug] &amp#27;[35m[WD Proxy]&amp#27;[39m Proxying [POST /element] to [POST http://127.0.0.1:8100/session/A1D9F109-AD22-4078-9CB0-867FB4F28026/element] with body: {"using":"accessibility id","value":"���������� ������������"}
&amp#27;[35m[WD Proxy]&amp#27;[39m Got response with status 404: {"value":{"error":"no such element","message":"unable to find an element using 'accessibility id', value '���������� ������������'","traceback":"(\n\t0   WebDriverAgentLib                   0x0000000108e5a04d FBNoSuchElementErrorResponseForRequest + 301\n\t1   WebDriverAgentLib                   0x0000000108e59df9 +[FBFindElementCommands handleFindElement:] + 425\n\t2   WebDriverAgentLib                   0x0000000108e377d6 -[FBRoute_TargetAction mountRequest:intoResponse:] + 182\n\t3   WebDriverAgentLib                   0x0000000108e1f5cb __37-[FBWebServer registerRouteHandlers:]_block_invoke + 555\n\t4   RoutingHTTPServer                   0x0000000108f29c53 -[RoutingHTTPServer handleRoute:withRequest:response:] + 136\n\t5   RoutingHTTPServer                   0x0000000108f2a566 __72-[RoutingHTTPServer routeMethod:withPath:parameters:request:connection:]_block_invoke + 47\n\t6   libdispatch.dylib                   0x00007fff519de7b9 _dispatch_client_callout + 8\n\t7   libdispatch.dylib                   0x00007fff...
[debug] &amp#27;[35m[W3C]&amp#27;[39m Matched W3C error code 'no such element' to NoSuchElementError
[debug] &amp#27;[35m[BaseDriver]&amp#27;[39m Waited for 5297 ms so far
[debug] &amp#27;[35m[WD Proxy]&amp#27;[39m Matched '/element' to command name 'findElement'
[debug] &amp#27;[35m[WD Proxy]&amp#27;[39m Proxying [POST /element] to [POST http://127.0.0.1:8100/session/A1D9F109-AD22-4078-9CB0-867FB4F28026/element] with body: {"using":"accessibility id","value":"���������� ������������"}
&amp#27;[35m[WD Proxy]&amp#27;[39m Got response with status 404: {"value":{"error":"no such element","message":"unable to find an element using 'accessibility id', value '���������� ������������'","traceback":"(\n\t0   WebDriverAgentLib                   0x0000000108e5a04d FBNoSuchElementErrorResponseForRequest + 301\n\t1   WebDriverAgentLib                   0x0000000108e59df9 +[FBFindElementCommands handleFindElement:] + 425\n\t2   WebDriverAgentLib                   0x0000000108e377d6 -[FBRoute_TargetAction mountRequest:intoResponse:] + 182\n\t3   WebDriverAgentLib                   0x0000000108e1f5cb __37-[FBWebServer registerRouteHandlers:]_block_invoke + 555\n\t4   RoutingHTTPServer                   0x0000000108f29c53 -[RoutingHTTPServer handleRoute:withRequest:response:] + 136\n\t5   RoutingHTTPServer                   0x0000000108f2a566 __72-[RoutingHTTPServer routeMethod:withPath:parameters:request:connection:]_block_invoke + 47\n\t6   libdispatch.dylib                   0x00007fff519de7b9 _dispatch_client_callout + 8\n\t7   libdispatch.dylib                   0x00007fff...
[debug] &amp#27;[35m[W3C]&amp#27;[39m Matched W3C error code 'no such element' to NoSuchElementError
[debug] &amp#27;[35m[BaseDriver]&amp#27;[39m Waited for 5880 ms so far
[debug] &amp#27;[35m[WD Proxy]&amp#27;[39m Matched '/element' to command name 'findElement'
[debug] &amp#27;[35m[WD Proxy]&amp#27;[39m Proxying [POST /element] to [POST http://127.0.0.1:8100/session/A1D9F109-AD22-4078-9CB0-867FB4F28026/element] with body: {"using":"accessibility id","value":"���������� ������������"}
&amp#27;[35m[WD Proxy]&amp#27;[39m Got response with status 404: {"value":{"error":"no such element","message":"unable to find an element using 'accessibility id', value '���������� ������������'","traceback":"(\n\t0   WebDriverAgentLib                   0x0000000108e5a04d FBNoSuchElementErrorResponseForRequest + 301\n\t1   WebDriverAgentLib                   0x0000000108e59df9 +[FBFindElementCommands handleFindElement:] + 425\n\t2   WebDriverAgentLib                   0x0000000108e377d6 -[FBRoute_TargetAction mountRequest:intoResponse:] + 182\n\t3   WebDriverAgentLib                   0x0000000108e1f5cb __37-[FBWebServer registerRouteHandlers:]_block_invoke + 555\n\t4   RoutingHTTPServer                   0x0000000108f29c53 -[RoutingHTTPServer handleRoute:withRequest:response:] + 136\n\t5   RoutingHTTPServer                   0x0000000108f2a566 __72-[RoutingHTTPServer routeMethod:withPath:parameters:request:connection:]_block_invoke + 47\n\t6   libdispatch.dylib                   0x00007fff519de7b9 _dispatch_client_callout + 8\n\t7   libdispatch.dylib                   0x00007fff...
[debug] &amp#27;[35m[W3C]&amp#27;[39m Matched W3C error code 'no such element' to NoSuchElementError
[debug] &amp#27;[35m[BaseDriver]&amp#27;[39m Waited for 6462 ms so far
[debug] &amp#27;[35m[WD Proxy]&amp#27;[39m Matched '/element' to command name 'findElement'
[debug] &amp#27;[35m[WD Proxy]&amp#27;[39m Proxying [POST /element] to [POST http://127.0.0.1:8100/session/A1D9F109-AD22-4078-9CB0-867FB4F28026/element] with body: {"using":"accessibility id","value":"���������� ������������"}
&amp#27;[35m[WD Proxy]&amp#27;[39m Got response with status 404: {"value":{"error":"no such element","message":"unable to find an element using 'accessibility id', value '���������� ������������'","traceback":"(\n\t0   WebDriverAgentLib                   0x0000000108e5a04d FBNoSuchElementErrorResponseForRequest + 301\n\t1   WebDriverAgentLib                   0x0000000108e59df9 +[FBFindElementCommands handleFindElement:] + 425\n\t2   WebDriverAgentLib                   0x0000000108e377d6 -[FBRoute_TargetAction mountRequest:intoResponse:] + 182\n\t3   WebDriverAgentLib                   0x0000000108e1f5cb __37-[FBWebServer registerRouteHandlers:]_block_invoke + 555\n\t4   RoutingHTTPServer                   0x0000000108f29c53 -[RoutingHTTPServer handleRoute:withRequest:response:] + 136\n\t5   RoutingHTTPServer                   0x0000000108f2a566 __72-[RoutingHTTPServer routeMethod:withPath:parameters:request:connection:]_block_invoke + 47\n\t6   libdispatch.dylib                   0x00007fff519de7b9 _dispatch_client_callout + 8\n\t7   libdispatch.dylib                   0x00007fff...
[debug] &amp#27;[35m[W3C]&amp#27;[39m Matched W3C error code 'no such element' to NoSuchElementError
[debug] &amp#27;[35m[BaseDriver]&amp#27;[39m Waited for 7039 ms so far
[debug] &amp#27;[35m[WD Proxy]&amp#27;[39m Matched '/element' to command name 'findElement'
[debug] &amp#27;[35m[WD Proxy]&amp#27;[39m Proxying [POST /element] to [POST http://127.0.0.1:8100/session/A1D9F109-AD22-4078-9CB0-867FB4F28026/element] with body: {"using":"accessibility id","value":"���������� ������������"}
&amp#27;[35m[WD Proxy]&amp#27;[39m Got response with status 404: {"value":{"error":"no such element","message":"unable to find an element using 'accessibility id', value '���������� ������������'","traceback":"(\n\t0   WebDriverAgentLib                   0x0000000108e5a04d FBNoSuchElementErrorResponseForRequest + 301\n\t1   WebDriverAgentLib                   0x0000000108e59df9 +[FBFindElementCommands handleFindElement:] + 425\n\t2   WebDriverAgentLib                   0x0000000108e377d6 -[FBRoute_TargetAction mountRequest:intoResponse:] + 182\n\t3   WebDriverAgentLib                   0x0000000108e1f5cb __37-[FBWebServer registerRouteHandlers:]_block_invoke + 555\n\t4   RoutingHTTPServer                   0x0000000108f29c53 -[RoutingHTTPServer handleRoute:withRequest:response:] + 136\n\t5   RoutingHTTPServer                   0x0000000108f2a566 __72-[RoutingHTTPServer routeMethod:withPath:parameters:request:connection:]_block_invoke + 47\n\t6   libdispatch.dylib                   0x00007fff519de7b9 _dispatch_client_callout + 8\n\t7   libdispatch.dylib                   0x00007fff...
[debug] &amp#27;[35m[W3C]&amp#27;[39m Matched W3C error code 'no such element' to NoSuchElementError
[debug] &amp#27;[35m[BaseDriver]&amp#27;[39m Waited for 7617 ms so far
[debug] &amp#27;[35m[WD Proxy]&amp#27;[39m Matched '/element' to command name 'findElement'
[debug] &amp#27;[35m[WD Proxy]&amp#27;[39m Proxying [POST /element] to [POST http://127.0.0.1:8100/session/A1D9F109-AD22-4078-9CB0-867FB4F28026/element] with body: {"using":"accessibility id","value":"���������� ������������"}
&amp#27;[35m[WD Proxy]&amp#27;[39m Got response with status 404: {"value":{"error":"no such element","message":"unable to find an element using 'accessibility id', value '���������� ������������'","traceback":"(\n\t0   WebDriverAgentLib                   0x0000000108e5a04d FBNoSuchElementErrorResponseForRequest + 301\n\t1   WebDriverAgentLib                   0x0000000108e59df9 +[FBFindElementCommands handleFindElement:] + 425\n\t2   WebDriverAgentLib                   0x0000000108e377d6 -[FBRoute_TargetAction mountRequest:intoResponse:] + 182\n\t3   WebDriverAgentLib                   0x0000000108e1f5cb __37-[FBWebServer registerRouteHandlers:]_block_invoke + 555\n\t4   RoutingHTTPServer                   0x0000000108f29c53 -[RoutingHTTPServer handleRoute:withRequest:response:] + 136\n\t5   RoutingHTTPServer                   0x0000000108f2a566 __72-[RoutingHTTPServer routeMethod:withPath:parameters:request:connection:]_block_invoke + 47\n\t6   libdispatch.dylib                   0x00007fff519de7b9 _dispatch_client_callout + 8\n\t7   libdispatch.dylib                   0x00007fff...
[debug] &amp#27;[35m[W3C]&amp#27;[39m Matched W3C error code 'no such element' to NoSuchElementError
[debug] &amp#27;[35m[BaseDriver]&amp#27;[39m Waited for 8196 ms so far
[debug] &amp#27;[35m[WD Proxy]&amp#27;[39m Matched '/element' to command name 'findElement'
[debug] &amp#27;[35m[WD Proxy]&amp#27;[39m Proxying [POST /element] to [POST http://127.0.0.1:8100/session/A1D9F109-AD22-4078-9CB0-867FB4F28026/element] with body: {"using":"accessibility id","value":"���������� ������������"}
&amp#27;[35m[WD Proxy]&amp#27;[39m Got response with status 404: {"value":{"error":"no such element","message":"unable to find an element using 'accessibility id', value '���������� ������������'","traceback":"(\n\t0   WebDriverAgentLib                   0x0000000108e5a04d FBNoSuchElementErrorResponseForRequest + 301\n\t1   WebDriverAgentLib                   0x0000000108e59df9 +[FBFindElementCommands handleFindElement:] + 425\n\t2   WebDriverAgentLib                   0x0000000108e377d6 -[FBRoute_TargetAction mountRequest:intoResponse:] + 182\n\t3   WebDriverAgentLib                   0x0000000108e1f5cb __37-[FBWebServer registerRouteHandlers:]_block_invoke + 555\n\t4   RoutingHTTPServer                   0x0000000108f29c53 -[RoutingHTTPServer handleRoute:withRequest:response:] + 136\n\t5   RoutingHTTPServer                   0x0000000108f2a566 __72-[RoutingHTTPServer routeMethod:withPath:parameters:request:connection:]_block_invoke + 47\n\t6   libdispatch.dylib                   0x00007fff519de7b9 _dispatch_client_callout + 8\n\t7   libdispatch.dylib                   0x00007fff...
[debug] &amp#27;[35m[W3C]&amp#27;[39m Matched W3C error code 'no such element' to NoSuchElementError
[debug] &amp#27;[35m[BaseDriver]&amp#27;[39m Waited for 8778 ms so far
[debug] &amp#27;[35m[WD Proxy]&amp#27;[39m Matched '/element' to command name 'findElement'
[debug] &amp#27;[35m[WD Proxy]&amp#27;[39m Proxying [POST /element] to [POST http://127.0.0.1:8100/session/A1D9F109-AD22-4078-9CB0-867FB4F28026/element] with body: {"using":"accessibility id","value":"���������� ������������"}
&amp#27;[35m[WD Proxy]&amp#27;[39m Got response with status 404: {"value":{"error":"no such element","message":"unable to find an element using 'accessibility id', value '���������� ������������'","traceback":"(\n\t0   WebDriverAgentLib                   0x0000000108e5a04d FBNoSuchElementErrorResponseForRequest + 301\n\t1   WebDriverAgentLib                   0x0000000108e59df9 +[FBFindElementCommands handleFindElement:] + 425\n\t2   WebDriverAgentLib                   0x0000000108e377d6 -[FBRoute_TargetAction mountRequest:intoResponse:] + 182\n\t3   WebDriverAgentLib                   0x0000000108e1f5cb __37-[FBWebServer registerRouteHandlers:]_block_invoke + 555\n\t4   RoutingHTTPServer                   0x0000000108f29c53 -[RoutingHTTPServer handleRoute:withRequest:response:] + 136\n\t5   RoutingHTTPServer                   0x0000000108f2a566 __72-[RoutingHTTPServer routeMethod:withPath:parameters:request:connection:]_block_invoke + 47\n\t6   libdispatch.dylib                   0x00007fff519de7b9 _dispatch_client_callout + 8\n\t7   libdispatch.dylib                   0x00007fff...
[debug] &amp#27;[35m[W3C]&amp#27;[39m Matched W3C error code 'no such element' to NoSuchElementError
[debug] &amp#27;[35m[BaseDriver]&amp#27;[39m Waited for 9353 ms so far
[debug] &amp#27;[35m[WD Proxy]&amp#27;[39m Matched '/element' to command name 'findElement'
[debug] &amp#27;[35m[WD Proxy]&amp#27;[39m Proxying [POST /element] to [POST http://127.0.0.1:8100/session/A1D9F109-AD22-4078-9CB0-867FB4F28026/element] with body: {"using":"accessibility id","value":"���������� ������������"}
&amp#27;[35m[WD Proxy]&amp#27;[39m Got response with status 404: {"value":{"error":"no such element","message":"unable to find an element using 'accessibility id', value '���������� ������������'","traceback":"(\n\t0   WebDriverAgentLib                   0x0000000108e5a04d FBNoSuchElementErrorResponseForRequest + 301\n\t1   WebDriverAgentLib                   0x0000000108e59df9 +[FBFindElementCommands handleFindElement:] + 425\n\t2   WebDriverAgentLib                   0x0000000108e377d6 -[FBRoute_TargetAction mountRequest:intoResponse:] + 182\n\t3   WebDriverAgentLib                   0x0000000108e1f5cb __37-[FBWebServer registerRouteHandlers:]_block_invoke + 555\n\t4   RoutingHTTPServer                   0x0000000108f29c53 -[RoutingHTTPServer handleRoute:withRequest:response:] + 136\n\t5   RoutingHTTPServer                   0x0000000108f2a566 __72-[RoutingHTTPServer routeMethod:withPath:parameters:request:connection:]_block_invoke + 47\n\t6   libdispatch.dylib                   0x00007fff519de7b9 _dispatch_client_callout + 8\n\t7   libdispatch.dylib                   0x00007fff...
[debug] &amp#27;[35m[W3C]&amp#27;[39m Matched W3C error code 'no such element' to NoSuchElementError
[debug] &amp#27;[35m[BaseDriver]&amp#27;[39m Waited for 9928 ms so far
[debug] &amp#27;[35m[WD Proxy]&amp#27;[39m Matched '/element' to command name 'findElement'
[debug] &amp#27;[35m[WD Proxy]&amp#27;[39m Proxying [POST /element] to [POST http://127.0.0.1:8100/session/A1D9F109-AD22-4078-9CB0-867FB4F28026/element] with body: {"using":"accessibility id","value":"���������� ������������"}
&amp#27;[35m[WD Proxy]&amp#27;[39m Got response with status 404: {"value":{"error":"no such element","message":"unable to find an element using 'accessibility id', value '���������� ������������'","traceback":"(\n\t0   WebDriverAgentLib                   0x0000000108e5a04d FBNoSuchElementErrorResponseForRequest + 301\n\t1   WebDriverAgentLib                   0x0000000108e59df9 +[FBFindElementCommands handleFindElement:] + 425\n\t2   WebDriverAgentLib                   0x0000000108e377d6 -[FBRoute_TargetAction mountRequest:intoResponse:] + 182\n\t3   WebDriverAgentLib                   0x0000000108e1f5cb __37-[FBWebServer registerRouteHandlers:]_block_invoke + 555\n\t4   RoutingHTTPServer                   0x0000000108f29c53 -[RoutingHTTPServer handleRoute:withRequest:response:] + 136\n\t5   RoutingHTTPServer                   0x0000000108f2a566 __72-[RoutingHTTPServer routeMethod:withPath:parameters:request:connection:]_block_invoke + 47\n\t6   libdispatch.dylib                   0x00007fff519de7b9 _dispatch_client_callout + 8\n\t7   libdispatch.dylib                   0x00007fff...
[debug] &amp#27;[35m[W3C]&amp#27;[39m Matched W3C error code 'no such element' to NoSuchElementError
[debug] &amp#27;[35m[BaseDriver]&amp#27;[39m Waited for 10510 ms so far
[debug] &amp#27;[35m[WD Proxy]&amp#27;[39m Matched '/element' to command name 'findElement'
[debug] &amp#27;[35m[WD Proxy]&amp#27;[39m Proxying [POST /element] to [POST http://127.0.0.1:8100/session/A1D9F109-AD22-4078-9CB0-867FB4F28026/element] with body: {"using":"accessibility id","value":"���������� ������������"}
&amp#27;[35m[WD Proxy]&amp#27;[39m Got response with status 404: {"value":{"error":"no such element","message":"unable to find an element using 'accessibility id', value '���������� ������������'","traceback":"(\n\t0   WebDriverAgentLib                   0x0000000108e5a04d FBNoSuchElementErrorResponseForRequest + 301\n\t1   WebDriverAgentLib                   0x0000000108e59df9 +[FBFindElementCommands handleFindElement:] + 425\n\t2   WebDriverAgentLib                   0x0000000108e377d6 -[FBRoute_TargetAction mountRequest:intoResponse:] + 182\n\t3   WebDriverAgentLib                   0x0000000108e1f5cb __37-[FBWebServer registerRouteHandlers:]_block_invoke + 555\n\t4   RoutingHTTPServer                   0x0000000108f29c53 -[RoutingHTTPServer handleRoute:withRequest:response:] + 136\n\t5   RoutingHTTPServer                   0x0000000108f2a566 __72-[RoutingHTTPServer routeMethod:withPath:parameters:request:connection:]_block_invoke + 47\n\t6   libdispatch.dylib                   0x00007fff519de7b9 _dispatch_client_callout + 8\n\t7   libdispatch.dylib                   0x00007fff...
[debug] &amp#27;[35m[W3C]&amp#27;[39m Matched W3C error code 'no such element' to NoSuchElementError
[debug] &amp#27;[35m[BaseDriver]&amp#27;[39m Waited for 11088 ms so far
[debug] &amp#27;[35m[WD Proxy]&amp#27;[39m Matched '/element' to command name 'findElement'
[debug] &amp#27;[35m[WD Proxy]&amp#27;[39m Proxying [POST /element] to [POST http://127.0.0.1:8100/session/A1D9F109-AD22-4078-9CB0-867FB4F28026/element] with body: {"using":"accessibility id","value":"���������� ������������"}
&amp#27;[35m[WD Proxy]&amp#27;[39m Got response with status 404: {"value":{"error":"no such element","message":"unable to find an element using 'accessibility id', value '���������� ������������'","traceback":"(\n\t0   WebDriverAgentLib                   0x0000000108e5a04d FBNoSuchElementErrorResponseForRequest + 301\n\t1   WebDriverAgentLib                   0x0000000108e59df9 +[FBFindElementCommands handleFindElement:] + 425\n\t2   WebDriverAgentLib                   0x0000000108e377d6 -[FBRoute_TargetAction mountRequest:intoResponse:] + 182\n\t3   WebDriverAgentLib                   0x0000000108e1f5cb __37-[FBWebServer registerRouteHandlers:]_block_invoke + 555\n\t4   RoutingHTTPServer                   0x0000000108f29c53 -[RoutingHTTPServer handleRoute:withRequest:response:] + 136\n\t5   RoutingHTTPServer                   0x0000000108f2a566 __72-[RoutingHTTPServer routeMethod:withPath:parameters:request:connection:]_block_invoke + 47\n\t6   libdispatch.dylib                   0x00007fff519de7b9 _dispatch_client_callout + 8\n\t7   libdispatch.dylib                   0x00007fff...
[debug] &amp#27;[35m[W3C]&amp#27;[39m Matched W3C error code 'no such element' to NoSuchElementError
[debug] &amp#27;[35m[BaseDriver]&amp#27;[39m Waited for 11663 ms so far
[debug] &amp#27;[35m[WD Proxy]&amp#27;[39m Matched '/element' to command name 'findElement'
[debug] &amp#27;[35m[WD Proxy]&amp#27;[39m Proxying [POST /element] to [POST http://127.0.0.1:8100/session/A1D9F109-AD22-4078-9CB0-867FB4F28026/element] with body: {"using":"accessibility id","value":"���������� ������������"}
&amp#27;[35m[WD Proxy]&amp#27;[39m Got response with status 404: {"value":{"error":"no such element","message":"unable to find an element using 'accessibility id', value '���������� ������������'","traceback":"(\n\t0   WebDriverAgentLib                   0x0000000108e5a04d FBNoSuchElementErrorResponseForRequest + 301\n\t1   WebDriverAgentLib                   0x0000000108e59df9 +[FBFindElementCommands handleFindElement:] + 425\n\t2   WebDriverAgentLib                   0x0000000108e377d6 -[FBRoute_TargetAction mountRequest:intoResponse:] + 182\n\t3   WebDriverAgentLib                   0x0000000108e1f5cb __37-[FBWebServer registerRouteHandlers:]_block_invoke + 555\n\t4   RoutingHTTPServer                   0x0000000108f29c53 -[RoutingHTTPServer handleRoute:withRequest:response:] + 136\n\t5   RoutingHTTPServer                   0x0000000108f2a566 __72-[RoutingHTTPServer routeMethod:withPath:parameters:request:connection:]_block_invoke + 47\n\t6   libdispatch.dylib                   0x00007fff519de7b9 _dispatch_client_callout + 8\n\t7   libdispatch.dylib                   0x00007fff...
[debug] &amp#27;[35m[W3C]&amp#27;[39m Matched W3C error code 'no such element' to NoSuchElementError
[debug] &amp#27;[35m[BaseDriver]&amp#27;[39m Waited for 12250 ms so far
[debug] &amp#27;[35m[WD Proxy]&amp#27;[39m Matched '/element' to command name 'findElement'
[debug] &amp#27;[35m[WD Proxy]&amp#27;[39m Proxying [POST /element] to [POST http://127.0.0.1:8100/session/A1D9F109-AD22-4078-9CB0-867FB4F28026/element] with body: {"using":"accessibility id","value":"���������� ������������"}
&amp#27;[35m[WD Proxy]&amp#27;[39m Got response with status 404: {"value":{"error":"no such element","message":"unable to find an element using 'accessibility id', value '���������� ������������'","traceback":"(\n\t0   WebDriverAgentLib                   0x0000000108e5a04d FBNoSuchElementErrorResponseForRequest + 301\n\t1   WebDriverAgentLib                   0x0000000108e59df9 +[FBFindElementCommands handleFindElement:] + 425\n\t2   WebDriverAgentLib                   0x0000000108e377d6 -[FBRoute_TargetAction mountRequest:intoResponse:] + 182\n\t3   WebDriverAgentLib                   0x0000000108e1f5cb __37-[FBWebServer registerRouteHandlers:]_block_invoke + 555\n\t4   RoutingHTTPServer                   0x0000000108f29c53 -[RoutingHTTPServer handleRoute:withRequest:response:] + 136\n\t5   RoutingHTTPServer                   0x0000000108f2a566 __72-[RoutingHTTPServer routeMethod:withPath:parameters:request:connection:]_block_invoke + 47\n\t6   libdispatch.dylib                   0x00007fff519de7b9 _dispatch_client_callout + 8\n\t7   libdispatch.dylib                   0x00007fff...
[debug] &amp#27;[35m[W3C]&amp#27;[39m Matched W3C error code 'no such element' to NoSuchElementError
[debug] &amp#27;[35m[BaseDriver]&amp#27;[39m Waited for 12830 ms so far
[debug] &amp#27;[35m[WD Proxy]&amp#27;[39m Matched '/element' to command name 'findElement'
[debug] &amp#27;[35m[WD Proxy]&amp#27;[39m Proxying [POST /element] to [POST http://127.0.0.1:8100/session/A1D9F109-AD22-4078-9CB0-867FB4F28026/element] with body: {"using":"accessibility id","value":"���������� ������������"}
&amp#27;[35m[WD Proxy]&amp#27;[39m Got response with status 404: {"value":{"error":"no such element","message":"unable to find an element using 'accessibility id', value '���������� ������������'","traceback":"(\n\t0   WebDriverAgentLib                   0x0000000108e5a04d FBNoSuchElementErrorResponseForRequest + 301\n\t1   WebDriverAgentLib                   0x0000000108e59df9 +[FBFindElementCommands handleFindElement:] + 425\n\t2   WebDriverAgentLib                   0x0000000108e377d6 -[FBRoute_TargetAction mountRequest:intoResponse:] + 182\n\t3   WebDriverAgentLib                   0x0000000108e1f5cb __37-[FBWebServer registerRouteHandlers:]_block_invoke + 555\n\t4   RoutingHTTPServer                   0x0000000108f29c53 -[RoutingHTTPServer handleRoute:withRequest:response:] + 136\n\t5   RoutingHTTPServer                   0x0000000108f2a566 __72-[RoutingHTTPServer routeMethod:withPath:parameters:request:connection:]_block_invoke + 47\n\t6   libdispatch.dylib                   0x00007fff519de7b9 _dispatch_client_callout + 8\n\t7   libdispatch.dylib                   0x00007fff...
[debug] &amp#27;[35m[W3C]&amp#27;[39m Matched W3C error code 'no such element' to NoSuchElementError
[debug] &amp#27;[35m[BaseDriver]&amp#27;[39m Waited for 13411 ms so far
[debug] &amp#27;[35m[WD Proxy]&amp#27;[39m Matched '/element' to command name 'findElement'
[debug] &amp#27;[35m[WD Proxy]&amp#27;[39m Proxying [POST /element] to [POST http://127.0.0.1:8100/session/A1D9F109-AD22-4078-9CB0-867FB4F28026/element] with body: {"using":"accessibility id","value":"���������� ������������"}
&amp#27;[35m[WD Proxy]&amp#27;[39m Got response with status 404: {"value":{"error":"no such element","message":"unable to find an element using 'accessibility id', value '���������� ������������'","traceback":"(\n\t0   WebDriverAgentLib                   0x0000000108e5a04d FBNoSuchElementErrorResponseForRequest + 301\n\t1   WebDriverAgentLib                   0x0000000108e59df9 +[FBFindElementCommands handleFindElement:] + 425\n\t2   WebDriverAgentLib                   0x0000000108e377d6 -[FBRoute_TargetAction mountRequest:intoResponse:] + 182\n\t3   WebDriverAgentLib                   0x0000000108e1f5cb __37-[FBWebServer registerRouteHandlers:]_block_invoke + 555\n\t4   RoutingHTTPServer                   0x0000000108f29c53 -[RoutingHTTPServer handleRoute:withRequest:response:] + 136\n\t5   RoutingHTTPServer                   0x0000000108f2a566 __72-[RoutingHTTPServer routeMethod:withPath:parameters:request:connection:]_block_invoke + 47\n\t6   libdispatch.dylib                   0x00007fff519de7b9 _dispatch_client_callout + 8\n\t7   libdispatch.dylib                   0x00007fff...
[debug] &amp#27;[35m[W3C]&amp#27;[39m Matched W3C error code 'no such element' to NoSuchElementError
[debug] &amp#27;[35m[BaseDriver]&amp#27;[39m Waited for 13987 ms so far
[debug] &amp#27;[35m[WD Proxy]&amp#27;[39m Matched '/element' to command name 'findElement'
[debug] &amp#27;[35m[WD Proxy]&amp#27;[39m Proxying [POST /element] to [POST http://127.0.0.1:8100/session/A1D9F109-AD22-4078-9CB0-867FB4F28026/element] with body: {"using":"accessibility id","value":"���������� ������������"}
&amp#27;[35m[WD Proxy]&amp#27;[39m Got response with status 404: {"value":{"error":"no such element","message":"unable to find an element using 'accessibility id', value '���������� ������������'","traceback":"(\n\t0   WebDriverAgentLib                   0x0000000108e5a04d FBNoSuchElementErrorResponseForRequest + 301\n\t1   WebDriverAgentLib                   0x0000000108e59df9 +[FBFindElementCommands handleFindElement:] + 425\n\t2   WebDriverAgentLib                   0x0000000108e377d6 -[FBRoute_TargetAction mountRequest:intoResponse:] + 182\n\t3   WebDriverAgentLib                   0x0000000108e1f5cb __37-[FBWebServer registerRouteHandlers:]_block_invoke + 555\n\t4   RoutingHTTPServer                   0x0000000108f29c53 -[RoutingHTTPServer handleRoute:withRequest:response:] + 136\n\t5   RoutingHTTPServer                   0x0000000108f2a566 __72-[RoutingHTTPServer routeMethod:withPath:parameters:request:connection:]_block_invoke + 47\n\t6   libdispatch.dylib                   0x00007fff519de7b9 _dispatch_client_callout + 8\n\t7   libdispatch.dylib                   0x00007fff...
[debug] &amp#27;[35m[W3C]&amp#27;[39m Matched W3C error code 'no such element' to NoSuchElementError
[debug] &amp#27;[35m[BaseDriver]&amp#27;[39m Waited for 14564 ms so far
[debug] &amp#27;[35m[WD Proxy]&amp#27;[39m Matched '/element' to command name 'findElement'
[debug] &amp#27;[35m[WD Proxy]&amp#27;[39m Proxying [POST /element] to [POST http://127.0.0.1:8100/session/A1D9F109-AD22-4078-9CB0-867FB4F28026/element] with body: {"using":"accessibility id","value":"���������� ������������"}
&amp#27;[35m[WD Proxy]&amp#27;[39m Got response with status 404: {"value":{"error":"no such element","message":"unable to find an element using 'accessibility id', value '���������� ������������'","traceback":"(\n\t0   WebDriverAgentLib                   0x0000000108e5a04d FBNoSuchElementErrorResponseForRequest + 301\n\t1   WebDriverAgentLib                   0x0000000108e59df9 +[FBFindElementCommands handleFindElement:] + 425\n\t2   WebDriverAgentLib                   0x0000000108e377d6 -[FBRoute_TargetAction mountRequest:intoResponse:] + 182\n\t3   WebDriverAgentLib                   0x0000000108e1f5cb __37-[FBWebServer registerRouteHandlers:]_block_invoke + 555\n\t4   RoutingHTTPServer                   0x0000000108f29c53 -[RoutingHTTPServer handleRoute:withRequest:response:] + 136\n\t5   RoutingHTTPServer                   0x0000000108f2a566 __72-[RoutingHTTPServer routeMethod:withPath:parameters:request:connection:]_block_invoke + 47\n\t6   libdispatch.dylib                   0x00007fff519de7b9 _dispatch_client_callout + 8\n\t7   libdispatch.dylib                   0x00007fff...
[debug] &amp#27;[35m[W3C]&amp#27;[39m Matched W3C error code 'no such element' to NoSuchElementError
[debug] &amp#27;[35m[BaseDriver]&amp#27;[39m Waited for 15163 ms so far
[debug] &amp#27;[35m[WD Proxy]&amp#27;[39m Matched '/element' to command name 'findElement'
[debug] &amp#27;[35m[WD Proxy]&amp#27;[39m Proxying [POST /element] to [POST http://127.0.0.1:8100/session/A1D9F109-AD22-4078-9CB0-867FB4F28026/element] with body: {"using":"accessibility id","value":"���������� ������������"}
&amp#27;[35m[WD Proxy]&amp#27;[39m Got response with status 404: {"value":{"error":"no such element","message":"unable to find an element using 'accessibility id', value '���������� ������������'","traceback":"(\n\t0   WebDriverAgentLib                   0x0000000108e5a04d FBNoSuchElementErrorResponseForRequest + 301\n\t1   WebDriverAgentLib                   0x0000000108e59df9 +[FBFindElementCommands handleFindElement:] + 425\n\t2   WebDriverAgentLib                   0x0000000108e377d6 -[FBRoute_TargetAction mountRequest:intoResponse:] + 182\n\t3   WebDriverAgentLib                   0x0000000108e1f5cb __37-[FBWebServer registerRouteHandlers:]_block_invoke + 555\n\t4   RoutingHTTPServer                   0x0000000108f29c53 -[RoutingHTTPServer handleRoute:withRequest:response:] + 136\n\t5   RoutingHTTPServer                   0x0000000108f2a566 __72-[RoutingHTTPServer routeMethod:withPath:parameters:request:connection:]_block_invoke + 47\n\t6   libdispatch.dylib                   0x00007fff519de7b9 _dispatch_client_callout + 8\n\t7   libdispatch.dylib                   0x00007fff...
[debug] &amp#27;[35m[W3C]&amp#27;[39m Matched W3C error code 'no such element' to NoSuchElementError
[debug] &amp#27;[35m[BaseDriver]&amp#27;[39m Waited for 15745 ms so far
[debug] &amp#27;[35m[WD Proxy]&amp#27;[39m Matched '/element' to command name 'findElement'
[debug] &amp#27;[35m[WD Proxy]&amp#27;[39m Proxying [POST /element] to [POST http://127.0.0.1:8100/session/A1D9F109-AD22-4078-9CB0-867FB4F28026/element] with body: {"using":"accessibility id","value":"���������� ������������"}
&amp#27;[35m[WD Proxy]&amp#27;[39m Got response with status 404: {"value":{"error":"no such element","message":"unable to find an element using 'accessibility id', value '���������� ������������'","traceback":"(\n\t0   WebDriverAgentLib                   0x0000000108e5a04d FBNoSuchElementErrorResponseForRequest + 301\n\t1   WebDriverAgentLib                   0x0000000108e59df9 +[FBFindElementCommands handleFindElement:] + 425\n\t2   WebDriverAgentLib                   0x0000000108e377d6 -[FBRoute_TargetAction mountRequest:intoResponse:] + 182\n\t3   WebDriverAgentLib                   0x0000000108e1f5cb __37-[FBWebServer registerRouteHandlers:]_block_invoke + 555\n\t4   RoutingHTTPServer                   0x0000000108f29c53 -[RoutingHTTPServer handleRoute:withRequest:response:] + 136\n\t5   RoutingHTTPServer                   0x0000000108f2a566 __72-[RoutingHTTPServer routeMethod:withPath:parameters:request:connection:]_block_invoke + 47\n\t6   libdispatch.dylib                   0x00007fff519de7b9 _dispatch_client_callout + 8\n\t7   libdispatch.dylib                   0x00007fff...
[debug] &amp#27;[35m[W3C]&amp#27;[39m Matched W3C error code 'no such element' to NoSuchElementError
[debug] &amp#27;[35m[BaseDriver]&amp#27;[39m Waited for 16324 ms so far
[debug] &amp#27;[35m[WD Proxy]&amp#27;[39m Matched '/element' to command name 'findElement'
[debug] &amp#27;[35m[WD Proxy]&amp#27;[39m Proxying [POST /element] to [POST http://127.0.0.1:8100/session/A1D9F109-AD22-4078-9CB0-867FB4F28026/element] with body: {"using":"accessibility id","value":"���������� ������������"}
&amp#27;[35m[WD Proxy]&amp#27;[39m Got response with status 404: {"value":{"error":"no such element","message":"unable to find an element using 'accessibility id', value '���������� ������������'","traceback":"(\n\t0   WebDriverAgentLib                   0x0000000108e5a04d FBNoSuchElementErrorResponseForRequest + 301\n\t1   WebDriverAgentLib                   0x0000000108e59df9 +[FBFindElementCommands handleFindElement:] + 425\n\t2   WebDriverAgentLib                   0x0000000108e377d6 -[FBRoute_TargetAction mountRequest:intoResponse:] + 182\n\t3   WebDriverAgentLib                   0x0000000108e1f5cb __37-[FBWebServer registerRouteHandlers:]_block_invoke + 555\n\t4   RoutingHTTPServer                   0x0000000108f29c53 -[RoutingHTTPServer handleRoute:withRequest:response:] + 136\n\t5   RoutingHTTPServer                   0x0000000108f2a566 __72-[RoutingHTTPServer routeMethod:withPath:parameters:request:connection:]_block_invoke + 47\n\t6   libdispatch.dylib                   0x00007fff519de7b9 _dispatch_client_callout + 8\n\t7   libdispatch.dylib                   0x00007fff...
[debug] &amp#27;[35m[W3C]&amp#27;[39m Matched W3C error code 'no such element' to NoSuchElementError
[debug] &amp#27;[35m[BaseDriver]&amp#27;[39m Waited for 16900 ms so far
[debug] &amp#27;[35m[WD Proxy]&amp#27;[39m Matched '/element' to command name 'findElement'
[debug] &amp#27;[35m[WD Proxy]&amp#27;[39m Proxying [POST /element] to [POST http://127.0.0.1:8100/session/A1D9F109-AD22-4078-9CB0-867FB4F28026/element] with body: {"using":"accessibility id","value":"���������� ������������"}
&amp#27;[35m[WD Proxy]&amp#27;[39m Got response with status 404: {"value":{"error":"no such element","message":"unable to find an element using 'accessibility id', value '���������� ������������'","traceback":"(\n\t0   WebDriverAgentLib                   0x0000000108e5a04d FBNoSuchElementErrorResponseForRequest + 301\n\t1   WebDriverAgentLib                   0x0000000108e59df9 +[FBFindElementCommands handleFindElement:] + 425\n\t2   WebDriverAgentLib                   0x0000000108e377d6 -[FBRoute_TargetAction mountRequest:intoResponse:] + 182\n\t3   WebDriverAgentLib                   0x0000000108e1f5cb __37-[FBWebServer registerRouteHandlers:]_block_invoke + 555\n\t4   RoutingHTTPServer                   0x0000000108f29c53 -[RoutingHTTPServer handleRoute:withRequest:response:] + 136\n\t5   RoutingHTTPServer                   0x0000000108f2a566 __72-[RoutingHTTPServer routeMethod:withPath:parameters:request:connection:]_block_invoke + 47\n\t6   libdispatch.dylib                   0x00007fff519de7b9 _dispatch_client_callout + 8\n\t7   libdispatch.dylib                   0x00007fff...
[debug] &amp#27;[35m[W3C]&amp#27;[39m Matched W3C error code 'no such element' to NoSuchElementError
[debug] &amp#27;[35m[BaseDriver]&amp#27;[39m Waited for 17479 ms so far
[debug] &amp#27;[35m[WD Proxy]&amp#27;[39m Matched '/element' to command name 'findElement'
[debug] &amp#27;[35m[WD Proxy]&amp#27;[39m Proxying [POST /element] to [POST http://127.0.0.1:8100/session/A1D9F109-AD22-4078-9CB0-867FB4F28026/element] with body: {"using":"accessibility id","value":"���������� ������������"}
&amp#27;[35m[WD Proxy]&amp#27;[39m Got response with status 404: {"value":{"error":"no such element","message":"unable to find an element using 'accessibility id', value '���������� ������������'","traceback":"(\n\t0   WebDriverAgentLib                   0x0000000108e5a04d FBNoSuchElementErrorResponseForRequest + 301\n\t1   WebDriverAgentLib                   0x0000000108e59df9 +[FBFindElementCommands handleFindElement:] + 425\n\t2   WebDriverAgentLib                   0x0000000108e377d6 -[FBRoute_TargetAction mountRequest:intoResponse:] + 182\n\t3   WebDriverAgentLib                   0x0000000108e1f5cb __37-[FBWebServer registerRouteHandlers:]_block_invoke + 555\n\t4   RoutingHTTPServer                   0x0000000108f29c53 -[RoutingHTTPServer handleRoute:withRequest:response:] + 136\n\t5   RoutingHTTPServer                   0x0000000108f2a566 __72-[RoutingHTTPServer routeMethod:withPath:parameters:request:connection:]_block_invoke + 47\n\t6   libdispatch.dylib                   0x00007fff519de7b9 _dispatch_client_callout + 8\n\t7   libdispatch.dylib                   0x00007fff...
[debug] &amp#27;[35m[W3C]&amp#27;[39m Matched W3C error code 'no such element' to NoSuchElementError
[debug] &amp#27;[35m[BaseDriver]&amp#27;[39m Waited for 18068 ms so far
[debug] &amp#27;[35m[WD Proxy]&amp#27;[39m Matched '/element' to command name 'findElement'
[debug] &amp#27;[35m[WD Proxy]&amp#27;[39m Proxying [POST /element] to [POST http://127.0.0.1:8100/session/A1D9F109-AD22-4078-9CB0-867FB4F28026/element] with body: {"using":"accessibility id","value":"���������� ������������"}
&amp#27;[35m[WD Proxy]&amp#27;[39m Got response with status 404: {"value":{"error":"no such element","message":"unable to find an element using 'accessibility id', value '���������� ������������'","traceback":"(\n\t0   WebDriverAgentLib                   0x0000000108e5a04d FBNoSuchElementErrorResponseForRequest + 301\n\t1   WebDriverAgentLib                   0x0000000108e59df9 +[FBFindElementCommands handleFindElement:] + 425\n\t2   WebDriverAgentLib                   0x0000000108e377d6 -[FBRoute_TargetAction mountRequest:intoResponse:] + 182\n\t3   WebDriverAgentLib                   0x0000000108e1f5cb __37-[FBWebServer registerRouteHandlers:]_block_invoke + 555\n\t4   RoutingHTTPServer                   0x0000000108f29c53 -[RoutingHTTPServer handleRoute:withRequest:response:] + 136\n\t5   RoutingHTTPServer                   0x0000000108f2a566 __72-[RoutingHTTPServer routeMethod:withPath:parameters:request:connection:]_block_invoke + 47\n\t6   libdispatch.dylib                   0x00007fff519de7b9 _dispatch_client_callout + 8\n\t7   libdispatch.dylib                   0x00007fff...
[debug] &amp#27;[35m[W3C]&amp#27;[39m Matched W3C error code 'no such element' to NoSuchElementError
[debug] &amp#27;[35m[BaseDriver]&amp#27;[39m Waited for 18647 ms so far
[debug] &amp#27;[35m[WD Proxy]&amp#27;[39m Matched '/element' to command name 'findElement'
[debug] &amp#27;[35m[WD Proxy]&amp#27;[39m Proxying [POST /element] to [POST http://127.0.0.1:8100/session/A1D9F109-AD22-4078-9CB0-867FB4F28026/element] with body: {"using":"accessibility id","value":"���������� ������������"}
&amp#27;[35m[WD Proxy]&amp#27;[39m Got response with status 404: {"value":{"error":"no such element","message":"unable to find an element using 'accessibility id', value '���������� ������������'","traceback":"(\n\t0   WebDriverAgentLib                   0x0000000108e5a04d FBNoSuchElementErrorResponseForRequest + 301\n\t1   WebDriverAgentLib                   0x0000000108e59df9 +[FBFindElementCommands handleFindElement:] + 425\n\t2   WebDriverAgentLib                   0x0000000108e377d6 -[FBRoute_TargetAction mountRequest:intoResponse:] + 182\n\t3   WebDriverAgentLib                   0x0000000108e1f5cb __37-[FBWebServer registerRouteHandlers:]_block_invoke + 555\n\t4   RoutingHTTPServer                   0x0000000108f29c53 -[RoutingHTTPServer handleRoute:withRequest:response:] + 136\n\t5   RoutingHTTPServer                   0x0000000108f2a566 __72-[RoutingHTTPServer routeMethod:withPath:parameters:request:connection:]_block_invoke + 47\n\t6   libdispatch.dylib                   0x00007fff519de7b9 _dispatch_client_callout + 8\n\t7   libdispatch.dylib                   0x00007fff...
[debug] &amp#27;[35m[W3C]&amp#27;[39m Matched W3C error code 'no such element' to NoSuchElementError
[debug] &amp#27;[35m[BaseDriver]&amp#27;[39m Waited for 19221 ms so far
[debug] &amp#27;[35m[WD Proxy]&amp#27;[39m Matched '/element' to command name 'findElement'
[debug] &amp#27;[35m[WD Proxy]&amp#27;[39m Proxying [POST /element] to [POST http://127.0.0.1:8100/session/A1D9F109-AD22-4078-9CB0-867FB4F28026/element] with body: {"using":"accessibility id","value":"���������� ������������"}
&amp#27;[35m[WD Proxy]&amp#27;[39m Got response with status 404: {"value":{"error":"no such element","message":"unable to find an element using 'accessibility id', value '���������� ������������'","traceback":"(\n\t0   WebDriverAgentLib                   0x0000000108e5a04d FBNoSuchElementErrorResponseForRequest + 301\n\t1   WebDriverAgentLib                   0x0000000108e59df9 +[FBFindElementCommands handleFindElement:] + 425\n\t2   WebDriverAgentLib                   0x0000000108e377d6 -[FBRoute_TargetAction mountRequest:intoResponse:] + 182\n\t3   WebDriverAgentLib                   0x0000000108e1f5cb __37-[FBWebServer registerRouteHandlers:]_block_invoke + 555\n\t4   RoutingHTTPServer                   0x0000000108f29c53 -[RoutingHTTPServer handleRoute:withRequest:response:] + 136\n\t5   RoutingHTTPServer                   0x0000000108f2a566 __72-[RoutingHTTPServer routeMethod:withPath:parameters:request:connection:]_block_invoke + 47\n\t6   libdispatch.dylib                   0x00007fff519de7b9 _dispatch_client_callout + 8\n\t7   libdispatch.dylib                   0x00007fff...
[debug] &amp#27;[35m[W3C]&amp#27;[39m Matched W3C error code 'no such element' to NoSuchElementError
[debug] &amp#27;[35m[BaseDriver]&amp#27;[39m Waited for 19797 ms so far
[debug] &amp#27;[35m[WD Proxy]&amp#27;[39m Matched '/element' to command name 'findElement'
[debug] &amp#27;[35m[WD Proxy]&amp#27;[39m Proxying [POST /element] to [POST http://127.0.0.1:8100/session/A1D9F109-AD22-4078-9CB0-867FB4F28026/element] with body: {"using":"accessibility id","value":"���������� ������������"}
&amp#27;[35m[WD Proxy]&amp#27;[39m Got response with status 404: {"value":{"error":"no such element","message":"unable to find an element using 'accessibility id', value '���������� ������������'","traceback":"(\n\t0   WebDriverAgentLib                   0x0000000108e5a04d FBNoSuchElementErrorResponseForRequest + 301\n\t1   WebDriverAgentLib                   0x0000000108e59df9 +[FBFindElementCommands handleFindElement:] + 425\n\t2   WebDriverAgentLib                   0x0000000108e377d6 -[FBRoute_TargetAction mountRequest:intoResponse:] + 182\n\t3   WebDriverAgentLib                   0x0000000108e1f5cb __37-[FBWebServer registerRouteHandlers:]_block_invoke + 555\n\t4   RoutingHTTPServer                   0x0000000108f29c53 -[RoutingHTTPServer handleRoute:withRequest:response:] + 136\n\t5   RoutingHTTPServer                   0x0000000108f2a566 __72-[RoutingHTTPServer routeMethod:withPath:parameters:request:connection:]_block_invoke + 47\n\t6   libdispatch.dylib                   0x00007fff519de7b9 _dispatch_client_callout + 8\n\t7   libdispatch.dylib                   0x00007fff...
[debug] &amp#27;[35m[W3C]&amp#27;[3]]></system-out>
  </testcase>
</testsuite>