<?xml version="1.0" encoding="UTF-8"?>
<!-- Generated by org.testng.reporters.JUnitReportReporter -->
<testsuite skipped="11" hostname="imrans-MacBook-Pro.local" name="addPost.AddCarPost" tests="11" failures="0" timestamp="2020-03-03T12:46:32 EET" time="0.001" errors="0">
  <testcase name="AddCarPostWithImages" time="0.000" classname="addPost.AddCarPost">
    <skipped/>
  </testcase> <!-- AddCarPostWithImages -->
  <testcase name="AddCarPostWithoutImages" time="0.000" classname="addPost.AddCarPost">
    <skipped/>
  </testcase> <!-- AddCarPostWithoutImages -->
  <testcase name="AddCarPostWithImages" time="0.000" classname="addPost.AddCarPost">
    <skipped/>
  </testcase> <!-- AddCarPostWithImages -->
  <testcase name="AddCarPostWithImages" time="0.000" classname="addPost.AddCarPost">
    <skipped/>
  </testcase> <!-- AddCarPostWithImages -->
  <testcase name="AddCarPostWithImages" time="0.000" classname="addPost.AddCarPost">
    <skipped/>
  </testcase> <!-- AddCarPostWithImages -->
  <testcase name="AddCarPostWithImages" time="0.000" classname="addPost.AddCarPost">
    <skipped/>
  </testcase> <!-- AddCarPostWithImages -->
  <testcase name="AddCarPostWithImages" time="0.001" classname="addPost.AddCarPost">
    <skipped/>
  </testcase> <!-- AddCarPostWithImages -->
  <testcase name="AddCarPostWithImages" time="0.000" classname="addPost.AddCarPost">
    <skipped/>
  </testcase> <!-- AddCarPostWithImages -->
  <testcase name="AddCarPostWithImages" time="0.000" classname="addPost.AddCarPost">
    <skipped/>
  </testcase> <!-- AddCarPostWithImages -->
  <testcase name="AddCarPostWithImages" time="0.000" classname="addPost.AddCarPost">
    <skipped/>
  </testcase> <!-- AddCarPostWithImages -->
  <testcase name="AddCarPostWithImages" time="0.000" classname="addPost.AddCarPost">
    <skipped/>
  </testcase> <!-- AddCarPostWithImages -->
</testsuite> <!-- addPost.AddCarPost -->
