<?xml version="1.0" encoding="UTF-8"?>
<!-- Generated by org.testng.reporters.JUnitReportReporter -->
<testsuite skipped="0" hostname="imrans-MacBook-Pro.local" name="addPost.AddRealEstatePost" tests="1" failures="0" timestamp="2020-03-05T16:19:55 EET" time="73.065" errors="0">
  <testcase name="AddRealEstatesPostWithImages" time="73.065" classname="addPost.AddRealEstatePost"/>
</testsuite> <!-- addPost.AddRealEstatePost -->
