<?xml version="1.0" encoding="UTF-8"?>
<!-- Generated by org.testng.reporters.JUnitReportReporter -->
<testsuite skipped="0" hostname="imrans-MBP" name="reportAbuse.ReportAbuseModified" tests="1" failures="0" timestamp="2020-03-03T22:35:37 EET" time="34.023" errors="0">
  <testcase name="RandomReportAbuse" time="34.023" classname="reportAbuse.ReportAbuseModified"/>
</testsuite> <!-- reportAbuse.ReportAbuseModified -->
