<?xml version="1.0" encoding="UTF-8"?>
<!-- Generated by org.testng.reporters.JUnitReportReporter -->
<testsuite skipped="2" hostname="imrans-MBP" name="tests.loginAndLogout" tests="2" failures="0" timestamp="2020-02-28T16:11:40 EET" time="0.000" errors="0">
  <testcase name="LoginWithInvalidCredentials" time="0.000" classname="tests.loginAndLogout">
    <skipped/>
  </testcase> <!-- LoginWithInvalidCredentials -->
  <testcase name="LoginWithValidCredentials" time="0.000" classname="tests.loginAndLogout">
    <skipped/>
  </testcase> <!-- LoginWithValidCredentials -->
</testsuite> <!-- tests.loginAndLogout -->
