<?xml version="1.0" encoding="UTF-8"?>
<!-- Generated by org.testng.reporters.JUnitReportReporter -->
<testsuite skipped="0" hostname="imrans-MacBook-Pro.local" name="search.SearchPost" tests="1" failures="0" timestamp="2020-03-08T10:12:27 EET" time="17.323" errors="0">
  <testcase name="SearchPostResults" time="17.323" classname="search.SearchPost"/>
</testsuite> <!-- search.SearchPost -->
