<?xml version="1.0" encoding="UTF-8"?>
<!-- Generated by org.testng.reporters.JUnitReportReporter -->
<testsuite skipped="0" hostname="imrans-MacBook-Pro.local" name="reportAbuse.ReportAbuse" tests="1" failures="0" timestamp="2020-03-04T15:14:26 EET" time="34.885" errors="0">
  <testcase name="PostReportAbuse" time="34.885" classname="reportAbuse.ReportAbuse"/>
</testsuite> <!-- reportAbuse.reportAbuse -->
