<?xml version="1.0" encoding="UTF-8"?>
<!-- Generated by org.testng.reporters.JUnitReportReporter -->
<testsuite skipped="0" hostname="imrans-MBP" name="tests.addPost" tests="1" failures="0" timestamp="2020-02-29T18:15:47 EET" time="76.561" errors="0">
  <testcase name="AddCarPost" time="76.561" classname="tests.addPost"/>
</testsuite> <!-- tests.addPost -->
