<?xml version="1.0" encoding="UTF-8"?>
<!-- Generated by org.testng.reporters.JUnitReportReporter -->
<testsuite skipped="0" hostname="imrans-MacBook-Pro.local" name="addPost.AddServicePost" tests="1" failures="0" timestamp="2020-03-05T17:09:39 EET" time="69.259" errors="0">
  <testcase name="AddServicePostWithImages" time="69.259" classname="addPost.AddServicePost"/>
</testsuite> <!-- addPost.AddServicePost -->
