<?xml version="1.0" encoding="UTF-8"?>
<!-- Generated by org.testng.reporters.JUnitReportReporter -->
<testsuite skipped="0" hostname="imrans-MacBook-Pro.local" name="practice.CompleteiOS.Tests" tests="1" failures="0" timestamp="2020-02-14T14:43:46 EET" time="31.317" errors="0">
  <testcase name="LoginWithValidCredentials" time="31.317" classname="practice.CompleteiOS.Tests"/>
</testsuite> <!-- practice.CompleteiOS.Tests -->
