<?xml version="1.0" encoding="UTF-8"?>
<!-- Generated by org.testng.reporters.JUnitReportReporter -->
<testsuite skipped="0" hostname="imrans-MBP" name="practice.CompleteiOS.loginAndLogout" tests="1" failures="0" timestamp="2020-02-16T23:41:50 EET" time="12.512" errors="0">
  <testcase name="LoginWithValidCredentials" time="12.512" classname="practice.CompleteiOS.loginAndLogout"/>
</testsuite> <!-- practice.CompleteiOS.loginAndLogout -->
