<?xml version="1.0" encoding="UTF-8"?>
<!-- Generated by org.testng.reporters.JUnitReportReporter -->
<testsuite skipped="0" hostname="imrans-MacBook-Pro.local" name="practice.AppiumFramework.ApiDemoTest" tests="1" failures="0" timestamp="2020-02-06T14:16:23 EET" time="15.717" errors="0">
  <testcase name="test1" time="15.717" classname="practice.AppiumFramework.ApiDemoTest"/>
</testsuite> <!-- practice.AppiumFramework.ApiDemoTest -->
