<?xml version="1.0" encoding="UTF-8"?>
<!-- Generated by org.testng.reporters.JUnitReportReporter -->
<testsuite skipped="0" hostname="imrans-MacBook-Pro.local" name="practice.AppiumFramework.Basics" tests="2" failures="0" timestamp="2020-02-06T13:48:12 EET" time="32.828" errors="0">
  <testcase name="test2" time="17.835" classname="practice.AppiumFramework.Basics"/>
  <testcase name="test2" time="14.993" classname="practice.AppiumFramework.Basics"/>
</testsuite> <!-- practice.AppiumFramework.Basics -->
