<?xml version="1.0" encoding="UTF-8"?>
<!-- Generated by org.testng.reporters.JUnitReportReporter -->
<testsuite skipped="0" hostname="imrans-MacBook-Pro.local" name="practice.AppiumFramework.BasicsEmulatorsTest" tests="1" failures="0" timestamp="2020-02-05T15:22:44 EET" time="20.911" errors="0">
  <testcase name="test" time="20.911" classname="practice.AppiumFramework.BasicsEmulatorsTest"/>
</testsuite> <!-- practice.AppiumFramework.BasicsEmulatorsTest -->
