<?xml version="1.0" encoding="UTF-8"?>
<!-- Generated by org.testng.reporters.JUnitReportReporter -->
<testsuite skipped="0" hostname="imrans-MacBook-Pro.local" name="smokeTest.SmokeTest" tests="1" failures="0" timestamp="2020-03-04T15:16:53 EET" time="50.052" errors="0">
  <testcase name="PostReportAbuse" time="50.052" classname="smokeTest.SmokeTest"/>
</testsuite> <!-- smokeTest.SmokeTest -->
